<?xml version="1.0" encoding="UTF-8"?>
<testsuites name="testCLoud" time="7127.832" tests="34" failures="0" errors="0">
   <testsuite name="testCLoud" tests="34" failures="0" errors="0" time="7127.832" skipped="0" timestamp="2022-12-01 09:06:23" hostname="admin - 192.168.0.13" id="Test Suites/testCLoud">
      <properties>
         <property name="deviceName" value=""/>
         <property name="devicePlatform" value=""/>
         <property name="logFolder" value="C:\\Users\\admin\\git\\KatalonCertificacion\\Reports\\20221201_090603\\testCLoud\\20221201_090603"/>
         <property name="logFiles" value="C:\\Users\\admin\\git\\KatalonCertificacion\\Reports\\20221201_090603\\testCLoud\\20221201_090603\\execution0.log"/>
         <property name="attachments" value=""/>
         <property name="hostName" value="admin - 192.168.0.13"/>
         <property name="remoteDriverUrl" value="testcloud.katalon.com/hub"/>
         <property name="desiredCapabilities" value="{
  &quot;acceptInsecureCerts&quot;: false,
  &quot;browserName&quot;: &quot;chrome&quot;,
  &quot;browserVersion&quot;: &quot;103.0.5060.53&quot;,
  &quot;chrome&quot;: {
    &quot;chromedriverVersion&quot;: &quot;103.0.5060.53 (a1711811edd74ff1cf2150f36ffa3b0dae40b17f-refs/branch-heads/5060@{#853})&quot;,
    &quot;userDataDir&quot;: &quot;C:\\Users\\ADMINI~1\\AppData\\Local\\Temp\\scoped_dir6408_1744707615&quot;
  },
  &quot;goog:chromeOptions&quot;: {
    &quot;debuggerAddress&quot;: &quot;localhost:49837&quot;
  },
  &quot;javascriptEnabled&quot;: true,
  &quot;katalon:option&quot;: {
    &quot;unlimitedExecutionMinutes&quot;: true,
    &quot;jwt&quot;: &quot;eyJ0eXAiOiJKV1QiLCJhbGciOiJSUzI1NiJ9.eyJzdWIiOiJsbm92YWtvdmljaEBlY29zaXN0ZW1hcy5jb20uYXIiLCJ1cG4iOiIxMDgwMDQ1IiwiZ3JvdXBzIjpbIlVTRVIiXSwic3RhdHVzIjoiVkVSSUZJRUQiLCJnaXZlbl9uYW1lIjoiTGp1Ym8iLCJmYW1pbHlfbmFtZSI6Ik5vdmFrb3ZpY2giLCJlbWFpbCI6Imxub3Zha292aWNoQGVjb3Npc3RlbWFzLmNvbS5hciIsImVtYWlsX3ZlcmlmaWVkIjp0cnVlLCJjcmVhdGVkX2F0IjoxNjY4NTQwMTA2LCJ1cGRhdGVkX2F0IjoxNjY5ODk2MzQ2LCJhbXIiOlsicHdkIl0sImlhdCI6MTY2OTg5NjM1MiwiZXhwIjoxNjcwNTAxMTUyLCJqdGkiOiIwNTI1MmIxYi05N2JjLTQxZDgtYTUwYS1hYzg1YTRjMjM5ZTkiLCJpc3MiOiJrYXRhbG9uLWF1dGgifQ.PAclMIiqsXWwgfg3m6NfLhehs0kVZkXYKGL45hSt_1almjZHEXCPtapSvoJkMbxH54KSz_vzVzf7bqirwWvpxF4lmQJMDwksHrDxZptRGvAAiKdR9KUv_qhlv0EzHXB9tFSCWPelHUHkI5R7osT57rQHXeUS3Utwf-4tZTmr9xhlfL0MhqJEm7i4Sc9M_MCNxKYviqDuboSeRcgLdzPcvTqStcTu1VmCbroMMmyXSJ1ohtCZ9h4zrQ3ULgX_FaR6YsdT9rfHi0xmL4eZ-dYfzoIYvnmXnCI3PabOlarAFFbrzMfsGIEn-YDtHtOzQSZUWBnrWllgM54mPqiMGqKxMA&quot;,
    &quot;userId&quot;: 1080045,
    &quot;organizationId&quot;: &quot;987205&quot;,
    &quot;class&quot;: &quot;com.katalon.testcloud.grid.common.tunnel.domain.UserOptionCapability&quot;,
    &quot;usingTunnel&quot;: false,
    &quot;username&quot;: &quot;lnovakovich@ecosistemas.com.ar&quot;
  },
  &quot;networkConnectionEnabled&quot;: false,
  &quot;os&quot;: &quot;windows&quot;,
  &quot;pageLoadStrategy&quot;: &quot;normal&quot;,
  &quot;platform&quot;: &quot;WINDOWS&quot;,
  &quot;platformName&quot;: &quot;WINDOWS&quot;,
  &quot;proxy&quot;: {
    &quot;proxyType&quot;: &quot;DIRECT&quot;,
    &quot;autodetect&quot;: false
  },
  &quot;requestId&quot;: &quot;5b7b71dd-b4be-4d01-8c59-fa2eba51158a&quot;,
  &quot;se:cdp&quot;: &quot;ws://10.0.2.2:4444/session/90b37b3204493313cf619206c37be344/se/cdp&quot;,
  &quot;se:cdpVersion&quot;: &quot;103.0.5060.53&quot;,
  &quot;setWindowRect&quot;: true,
  &quot;strictFileInteractability&quot;: false,
  &quot;timeouts&quot;: {
    &quot;implicit&quot;: 0,
    &quot;pageLoad&quot;: 300000,
    &quot;script&quot;: 30000
  },
  &quot;unhandledPromptBehavior&quot;: &quot;dismiss and notify&quot;,
  &quot;webauthn:extension:credBlob&quot;: true,
  &quot;webauthn:extension:largeBlob&quot;: true,
  &quot;webauthn:virtualAuthenticators&quot;: true
}"/>
         <property name="os" value="Windows 10 64bit"/>
         <property name="remoteOS" value="Windows"/>
         <property name="katalonVersion" value="8.5.2.208"/>
         <property name="browser" value="Chrome 103.0.5060.53"/>
         <property name="hostAddress" value="192.168.0.13"/>
         <property name="sessionId" value="90b37b3204493313cf619206c37be344"/>
         <property name="seleniumVersion" value="3.141.59"/>
         <property name="proxyInformation" value="ProxyInformation { proxyOption=NO_PROXY, proxyServerType=HTTP, username=, password=********, proxyServerAddress=, proxyServerPort=0, executionList=&quot;&quot;, isApplyToDesiredCapabilities=true }"/>
         <property name="platform" value="Windows 10"/>
      </properties>
      <testcase name="Test Cases/Navegador/Navegador" time="199.507" classname="Test Cases/Navegador/Navegador" status="PASSED">
         <system-out><![CDATA[2022-12-01 09:06:24 - [TEST_CASE][PASSED] - Test Cases/Navegador/Navegador: Test Cases/Navegador/Navegador

2022-12-01 09:06:27 - [TEST_STEP][PASSED] - openBrowser("https://demoqa.com/text-box"): Browser is opened with url: 'https://demoqa.com/text-box'

2022-12-01 09:06:28 - [MESSAGE][INFO] - User set preference: ['os', 'windows']

2022-12-01 09:06:28 - [MESSAGE][INFO] - User set preference: ['browserName', 'chrome']

2022-12-01 09:06:28 - [MESSAGE][INFO] - User set preference: ['browserVersion', '103']

2022-12-01 09:06:28 - [MESSAGE][INFO] - User set preference: ['katalon:option', '{organizationId=987205, tunnelId=, usingTunnel=false}']

2022-12-01 09:06:28 - [MESSAGE][INFO] - Connecting to remote web server 'testcloud.katalon.com/hub' with type 'Selenium'

2022-12-01 09:06:31 - [MESSAGE][INFO] - Action delay is set to 0 milliseconds

2022-12-01 09:09:33 - [MESSAGE][PASSED] - Browser is opened with url: 'https://demoqa.com/text-box'

2022-12-01 09:09:33 - [TEST_STEP][PASSED] - maximizeWindow(): Current window maximized

2022-12-01 09:09:36 - [MESSAGE][PASSED] - Current window maximized

2022-12-01 09:09:36 - [TEST_STEP][PASSED] - page_url = getUrl(): Current window's url is: 'https://demoqa.com/text-box'

2022-12-01 09:09:36 - [MESSAGE][PASSED] - Current window's url is: 'https://demoqa.com/text-box'

2022-12-01 09:09:36 - [TEST_STEP][PASSED] - print(page_url): null

2022-12-01 09:09:36 - [TEST_STEP][PASSED] - Titulo = getWindowTitle(): Current window's title is: 'ToolsQA'

2022-12-01 09:09:37 - [MESSAGE][PASSED] - Current window's title is: 'ToolsQA'

2022-12-01 09:09:37 - [TEST_STEP][PASSED] - print("titiulo de la pagina" + Titulo): null

2022-12-01 09:09:37 - [TEST_STEP][PASSED] - closeBrowser(): Browser is closed

2022-12-01 09:09:44 - [MESSAGE][PASSED] - Browser is closed]]></system-out>
         <system-err><![CDATA[]]></system-err>
      </testcase>
      <testcase name="Test Cases/Objecto_xpath/Caso_xpath" time="199.121" classname="Test Cases/Objecto_xpath/Caso_xpath" status="PASSED">
         <system-out><![CDATA[2022-12-01 09:09:44 - [TEST_CASE][PASSED] - Test Cases/Objecto_xpath/Caso_xpath: Test Cases/Objecto_xpath/Caso_xpath

2022-12-01 09:09:44 - [TEST_STEP][PASSED] - openBrowser(""): Browser is opened with url: ''

2022-12-01 09:09:44 - [MESSAGE][INFO] - User set preference: ['os', 'windows']

2022-12-01 09:09:44 - [MESSAGE][INFO] - User set preference: ['browserName', 'chrome']

2022-12-01 09:09:44 - [MESSAGE][INFO] - User set preference: ['browserVersion', '103']

2022-12-01 09:09:44 - [MESSAGE][INFO] - User set preference: ['katalon:option', '{organizationId=987205, tunnelId=, usingTunnel=false}']

2022-12-01 09:09:44 - [MESSAGE][INFO] - Connecting to remote web server 'testcloud.katalon.com/hub' with type 'Selenium'

2022-12-01 09:09:44 - [MESSAGE][INFO] - Action delay is set to 0 milliseconds

2022-12-01 09:12:44 - [MESSAGE][PASSED] - Browser is opened with url: ''

2022-12-01 09:12:44 - [TEST_STEP][PASSED] - navigateToUrl("https://demoqa.com/text-box"): Navigate to 'https://demoqa.com/text-box' successfully

2022-12-01 09:12:49 - [MESSAGE][PASSED] - Navigate to 'https://demoqa.com/text-box' successfully

2022-12-01 09:12:49 - [TEST_STEP][PASSED] - maximizeWindow(): Current window maximized

2022-12-01 09:12:50 - [MESSAGE][PASSED] - Current window maximized

2022-12-01 09:12:50 - [TEST_STEP][PASSED] - setText(findTestObject("Objeto_xpath/Campo_nombre"), "Ljubo"): Text 'Ljubo' is set on object 'Object Repository/Objeto_xpath/Campo_nombre'

2022-12-01 09:12:57 - [MESSAGE][PASSED] - Text 'Ljubo' is set on object 'Object Repository/Objeto_xpath/Campo_nombre'

2022-12-01 09:12:57 - [TEST_STEP][PASSED] - delay(3): Delayed 3 second(s)

2022-12-01 09:13:00 - [MESSAGE][PASSED] - Delayed 3 second(s)

2022-12-01 09:13:00 - [TEST_STEP][PASSED] - closeBrowser(): Browser is closed

2022-12-01 09:13:03 - [MESSAGE][PASSED] - Browser is closed]]></system-out>
         <system-err><![CDATA[]]></system-err>
      </testcase>
      <testcase name="Test Cases/Condicionales_If/Condicionar_titulo" time="185.614" classname="Test Cases/Condicionales_If/Condicionar_titulo" status="PASSED">
         <system-out><![CDATA[2022-12-01 09:13:03 - [TEST_CASE][PASSED] - Test Cases/Condicionales_If/Condicionar_titulo: Test Cases/Condicionales_If/Condicionar_titulo

2022-12-01 09:13:04 - [TEST_STEP][PASSED] - openBrowser(""): Browser is opened with url: ''

2022-12-01 09:13:04 - [MESSAGE][INFO] - User set preference: ['os', 'windows']

2022-12-01 09:13:04 - [MESSAGE][INFO] - User set preference: ['browserName', 'chrome']

2022-12-01 09:13:04 - [MESSAGE][INFO] - User set preference: ['browserVersion', '103']

2022-12-01 09:13:04 - [MESSAGE][INFO] - User set preference: ['katalon:option', '{organizationId=987205, tunnelId=, usingTunnel=false}']

2022-12-01 09:13:04 - [MESSAGE][INFO] - Connecting to remote web server 'testcloud.katalon.com/hub' with type 'Selenium'

2022-12-01 09:13:04 - [MESSAGE][INFO] - Action delay is set to 0 milliseconds

2022-12-01 09:15:44 - [MESSAGE][PASSED] - Browser is opened with url: ''

2022-12-01 09:15:44 - [TEST_STEP][PASSED] - navigateToUrl("https://demoqa.com/"): Navigate to 'https://demoqa.com/' successfully

2022-12-01 09:15:49 - [MESSAGE][PASSED] - Navigate to 'https://demoqa.com/' successfully

2022-12-01 09:15:49 - [TEST_STEP][PASSED] - maximizeWindow(): Current window maximized

2022-12-01 09:15:49 - [MESSAGE][PASSED] - Current window maximized

2022-12-01 09:15:49 - [TEST_STEP][PASSED] - waitForPageLoad(5): Wait for page load successfully

2022-12-01 09:15:50 - [MESSAGE][PASSED] - Wait for page load successfully

2022-12-01 09:15:50 - [TEST_STEP][PASSED] - Existe = waitForElementVisible(findTestObject("Condicionales/Texto_radio"), 3): Web element with id: 'Object Repository/Condicionales/Texto_radio' located by '//div[@class='main-header'][contains(.,'Radio Button')]' not found

2022-12-01 09:15:55 - [MESSAGE][INFO] - Unable to find the element located by 'By.xpath: //div[@class='main-header'][contains(.,'Radio Button')]'. Please recheck the objects properties to make sure the desired element is located. 

2022-12-01 09:15:55 - [MESSAGE][WARNING] - [SELF-HEALING] Failed to find element with id 'Object Repository/Condicionales/Texto_radio'. Try using Self-healing.

2022-12-01 09:15:56 - [MESSAGE][INFO] - [SELF-HEALING] No working XPath is found.

2022-12-01 09:15:58 - [MESSAGE][INFO] - Unable to find the element located by 'By.xpath: '. Please recheck the objects properties to make sure the desired element is located. 

2022-12-01 09:15:58 - [MESSAGE][WARNING] - [SELF-HEALING] Cannot find elements when the selector is null

2022-12-01 09:15:58 - [MESSAGE][WARNING] - Web element with id: 'Object Repository/Condicionales/Texto_radio' located by '//div[@class='main-header'][contains(.,'Radio Button')]' not found

2022-12-01 09:15:58 - [TEST_STEP][PASSED] - print(Existe): null

2022-12-01 09:15:58 - [TEST_STEP][PASSED] - if (Existe == true): null

2022-12-01 09:15:58 - [TEST_STEP][PASSED] - else: Browser is closed

2022-12-01 09:15:58 - [TEST_STEP][PASSED] - print("-----  Error no esta el elemento de texto radio ------"): null

2022-12-01 09:15:58 - [TEST_STEP][PASSED] - navigateToUrl("https://demoqa.com/radio-button"): Navigate to 'https://demoqa.com/radio-button' successfully

2022-12-01 09:16:00 - [MESSAGE][PASSED] - Navigate to 'https://demoqa.com/radio-button' successfully

2022-12-01 09:16:00 - [TEST_STEP][PASSED] - click(findTestObject("Condicionales/Objeto_yes")): Object: 'Object Repository/Condicionales/Objeto_yes' is clicked on

2022-12-01 09:16:03 - [MESSAGE][PASSED] - Object: 'Object Repository/Condicionales/Objeto_yes' is clicked on

2022-12-01 09:16:03 - [TEST_STEP][PASSED] - delay(2): Delayed 2 second(s)

2022-12-01 09:16:05 - [MESSAGE][PASSED] - Delayed 2 second(s)

2022-12-01 09:16:05 - [TEST_STEP][PASSED] - closeBrowser(): Browser is closed

2022-12-01 09:16:09 - [MESSAGE][PASSED] - Browser is closed]]></system-out>
         <system-err><![CDATA[]]></system-err>
      </testcase>
      <testcase name="Test Cases/Condicionales_If/Test_1" time="0.582" classname="Test Cases/Condicionales_If/Test_1" status="PASSED">
         <system-out><![CDATA[2022-12-01 09:16:09 - [TEST_CASE][PASSED] - Test Cases/Condicionales_If/Test_1: Test Cases/Condicionales_If/Test_1

2022-12-01 09:16:09 - [TEST_STEP][PASSED] - if (num == 10): null

2022-12-01 09:16:09 - [TEST_STEP][PASSED] - else: null

2022-12-01 09:16:09 - [TEST_STEP][PASSED] - print("El numero no es un 10 es el numero:  " + num + "#####"): null]]></system-out>
         <system-err><![CDATA[]]></system-err>
      </testcase>
      <testcase name="Test Cases/Condicionales_If/Test_2" time="0.635" classname="Test Cases/Condicionales_If/Test_2" status="PASSED">
         <system-out><![CDATA[2022-12-01 09:16:09 - [TEST_CASE][PASSED] - Test Cases/Condicionales_If/Test_2: Test Cases/Condicionales_If/Test_2

2022-12-01 09:16:10 - [TEST_STEP][PASSED] - if (num == 5): null

2022-12-01 09:16:10 - [TEST_STEP][PASSED] - if (num == 10): null

2022-12-01 09:16:10 - [TEST_STEP][PASSED] - println("El valor de la variables es un: 10"): null]]></system-out>
         <system-err><![CDATA[]]></system-err>
      </testcase>
      <testcase name="Test Cases/Condicionales_If/Test_3" time="0.546" classname="Test Cases/Condicionales_If/Test_3" status="PASSED">
         <system-out><![CDATA[2022-12-01 09:16:10 - [TEST_CASE][PASSED] - Test Cases/Condicionales_If/Test_3: Test Cases/Condicionales_If/Test_3

2022-12-01 09:16:10 - [TEST_STEP][PASSED] - if (nombre == "Juan"): null

2022-12-01 09:16:10 - [TEST_STEP][PASSED] - if (nombre == "JUan"): null

2022-12-01 09:16:10 - [TEST_STEP][PASSED] - if (nombre == "juan"): null

2022-12-01 09:16:10 - [TEST_STEP][PASSED] - println("Tu nombre es juan"): null]]></system-out>
         <system-err><![CDATA[]]></system-err>
      </testcase>
      <testcase name="Test Cases/Condicionales_If/Test_4" time="0.46" classname="Test Cases/Condicionales_If/Test_4" status="PASSED">
         <system-out><![CDATA[2022-12-01 09:16:10 - [TEST_CASE][PASSED] - Test Cases/Condicionales_If/Test_4: Test Cases/Condicionales_If/Test_4

2022-12-01 09:16:11 - [TEST_STEP][PASSED] - if (num <= 7): null

2022-12-01 09:16:11 - [TEST_STEP][PASSED] - println("El numero es menor ó igual que 5"): null

2022-12-01 09:16:11 - [TEST_STEP][PASSED] - if (num >= 8): null

2022-12-01 09:16:11 - [TEST_STEP][PASSED] - if (num != 5): null]]></system-out>
         <system-err><![CDATA[]]></system-err>
      </testcase>
      <testcase name="Test Cases/Condicionales_If/Test_edad" time="0.468" classname="Test Cases/Condicionales_If/Test_edad" status="PASSED">
         <system-out><![CDATA[2022-12-01 09:16:11 - [TEST_CASE][PASSED] - Test Cases/Condicionales_If/Test_edad: Test Cases/Condicionales_If/Test_edad

2022-12-01 09:16:11 - [TEST_STEP][PASSED] - if (edad >= 1 && edad <= 17): null

2022-12-01 09:16:11 - [TEST_STEP][PASSED] - else if (edad == 18): null

2022-12-01 09:16:11 - [TEST_STEP][PASSED] - else if (edad <= 0): null

2022-12-01 09:16:11 - [TEST_STEP][PASSED] - else if (edad == 120): null

2022-12-01 09:16:11 - [TEST_STEP][PASSED] - else: null

2022-12-01 09:16:11 - [TEST_STEP][PASSED] - print("No se cumple ninguna de las opciones"): null]]></system-out>
         <system-err><![CDATA[]]></system-err>
      </testcase>
      <testcase name="Test Cases/Condicionales_If/Test_valor" time="178.465" classname="Test Cases/Condicionales_If/Test_valor" status="PASSED">
         <system-out><![CDATA[2022-12-01 09:16:11 - [TEST_CASE][PASSED] - Test Cases/Condicionales_If/Test_valor: Test Cases/Condicionales_If/Test_valor

2022-12-01 09:16:12 - [TEST_STEP][PASSED] - openBrowser(""): Browser is opened with url: ''

2022-12-01 09:16:12 - [MESSAGE][INFO] - User set preference: ['os', 'windows']

2022-12-01 09:16:12 - [MESSAGE][INFO] - User set preference: ['browserName', 'chrome']

2022-12-01 09:16:12 - [MESSAGE][INFO] - User set preference: ['browserVersion', '103']

2022-12-01 09:16:12 - [MESSAGE][INFO] - User set preference: ['katalon:option', '{organizationId=987205, tunnelId=, usingTunnel=false}']

2022-12-01 09:16:12 - [MESSAGE][INFO] - Connecting to remote web server 'testcloud.katalon.com/hub' with type 'Selenium'

2022-12-01 09:16:12 - [MESSAGE][INFO] - Action delay is set to 0 milliseconds

2022-12-01 09:18:54 - [MESSAGE][PASSED] - Browser is opened with url: ''

2022-12-01 09:18:54 - [TEST_STEP][PASSED] - navigateToUrl("https://demoqa.com/"): Navigate to 'https://demoqa.com/' successfully

2022-12-01 09:18:56 - [MESSAGE][PASSED] - Navigate to 'https://demoqa.com/' successfully

2022-12-01 09:18:56 - [TEST_STEP][PASSED] - maximizeWindow(): Current window maximized

2022-12-01 09:18:57 - [MESSAGE][PASSED] - Current window maximized

2022-12-01 09:18:57 - [TEST_STEP][PASSED] - waitForPageLoad(10): Wait for page load successfully

2022-12-01 09:18:58 - [MESSAGE][PASSED] - Wait for page load successfully

2022-12-01 09:18:58 - [TEST_STEP][PASSED] - Existe = waitForElementVisible(findTestObject("Condicionales/titulo1"), 5): Web element with id: 'Object Repository/Condicionales/titulo1' located by '//div[@class='main-header'][contains(.,'Radio Button')]' not found

2022-12-01 09:19:04 - [MESSAGE][INFO] - Unable to find the element located by 'By.xpath: //div[@class='main-header'][contains(.,'Radio Button')]'. Please recheck the objects properties to make sure the desired element is located. 

2022-12-01 09:19:04 - [MESSAGE][WARNING] - [SELF-HEALING] Failed to find element with id 'Object Repository/Condicionales/titulo1'. Try using Self-healing.

2022-12-01 09:19:05 - [MESSAGE][INFO] - [SELF-HEALING] No working XPath is found.

2022-12-01 09:19:07 - [MESSAGE][INFO] - Unable to find the element located by 'By.xpath: '. Please recheck the objects properties to make sure the desired element is located. 

2022-12-01 09:19:07 - [MESSAGE][WARNING] - [SELF-HEALING] Cannot find elements when the selector is null

2022-12-01 09:19:07 - [MESSAGE][WARNING] - Web element with id: 'Object Repository/Condicionales/titulo1' located by '//div[@class='main-header'][contains(.,'Radio Button')]' not found

2022-12-01 09:19:07 - [TEST_STEP][PASSED] - if (Existe == true): null

2022-12-01 09:19:07 - [TEST_STEP][PASSED] - else: Browser is closed

2022-12-01 09:19:07 - [TEST_STEP][PASSED] - print("No estas en la página correcta"): null

2022-12-01 09:19:07 - [TEST_STEP][PASSED] - closeBrowser(): Browser is closed

2022-12-01 09:19:10 - [MESSAGE][PASSED] - Browser is closed]]></system-out>
         <system-err><![CDATA[]]></system-err>
      </testcase>
      <testcase name="Test Cases/BUCLES/Reto_For" time="308.485" classname="Test Cases/BUCLES/Reto_For" status="PASSED">
         <system-out><![CDATA[2022-12-01 09:19:10 - [TEST_CASE][PASSED] - Test Cases/BUCLES/Reto_For: Test Cases/BUCLES/Reto_For

2022-12-01 09:19:11 - [TEST_STEP][PASSED] - openBrowser(""): Browser is opened with url: ''

2022-12-01 09:19:11 - [MESSAGE][INFO] - User set preference: ['os', 'windows']

2022-12-01 09:19:11 - [MESSAGE][INFO] - User set preference: ['browserName', 'chrome']

2022-12-01 09:19:11 - [MESSAGE][INFO] - User set preference: ['browserVersion', '103']

2022-12-01 09:19:11 - [MESSAGE][INFO] - User set preference: ['katalon:option', '{organizationId=987205, tunnelId=, usingTunnel=false}']

2022-12-01 09:19:11 - [MESSAGE][INFO] - Connecting to remote web server 'testcloud.katalon.com/hub' with type 'Selenium'

2022-12-01 09:19:11 - [MESSAGE][INFO] - Action delay is set to 0 milliseconds

2022-12-01 09:22:06 - [MESSAGE][PASSED] - Browser is opened with url: ''

2022-12-01 09:22:06 - [TEST_STEP][PASSED] - navigateToUrl("https://demoqa.com/text-box"): Navigate to 'https://demoqa.com/text-box' successfully

2022-12-01 09:22:09 - [MESSAGE][PASSED] - Navigate to 'https://demoqa.com/text-box' successfully

2022-12-01 09:22:09 - [TEST_STEP][PASSED] - maximizeWindow(): Current window maximized

2022-12-01 09:22:09 - [MESSAGE][PASSED] - Current window maximized

2022-12-01 09:22:09 - [TEST_STEP][PASSED] - waitForPageLoad(5): Wait for page load successfully

2022-12-01 09:22:10 - [MESSAGE][PASSED] - Wait for page load successfully

2022-12-01 09:22:10 - [TEST_STEP][PASSED] - for ([x = 1, x <= 4, (x++)]): Browser is scrolled to position x = 0, y = 100

2022-12-01 09:22:10 - [TEST_STEP][PASSED] - z = ["Carlos", "Erika", "Paco", "Rodrigo", "Juan"]: null

2022-12-01 09:22:10 - [TEST_STEP][PASSED] - rn = new java.util.Random(): null

2022-12-01 09:22:10 - [TEST_STEP][PASSED] - tx_nombre = z[rn.nextInt(size)]: null

2022-12-01 09:22:10 - [TEST_STEP][PASSED] - setText(findTestObject("Object Repository/Reto_for/Page_ToolsQA/input_Full Name_userName"), tx_nombre): Text 'Erika' is set on object 'Object Repository/Reto_for/Page_ToolsQA/input_Full Name_userName'

2022-12-01 09:22:16 - [MESSAGE][PASSED] - Text 'Erika' is set on object 'Object Repository/Reto_for/Page_ToolsQA/input_Full Name_userName'

2022-12-01 09:22:16 - [TEST_STEP][PASSED] - setText(findTestObject("Object Repository/Reto_for/Page_ToolsQA/input_Email_userEmail"), tx_nombre + "@gmail.com"): Text 'Erika@gmail.com' is set on object 'Object Repository/Reto_for/Page_ToolsQA/input_Email_userEmail'

2022-12-01 09:22:20 - [MESSAGE][PASSED] - Text 'Erika@gmail.com' is set on object 'Object Repository/Reto_for/Page_ToolsQA/input_Email_userEmail'

2022-12-01 09:22:20 - [TEST_STEP][PASSED] - setText(findTestObject("Object Repository/Reto_for/Page_ToolsQA/textarea_Current Address_currentAddress"), "Dirección#" + x): Text 'Dirección#1' is set on object 'Object Repository/Reto_for/Page_ToolsQA/textarea_Current Address_currentAddress'

2022-12-01 09:22:27 - [MESSAGE][PASSED] - Text 'Dirección#1' is set on object 'Object Repository/Reto_for/Page_ToolsQA/textarea_Current Address_currentAddress'

2022-12-01 09:22:27 - [TEST_STEP][PASSED] - setText(findTestObject("Object Repository/Reto_for/Page_ToolsQA/textarea_Permanent Address_permanentAddress"), "Dirección dos#" + x): Text 'Dirección dos#1' is set on object 'Object Repository/Reto_for/Page_ToolsQA/textarea_Permanent Address_permanentAddress'

2022-12-01 09:22:34 - [MESSAGE][PASSED] - Text 'Dirección dos#1' is set on object 'Object Repository/Reto_for/Page_ToolsQA/textarea_Permanent Address_permanentAddress'

2022-12-01 09:22:34 - [TEST_STEP][PASSED] - scrollToPosition(0, 500): Browser is scrolled to position x = 0, y = 500

2022-12-01 09:22:35 - [MESSAGE][PASSED] - Browser is scrolled to position x = 0, y = 500

2022-12-01 09:22:35 - [TEST_STEP][PASSED] - click(findTestObject("Object Repository/Reto_for/Page_ToolsQA/button_Submit")): Object: 'Object Repository/Reto_for/Page_ToolsQA/button_Submit' is clicked on

2022-12-01 09:22:39 - [MESSAGE][PASSED] - Object: 'Object Repository/Reto_for/Page_ToolsQA/button_Submit' is clicked on

2022-12-01 09:22:39 - [TEST_STEP][PASSED] - scrollToPosition(0, 100): Browser is scrolled to position x = 0, y = 100

2022-12-01 09:22:40 - [MESSAGE][PASSED] - Browser is scrolled to position x = 0, y = 100

2022-12-01 09:22:40 - [TEST_STEP][PASSED] - z = ["Carlos", "Erika", "Paco", "Rodrigo", "Juan"]: null

2022-12-01 09:22:40 - [TEST_STEP][PASSED] - rn = new java.util.Random(): null

2022-12-01 09:22:40 - [TEST_STEP][PASSED] - tx_nombre = z[rn.nextInt(size)]: null

2022-12-01 09:22:40 - [TEST_STEP][PASSED] - setText(findTestObject("Object Repository/Reto_for/Page_ToolsQA/input_Full Name_userName"), tx_nombre): Text 'Rodrigo' is set on object 'Object Repository/Reto_for/Page_ToolsQA/input_Full Name_userName'

2022-12-01 09:22:45 - [MESSAGE][PASSED] - Text 'Rodrigo' is set on object 'Object Repository/Reto_for/Page_ToolsQA/input_Full Name_userName'

2022-12-01 09:22:45 - [TEST_STEP][PASSED] - setText(findTestObject("Object Repository/Reto_for/Page_ToolsQA/input_Email_userEmail"), tx_nombre + "@gmail.com"): Text 'Rodrigo@gmail.com' is set on object 'Object Repository/Reto_for/Page_ToolsQA/input_Email_userEmail'

2022-12-01 09:22:51 - [MESSAGE][PASSED] - Text 'Rodrigo@gmail.com' is set on object 'Object Repository/Reto_for/Page_ToolsQA/input_Email_userEmail'

2022-12-01 09:22:51 - [TEST_STEP][PASSED] - setText(findTestObject("Object Repository/Reto_for/Page_ToolsQA/textarea_Current Address_currentAddress"), "Dirección#" + x): Text 'Dirección#2' is set on object 'Object Repository/Reto_for/Page_ToolsQA/textarea_Current Address_currentAddress'

2022-12-01 09:22:58 - [MESSAGE][PASSED] - Text 'Dirección#2' is set on object 'Object Repository/Reto_for/Page_ToolsQA/textarea_Current Address_currentAddress'

2022-12-01 09:22:58 - [TEST_STEP][PASSED] - setText(findTestObject("Object Repository/Reto_for/Page_ToolsQA/textarea_Permanent Address_permanentAddress"), "Dirección dos#" + x): Text 'Dirección dos#2' is set on object 'Object Repository/Reto_for/Page_ToolsQA/textarea_Permanent Address_permanentAddress'

2022-12-01 09:23:05 - [MESSAGE][PASSED] - Text 'Dirección dos#2' is set on object 'Object Repository/Reto_for/Page_ToolsQA/textarea_Permanent Address_permanentAddress'

2022-12-01 09:23:05 - [TEST_STEP][PASSED] - scrollToPosition(0, 500): Browser is scrolled to position x = 0, y = 500

2022-12-01 09:23:06 - [MESSAGE][PASSED] - Browser is scrolled to position x = 0, y = 500

2022-12-01 09:23:06 - [TEST_STEP][PASSED] - click(findTestObject("Object Repository/Reto_for/Page_ToolsQA/button_Submit")): Object: 'Object Repository/Reto_for/Page_ToolsQA/button_Submit' is clicked on

2022-12-01 09:23:09 - [MESSAGE][PASSED] - Object: 'Object Repository/Reto_for/Page_ToolsQA/button_Submit' is clicked on

2022-12-01 09:23:09 - [TEST_STEP][PASSED] - scrollToPosition(0, 100): Browser is scrolled to position x = 0, y = 100

2022-12-01 09:23:10 - [MESSAGE][PASSED] - Browser is scrolled to position x = 0, y = 100

2022-12-01 09:23:10 - [TEST_STEP][PASSED] - z = ["Carlos", "Erika", "Paco", "Rodrigo", "Juan"]: null

2022-12-01 09:23:10 - [TEST_STEP][PASSED] - rn = new java.util.Random(): null

2022-12-01 09:23:10 - [TEST_STEP][PASSED] - tx_nombre = z[rn.nextInt(size)]: null

2022-12-01 09:23:10 - [TEST_STEP][PASSED] - setText(findTestObject("Object Repository/Reto_for/Page_ToolsQA/input_Full Name_userName"), tx_nombre): Text 'Erika' is set on object 'Object Repository/Reto_for/Page_ToolsQA/input_Full Name_userName'

2022-12-01 09:23:16 - [MESSAGE][PASSED] - Text 'Erika' is set on object 'Object Repository/Reto_for/Page_ToolsQA/input_Full Name_userName'

2022-12-01 09:23:16 - [TEST_STEP][PASSED] - setText(findTestObject("Object Repository/Reto_for/Page_ToolsQA/input_Email_userEmail"), tx_nombre + "@gmail.com"): Text 'Erika@gmail.com' is set on object 'Object Repository/Reto_for/Page_ToolsQA/input_Email_userEmail'

2022-12-01 09:23:22 - [MESSAGE][PASSED] - Text 'Erika@gmail.com' is set on object 'Object Repository/Reto_for/Page_ToolsQA/input_Email_userEmail'

2022-12-01 09:23:22 - [TEST_STEP][PASSED] - setText(findTestObject("Object Repository/Reto_for/Page_ToolsQA/textarea_Current Address_currentAddress"), "Dirección#" + x): Text 'Dirección#3' is set on object 'Object Repository/Reto_for/Page_ToolsQA/textarea_Current Address_currentAddress'

2022-12-01 09:23:28 - [MESSAGE][PASSED] - Text 'Dirección#3' is set on object 'Object Repository/Reto_for/Page_ToolsQA/textarea_Current Address_currentAddress'

2022-12-01 09:23:28 - [TEST_STEP][PASSED] - setText(findTestObject("Object Repository/Reto_for/Page_ToolsQA/textarea_Permanent Address_permanentAddress"), "Dirección dos#" + x): Text 'Dirección dos#3' is set on object 'Object Repository/Reto_for/Page_ToolsQA/textarea_Permanent Address_permanentAddress'

2022-12-01 09:23:35 - [MESSAGE][PASSED] - Text 'Dirección dos#3' is set on object 'Object Repository/Reto_for/Page_ToolsQA/textarea_Permanent Address_permanentAddress'

2022-12-01 09:23:35 - [TEST_STEP][PASSED] - scrollToPosition(0, 500): Browser is scrolled to position x = 0, y = 500

2022-12-01 09:23:36 - [MESSAGE][PASSED] - Browser is scrolled to position x = 0, y = 500

2022-12-01 09:23:36 - [TEST_STEP][PASSED] - click(findTestObject("Object Repository/Reto_for/Page_ToolsQA/button_Submit")): Object: 'Object Repository/Reto_for/Page_ToolsQA/button_Submit' is clicked on

2022-12-01 09:23:41 - [MESSAGE][PASSED] - Object: 'Object Repository/Reto_for/Page_ToolsQA/button_Submit' is clicked on

2022-12-01 09:23:41 - [TEST_STEP][PASSED] - scrollToPosition(0, 100): Browser is scrolled to position x = 0, y = 100

2022-12-01 09:23:42 - [MESSAGE][PASSED] - Browser is scrolled to position x = 0, y = 100

2022-12-01 09:23:42 - [TEST_STEP][PASSED] - z = ["Carlos", "Erika", "Paco", "Rodrigo", "Juan"]: null

2022-12-01 09:23:42 - [TEST_STEP][PASSED] - rn = new java.util.Random(): null

2022-12-01 09:23:42 - [TEST_STEP][PASSED] - tx_nombre = z[rn.nextInt(size)]: null

2022-12-01 09:23:42 - [TEST_STEP][PASSED] - setText(findTestObject("Object Repository/Reto_for/Page_ToolsQA/input_Full Name_userName"), tx_nombre): Text 'Rodrigo' is set on object 'Object Repository/Reto_for/Page_ToolsQA/input_Full Name_userName'

2022-12-01 09:23:48 - [MESSAGE][PASSED] - Text 'Rodrigo' is set on object 'Object Repository/Reto_for/Page_ToolsQA/input_Full Name_userName'

2022-12-01 09:23:48 - [TEST_STEP][PASSED] - setText(findTestObject("Object Repository/Reto_for/Page_ToolsQA/input_Email_userEmail"), tx_nombre + "@gmail.com"): Text 'Rodrigo@gmail.com' is set on object 'Object Repository/Reto_for/Page_ToolsQA/input_Email_userEmail'

2022-12-01 09:23:56 - [MESSAGE][PASSED] - Text 'Rodrigo@gmail.com' is set on object 'Object Repository/Reto_for/Page_ToolsQA/input_Email_userEmail'

2022-12-01 09:23:56 - [TEST_STEP][PASSED] - setText(findTestObject("Object Repository/Reto_for/Page_ToolsQA/textarea_Current Address_currentAddress"), "Dirección#" + x): Text 'Dirección#4' is set on object 'Object Repository/Reto_for/Page_ToolsQA/textarea_Current Address_currentAddress'

2022-12-01 09:24:05 - [MESSAGE][PASSED] - Text 'Dirección#4' is set on object 'Object Repository/Reto_for/Page_ToolsQA/textarea_Current Address_currentAddress'

2022-12-01 09:24:05 - [TEST_STEP][PASSED] - setText(findTestObject("Object Repository/Reto_for/Page_ToolsQA/textarea_Permanent Address_permanentAddress"), "Dirección dos#" + x): Text 'Dirección dos#4' is set on object 'Object Repository/Reto_for/Page_ToolsQA/textarea_Permanent Address_permanentAddress'

2022-12-01 09:24:11 - [MESSAGE][PASSED] - Text 'Dirección dos#4' is set on object 'Object Repository/Reto_for/Page_ToolsQA/textarea_Permanent Address_permanentAddress'

2022-12-01 09:24:11 - [TEST_STEP][PASSED] - scrollToPosition(0, 500): Browser is scrolled to position x = 0, y = 500

2022-12-01 09:24:12 - [MESSAGE][PASSED] - Browser is scrolled to position x = 0, y = 500

2022-12-01 09:24:12 - [TEST_STEP][PASSED] - click(findTestObject("Object Repository/Reto_for/Page_ToolsQA/button_Submit")): Object: 'Object Repository/Reto_for/Page_ToolsQA/button_Submit' is clicked on

2022-12-01 09:24:15 - [MESSAGE][PASSED] - Object: 'Object Repository/Reto_for/Page_ToolsQA/button_Submit' is clicked on

2022-12-01 09:24:15 - [TEST_STEP][PASSED] - scrollToPosition(0, 100): Browser is scrolled to position x = 0, y = 100

2022-12-01 09:24:16 - [MESSAGE][PASSED] - Browser is scrolled to position x = 0, y = 100

2022-12-01 09:24:16 - [TEST_STEP][PASSED] - closeBrowser(): Browser is closed

2022-12-01 09:24:18 - [MESSAGE][PASSED] - Browser is closed]]></system-out>
         <system-err><![CDATA[]]></system-err>
      </testcase>
      <testcase name="Test Cases/BUCLES/Reto_while" time="233.754" classname="Test Cases/BUCLES/Reto_while" status="PASSED">
         <system-out><![CDATA[2022-12-01 09:24:18 - [TEST_CASE][PASSED] - Test Cases/BUCLES/Reto_while: Test Cases/BUCLES/Reto_while

2022-12-01 09:24:19 - [TEST_STEP][PASSED] - openBrowser(""): Browser is opened with url: ''

2022-12-01 09:24:19 - [MESSAGE][INFO] - User set preference: ['os', 'windows']

2022-12-01 09:24:19 - [MESSAGE][INFO] - User set preference: ['browserName', 'chrome']

2022-12-01 09:24:19 - [MESSAGE][INFO] - User set preference: ['browserVersion', '103']

2022-12-01 09:24:19 - [MESSAGE][INFO] - User set preference: ['katalon:option', '{organizationId=987205, tunnelId=, usingTunnel=false}']

2022-12-01 09:24:19 - [MESSAGE][INFO] - Connecting to remote web server 'testcloud.katalon.com/hub' with type 'Selenium'

2022-12-01 09:24:19 - [MESSAGE][INFO] - Action delay is set to 0 milliseconds

2022-12-01 09:27:01 - [MESSAGE][PASSED] - Browser is opened with url: ''

2022-12-01 09:27:01 - [TEST_STEP][PASSED] - navigateToUrl("https://www.google.com/"): Navigate to 'https://www.google.com/' successfully

2022-12-01 09:27:03 - [MESSAGE][PASSED] - Navigate to 'https://www.google.com/' successfully

2022-12-01 09:27:03 - [TEST_STEP][PASSED] - Bandera = 0: null

2022-12-01 09:27:03 - [TEST_STEP][PASSED] - while (Bandera != 1): null

2022-12-01 09:27:03 - [TEST_STEP][PASSED] - num = Math.random() * 5 - 1 + 1: null

2022-12-01 09:27:03 - [TEST_STEP][PASSED] - setText(findTestObject("Object Repository/While_google/Page_Google/input__q"), "5+" + num): Text '5+2' is set on object 'Object Repository/While_google/Page_Google/input__q'

2022-12-01 09:27:16 - [MESSAGE][PASSED] - Text '5+2' is set on object 'Object Repository/While_google/Page_Google/input__q'

2022-12-01 09:27:16 - [TEST_STEP][PASSED] - sendKeys(findTestObject("Object Repository/While_google/Page_Google/input__q"), Keys.chord(ENTER)): Keys 'ENTER + ' sent to object: 'Object Repository/While_google/Page_Google/input__q'

2022-12-01 09:27:24 - [MESSAGE][PASSED] - Keys 'ENTER + ' sent to object: 'Object Repository/While_google/Page_Google/input__q'

2022-12-01 09:27:24 - [TEST_STEP][PASSED] - Resultado = getText(findTestObject("While_google/Extras/Resultado_10")): Text of object 'Object Repository/While_google/Extras/Resultado_10' is: '7'

2022-12-01 09:27:27 - [MESSAGE][PASSED] - Text of object 'Object Repository/While_google/Extras/Resultado_10' is: '7'

2022-12-01 09:27:27 - [TEST_STEP][PASSED] - if (Resultado == "8"): null

2022-12-01 09:27:27 - [TEST_STEP][PASSED] - else: null

2022-12-01 09:27:27 - [TEST_STEP][PASSED] - Bandera = 0: null

2022-12-01 09:27:27 - [TEST_STEP][PASSED] - print(Bandera + "------"): null

2022-12-01 09:27:27 - [TEST_STEP][PASSED] - num = Math.random() * 5 - 1 + 1: null

2022-12-01 09:27:27 - [TEST_STEP][PASSED] - setText(findTestObject("Object Repository/While_google/Page_Google/input__q"), "5+" + num): Text '5+4' is set on object 'Object Repository/While_google/Page_Google/input__q'

2022-12-01 09:27:34 - [MESSAGE][PASSED] - Text '5+4' is set on object 'Object Repository/While_google/Page_Google/input__q'

2022-12-01 09:27:34 - [TEST_STEP][PASSED] - sendKeys(findTestObject("Object Repository/While_google/Page_Google/input__q"), Keys.chord(ENTER)): Keys 'ENTER + ' sent to object: 'Object Repository/While_google/Page_Google/input__q'

2022-12-01 09:27:40 - [MESSAGE][PASSED] - Keys 'ENTER + ' sent to object: 'Object Repository/While_google/Page_Google/input__q'

2022-12-01 09:27:40 - [TEST_STEP][PASSED] - Resultado = getText(findTestObject("While_google/Extras/Resultado_10")): Text of object 'Object Repository/While_google/Extras/Resultado_10' is: '9'

2022-12-01 09:27:45 - [MESSAGE][PASSED] - Text of object 'Object Repository/While_google/Extras/Resultado_10' is: '9'

2022-12-01 09:27:45 - [TEST_STEP][PASSED] - if (Resultado == "8"): null

2022-12-01 09:27:45 - [TEST_STEP][PASSED] - else: null

2022-12-01 09:27:45 - [TEST_STEP][PASSED] - Bandera = 0: null

2022-12-01 09:27:45 - [TEST_STEP][PASSED] - print(Bandera + "------"): null

2022-12-01 09:27:45 - [TEST_STEP][PASSED] - num = Math.random() * 5 - 1 + 1: null

2022-12-01 09:27:45 - [TEST_STEP][PASSED] - setText(findTestObject("Object Repository/While_google/Page_Google/input__q"), "5+" + num): Text '5+3' is set on object 'Object Repository/While_google/Page_Google/input__q'

2022-12-01 09:28:00 - [MESSAGE][PASSED] - Text '5+3' is set on object 'Object Repository/While_google/Page_Google/input__q'

2022-12-01 09:28:00 - [TEST_STEP][PASSED] - sendKeys(findTestObject("Object Repository/While_google/Page_Google/input__q"), Keys.chord(ENTER)): Keys 'ENTER + ' sent to object: 'Object Repository/While_google/Page_Google/input__q'

2022-12-01 09:28:05 - [MESSAGE][PASSED] - Keys 'ENTER + ' sent to object: 'Object Repository/While_google/Page_Google/input__q'

2022-12-01 09:28:05 - [TEST_STEP][PASSED] - Resultado = getText(findTestObject("While_google/Extras/Resultado_10")): Text of object 'Object Repository/While_google/Extras/Resultado_10' is: '8'

2022-12-01 09:28:09 - [MESSAGE][PASSED] - Text of object 'Object Repository/While_google/Extras/Resultado_10' is: '8'

2022-12-01 09:28:09 - [TEST_STEP][PASSED] - if (Resultado == "8"): Browser is closed

2022-12-01 09:28:09 - [TEST_STEP][PASSED] - Bandera = 1: null

2022-12-01 09:28:09 - [TEST_STEP][PASSED] - print("Listo termina"): null

2022-12-01 09:28:09 - [TEST_STEP][PASSED] - closeBrowser(): Browser is closed

2022-12-01 09:28:12 - [MESSAGE][PASSED] - Browser is closed

2022-12-01 09:28:12 - [TEST_STEP][PASSED] - print(Bandera + "------"): null]]></system-out>
         <system-err><![CDATA[]]></system-err>
      </testcase>
      <testcase name="Test Cases/BUCLES/Reto_while_solucion" time="189.38" classname="Test Cases/BUCLES/Reto_while_solucion" status="PASSED">
         <system-out><![CDATA[2022-12-01 09:28:12 - [TEST_CASE][PASSED] - Test Cases/BUCLES/Reto_while_solucion: Test Cases/BUCLES/Reto_while_solucion

2022-12-01 09:28:13 - [TEST_STEP][PASSED] - openBrowser(""): Browser is opened with url: ''

2022-12-01 09:28:13 - [MESSAGE][INFO] - User set preference: ['os', 'windows']

2022-12-01 09:28:13 - [MESSAGE][INFO] - User set preference: ['browserName', 'chrome']

2022-12-01 09:28:13 - [MESSAGE][INFO] - User set preference: ['browserVersion', '103']

2022-12-01 09:28:13 - [MESSAGE][INFO] - User set preference: ['katalon:option', '{organizationId=987205, tunnelId=, usingTunnel=false}']

2022-12-01 09:28:13 - [MESSAGE][INFO] - Connecting to remote web server 'testcloud.katalon.com/hub' with type 'Selenium'

2022-12-01 09:28:13 - [MESSAGE][INFO] - Action delay is set to 0 milliseconds

2022-12-01 09:30:53 - [MESSAGE][PASSED] - Browser is opened with url: ''

2022-12-01 09:30:53 - [TEST_STEP][PASSED] - navigateToUrl("https://www.google.com/"): Navigate to 'https://www.google.com/' successfully

2022-12-01 09:30:55 - [MESSAGE][PASSED] - Navigate to 'https://www.google.com/' successfully

2022-12-01 09:30:55 - [TEST_STEP][PASSED] - Res = 0: null

2022-12-01 09:30:55 - [TEST_STEP][PASSED] - while (Res != 8): Browser is closed

2022-12-01 09:30:55 - [TEST_STEP][PASSED] - num = Math.random() * 5 - 1 + 1: null

2022-12-01 09:30:55 - [TEST_STEP][PASSED] - setText(findTestObject("Object Repository/Reto_while1/Page_Google/input__q"), "5+" + num): Text '5+4' is set on object 'Object Repository/Reto_while1/Page_Google/input__q'

2022-12-01 09:31:01 - [MESSAGE][PASSED] - Text '5+4' is set on object 'Object Repository/Reto_while1/Page_Google/input__q'

2022-12-01 09:31:01 - [TEST_STEP][PASSED] - sendKeys(findTestObject("Object Repository/Reto_while1/Page_Google/input__q"), Keys.chord(ENTER)): Keys 'ENTER + ' sent to object: 'Object Repository/Reto_while1/Page_Google/input__q'

2022-12-01 09:31:04 - [MESSAGE][PASSED] - Keys 'ENTER + ' sent to object: 'Object Repository/Reto_while1/Page_Google/input__q'

2022-12-01 09:31:04 - [TEST_STEP][PASSED] - Res = getText(findTestObject("Reto_while1/Resultado_8")).toInteger(): Text of object 'Object Repository/Reto_while1/Resultado_8' is: '9'

2022-12-01 09:31:07 - [MESSAGE][PASSED] - Text of object 'Object Repository/Reto_while1/Resultado_8' is: '9'

2022-12-01 09:31:07 - [TEST_STEP][PASSED] - if (Res == 8): null

2022-12-01 09:31:07 - [TEST_STEP][PASSED] - num = Math.random() * 5 - 1 + 1: null

2022-12-01 09:31:07 - [TEST_STEP][PASSED] - setText(findTestObject("Object Repository/Reto_while1/Page_Google/input__q"), "5+" + num): Text '5+3' is set on object 'Object Repository/Reto_while1/Page_Google/input__q'

2022-12-01 09:31:12 - [MESSAGE][PASSED] - Text '5+3' is set on object 'Object Repository/Reto_while1/Page_Google/input__q'

2022-12-01 09:31:12 - [TEST_STEP][PASSED] - sendKeys(findTestObject("Object Repository/Reto_while1/Page_Google/input__q"), Keys.chord(ENTER)): Keys 'ENTER + ' sent to object: 'Object Repository/Reto_while1/Page_Google/input__q'

2022-12-01 09:31:16 - [MESSAGE][PASSED] - Keys 'ENTER + ' sent to object: 'Object Repository/Reto_while1/Page_Google/input__q'

2022-12-01 09:31:16 - [TEST_STEP][PASSED] - Res = getText(findTestObject("Reto_while1/Resultado_8")).toInteger(): Text of object 'Object Repository/Reto_while1/Resultado_8' is: '8'

2022-12-01 09:31:19 - [MESSAGE][PASSED] - Text of object 'Object Repository/Reto_while1/Resultado_8' is: '8'

2022-12-01 09:31:19 - [TEST_STEP][PASSED] - if (Res == 8): Browser is closed

2022-12-01 09:31:19 - [TEST_STEP][PASSED] - closeBrowser(): Browser is closed

2022-12-01 09:31:22 - [MESSAGE][PASSED] - Browser is closed]]></system-out>
         <system-err><![CDATA[]]></system-err>
      </testcase>
      <testcase name="Test Cases/BUCLES/Test_1" time="514.478" classname="Test Cases/BUCLES/Test_1" status="PASSED">
         <system-out><![CDATA[2022-12-01 09:31:22 - [TEST_CASE][PASSED] - Test Cases/BUCLES/Test_1: Test Cases/BUCLES/Test_1

2022-12-01 09:31:22 - [TEST_STEP][PASSED] - openBrowser(""): Browser is opened with url: ''

2022-12-01 09:31:22 - [MESSAGE][INFO] - User set preference: ['os', 'windows']

2022-12-01 09:31:22 - [MESSAGE][INFO] - User set preference: ['browserName', 'chrome']

2022-12-01 09:31:22 - [MESSAGE][INFO] - User set preference: ['browserVersion', '103']

2022-12-01 09:31:22 - [MESSAGE][INFO] - User set preference: ['katalon:option', '{organizationId=987205, tunnelId=, usingTunnel=false}']

2022-12-01 09:31:22 - [MESSAGE][INFO] - Connecting to remote web server 'testcloud.katalon.com/hub' with type 'Selenium'

2022-12-01 09:31:22 - [MESSAGE][INFO] - Action delay is set to 0 milliseconds

2022-12-01 09:34:07 - [MESSAGE][PASSED] - Browser is opened with url: ''

2022-12-01 09:34:07 - [TEST_STEP][PASSED] - navigateToUrl("https://demoqa.com/text-box"): Navigate to 'https://demoqa.com/text-box' successfully

2022-12-01 09:34:13 - [MESSAGE][PASSED] - Navigate to 'https://demoqa.com/text-box' successfully

2022-12-01 09:34:13 - [TEST_STEP][PASSED] - for ([x = 1, x <= 2, (x++)]): null

2022-12-01 09:34:13 - [TEST_STEP][PASSED] - openBrowser(""): Browser is opened with url: ''

2022-12-01 09:34:13 - [MESSAGE][WARNING] - A browser is already opened. Closing browser and opening a new one

2022-12-01 09:34:19 - [MESSAGE][INFO] - User set preference: ['os', 'windows']

2022-12-01 09:34:19 - [MESSAGE][INFO] - User set preference: ['browserName', 'chrome']

2022-12-01 09:34:19 - [MESSAGE][INFO] - User set preference: ['browserVersion', '103']

2022-12-01 09:34:19 - [MESSAGE][INFO] - User set preference: ['katalon:option', '{organizationId=987205, tunnelId=, usingTunnel=false}']

2022-12-01 09:34:19 - [MESSAGE][INFO] - Connecting to remote web server 'testcloud.katalon.com/hub' with type 'Selenium'

2022-12-01 09:34:19 - [MESSAGE][INFO] - Action delay is set to 0 milliseconds

2022-12-01 09:36:57 - [MESSAGE][PASSED] - Browser is opened with url: ''

2022-12-01 09:36:57 - [TEST_STEP][PASSED] - navigateToUrl("https://demoqa.com/text-box"): Navigate to 'https://demoqa.com/text-box' successfully

2022-12-01 09:37:00 - [MESSAGE][PASSED] - Navigate to 'https://demoqa.com/text-box' successfully

2022-12-01 09:37:00 - [TEST_STEP][PASSED] - RN = Math.random() * 10 - 1 + 1: null

2022-12-01 09:37:00 - [TEST_STEP][PASSED] - print("Numero : " + RN + "----"): null

2022-12-01 09:37:00 - [TEST_STEP][PASSED] - z = ["Demo1", "Demo2", "Demo3", "Demo4", "Demo5"]: null

2022-12-01 09:37:00 - [TEST_STEP][PASSED] - rnd = new java.util.Random(): null

2022-12-01 09:37:00 - [TEST_STEP][PASSED] - texto = z[rnd.nextInt(size)]: null

2022-12-01 09:37:00 - [TEST_STEP][PASSED] - print(texto): null

2022-12-01 09:37:00 - [TEST_STEP][PASSED] - openBrowser(""): Browser is opened with url: ''

2022-12-01 09:37:00 - [MESSAGE][WARNING] - A browser is already opened. Closing browser and opening a new one

2022-12-01 09:37:04 - [MESSAGE][INFO] - User set preference: ['os', 'windows']

2022-12-01 09:37:04 - [MESSAGE][INFO] - User set preference: ['browserName', 'chrome']

2022-12-01 09:37:04 - [MESSAGE][INFO] - User set preference: ['browserVersion', '103']

2022-12-01 09:37:04 - [MESSAGE][INFO] - User set preference: ['katalon:option', '{organizationId=987205, tunnelId=, usingTunnel=false}']

2022-12-01 09:37:04 - [MESSAGE][INFO] - Connecting to remote web server 'testcloud.katalon.com/hub' with type 'Selenium'

2022-12-01 09:37:04 - [MESSAGE][INFO] - Action delay is set to 0 milliseconds

2022-12-01 09:39:49 - [MESSAGE][PASSED] - Browser is opened with url: ''

2022-12-01 09:39:49 - [TEST_STEP][PASSED] - navigateToUrl("https://demoqa.com/text-box"): Navigate to 'https://demoqa.com/text-box' successfully

2022-12-01 09:39:52 - [MESSAGE][PASSED] - Navigate to 'https://demoqa.com/text-box' successfully

2022-12-01 09:39:52 - [TEST_STEP][PASSED] - RN = Math.random() * 10 - 1 + 1: null

2022-12-01 09:39:52 - [TEST_STEP][PASSED] - print("Numero : " + RN + "----"): null

2022-12-01 09:39:52 - [TEST_STEP][PASSED] - z = ["Demo1", "Demo2", "Demo3", "Demo4", "Demo5"]: null

2022-12-01 09:39:52 - [TEST_STEP][PASSED] - rnd = new java.util.Random(): null

2022-12-01 09:39:52 - [TEST_STEP][PASSED] - texto = z[rnd.nextInt(size)]: null

2022-12-01 09:39:52 - [TEST_STEP][PASSED] - print(texto): null

2022-12-01 09:39:52 - [TEST_STEP][PASSED] - closeBrowser(): Browser is closed

2022-12-01 09:39:56 - [MESSAGE][PASSED] - Browser is closed]]></system-out>
         <system-err><![CDATA[]]></system-err>
      </testcase>
      <testcase name="Test Cases/BUCLES/Test_2" time="176.058" classname="Test Cases/BUCLES/Test_2" status="PASSED">
         <system-out><![CDATA[2022-12-01 09:39:56 - [TEST_CASE][PASSED] - Test Cases/BUCLES/Test_2: Test Cases/BUCLES/Test_2

2022-12-01 09:39:57 - [TEST_STEP][PASSED] - openBrowser(""): Browser is opened with url: ''

2022-12-01 09:39:57 - [MESSAGE][INFO] - User set preference: ['os', 'windows']

2022-12-01 09:39:57 - [MESSAGE][INFO] - User set preference: ['browserName', 'chrome']

2022-12-01 09:39:57 - [MESSAGE][INFO] - User set preference: ['browserVersion', '103']

2022-12-01 09:39:57 - [MESSAGE][INFO] - User set preference: ['katalon:option', '{organizationId=987205, tunnelId=, usingTunnel=false}']

2022-12-01 09:39:57 - [MESSAGE][INFO] - Connecting to remote web server 'testcloud.katalon.com/hub' with type 'Selenium'

2022-12-01 09:39:57 - [MESSAGE][INFO] - Action delay is set to 0 milliseconds

2022-12-01 09:42:46 - [MESSAGE][PASSED] - Browser is opened with url: ''

2022-12-01 09:42:46 - [TEST_STEP][PASSED] - navigateToUrl("https://demoqa.com/text-box"): Navigate to 'https://demoqa.com/text-box' successfully

2022-12-01 09:42:49 - [MESSAGE][PASSED] - Navigate to 'https://demoqa.com/text-box' successfully

2022-12-01 09:42:49 - [TEST_STEP][PASSED] - for ([x = 1, x <= 10, x = x + 2]): null

2022-12-01 09:42:49 - [TEST_STEP][PASSED] - print(" hola mundo " + x + "-------"): null

2022-12-01 09:42:49 - [TEST_STEP][PASSED] - print(" hola mundo " + x + "-------"): null

2022-12-01 09:42:49 - [TEST_STEP][PASSED] - print(" hola mundo " + x + "-------"): null

2022-12-01 09:42:49 - [TEST_STEP][PASSED] - print(" hola mundo " + x + "-------"): null

2022-12-01 09:42:49 - [TEST_STEP][PASSED] - print(" hola mundo " + x + "-------"): null

2022-12-01 09:42:49 - [TEST_STEP][PASSED] - closeBrowser(): Browser is closed

2022-12-01 09:42:52 - [MESSAGE][PASSED] - Browser is closed]]></system-out>
         <system-err><![CDATA[]]></system-err>
      </testcase>
      <testcase name="Test Cases/BUCLES/Test_while" time="165.106" classname="Test Cases/BUCLES/Test_while" status="PASSED">
         <system-out><![CDATA[2022-12-01 09:42:52 - [TEST_CASE][PASSED] - Test Cases/BUCLES/Test_while: Test Cases/BUCLES/Test_while

2022-12-01 09:42:53 - [TEST_STEP][PASSED] - openBrowser(""): Browser is opened with url: ''

2022-12-01 09:42:53 - [MESSAGE][INFO] - User set preference: ['os', 'windows']

2022-12-01 09:42:53 - [MESSAGE][INFO] - User set preference: ['browserName', 'chrome']

2022-12-01 09:42:53 - [MESSAGE][INFO] - User set preference: ['browserVersion', '103']

2022-12-01 09:42:53 - [MESSAGE][INFO] - User set preference: ['katalon:option', '{organizationId=987205, tunnelId=, usingTunnel=false}']

2022-12-01 09:42:53 - [MESSAGE][INFO] - Connecting to remote web server 'testcloud.katalon.com/hub' with type 'Selenium'

2022-12-01 09:42:53 - [MESSAGE][INFO] - Action delay is set to 0 milliseconds

2022-12-01 09:45:26 - [MESSAGE][PASSED] - Browser is opened with url: ''

2022-12-01 09:45:26 - [TEST_STEP][PASSED] - navigateToUrl("https://demoqa.com/text-box"): Navigate to 'https://demoqa.com/text-box' successfully

2022-12-01 09:45:32 - [MESSAGE][PASSED] - Navigate to 'https://demoqa.com/text-box' successfully

2022-12-01 09:45:32 - [TEST_STEP][PASSED] - maximizeWindow(): Current window maximized

2022-12-01 09:45:33 - [MESSAGE][PASSED] - Current window maximized

2022-12-01 09:45:33 - [TEST_STEP][PASSED] - waitForPageLoad(5): Wait for page load successfully

2022-12-01 09:45:34 - [MESSAGE][PASSED] - Wait for page load successfully

2022-12-01 09:45:34 - [TEST_STEP][PASSED] - x = 1: null

2022-12-01 09:45:34 - [TEST_STEP][PASSED] - while (x <= 3): null

2022-12-01 09:45:34 - [TEST_STEP][PASSED] - print("Hola " + x + "----------"): null

2022-12-01 09:45:34 - [TEST_STEP][PASSED] - (x++): null

2022-12-01 09:45:34 - [TEST_STEP][PASSED] - print("Hola " + x + "----------"): null

2022-12-01 09:45:34 - [TEST_STEP][PASSED] - (x++): null

2022-12-01 09:45:34 - [TEST_STEP][PASSED] - print("Hola " + x + "----------"): null

2022-12-01 09:45:34 - [TEST_STEP][PASSED] - (x++): null

2022-12-01 09:45:34 - [TEST_STEP][PASSED] - closeBrowser(): Browser is closed

2022-12-01 09:45:37 - [MESSAGE][PASSED] - Browser is closed]]></system-out>
         <system-err><![CDATA[]]></system-err>
      </testcase>
      <testcase name="Test Cases/BUCLES/Test_while2" time="163.985" classname="Test Cases/BUCLES/Test_while2" status="PASSED">
         <system-out><![CDATA[2022-12-01 09:45:37 - [TEST_CASE][PASSED] - Test Cases/BUCLES/Test_while2: Test Cases/BUCLES/Test_while2

2022-12-01 09:45:38 - [TEST_STEP][PASSED] - openBrowser(""): Browser is opened with url: ''

2022-12-01 09:45:38 - [MESSAGE][INFO] - User set preference: ['os', 'windows']

2022-12-01 09:45:38 - [MESSAGE][INFO] - User set preference: ['browserName', 'chrome']

2022-12-01 09:45:38 - [MESSAGE][INFO] - User set preference: ['browserVersion', '103']

2022-12-01 09:45:38 - [MESSAGE][INFO] - User set preference: ['katalon:option', '{organizationId=987205, tunnelId=, usingTunnel=false}']

2022-12-01 09:45:38 - [MESSAGE][INFO] - Connecting to remote web server 'testcloud.katalon.com/hub' with type 'Selenium'

2022-12-01 09:45:38 - [MESSAGE][INFO] - Action delay is set to 0 milliseconds

2022-12-01 09:48:11 - [MESSAGE][PASSED] - Browser is opened with url: ''

2022-12-01 09:48:11 - [TEST_STEP][PASSED] - navigateToUrl("https://demoqa.com/text-box"): Navigate to 'https://demoqa.com/text-box' successfully

2022-12-01 09:48:14 - [MESSAGE][PASSED] - Navigate to 'https://demoqa.com/text-box' successfully

2022-12-01 09:48:14 - [TEST_STEP][PASSED] - maximizeWindow(): Current window maximized

2022-12-01 09:48:15 - [MESSAGE][PASSED] - Current window maximized

2022-12-01 09:48:15 - [TEST_STEP][PASSED] - waitForPageLoad(5): Wait for page load successfully

2022-12-01 09:48:16 - [MESSAGE][PASSED] - Wait for page load successfully

2022-12-01 09:48:16 - [TEST_STEP][PASSED] - x = 1: null

2022-12-01 09:48:16 - [TEST_STEP][PASSED] - while (x <= 5): null

2022-12-01 09:48:16 - [TEST_STEP][PASSED] - print("Valor de X" + x + "------>"): null

2022-12-01 09:48:16 - [TEST_STEP][PASSED] - (x++): null

2022-12-01 09:48:16 - [TEST_STEP][PASSED] - print("Valor de X" + x + "------>"): null

2022-12-01 09:48:16 - [TEST_STEP][PASSED] - (x++): null

2022-12-01 09:48:16 - [TEST_STEP][PASSED] - print("Valor de X" + x + "------>"): null

2022-12-01 09:48:16 - [TEST_STEP][PASSED] - (x++): null

2022-12-01 09:48:16 - [TEST_STEP][PASSED] - print("Valor de X" + x + "------>"): null

2022-12-01 09:48:16 - [TEST_STEP][PASSED] - (x++): null

2022-12-01 09:48:16 - [TEST_STEP][PASSED] - print("Valor de X" + x + "------>"): null

2022-12-01 09:48:16 - [TEST_STEP][PASSED] - (x++): null

2022-12-01 09:48:16 - [TEST_STEP][PASSED] - closeBrowser(): Browser is closed

2022-12-01 09:48:21 - [MESSAGE][PASSED] - Browser is closed]]></system-out>
         <system-err><![CDATA[]]></system-err>
      </testcase>
      <testcase name="Test Cases/Drive_excel/Drive_excel" time="167.528" classname="Test Cases/Drive_excel/Drive_excel" status="PASSED">
         <system-out><![CDATA[2022-12-01 09:48:21 - [TEST_CASE][PASSED] - Test Cases/Drive_excel/Drive_excel: Test Cases/Drive_excel/Drive_excel

2022-12-01 09:48:22 - [TEST_STEP][PASSED] - openBrowser(""): Browser is opened with url: ''

2022-12-01 09:48:22 - [MESSAGE][INFO] - User set preference: ['os', 'windows']

2022-12-01 09:48:22 - [MESSAGE][INFO] - User set preference: ['browserName', 'chrome']

2022-12-01 09:48:22 - [MESSAGE][INFO] - User set preference: ['browserVersion', '103']

2022-12-01 09:48:22 - [MESSAGE][INFO] - User set preference: ['katalon:option', '{organizationId=987205, tunnelId=, usingTunnel=false}']

2022-12-01 09:48:22 - [MESSAGE][INFO] - Connecting to remote web server 'testcloud.katalon.com/hub' with type 'Selenium'

2022-12-01 09:48:22 - [MESSAGE][INFO] - Action delay is set to 0 milliseconds

2022-12-01 09:50:43 - [MESSAGE][PASSED] - Browser is opened with url: ''

2022-12-01 09:50:43 - [TEST_STEP][PASSED] - navigateToUrl("https://demoqa.com/automation-practice-form"): Navigate to 'https://demoqa.com/automation-practice-form' successfully

2022-12-01 09:50:46 - [MESSAGE][PASSED] - Navigate to 'https://demoqa.com/automation-practice-form' successfully

2022-12-01 09:50:46 - [TEST_STEP][PASSED] - waitForPageLoad(40): Wait for page load successfully

2022-12-01 09:50:47 - [MESSAGE][PASSED] - Wait for page load successfully

2022-12-01 09:50:47 - [TEST_STEP][PASSED] - maximizeWindow(): Current window maximized

2022-12-01 09:50:48 - [MESSAGE][PASSED] - Current window maximized

2022-12-01 09:50:48 - [TEST_STEP][PASSED] - setText(findTestObject("Object Repository/Drive_excel/Page_ToolsQA/input_Name_firstName"), nombre): Text '' is set on object 'Object Repository/Drive_excel/Page_ToolsQA/input_Name_firstName'

2022-12-01 09:50:53 - [MESSAGE][PASSED] - Text '' is set on object 'Object Repository/Drive_excel/Page_ToolsQA/input_Name_firstName'

2022-12-01 09:50:53 - [TEST_STEP][PASSED] - setText(findTestObject("Object Repository/Drive_excel/Page_ToolsQA/input_Name_lastName"), apellido): Text '' is set on object 'Object Repository/Drive_excel/Page_ToolsQA/input_Name_lastName'

2022-12-01 09:50:58 - [MESSAGE][PASSED] - Text '' is set on object 'Object Repository/Drive_excel/Page_ToolsQA/input_Name_lastName'

2022-12-01 09:50:58 - [TEST_STEP][PASSED] - setText(findTestObject("Object Repository/Drive_excel/Page_ToolsQA/input_Email_userEmail"), email): Text '' is set on object 'Object Repository/Drive_excel/Page_ToolsQA/input_Email_userEmail'

2022-12-01 09:51:04 - [MESSAGE][PASSED] - Text '' is set on object 'Object Repository/Drive_excel/Page_ToolsQA/input_Email_userEmail'

2022-12-01 09:51:04 - [TEST_STEP][PASSED] - delay(2): Delayed 2 second(s)

2022-12-01 09:51:06 - [MESSAGE][PASSED] - Delayed 2 second(s)

2022-12-01 09:51:06 - [TEST_STEP][PASSED] - closeBrowser(): Browser is closed

2022-12-01 09:51:09 - [MESSAGE][PASSED] - Browser is closed]]></system-out>
         <system-err><![CDATA[]]></system-err>
      </testcase>
      <testcase name="Test Cases/Navegador/Navegador" time="158.611" classname="Test Cases/Navegador/Navegador" status="PASSED">
         <system-out><![CDATA[2022-12-01 09:51:09 - [TEST_CASE][PASSED] - Test Cases/Navegador/Navegador: Test Cases/Navegador/Navegador

2022-12-01 09:51:09 - [TEST_STEP][PASSED] - openBrowser("https://demoqa.com/text-box"): Browser is opened with url: 'https://demoqa.com/text-box'

2022-12-01 09:51:09 - [MESSAGE][INFO] - User set preference: ['os', 'windows']

2022-12-01 09:51:09 - [MESSAGE][INFO] - User set preference: ['browserName', 'chrome']

2022-12-01 09:51:09 - [MESSAGE][INFO] - User set preference: ['browserVersion', '103']

2022-12-01 09:51:09 - [MESSAGE][INFO] - User set preference: ['katalon:option', '{organizationId=987205, tunnelId=, usingTunnel=false}']

2022-12-01 09:51:09 - [MESSAGE][INFO] - Connecting to remote web server 'testcloud.katalon.com/hub' with type 'Selenium'

2022-12-01 09:51:09 - [MESSAGE][INFO] - Action delay is set to 0 milliseconds

2022-12-01 09:53:36 - [MESSAGE][PASSED] - Browser is opened with url: 'https://demoqa.com/text-box'

2022-12-01 09:53:36 - [TEST_STEP][PASSED] - maximizeWindow(): Current window maximized

2022-12-01 09:53:37 - [MESSAGE][PASSED] - Current window maximized

2022-12-01 09:53:37 - [TEST_STEP][PASSED] - page_url = getUrl(): Current window's url is: 'https://demoqa.com/text-box'

2022-12-01 09:53:38 - [MESSAGE][PASSED] - Current window's url is: 'https://demoqa.com/text-box'

2022-12-01 09:53:38 - [TEST_STEP][PASSED] - print(page_url): null

2022-12-01 09:53:38 - [TEST_STEP][PASSED] - Titulo = getWindowTitle(): Current window's title is: 'ToolsQA'

2022-12-01 09:53:38 - [MESSAGE][PASSED] - Current window's title is: 'ToolsQA'

2022-12-01 09:53:38 - [TEST_STEP][PASSED] - print("titiulo de la pagina" + Titulo): null

2022-12-01 09:53:38 - [TEST_STEP][PASSED] - closeBrowser(): Browser is closed

2022-12-01 09:53:48 - [MESSAGE][PASSED] - Browser is closed]]></system-out>
         <system-err><![CDATA[]]></system-err>
      </testcase>
      <testcase name="Test Cases/Objecto_xpath/Caso_xpath" time="172.982" classname="Test Cases/Objecto_xpath/Caso_xpath" status="PASSED">
         <system-out><![CDATA[2022-12-01 09:53:48 - [TEST_CASE][PASSED] - Test Cases/Objecto_xpath/Caso_xpath: Test Cases/Objecto_xpath/Caso_xpath

2022-12-01 09:53:48 - [TEST_STEP][PASSED] - openBrowser(""): Browser is opened with url: ''

2022-12-01 09:53:48 - [MESSAGE][INFO] - User set preference: ['os', 'windows']

2022-12-01 09:53:48 - [MESSAGE][INFO] - User set preference: ['browserName', 'chrome']

2022-12-01 09:53:48 - [MESSAGE][INFO] - User set preference: ['browserVersion', '103']

2022-12-01 09:53:48 - [MESSAGE][INFO] - User set preference: ['katalon:option', '{organizationId=987205, tunnelId=, usingTunnel=false}']

2022-12-01 09:53:48 - [MESSAGE][INFO] - Connecting to remote web server 'testcloud.katalon.com/hub' with type 'Selenium'

2022-12-01 09:53:48 - [MESSAGE][INFO] - Action delay is set to 0 milliseconds

2022-12-01 09:56:22 - [MESSAGE][PASSED] - Browser is opened with url: ''

2022-12-01 09:56:22 - [TEST_STEP][PASSED] - navigateToUrl("https://demoqa.com/text-box"): Navigate to 'https://demoqa.com/text-box' successfully

2022-12-01 09:56:26 - [MESSAGE][PASSED] - Navigate to 'https://demoqa.com/text-box' successfully

2022-12-01 09:56:26 - [TEST_STEP][PASSED] - maximizeWindow(): Current window maximized

2022-12-01 09:56:27 - [MESSAGE][PASSED] - Current window maximized

2022-12-01 09:56:27 - [TEST_STEP][PASSED] - setText(findTestObject("Objeto_xpath/Campo_nombre"), "Ljubo"): Text 'Ljubo' is set on object 'Object Repository/Objeto_xpath/Campo_nombre'

2022-12-01 09:56:32 - [MESSAGE][PASSED] - Text 'Ljubo' is set on object 'Object Repository/Objeto_xpath/Campo_nombre'

2022-12-01 09:56:32 - [TEST_STEP][PASSED] - delay(3): Delayed 3 second(s)

2022-12-01 09:56:35 - [MESSAGE][PASSED] - Delayed 3 second(s)

2022-12-01 09:56:35 - [TEST_STEP][PASSED] - closeBrowser(): Browser is closed

2022-12-01 09:56:41 - [MESSAGE][PASSED] - Browser is closed]]></system-out>
         <system-err><![CDATA[]]></system-err>
      </testcase>
      <testcase name="Test Cases/Condicionales_If/Condicionar_titulo" time="178.431" classname="Test Cases/Condicionales_If/Condicionar_titulo" status="PASSED">
         <system-out><![CDATA[2022-12-01 10:03:21 - [TEST_CASE][PASSED] - Test Cases/Condicionales_If/Condicionar_titulo: Test Cases/Condicionales_If/Condicionar_titulo

2022-12-01 10:03:21 - [TEST_STEP][PASSED] - openBrowser(""): Browser is opened with url: ''

2022-12-01 10:03:21 - [MESSAGE][INFO] - User set preference: ['os', 'windows']

2022-12-01 10:03:21 - [MESSAGE][INFO] - User set preference: ['browserName', 'chrome']

2022-12-01 10:03:21 - [MESSAGE][INFO] - User set preference: ['browserVersion', '103']

2022-12-01 10:03:21 - [MESSAGE][INFO] - User set preference: ['katalon:option', '{organizationId=987205, tunnelId=, usingTunnel=false}']

2022-12-01 10:03:21 - [MESSAGE][INFO] - Connecting to remote web server 'testcloud.katalon.com/hub' with type 'Selenium'

2022-12-01 10:03:21 - [MESSAGE][INFO] - Action delay is set to 0 milliseconds

2022-12-01 10:05:53 - [MESSAGE][PASSED] - Browser is opened with url: ''

2022-12-01 10:05:53 - [TEST_STEP][PASSED] - navigateToUrl("https://demoqa.com/"): Navigate to 'https://demoqa.com/' successfully

2022-12-01 10:05:57 - [MESSAGE][PASSED] - Navigate to 'https://demoqa.com/' successfully

2022-12-01 10:05:57 - [TEST_STEP][PASSED] - maximizeWindow(): Current window maximized

2022-12-01 10:05:58 - [MESSAGE][PASSED] - Current window maximized

2022-12-01 10:05:58 - [TEST_STEP][PASSED] - waitForPageLoad(5): Wait for page load successfully

2022-12-01 10:05:59 - [MESSAGE][PASSED] - Wait for page load successfully

2022-12-01 10:05:59 - [TEST_STEP][PASSED] - Existe = waitForElementVisible(findTestObject("Condicionales/Texto_radio"), 3): Web element with id: 'Object Repository/Condicionales/Texto_radio' located by '//div[@class='main-header'][contains(.,'Radio Button')]' not found

2022-12-01 10:06:04 - [MESSAGE][INFO] - Unable to find the element located by 'By.xpath: //div[@class='main-header'][contains(.,'Radio Button')]'. Please recheck the objects properties to make sure the desired element is located. 

2022-12-01 10:06:04 - [MESSAGE][WARNING] - [SELF-HEALING] Failed to find element with id 'Object Repository/Condicionales/Texto_radio'. Try using Self-healing.

2022-12-01 10:06:05 - [MESSAGE][INFO] - [SELF-HEALING] No working XPath is found.

2022-12-01 10:06:09 - [MESSAGE][INFO] - Unable to find the element located by 'By.xpath: '. Please recheck the objects properties to make sure the desired element is located. 

2022-12-01 10:06:09 - [MESSAGE][WARNING] - [SELF-HEALING] Cannot find elements when the selector is null

2022-12-01 10:06:09 - [MESSAGE][WARNING] - Web element with id: 'Object Repository/Condicionales/Texto_radio' located by '//div[@class='main-header'][contains(.,'Radio Button')]' not found

2022-12-01 10:06:09 - [TEST_STEP][PASSED] - print(Existe): null

2022-12-01 10:06:09 - [TEST_STEP][PASSED] - if (Existe == true): null

2022-12-01 10:06:09 - [TEST_STEP][PASSED] - else: Browser is closed

2022-12-01 10:06:09 - [TEST_STEP][PASSED] - print("-----  Error no esta el elemento de texto radio ------"): null

2022-12-01 10:06:09 - [TEST_STEP][PASSED] - navigateToUrl("https://demoqa.com/radio-button"): Navigate to 'https://demoqa.com/radio-button' successfully

2022-12-01 10:06:11 - [MESSAGE][PASSED] - Navigate to 'https://demoqa.com/radio-button' successfully

2022-12-01 10:06:11 - [TEST_STEP][PASSED] - click(findTestObject("Condicionales/Objeto_yes")): Object: 'Object Repository/Condicionales/Objeto_yes' is clicked on

2022-12-01 10:06:14 - [MESSAGE][PASSED] - Object: 'Object Repository/Condicionales/Objeto_yes' is clicked on

2022-12-01 10:06:14 - [TEST_STEP][PASSED] - delay(2): Delayed 2 second(s)

2022-12-01 10:06:16 - [MESSAGE][PASSED] - Delayed 2 second(s)

2022-12-01 10:06:16 - [TEST_STEP][PASSED] - closeBrowser(): Browser is closed

2022-12-01 10:06:19 - [MESSAGE][PASSED] - Browser is closed]]></system-out>
         <system-err><![CDATA[]]></system-err>
      </testcase>
      <testcase name="Test Cases/Condicionales_If/Test_1" time="0.039" classname="Test Cases/Condicionales_If/Test_1" status="PASSED">
         <system-out><![CDATA[2022-12-01 10:06:19 - [TEST_CASE][PASSED] - Test Cases/Condicionales_If/Test_1: Test Cases/Condicionales_If/Test_1

2022-12-01 10:06:19 - [TEST_STEP][PASSED] - if (num == 10): null

2022-12-01 10:06:19 - [TEST_STEP][PASSED] - else: null

2022-12-01 10:06:19 - [TEST_STEP][PASSED] - print("El numero no es un 10 es el numero:  " + num + "#####"): null]]></system-out>
         <system-err><![CDATA[]]></system-err>
      </testcase>
      <testcase name="Test Cases/Condicionales_If/Test_2" time="0.023" classname="Test Cases/Condicionales_If/Test_2" status="PASSED">
         <system-out><![CDATA[2022-12-01 10:06:19 - [TEST_CASE][PASSED] - Test Cases/Condicionales_If/Test_2: Test Cases/Condicionales_If/Test_2

2022-12-01 10:06:19 - [TEST_STEP][PASSED] - if (num == 5): null

2022-12-01 10:06:19 - [TEST_STEP][PASSED] - if (num == 10): null

2022-12-01 10:06:19 - [TEST_STEP][PASSED] - println("El valor de la variables es un: 10"): null]]></system-out>
         <system-err><![CDATA[]]></system-err>
      </testcase>
      <testcase name="Test Cases/Condicionales_If/Test_3" time="0.025" classname="Test Cases/Condicionales_If/Test_3" status="PASSED">
         <system-out><![CDATA[2022-12-01 10:06:19 - [TEST_CASE][PASSED] - Test Cases/Condicionales_If/Test_3: Test Cases/Condicionales_If/Test_3

2022-12-01 10:06:19 - [TEST_STEP][PASSED] - if (nombre == "Juan"): null

2022-12-01 10:06:19 - [TEST_STEP][PASSED] - if (nombre == "JUan"): null

2022-12-01 10:06:19 - [TEST_STEP][PASSED] - if (nombre == "juan"): null

2022-12-01 10:06:19 - [TEST_STEP][PASSED] - println("Tu nombre es juan"): null]]></system-out>
         <system-err><![CDATA[]]></system-err>
      </testcase>
      <testcase name="Test Cases/Condicionales_If/Test_4" time="0.039" classname="Test Cases/Condicionales_If/Test_4" status="PASSED">
         <system-out><![CDATA[2022-12-01 10:06:19 - [TEST_CASE][PASSED] - Test Cases/Condicionales_If/Test_4: Test Cases/Condicionales_If/Test_4

2022-12-01 10:06:19 - [TEST_STEP][PASSED] - if (num <= 7): null

2022-12-01 10:06:19 - [TEST_STEP][PASSED] - println("El numero es menor ó igual que 5"): null

2022-12-01 10:06:19 - [TEST_STEP][PASSED] - if (num >= 8): null

2022-12-01 10:06:19 - [TEST_STEP][PASSED] - if (num != 5): null]]></system-out>
         <system-err><![CDATA[]]></system-err>
      </testcase>
      <testcase name="Test Cases/Condicionales_If/Test_edad" time="0.029" classname="Test Cases/Condicionales_If/Test_edad" status="PASSED">
         <system-out><![CDATA[2022-12-01 10:06:19 - [TEST_CASE][PASSED] - Test Cases/Condicionales_If/Test_edad: Test Cases/Condicionales_If/Test_edad

2022-12-01 10:06:19 - [TEST_STEP][PASSED] - if (edad >= 1 && edad <= 17): null

2022-12-01 10:06:19 - [TEST_STEP][PASSED] - else if (edad == 18): null

2022-12-01 10:06:19 - [TEST_STEP][PASSED] - else if (edad <= 0): null

2022-12-01 10:06:19 - [TEST_STEP][PASSED] - else if (edad == 120): null

2022-12-01 10:06:19 - [TEST_STEP][PASSED] - else: null

2022-12-01 10:06:19 - [TEST_STEP][PASSED] - print("No se cumple ninguna de las opciones"): null]]></system-out>
         <system-err><![CDATA[]]></system-err>
      </testcase>
      <testcase name="Test Cases/Condicionales_If/Test_valor" time="166.432" classname="Test Cases/Condicionales_If/Test_valor" status="PASSED">
         <system-out><![CDATA[2022-12-01 10:06:19 - [TEST_CASE][PASSED] - Test Cases/Condicionales_If/Test_valor: Test Cases/Condicionales_If/Test_valor

2022-12-01 10:06:19 - [TEST_STEP][PASSED] - openBrowser(""): Browser is opened with url: ''

2022-12-01 10:06:19 - [MESSAGE][INFO] - User set preference: ['os', 'windows']

2022-12-01 10:06:19 - [MESSAGE][INFO] - User set preference: ['browserName', 'chrome']

2022-12-01 10:06:19 - [MESSAGE][INFO] - User set preference: ['browserVersion', '103']

2022-12-01 10:06:19 - [MESSAGE][INFO] - User set preference: ['katalon:option', '{organizationId=987205, tunnelId=, usingTunnel=false}']

2022-12-01 10:06:19 - [MESSAGE][INFO] - Connecting to remote web server 'testcloud.katalon.com/hub' with type 'Selenium'

2022-12-01 10:06:19 - [MESSAGE][INFO] - Action delay is set to 0 milliseconds

2022-12-01 10:08:48 - [MESSAGE][PASSED] - Browser is opened with url: ''

2022-12-01 10:08:48 - [TEST_STEP][PASSED] - navigateToUrl("https://demoqa.com/"): Navigate to 'https://demoqa.com/' successfully

2022-12-01 10:08:50 - [MESSAGE][PASSED] - Navigate to 'https://demoqa.com/' successfully

2022-12-01 10:08:50 - [TEST_STEP][PASSED] - maximizeWindow(): Current window maximized

2022-12-01 10:08:52 - [MESSAGE][PASSED] - Current window maximized

2022-12-01 10:08:52 - [TEST_STEP][PASSED] - waitForPageLoad(10): Wait for page load successfully

2022-12-01 10:08:52 - [MESSAGE][PASSED] - Wait for page load successfully

2022-12-01 10:08:52 - [TEST_STEP][PASSED] - Existe = waitForElementVisible(findTestObject("Condicionales/titulo1"), 5): Web element with id: 'Object Repository/Condicionales/titulo1' located by '//div[@class='main-header'][contains(.,'Radio Button')]' not found

2022-12-01 10:09:00 - [MESSAGE][INFO] - Unable to find the element located by 'By.xpath: //div[@class='main-header'][contains(.,'Radio Button')]'. Please recheck the objects properties to make sure the desired element is located. 

2022-12-01 10:09:00 - [MESSAGE][WARNING] - [SELF-HEALING] Failed to find element with id 'Object Repository/Condicionales/titulo1'. Try using Self-healing.

2022-12-01 10:09:01 - [MESSAGE][INFO] - [SELF-HEALING] No working XPath is found.

2022-12-01 10:09:03 - [MESSAGE][INFO] - Unable to find the element located by 'By.xpath: '. Please recheck the objects properties to make sure the desired element is located. 

2022-12-01 10:09:03 - [MESSAGE][WARNING] - [SELF-HEALING] Cannot find elements when the selector is null

2022-12-01 10:09:03 - [MESSAGE][WARNING] - Web element with id: 'Object Repository/Condicionales/titulo1' located by '//div[@class='main-header'][contains(.,'Radio Button')]' not found

2022-12-01 10:09:03 - [TEST_STEP][PASSED] - if (Existe == true): null

2022-12-01 10:09:03 - [TEST_STEP][PASSED] - else: Browser is closed

2022-12-01 10:09:03 - [TEST_STEP][PASSED] - print("No estas en la página correcta"): null

2022-12-01 10:09:03 - [TEST_STEP][PASSED] - closeBrowser(): Browser is closed

2022-12-01 10:09:06 - [MESSAGE][PASSED] - Browser is closed]]></system-out>
         <system-err><![CDATA[]]></system-err>
      </testcase>
      <testcase name="Test Cases/BUCLES/Reto_For" time="264.622" classname="Test Cases/BUCLES/Reto_For" status="PASSED">
         <system-out><![CDATA[2022-12-01 10:09:06 - [TEST_CASE][PASSED] - Test Cases/BUCLES/Reto_For: Test Cases/BUCLES/Reto_For

2022-12-01 10:09:06 - [TEST_STEP][PASSED] - openBrowser(""): Browser is opened with url: ''

2022-12-01 10:09:06 - [MESSAGE][INFO] - User set preference: ['os', 'windows']

2022-12-01 10:09:06 - [MESSAGE][INFO] - User set preference: ['browserName', 'chrome']

2022-12-01 10:09:06 - [MESSAGE][INFO] - User set preference: ['browserVersion', '103']

2022-12-01 10:09:06 - [MESSAGE][INFO] - User set preference: ['katalon:option', '{organizationId=987205, tunnelId=, usingTunnel=false}']

2022-12-01 10:09:06 - [MESSAGE][INFO] - Connecting to remote web server 'testcloud.katalon.com/hub' with type 'Selenium'

2022-12-01 10:09:06 - [MESSAGE][INFO] - Action delay is set to 0 milliseconds

2022-12-01 10:11:40 - [MESSAGE][PASSED] - Browser is opened with url: ''

2022-12-01 10:11:40 - [TEST_STEP][PASSED] - navigateToUrl("https://demoqa.com/text-box"): Navigate to 'https://demoqa.com/text-box' successfully

2022-12-01 10:11:43 - [MESSAGE][PASSED] - Navigate to 'https://demoqa.com/text-box' successfully

2022-12-01 10:11:43 - [TEST_STEP][PASSED] - maximizeWindow(): Current window maximized

2022-12-01 10:11:45 - [MESSAGE][PASSED] - Current window maximized

2022-12-01 10:11:45 - [TEST_STEP][PASSED] - waitForPageLoad(5): Wait for page load successfully

2022-12-01 10:11:45 - [MESSAGE][PASSED] - Wait for page load successfully

2022-12-01 10:11:45 - [TEST_STEP][PASSED] - for ([x = 1, x <= 4, (x++)]): Browser is scrolled to position x = 0, y = 100

2022-12-01 10:11:45 - [TEST_STEP][PASSED] - z = ["Carlos", "Erika", "Paco", "Rodrigo", "Juan"]: null

2022-12-01 10:11:45 - [TEST_STEP][PASSED] - rn = new java.util.Random(): null

2022-12-01 10:11:45 - [TEST_STEP][PASSED] - tx_nombre = z[rn.nextInt(size)]: null

2022-12-01 10:11:45 - [TEST_STEP][PASSED] - setText(findTestObject("Object Repository/Reto_for/Page_ToolsQA/input_Full Name_userName"), tx_nombre): Text 'Juan' is set on object 'Object Repository/Reto_for/Page_ToolsQA/input_Full Name_userName'

2022-12-01 10:11:51 - [MESSAGE][PASSED] - Text 'Juan' is set on object 'Object Repository/Reto_for/Page_ToolsQA/input_Full Name_userName'

2022-12-01 10:11:51 - [TEST_STEP][PASSED] - setText(findTestObject("Object Repository/Reto_for/Page_ToolsQA/input_Email_userEmail"), tx_nombre + "@gmail.com"): Text 'Juan@gmail.com' is set on object 'Object Repository/Reto_for/Page_ToolsQA/input_Email_userEmail'

2022-12-01 10:11:56 - [MESSAGE][PASSED] - Text 'Juan@gmail.com' is set on object 'Object Repository/Reto_for/Page_ToolsQA/input_Email_userEmail'

2022-12-01 10:11:56 - [TEST_STEP][PASSED] - setText(findTestObject("Object Repository/Reto_for/Page_ToolsQA/textarea_Current Address_currentAddress"), "Dirección#" + x): Text 'Dirección#1' is set on object 'Object Repository/Reto_for/Page_ToolsQA/textarea_Current Address_currentAddress'

2022-12-01 10:12:01 - [MESSAGE][PASSED] - Text 'Dirección#1' is set on object 'Object Repository/Reto_for/Page_ToolsQA/textarea_Current Address_currentAddress'

2022-12-01 10:12:01 - [TEST_STEP][PASSED] - setText(findTestObject("Object Repository/Reto_for/Page_ToolsQA/textarea_Permanent Address_permanentAddress"), "Dirección dos#" + x): Text 'Dirección dos#1' is set on object 'Object Repository/Reto_for/Page_ToolsQA/textarea_Permanent Address_permanentAddress'

2022-12-01 10:12:07 - [MESSAGE][PASSED] - Text 'Dirección dos#1' is set on object 'Object Repository/Reto_for/Page_ToolsQA/textarea_Permanent Address_permanentAddress'

2022-12-01 10:12:07 - [TEST_STEP][PASSED] - scrollToPosition(0, 500): Browser is scrolled to position x = 0, y = 500

2022-12-01 10:12:07 - [MESSAGE][PASSED] - Browser is scrolled to position x = 0, y = 500

2022-12-01 10:12:07 - [TEST_STEP][PASSED] - click(findTestObject("Object Repository/Reto_for/Page_ToolsQA/button_Submit")): Object: 'Object Repository/Reto_for/Page_ToolsQA/button_Submit' is clicked on

2022-12-01 10:12:11 - [MESSAGE][PASSED] - Object: 'Object Repository/Reto_for/Page_ToolsQA/button_Submit' is clicked on

2022-12-01 10:12:11 - [TEST_STEP][PASSED] - scrollToPosition(0, 100): Browser is scrolled to position x = 0, y = 100

2022-12-01 10:12:11 - [MESSAGE][PASSED] - Browser is scrolled to position x = 0, y = 100

2022-12-01 10:12:11 - [TEST_STEP][PASSED] - z = ["Carlos", "Erika", "Paco", "Rodrigo", "Juan"]: null

2022-12-01 10:12:11 - [TEST_STEP][PASSED] - rn = new java.util.Random(): null

2022-12-01 10:12:11 - [TEST_STEP][PASSED] - tx_nombre = z[rn.nextInt(size)]: null

2022-12-01 10:12:11 - [TEST_STEP][PASSED] - setText(findTestObject("Object Repository/Reto_for/Page_ToolsQA/input_Full Name_userName"), tx_nombre): Text 'Rodrigo' is set on object 'Object Repository/Reto_for/Page_ToolsQA/input_Full Name_userName'

2022-12-01 10:12:16 - [MESSAGE][PASSED] - Text 'Rodrigo' is set on object 'Object Repository/Reto_for/Page_ToolsQA/input_Full Name_userName'

2022-12-01 10:12:16 - [TEST_STEP][PASSED] - setText(findTestObject("Object Repository/Reto_for/Page_ToolsQA/input_Email_userEmail"), tx_nombre + "@gmail.com"): Text 'Rodrigo@gmail.com' is set on object 'Object Repository/Reto_for/Page_ToolsQA/input_Email_userEmail'

2022-12-01 10:12:23 - [MESSAGE][PASSED] - Text 'Rodrigo@gmail.com' is set on object 'Object Repository/Reto_for/Page_ToolsQA/input_Email_userEmail'

2022-12-01 10:12:23 - [TEST_STEP][PASSED] - setText(findTestObject("Object Repository/Reto_for/Page_ToolsQA/textarea_Current Address_currentAddress"), "Dirección#" + x): Text 'Dirección#2' is set on object 'Object Repository/Reto_for/Page_ToolsQA/textarea_Current Address_currentAddress'

2022-12-01 10:12:28 - [MESSAGE][PASSED] - Text 'Dirección#2' is set on object 'Object Repository/Reto_for/Page_ToolsQA/textarea_Current Address_currentAddress'

2022-12-01 10:12:28 - [TEST_STEP][PASSED] - setText(findTestObject("Object Repository/Reto_for/Page_ToolsQA/textarea_Permanent Address_permanentAddress"), "Dirección dos#" + x): Text 'Dirección dos#2' is set on object 'Object Repository/Reto_for/Page_ToolsQA/textarea_Permanent Address_permanentAddress'

2022-12-01 10:12:33 - [MESSAGE][PASSED] - Text 'Dirección dos#2' is set on object 'Object Repository/Reto_for/Page_ToolsQA/textarea_Permanent Address_permanentAddress'

2022-12-01 10:12:33 - [TEST_STEP][PASSED] - scrollToPosition(0, 500): Browser is scrolled to position x = 0, y = 500

2022-12-01 10:12:33 - [MESSAGE][PASSED] - Browser is scrolled to position x = 0, y = 500

2022-12-01 10:12:33 - [TEST_STEP][PASSED] - click(findTestObject("Object Repository/Reto_for/Page_ToolsQA/button_Submit")): Object: 'Object Repository/Reto_for/Page_ToolsQA/button_Submit' is clicked on

2022-12-01 10:12:36 - [MESSAGE][PASSED] - Object: 'Object Repository/Reto_for/Page_ToolsQA/button_Submit' is clicked on

2022-12-01 10:12:36 - [TEST_STEP][PASSED] - scrollToPosition(0, 100): Browser is scrolled to position x = 0, y = 100

2022-12-01 10:12:37 - [MESSAGE][PASSED] - Browser is scrolled to position x = 0, y = 100

2022-12-01 10:12:37 - [TEST_STEP][PASSED] - z = ["Carlos", "Erika", "Paco", "Rodrigo", "Juan"]: null

2022-12-01 10:12:37 - [TEST_STEP][PASSED] - rn = new java.util.Random(): null

2022-12-01 10:12:37 - [TEST_STEP][PASSED] - tx_nombre = z[rn.nextInt(size)]: null

2022-12-01 10:12:37 - [TEST_STEP][PASSED] - setText(findTestObject("Object Repository/Reto_for/Page_ToolsQA/input_Full Name_userName"), tx_nombre): Text 'Juan' is set on object 'Object Repository/Reto_for/Page_ToolsQA/input_Full Name_userName'

2022-12-01 10:12:42 - [MESSAGE][PASSED] - Text 'Juan' is set on object 'Object Repository/Reto_for/Page_ToolsQA/input_Full Name_userName'

2022-12-01 10:12:42 - [TEST_STEP][PASSED] - setText(findTestObject("Object Repository/Reto_for/Page_ToolsQA/input_Email_userEmail"), tx_nombre + "@gmail.com"): Text 'Juan@gmail.com' is set on object 'Object Repository/Reto_for/Page_ToolsQA/input_Email_userEmail'

2022-12-01 10:12:48 - [MESSAGE][PASSED] - Text 'Juan@gmail.com' is set on object 'Object Repository/Reto_for/Page_ToolsQA/input_Email_userEmail'

2022-12-01 10:12:48 - [TEST_STEP][PASSED] - setText(findTestObject("Object Repository/Reto_for/Page_ToolsQA/textarea_Current Address_currentAddress"), "Dirección#" + x): Text 'Dirección#3' is set on object 'Object Repository/Reto_for/Page_ToolsQA/textarea_Current Address_currentAddress'

2022-12-01 10:12:54 - [MESSAGE][PASSED] - Text 'Dirección#3' is set on object 'Object Repository/Reto_for/Page_ToolsQA/textarea_Current Address_currentAddress'

2022-12-01 10:12:54 - [TEST_STEP][PASSED] - setText(findTestObject("Object Repository/Reto_for/Page_ToolsQA/textarea_Permanent Address_permanentAddress"), "Dirección dos#" + x): Text 'Dirección dos#3' is set on object 'Object Repository/Reto_for/Page_ToolsQA/textarea_Permanent Address_permanentAddress'

2022-12-01 10:12:58 - [MESSAGE][PASSED] - Text 'Dirección dos#3' is set on object 'Object Repository/Reto_for/Page_ToolsQA/textarea_Permanent Address_permanentAddress'

2022-12-01 10:12:58 - [TEST_STEP][PASSED] - scrollToPosition(0, 500): Browser is scrolled to position x = 0, y = 500

2022-12-01 10:12:59 - [MESSAGE][PASSED] - Browser is scrolled to position x = 0, y = 500

2022-12-01 10:12:59 - [TEST_STEP][PASSED] - click(findTestObject("Object Repository/Reto_for/Page_ToolsQA/button_Submit")): Object: 'Object Repository/Reto_for/Page_ToolsQA/button_Submit' is clicked on

2022-12-01 10:13:02 - [MESSAGE][PASSED] - Object: 'Object Repository/Reto_for/Page_ToolsQA/button_Submit' is clicked on

2022-12-01 10:13:02 - [TEST_STEP][PASSED] - scrollToPosition(0, 100): Browser is scrolled to position x = 0, y = 100

2022-12-01 10:13:02 - [MESSAGE][PASSED] - Browser is scrolled to position x = 0, y = 100

2022-12-01 10:13:02 - [TEST_STEP][PASSED] - z = ["Carlos", "Erika", "Paco", "Rodrigo", "Juan"]: null

2022-12-01 10:13:02 - [TEST_STEP][PASSED] - rn = new java.util.Random(): null

2022-12-01 10:13:02 - [TEST_STEP][PASSED] - tx_nombre = z[rn.nextInt(size)]: null

2022-12-01 10:13:02 - [TEST_STEP][PASSED] - setText(findTestObject("Object Repository/Reto_for/Page_ToolsQA/input_Full Name_userName"), tx_nombre): Text 'Juan' is set on object 'Object Repository/Reto_for/Page_ToolsQA/input_Full Name_userName'

2022-12-01 10:13:08 - [MESSAGE][PASSED] - Text 'Juan' is set on object 'Object Repository/Reto_for/Page_ToolsQA/input_Full Name_userName'

2022-12-01 10:13:08 - [TEST_STEP][PASSED] - setText(findTestObject("Object Repository/Reto_for/Page_ToolsQA/input_Email_userEmail"), tx_nombre + "@gmail.com"): Text 'Juan@gmail.com' is set on object 'Object Repository/Reto_for/Page_ToolsQA/input_Email_userEmail'

2022-12-01 10:13:13 - [MESSAGE][PASSED] - Text 'Juan@gmail.com' is set on object 'Object Repository/Reto_for/Page_ToolsQA/input_Email_userEmail'

2022-12-01 10:13:13 - [TEST_STEP][PASSED] - setText(findTestObject("Object Repository/Reto_for/Page_ToolsQA/textarea_Current Address_currentAddress"), "Dirección#" + x): Text 'Dirección#4' is set on object 'Object Repository/Reto_for/Page_ToolsQA/textarea_Current Address_currentAddress'

2022-12-01 10:13:18 - [MESSAGE][PASSED] - Text 'Dirección#4' is set on object 'Object Repository/Reto_for/Page_ToolsQA/textarea_Current Address_currentAddress'

2022-12-01 10:13:18 - [TEST_STEP][PASSED] - setText(findTestObject("Object Repository/Reto_for/Page_ToolsQA/textarea_Permanent Address_permanentAddress"), "Dirección dos#" + x): Text 'Dirección dos#4' is set on object 'Object Repository/Reto_for/Page_ToolsQA/textarea_Permanent Address_permanentAddress'

2022-12-01 10:13:24 - [MESSAGE][PASSED] - Text 'Dirección dos#4' is set on object 'Object Repository/Reto_for/Page_ToolsQA/textarea_Permanent Address_permanentAddress'

2022-12-01 10:13:24 - [TEST_STEP][PASSED] - scrollToPosition(0, 500): Browser is scrolled to position x = 0, y = 500

2022-12-01 10:13:25 - [MESSAGE][PASSED] - Browser is scrolled to position x = 0, y = 500

2022-12-01 10:13:25 - [TEST_STEP][PASSED] - click(findTestObject("Object Repository/Reto_for/Page_ToolsQA/button_Submit")): Object: 'Object Repository/Reto_for/Page_ToolsQA/button_Submit' is clicked on

2022-12-01 10:13:27 - [MESSAGE][PASSED] - Object: 'Object Repository/Reto_for/Page_ToolsQA/button_Submit' is clicked on

2022-12-01 10:13:27 - [TEST_STEP][PASSED] - scrollToPosition(0, 100): Browser is scrolled to position x = 0, y = 100

2022-12-01 10:13:28 - [MESSAGE][PASSED] - Browser is scrolled to position x = 0, y = 100

2022-12-01 10:13:28 - [TEST_STEP][PASSED] - closeBrowser(): Browser is closed

2022-12-01 10:13:30 - [MESSAGE][PASSED] - Browser is closed]]></system-out>
         <system-err><![CDATA[]]></system-err>
      </testcase>
      <testcase name="Test Cases/BUCLES/Reto_while" time="192.21" classname="Test Cases/BUCLES/Reto_while" status="PASSED">
         <system-out><![CDATA[2022-12-01 10:13:30 - [TEST_CASE][PASSED] - Test Cases/BUCLES/Reto_while: Test Cases/BUCLES/Reto_while

2022-12-01 10:13:31 - [TEST_STEP][PASSED] - openBrowser(""): Browser is opened with url: ''

2022-12-01 10:13:31 - [MESSAGE][INFO] - User set preference: ['os', 'windows']

2022-12-01 10:13:31 - [MESSAGE][INFO] - User set preference: ['browserName', 'chrome']

2022-12-01 10:13:31 - [MESSAGE][INFO] - User set preference: ['browserVersion', '103']

2022-12-01 10:13:31 - [MESSAGE][INFO] - User set preference: ['katalon:option', '{organizationId=987205, tunnelId=, usingTunnel=false}']

2022-12-01 10:13:31 - [MESSAGE][INFO] - Connecting to remote web server 'testcloud.katalon.com/hub' with type 'Selenium'

2022-12-01 10:13:31 - [MESSAGE][INFO] - Action delay is set to 0 milliseconds

2022-12-01 10:16:10 - [MESSAGE][PASSED] - Browser is opened with url: ''

2022-12-01 10:16:10 - [TEST_STEP][PASSED] - navigateToUrl("https://www.google.com/"): Navigate to 'https://www.google.com/' successfully

2022-12-01 10:16:12 - [MESSAGE][PASSED] - Navigate to 'https://www.google.com/' successfully

2022-12-01 10:16:12 - [TEST_STEP][PASSED] - Bandera = 0: null

2022-12-01 10:16:12 - [TEST_STEP][PASSED] - while (Bandera != 1): null

2022-12-01 10:16:12 - [TEST_STEP][PASSED] - num = Math.random() * 5 - 1 + 1: null

2022-12-01 10:16:12 - [TEST_STEP][PASSED] - setText(findTestObject("Object Repository/While_google/Page_Google/input__q"), "5+" + num): Text '5+1' is set on object 'Object Repository/While_google/Page_Google/input__q'

2022-12-01 10:16:18 - [MESSAGE][PASSED] - Text '5+1' is set on object 'Object Repository/While_google/Page_Google/input__q'

2022-12-01 10:16:18 - [TEST_STEP][PASSED] - sendKeys(findTestObject("Object Repository/While_google/Page_Google/input__q"), Keys.chord(ENTER)): Keys 'ENTER + ' sent to object: 'Object Repository/While_google/Page_Google/input__q'

2022-12-01 10:16:24 - [MESSAGE][PASSED] - Keys 'ENTER + ' sent to object: 'Object Repository/While_google/Page_Google/input__q'

2022-12-01 10:16:24 - [TEST_STEP][PASSED] - Resultado = getText(findTestObject("While_google/Extras/Resultado_10")): Text of object 'Object Repository/While_google/Extras/Resultado_10' is: '6'

2022-12-01 10:16:27 - [MESSAGE][PASSED] - Text of object 'Object Repository/While_google/Extras/Resultado_10' is: '6'

2022-12-01 10:16:27 - [TEST_STEP][PASSED] - if (Resultado == "8"): null

2022-12-01 10:16:27 - [TEST_STEP][PASSED] - else: null

2022-12-01 10:16:27 - [TEST_STEP][PASSED] - Bandera = 0: null

2022-12-01 10:16:27 - [TEST_STEP][PASSED] - print(Bandera + "------"): null

2022-12-01 10:16:27 - [TEST_STEP][PASSED] - num = Math.random() * 5 - 1 + 1: null

2022-12-01 10:16:27 - [TEST_STEP][PASSED] - setText(findTestObject("Object Repository/While_google/Page_Google/input__q"), "5+" + num): Text '5+3' is set on object 'Object Repository/While_google/Page_Google/input__q'

2022-12-01 10:16:32 - [MESSAGE][PASSED] - Text '5+3' is set on object 'Object Repository/While_google/Page_Google/input__q'

2022-12-01 10:16:32 - [TEST_STEP][PASSED] - sendKeys(findTestObject("Object Repository/While_google/Page_Google/input__q"), Keys.chord(ENTER)): Keys 'ENTER + ' sent to object: 'Object Repository/While_google/Page_Google/input__q'

2022-12-01 10:16:37 - [MESSAGE][PASSED] - Keys 'ENTER + ' sent to object: 'Object Repository/While_google/Page_Google/input__q'

2022-12-01 10:16:37 - [TEST_STEP][PASSED] - Resultado = getText(findTestObject("While_google/Extras/Resultado_10")): Text of object 'Object Repository/While_google/Extras/Resultado_10' is: '8'

2022-12-01 10:16:40 - [MESSAGE][PASSED] - Text of object 'Object Repository/While_google/Extras/Resultado_10' is: '8'

2022-12-01 10:16:40 - [TEST_STEP][PASSED] - if (Resultado == "8"): Browser is closed

2022-12-01 10:16:40 - [TEST_STEP][PASSED] - Bandera = 1: null

2022-12-01 10:16:40 - [TEST_STEP][PASSED] - print("Listo termina"): null

2022-12-01 10:16:40 - [TEST_STEP][PASSED] - closeBrowser(): Browser is closed

2022-12-01 10:16:43 - [MESSAGE][PASSED] - Browser is closed

2022-12-01 10:16:43 - [TEST_STEP][PASSED] - print(Bandera + "------"): null]]></system-out>
         <system-err><![CDATA[]]></system-err>
      </testcase>
      <testcase name="Test Cases/BUCLES/Reto_while_solucion" time="202.842" classname="Test Cases/BUCLES/Reto_while_solucion" status="PASSED">
         <system-out><![CDATA[2022-12-01 10:16:43 - [TEST_CASE][PASSED] - Test Cases/BUCLES/Reto_while_solucion: Test Cases/BUCLES/Reto_while_solucion

2022-12-01 10:16:43 - [TEST_STEP][PASSED] - openBrowser(""): Browser is opened with url: ''

2022-12-01 10:16:43 - [MESSAGE][INFO] - User set preference: ['os', 'windows']

2022-12-01 10:16:43 - [MESSAGE][INFO] - User set preference: ['browserName', 'chrome']

2022-12-01 10:16:43 - [MESSAGE][INFO] - User set preference: ['browserVersion', '103']

2022-12-01 10:16:43 - [MESSAGE][INFO] - User set preference: ['katalon:option', '{organizationId=987205, tunnelId=, usingTunnel=false}']

2022-12-01 10:16:43 - [MESSAGE][INFO] - Connecting to remote web server 'testcloud.katalon.com/hub' with type 'Selenium'

2022-12-01 10:16:43 - [MESSAGE][INFO] - Action delay is set to 0 milliseconds

2022-12-01 10:19:21 - [MESSAGE][PASSED] - Browser is opened with url: ''

2022-12-01 10:19:21 - [TEST_STEP][PASSED] - navigateToUrl("https://www.google.com/"): Navigate to 'https://www.google.com/' successfully

2022-12-01 10:19:23 - [MESSAGE][PASSED] - Navigate to 'https://www.google.com/' successfully

2022-12-01 10:19:23 - [TEST_STEP][PASSED] - Res = 0: null

2022-12-01 10:19:23 - [TEST_STEP][PASSED] - while (Res != 8): Browser is closed

2022-12-01 10:19:23 - [TEST_STEP][PASSED] - num = Math.random() * 5 - 1 + 1: null

2022-12-01 10:19:23 - [TEST_STEP][PASSED] - setText(findTestObject("Object Repository/Reto_while1/Page_Google/input__q"), "5+" + num): Text '5+1' is set on object 'Object Repository/Reto_while1/Page_Google/input__q'

2022-12-01 10:19:28 - [MESSAGE][PASSED] - Text '5+1' is set on object 'Object Repository/Reto_while1/Page_Google/input__q'

2022-12-01 10:19:28 - [TEST_STEP][PASSED] - sendKeys(findTestObject("Object Repository/Reto_while1/Page_Google/input__q"), Keys.chord(ENTER)): Keys 'ENTER + ' sent to object: 'Object Repository/Reto_while1/Page_Google/input__q'

2022-12-01 10:19:33 - [MESSAGE][PASSED] - Keys 'ENTER + ' sent to object: 'Object Repository/Reto_while1/Page_Google/input__q'

2022-12-01 10:19:33 - [TEST_STEP][PASSED] - Res = getText(findTestObject("Reto_while1/Resultado_8")).toInteger(): Text of object 'Object Repository/Reto_while1/Resultado_8' is: '6'

2022-12-01 10:19:35 - [MESSAGE][PASSED] - Text of object 'Object Repository/Reto_while1/Resultado_8' is: '6'

2022-12-01 10:19:35 - [TEST_STEP][PASSED] - if (Res == 8): null

2022-12-01 10:19:35 - [TEST_STEP][PASSED] - num = Math.random() * 5 - 1 + 1: null

2022-12-01 10:19:35 - [TEST_STEP][PASSED] - setText(findTestObject("Object Repository/Reto_while1/Page_Google/input__q"), "5+" + num): Text '5+4' is set on object 'Object Repository/Reto_while1/Page_Google/input__q'

2022-12-01 10:19:40 - [MESSAGE][PASSED] - Text '5+4' is set on object 'Object Repository/Reto_while1/Page_Google/input__q'

2022-12-01 10:19:40 - [TEST_STEP][PASSED] - sendKeys(findTestObject("Object Repository/Reto_while1/Page_Google/input__q"), Keys.chord(ENTER)): Keys 'ENTER + ' sent to object: 'Object Repository/Reto_while1/Page_Google/input__q'

2022-12-01 10:19:45 - [MESSAGE][PASSED] - Keys 'ENTER + ' sent to object: 'Object Repository/Reto_while1/Page_Google/input__q'

2022-12-01 10:19:45 - [TEST_STEP][PASSED] - Res = getText(findTestObject("Reto_while1/Resultado_8")).toInteger(): Text of object 'Object Repository/Reto_while1/Resultado_8' is: '9'

2022-12-01 10:19:49 - [MESSAGE][PASSED] - Text of object 'Object Repository/Reto_while1/Resultado_8' is: '9'

2022-12-01 10:19:49 - [TEST_STEP][PASSED] - if (Res == 8): null

2022-12-01 10:19:49 - [TEST_STEP][PASSED] - num = Math.random() * 5 - 1 + 1: null

2022-12-01 10:19:49 - [TEST_STEP][PASSED] - setText(findTestObject("Object Repository/Reto_while1/Page_Google/input__q"), "5+" + num): Text '5+3' is set on object 'Object Repository/Reto_while1/Page_Google/input__q'

2022-12-01 10:19:56 - [MESSAGE][PASSED] - Text '5+3' is set on object 'Object Repository/Reto_while1/Page_Google/input__q'

2022-12-01 10:19:56 - [TEST_STEP][PASSED] - sendKeys(findTestObject("Object Repository/Reto_while1/Page_Google/input__q"), Keys.chord(ENTER)): Keys 'ENTER + ' sent to object: 'Object Repository/Reto_while1/Page_Google/input__q'

2022-12-01 10:20:00 - [MESSAGE][PASSED] - Keys 'ENTER + ' sent to object: 'Object Repository/Reto_while1/Page_Google/input__q'

2022-12-01 10:20:00 - [TEST_STEP][PASSED] - Res = getText(findTestObject("Reto_while1/Resultado_8")).toInteger(): Text of object 'Object Repository/Reto_while1/Resultado_8' is: '8'

2022-12-01 10:20:02 - [MESSAGE][PASSED] - Text of object 'Object Repository/Reto_while1/Resultado_8' is: '8'

2022-12-01 10:20:02 - [TEST_STEP][PASSED] - if (Res == 8): Browser is closed

2022-12-01 10:20:02 - [TEST_STEP][PASSED] - closeBrowser(): Browser is closed

2022-12-01 10:20:06 - [MESSAGE][PASSED] - Browser is closed]]></system-out>
         <system-err><![CDATA[]]></system-err>
      </testcase>
      <testcase name="Test Cases/BUCLES/Test_1" time="514.73" classname="Test Cases/BUCLES/Test_1" status="PASSED">
         <system-out><![CDATA[2022-12-01 10:40:13 - [TEST_CASE][PASSED] - Test Cases/BUCLES/Test_1: Test Cases/BUCLES/Test_1

2022-12-01 10:40:13 - [TEST_STEP][PASSED] - openBrowser(""): Browser is opened with url: ''

2022-12-01 10:40:13 - [MESSAGE][INFO] - User set preference: ['os', 'windows']

2022-12-01 10:40:13 - [MESSAGE][INFO] - User set preference: ['browserName', 'chrome']

2022-12-01 10:40:13 - [MESSAGE][INFO] - User set preference: ['browserVersion', '103']

2022-12-01 10:40:13 - [MESSAGE][INFO] - User set preference: ['katalon:option', '{organizationId=987205, tunnelId=, usingTunnel=false}']

2022-12-01 10:40:13 - [MESSAGE][INFO] - Connecting to remote web server 'testcloud.katalon.com/hub' with type 'Selenium'

2022-12-01 10:40:13 - [MESSAGE][INFO] - Action delay is set to 0 milliseconds

2022-12-01 10:43:12 - [MESSAGE][PASSED] - Browser is opened with url: ''

2022-12-01 10:43:12 - [TEST_STEP][PASSED] - navigateToUrl("https://demoqa.com/text-box"): Navigate to 'https://demoqa.com/text-box' successfully

2022-12-01 10:43:15 - [MESSAGE][PASSED] - Navigate to 'https://demoqa.com/text-box' successfully

2022-12-01 10:43:15 - [TEST_STEP][PASSED] - for ([x = 1, x <= 2, (x++)]): null

2022-12-01 10:43:15 - [TEST_STEP][PASSED] - openBrowser(""): Browser is opened with url: ''

2022-12-01 10:43:15 - [MESSAGE][WARNING] - A browser is already opened. Closing browser and opening a new one

2022-12-01 10:43:20 - [MESSAGE][INFO] - User set preference: ['os', 'windows']

2022-12-01 10:43:20 - [MESSAGE][INFO] - User set preference: ['browserName', 'chrome']

2022-12-01 10:43:20 - [MESSAGE][INFO] - User set preference: ['browserVersion', '103']

2022-12-01 10:43:20 - [MESSAGE][INFO] - User set preference: ['katalon:option', '{organizationId=987205, tunnelId=, usingTunnel=false}']

2022-12-01 10:43:20 - [MESSAGE][INFO] - Connecting to remote web server 'testcloud.katalon.com/hub' with type 'Selenium'

2022-12-01 10:43:20 - [MESSAGE][INFO] - Action delay is set to 0 milliseconds

2022-12-01 10:45:54 - [MESSAGE][PASSED] - Browser is opened with url: ''

2022-12-01 10:45:54 - [TEST_STEP][PASSED] - navigateToUrl("https://demoqa.com/text-box"): Navigate to 'https://demoqa.com/text-box' successfully

2022-12-01 10:45:57 - [MESSAGE][PASSED] - Navigate to 'https://demoqa.com/text-box' successfully

2022-12-01 10:45:57 - [TEST_STEP][PASSED] - RN = Math.random() * 10 - 1 + 1: null

2022-12-01 10:45:57 - [TEST_STEP][PASSED] - print("Numero : " + RN + "----"): null

2022-12-01 10:45:57 - [TEST_STEP][PASSED] - z = ["Demo1", "Demo2", "Demo3", "Demo4", "Demo5"]: null

2022-12-01 10:45:57 - [TEST_STEP][PASSED] - rnd = new java.util.Random(): null

2022-12-01 10:45:57 - [TEST_STEP][PASSED] - texto = z[rnd.nextInt(size)]: null

2022-12-01 10:45:57 - [TEST_STEP][PASSED] - print(texto): null

2022-12-01 10:45:57 - [TEST_STEP][PASSED] - openBrowser(""): Browser is opened with url: ''

2022-12-01 10:45:57 - [MESSAGE][WARNING] - A browser is already opened. Closing browser and opening a new one

2022-12-01 10:46:01 - [MESSAGE][INFO] - User set preference: ['os', 'windows']

2022-12-01 10:46:01 - [MESSAGE][INFO] - User set preference: ['browserName', 'chrome']

2022-12-01 10:46:01 - [MESSAGE][INFO] - User set preference: ['browserVersion', '103']

2022-12-01 10:46:01 - [MESSAGE][INFO] - User set preference: ['katalon:option', '{organizationId=987205, tunnelId=, usingTunnel=false}']

2022-12-01 10:46:01 - [MESSAGE][INFO] - Connecting to remote web server 'testcloud.katalon.com/hub' with type 'Selenium'

2022-12-01 10:46:01 - [MESSAGE][INFO] - Action delay is set to 0 milliseconds

2022-12-01 10:48:34 - [MESSAGE][PASSED] - Browser is opened with url: ''

2022-12-01 10:48:34 - [TEST_STEP][PASSED] - navigateToUrl("https://demoqa.com/text-box"): Navigate to 'https://demoqa.com/text-box' successfully

2022-12-01 10:48:37 - [MESSAGE][PASSED] - Navigate to 'https://demoqa.com/text-box' successfully

2022-12-01 10:48:37 - [TEST_STEP][PASSED] - RN = Math.random() * 10 - 1 + 1: null

2022-12-01 10:48:37 - [TEST_STEP][PASSED] - print("Numero : " + RN + "----"): null

2022-12-01 10:48:37 - [TEST_STEP][PASSED] - z = ["Demo1", "Demo2", "Demo3", "Demo4", "Demo5"]: null

2022-12-01 10:48:37 - [TEST_STEP][PASSED] - rnd = new java.util.Random(): null

2022-12-01 10:48:37 - [TEST_STEP][PASSED] - texto = z[rnd.nextInt(size)]: null

2022-12-01 10:48:37 - [TEST_STEP][PASSED] - print(texto): null

2022-12-01 10:48:37 - [TEST_STEP][PASSED] - closeBrowser(): Browser is closed

2022-12-01 10:48:48 - [MESSAGE][PASSED] - Browser is closed]]></system-out>
         <system-err><![CDATA[]]></system-err>
      </testcase>
      <testcase name="Test Cases/BUCLES/Test_2" time="161.173" classname="Test Cases/BUCLES/Test_2" status="PASSED">
         <system-out><![CDATA[2022-12-01 10:48:48 - [TEST_CASE][PASSED] - Test Cases/BUCLES/Test_2: Test Cases/BUCLES/Test_2

2022-12-01 10:48:48 - [TEST_STEP][PASSED] - openBrowser(""): Browser is opened with url: ''

2022-12-01 10:48:48 - [MESSAGE][INFO] - User set preference: ['os', 'windows']

2022-12-01 10:48:48 - [MESSAGE][INFO] - User set preference: ['browserName', 'chrome']

2022-12-01 10:48:48 - [MESSAGE][INFO] - User set preference: ['browserVersion', '103']

2022-12-01 10:48:48 - [MESSAGE][INFO] - User set preference: ['katalon:option', '{organizationId=987205, tunnelId=, usingTunnel=false}']

2022-12-01 10:48:48 - [MESSAGE][INFO] - Connecting to remote web server 'testcloud.katalon.com/hub' with type 'Selenium'

2022-12-01 10:48:48 - [MESSAGE][INFO] - Action delay is set to 0 milliseconds

2022-12-01 10:51:23 - [MESSAGE][PASSED] - Browser is opened with url: ''

2022-12-01 10:51:23 - [TEST_STEP][PASSED] - navigateToUrl("https://demoqa.com/text-box"): Navigate to 'https://demoqa.com/text-box' successfully

2022-12-01 10:51:25 - [MESSAGE][PASSED] - Navigate to 'https://demoqa.com/text-box' successfully

2022-12-01 10:51:25 - [TEST_STEP][PASSED] - for ([x = 1, x <= 10, x = x + 2]): null

2022-12-01 10:51:25 - [TEST_STEP][PASSED] - print(" hola mundo " + x + "-------"): null

2022-12-01 10:51:25 - [TEST_STEP][PASSED] - print(" hola mundo " + x + "-------"): null

2022-12-01 10:51:25 - [TEST_STEP][PASSED] - print(" hola mundo " + x + "-------"): null

2022-12-01 10:51:25 - [TEST_STEP][PASSED] - print(" hola mundo " + x + "-------"): null

2022-12-01 10:51:25 - [TEST_STEP][PASSED] - print(" hola mundo " + x + "-------"): null

2022-12-01 10:51:25 - [TEST_STEP][PASSED] - closeBrowser(): Browser is closed

2022-12-01 10:51:29 - [MESSAGE][PASSED] - Browser is closed]]></system-out>
         <system-err><![CDATA[]]></system-err>
      </testcase>
      <testcase name="Test Cases/BUCLES/Test_while" time="164.154" classname="Test Cases/BUCLES/Test_while" status="PASSED">
         <system-out><![CDATA[2022-12-01 10:51:29 - [TEST_CASE][PASSED] - Test Cases/BUCLES/Test_while: Test Cases/BUCLES/Test_while

2022-12-01 10:51:29 - [TEST_STEP][PASSED] - openBrowser(""): Browser is opened with url: ''

2022-12-01 10:51:29 - [MESSAGE][INFO] - User set preference: ['os', 'windows']

2022-12-01 10:51:29 - [MESSAGE][INFO] - User set preference: ['browserName', 'chrome']

2022-12-01 10:51:29 - [MESSAGE][INFO] - User set preference: ['browserVersion', '103']

2022-12-01 10:51:29 - [MESSAGE][INFO] - User set preference: ['katalon:option', '{organizationId=987205, tunnelId=, usingTunnel=false}']

2022-12-01 10:51:29 - [MESSAGE][INFO] - Connecting to remote web server 'testcloud.katalon.com/hub' with type 'Selenium'

2022-12-01 10:51:29 - [MESSAGE][INFO] - Action delay is set to 0 milliseconds

2022-12-01 10:53:59 - [MESSAGE][PASSED] - Browser is opened with url: ''

2022-12-01 10:53:59 - [TEST_STEP][PASSED] - navigateToUrl("https://demoqa.com/text-box"): Navigate to 'https://demoqa.com/text-box' successfully

2022-12-01 10:54:01 - [MESSAGE][PASSED] - Navigate to 'https://demoqa.com/text-box' successfully

2022-12-01 10:54:01 - [TEST_STEP][PASSED] - maximizeWindow(): Current window maximized

2022-12-01 10:54:02 - [MESSAGE][PASSED] - Current window maximized

2022-12-01 10:54:02 - [TEST_STEP][PASSED] - waitForPageLoad(5): Wait for page load successfully

2022-12-01 10:54:03 - [MESSAGE][PASSED] - Wait for page load successfully

2022-12-01 10:54:03 - [TEST_STEP][PASSED] - x = 1: null

2022-12-01 10:54:03 - [TEST_STEP][PASSED] - while (x <= 3): null

2022-12-01 10:54:03 - [TEST_STEP][PASSED] - print("Hola " + x + "----------"): null

2022-12-01 10:54:03 - [TEST_STEP][PASSED] - (x++): null

2022-12-01 10:54:03 - [TEST_STEP][PASSED] - print("Hola " + x + "----------"): null

2022-12-01 10:54:03 - [TEST_STEP][PASSED] - (x++): null

2022-12-01 10:54:03 - [TEST_STEP][PASSED] - print("Hola " + x + "----------"): null

2022-12-01 10:54:03 - [TEST_STEP][PASSED] - (x++): null

2022-12-01 10:54:03 - [TEST_STEP][PASSED] - closeBrowser(): Browser is closed

2022-12-01 10:54:13 - [MESSAGE][PASSED] - Browser is closed]]></system-out>
         <system-err><![CDATA[]]></system-err>
      </testcase>
      <testcase name="Test Cases/BUCLES/Test_while2" time="165.482" classname="Test Cases/BUCLES/Test_while2" status="PASSED">
         <system-out><![CDATA[2022-12-01 10:54:13 - [TEST_CASE][PASSED] - Test Cases/BUCLES/Test_while2: Test Cases/BUCLES/Test_while2

2022-12-01 10:54:13 - [TEST_STEP][PASSED] - openBrowser(""): Browser is opened with url: ''

2022-12-01 10:54:13 - [MESSAGE][INFO] - User set preference: ['os', 'windows']

2022-12-01 10:54:13 - [MESSAGE][INFO] - User set preference: ['browserName', 'chrome']

2022-12-01 10:54:13 - [MESSAGE][INFO] - User set preference: ['browserVersion', '103']

2022-12-01 10:54:13 - [MESSAGE][INFO] - User set preference: ['katalon:option', '{organizationId=987205, tunnelId=, usingTunnel=false}']

2022-12-01 10:54:13 - [MESSAGE][INFO] - Connecting to remote web server 'testcloud.katalon.com/hub' with type 'Selenium'

2022-12-01 10:54:13 - [MESSAGE][INFO] - Action delay is set to 0 milliseconds

2022-12-01 10:56:47 - [MESSAGE][PASSED] - Browser is opened with url: ''

2022-12-01 10:56:47 - [TEST_STEP][PASSED] - navigateToUrl("https://demoqa.com/text-box"): Navigate to 'https://demoqa.com/text-box' successfully

2022-12-01 10:56:50 - [MESSAGE][PASSED] - Navigate to 'https://demoqa.com/text-box' successfully

2022-12-01 10:56:50 - [TEST_STEP][PASSED] - maximizeWindow(): Current window maximized

2022-12-01 10:56:51 - [MESSAGE][PASSED] - Current window maximized

2022-12-01 10:56:51 - [TEST_STEP][PASSED] - waitForPageLoad(5): Wait for page load successfully

2022-12-01 10:56:52 - [MESSAGE][PASSED] - Wait for page load successfully

2022-12-01 10:56:52 - [TEST_STEP][PASSED] - x = 1: null

2022-12-01 10:56:52 - [TEST_STEP][PASSED] - while (x <= 5): null

2022-12-01 10:56:52 - [TEST_STEP][PASSED] - print("Valor de X" + x + "------>"): null

2022-12-01 10:56:52 - [TEST_STEP][PASSED] - (x++): null

2022-12-01 10:56:52 - [TEST_STEP][PASSED] - print("Valor de X" + x + "------>"): null

2022-12-01 10:56:52 - [TEST_STEP][PASSED] - (x++): null

2022-12-01 10:56:52 - [TEST_STEP][PASSED] - print("Valor de X" + x + "------>"): null

2022-12-01 10:56:52 - [TEST_STEP][PASSED] - (x++): null

2022-12-01 10:56:52 - [TEST_STEP][PASSED] - print("Valor de X" + x + "------>"): null

2022-12-01 10:56:52 - [TEST_STEP][PASSED] - (x++): null

2022-12-01 10:56:52 - [TEST_STEP][PASSED] - print("Valor de X" + x + "------>"): null

2022-12-01 10:56:52 - [TEST_STEP][PASSED] - (x++): null

2022-12-01 10:56:52 - [TEST_STEP][PASSED] - closeBrowser(): Browser is closed

2022-12-01 10:56:59 - [MESSAGE][PASSED] - Browser is closed]]></system-out>
         <system-err><![CDATA[]]></system-err>
      </testcase>
      <testcase name="Test Cases/Drive_excel/Drive_excel" time="197.793" classname="Test Cases/Drive_excel/Drive_excel" status="PASSED">
         <system-out><![CDATA[2022-12-01 11:01:53 - [TEST_CASE][PASSED] - Test Cases/Drive_excel/Drive_excel: Test Cases/Drive_excel/Drive_excel

2022-12-01 11:01:53 - [TEST_STEP][PASSED] - openBrowser(""): Browser is opened with url: ''

2022-12-01 11:01:53 - [MESSAGE][INFO] - User set preference: ['os', 'windows']

2022-12-01 11:01:53 - [MESSAGE][INFO] - User set preference: ['browserName', 'chrome']

2022-12-01 11:01:53 - [MESSAGE][INFO] - User set preference: ['browserVersion', '103']

2022-12-01 11:01:53 - [MESSAGE][INFO] - User set preference: ['katalon:option', '{organizationId=987205, tunnelId=, usingTunnel=false}']

2022-12-01 11:01:53 - [MESSAGE][INFO] - Connecting to remote web server 'testcloud.katalon.com/hub' with type 'Selenium'

2022-12-01 11:01:53 - [MESSAGE][INFO] - Action delay is set to 0 milliseconds

2022-12-01 11:04:37 - [MESSAGE][PASSED] - Browser is opened with url: ''

2022-12-01 11:04:37 - [TEST_STEP][PASSED] - navigateToUrl("https://demoqa.com/automation-practice-form"): Navigate to 'https://demoqa.com/automation-practice-form' successfully

2022-12-01 11:04:41 - [MESSAGE][PASSED] - Navigate to 'https://demoqa.com/automation-practice-form' successfully

2022-12-01 11:04:41 - [TEST_STEP][PASSED] - waitForPageLoad(40): Wait for page load successfully

2022-12-01 11:04:42 - [MESSAGE][PASSED] - Wait for page load successfully

2022-12-01 11:04:42 - [TEST_STEP][PASSED] - maximizeWindow(): Current window maximized

2022-12-01 11:04:43 - [MESSAGE][PASSED] - Current window maximized

2022-12-01 11:04:43 - [TEST_STEP][PASSED] - setText(findTestObject("Object Repository/Drive_excel/Page_ToolsQA/input_Name_firstName"), nombre): Text '' is set on object 'Object Repository/Drive_excel/Page_ToolsQA/input_Name_firstName'

2022-12-01 11:04:49 - [MESSAGE][PASSED] - Text '' is set on object 'Object Repository/Drive_excel/Page_ToolsQA/input_Name_firstName'

2022-12-01 11:04:49 - [TEST_STEP][PASSED] - setText(findTestObject("Object Repository/Drive_excel/Page_ToolsQA/input_Name_lastName"), apellido): Text '' is set on object 'Object Repository/Drive_excel/Page_ToolsQA/input_Name_lastName'

2022-12-01 11:04:58 - [MESSAGE][PASSED] - Text '' is set on object 'Object Repository/Drive_excel/Page_ToolsQA/input_Name_lastName'

2022-12-01 11:04:58 - [TEST_STEP][PASSED] - setText(findTestObject("Object Repository/Drive_excel/Page_ToolsQA/input_Email_userEmail"), email): Text '' is set on object 'Object Repository/Drive_excel/Page_ToolsQA/input_Email_userEmail'

2022-12-01 11:05:06 - [MESSAGE][PASSED] - Text '' is set on object 'Object Repository/Drive_excel/Page_ToolsQA/input_Email_userEmail'

2022-12-01 11:05:06 - [TEST_STEP][PASSED] - delay(2): Delayed 2 second(s)

2022-12-01 11:05:08 - [MESSAGE][PASSED] - Delayed 2 second(s)

2022-12-01 11:05:08 - [TEST_STEP][PASSED] - closeBrowser(): Browser is closed

2022-12-01 11:05:10 - [MESSAGE][PASSED] - Browser is closed]]></system-out>
         <system-err><![CDATA[]]></system-err>
      </testcase>
      <system-out><![CDATA[2022-12-01 09:06:23 - [TEST_SUITE][FAILED] - testCLoud: Test Cases/Condicionales_If/Condicionar_titulo FAILED.
Reason:
com.kms.katalon.core.exception.StepFailedException: Unable to navigate to 'https://demoqa.com/radio-button'
	at com.kms.katalon.core.webui.keyword.internal.WebUIKeywordMain.stepFailed(WebUIKeywordMain.groovy:64)
	at com.kms.katalon.core.webui.keyword.internal.WebUIKeywordMain.runKeyword(WebUIKeywordMain.groovy:26)
	at com.kms.katalon.core.webui.keyword.builtin.NavigateToUrlKeyword.navigateToUrl(NavigateToUrlKeyword.groovy:83)
	at com.kms.katalon.core.webui.keyword.builtin.NavigateToUrlKeyword.execute(NavigateToUrlKeyword.groovy:67)
	at com.kms.katalon.core.keyword.internal.KeywordExecutor.executeKeywordForPlatform(KeywordExecutor.groovy:74)
	at com.kms.katalon.core.webui.keyword.WebUiBuiltInKeywords.navigateToUrl(WebUiBuiltInKeywords.groovy:187)
	at com.kms.katalon.core.webui.keyword.WebUiBuiltInKeywords$navigateToUrl$4.call(Unknown Source)
	at Condicionar_titulo.run(Condicionar_titulo:38)
	at com.kms.katalon.core.main.ScriptEngine.run(ScriptEngine.java:194)
	at com.kms.katalon.core.main.ScriptEngine.runScriptAsRawText(ScriptEngine.java:119)
	at com.kms.katalon.core.main.TestCaseExecutor.runScript(TestCaseExecutor.java:448)
	at com.kms.katalon.core.main.TestCaseExecutor.doExecute(TestCaseExecutor.java:439)
	at com.kms.katalon.core.main.TestCaseExecutor.processExecutionPhase(TestCaseExecutor.java:418)
	at com.kms.katalon.core.main.TestCaseExecutor.accessMainPhase(TestCaseExecutor.java:410)
	at com.kms.katalon.core.main.TestCaseExecutor.execute(TestCaseExecutor.java:285)
	at com.kms.katalon.core.common.CommonExecutor.accessTestCaseMainPhase(CommonExecutor.java:65)
	at com.kms.katalon.core.main.TestSuiteExecutor.accessTestSuiteMainPhase(TestSuiteExecutor.java:151)
	at com.kms.katalon.core.main.TestSuiteExecutor.execute(TestSuiteExecutor.java:106)
	at com.kms.katalon.core.main.TestCaseMain.startTestSuite(TestCaseMain.java:185)
	at com.kms.katalon.core.main.TestCaseMain$startTestSuite$0.call(Unknown Source)
	at TempTestSuite1669896363964.run(TempTestSuite1669896363964.groovy:36)
Caused by: org.openqa.selenium.WebDriverException: Unable to execute request for an existing session: Unable to find session with ID: 6b498584a3a3e4c378e10d27321f37b2
Build info: version: '4.1.2', revision: 'Unknown'
System info: host: 'testcloud-grid-sessions-f9bd75f78-c2zrk', ip: '172.48.116.229', os.name: 'Linux', os.arch: 'amd64', os.version: '5.10.68', java.version: '11.0.11'
Driver info: driver.version: unknown
Build info: version: '4.1.2', revision: 'Unknown'
System info: host: 'testcloud-grid-router-79f69bc8b-5np76', ip: '172.48.26.173', os.name: 'Linux', os.arch: 'amd64', os.version: '5.10.68', java.version: '11.0.11'
Driver info: driver.version: unknown
Build info: version: '3.141.59', revision: 'e82be7d358', time: '2018-11-14T08:25:53'
System info: host: 'NTK2299', ip: '192.168.0.13', os.name: 'Windows 10', os.arch: 'amd64', os.version: '10.0', java.version: '1.8.0_282'
Driver info: com.kms.katalon.selenium.driver.CRemoteWebDriver
Capabilities {acceptInsecureCerts: false, browserName: chrome, browserVersion: 103.0.5060.53, chrome: {chromedriverVersion: 103.0.5060.53 (a1711811edd7..., userDataDir: C:\Users\ADMINI~1\AppData\L...}, goog:chromeOptions: {debuggerAddress: localhost:49834}, javascriptEnabled: true, katalon:option: {apiKey: null, class: com.katalon.testcloud.grid...., group: null, jwt: eyJ0eXAiOiJKV1QiLCJhbGciOiJ..., organizationId: 987205, secret: null, teamId: null, tenant: null, tunnelMetadataId: null, unlimitedExecutionMinutes: true, userId: 1080045, username: lnovakovich@ecosistemas.com.ar, usingTunnel: false}, networkConnectionEnabled: false, pageLoadStrategy: normal, platform: WINDOWS, platformName: WINDOWS, proxy: Proxy(direct), requestId: 4079dbdc-a011-4096-8309-82d..., se:cdp: ws://10.0.2.2:4444/session/..., se:cdpVersion: 103.0.5060.53, setWindowRect: true, strictFileInteractability: false, timeouts: {implicit: 0, pageLoad: 300000, script: 30000}, unhandledPromptBehavior: dismiss and notify, webauthn:extension:credBlob: true, webauthn:extension:largeBlob: true, webauthn:virtualAuthenticators: true}
Session ID: 6b498584a3a3e4c378e10d27321f37b2
	at org.openqa.selenium.remote.http.W3CHttpResponseCodec.createException(W3CHttpResponseCodec.java:187)
	at org.openqa.selenium.remote.http.W3CHttpResponseCodec.decode(W3CHttpResponseCodec.java:122)
	at org.openqa.selenium.remote.http.W3CHttpResponseCodec.decode(W3CHttpResponseCodec.java:49)
	at org.openqa.selenium.remote.HttpCommandExecutor.execute(HttpCommandExecutor.java:158)
	at org.openqa.selenium.remote.RemoteWebDriver.execute(RemoteWebDriver.java:552)
	at com.kms.katalon.selenium.driver.CRemoteWebDriver.execute(CRemoteWebDriver.java:30)
	at org.openqa.selenium.remote.RemoteWebDriver.get(RemoteWebDriver.java:277)
	at org.openqa.selenium.remote.RemoteWebDriver$RemoteNavigation.to(RemoteWebDriver.java:857)
	at org.openqa.selenium.support.events.EventFiringWebDriver$EventFiringNavigation.to(EventFiringWebDriver.java:569)
	at com.kms.katalon.core.webui.keyword.builtin.NavigateToUrlKeyword$_navigateToUrl_closure1.doCall(NavigateToUrlKeyword.groovy:81)
	at com.kms.katalon.core.webui.keyword.builtin.NavigateToUrlKeyword$_navigateToUrl_closure1.call(NavigateToUrlKeyword.groovy)
	at com.kms.katalon.core.webui.keyword.internal.WebUIKeywordMain.runKeyword(WebUIKeywordMain.groovy:20)
	... 19 more]]></system-out>
      <system-err><![CDATA[2022-12-01 09:06:23 - [TEST_SUITE][FAILED] - testCLoud: Test Cases/Condicionales_If/Condicionar_titulo FAILED.
Reason:
com.kms.katalon.core.exception.StepFailedException: Unable to navigate to 'https://demoqa.com/radio-button'
	at com.kms.katalon.core.webui.keyword.internal.WebUIKeywordMain.stepFailed(WebUIKeywordMain.groovy:64)
	at com.kms.katalon.core.webui.keyword.internal.WebUIKeywordMain.runKeyword(WebUIKeywordMain.groovy:26)
	at com.kms.katalon.core.webui.keyword.builtin.NavigateToUrlKeyword.navigateToUrl(NavigateToUrlKeyword.groovy:83)
	at com.kms.katalon.core.webui.keyword.builtin.NavigateToUrlKeyword.execute(NavigateToUrlKeyword.groovy:67)
	at com.kms.katalon.core.keyword.internal.KeywordExecutor.executeKeywordForPlatform(KeywordExecutor.groovy:74)
	at com.kms.katalon.core.webui.keyword.WebUiBuiltInKeywords.navigateToUrl(WebUiBuiltInKeywords.groovy:187)
	at com.kms.katalon.core.webui.keyword.WebUiBuiltInKeywords$navigateToUrl$4.call(Unknown Source)
	at Condicionar_titulo.run(Condicionar_titulo:38)
	at com.kms.katalon.core.main.ScriptEngine.run(ScriptEngine.java:194)
	at com.kms.katalon.core.main.ScriptEngine.runScriptAsRawText(ScriptEngine.java:119)
	at com.kms.katalon.core.main.TestCaseExecutor.runScript(TestCaseExecutor.java:448)
	at com.kms.katalon.core.main.TestCaseExecutor.doExecute(TestCaseExecutor.java:439)
	at com.kms.katalon.core.main.TestCaseExecutor.processExecutionPhase(TestCaseExecutor.java:418)
	at com.kms.katalon.core.main.TestCaseExecutor.accessMainPhase(TestCaseExecutor.java:410)
	at com.kms.katalon.core.main.TestCaseExecutor.execute(TestCaseExecutor.java:285)
	at com.kms.katalon.core.common.CommonExecutor.accessTestCaseMainPhase(CommonExecutor.java:65)
	at com.kms.katalon.core.main.TestSuiteExecutor.accessTestSuiteMainPhase(TestSuiteExecutor.java:151)
	at com.kms.katalon.core.main.TestSuiteExecutor.execute(TestSuiteExecutor.java:106)
	at com.kms.katalon.core.main.TestCaseMain.startTestSuite(TestCaseMain.java:185)
	at com.kms.katalon.core.main.TestCaseMain$startTestSuite$0.call(Unknown Source)
	at TempTestSuite1669896363964.run(TempTestSuite1669896363964.groovy:36)
Caused by: org.openqa.selenium.WebDriverException: Unable to execute request for an existing session: Unable to find session with ID: 6b498584a3a3e4c378e10d27321f37b2
Build info: version: '4.1.2', revision: 'Unknown'
System info: host: 'testcloud-grid-sessions-f9bd75f78-c2zrk', ip: '172.48.116.229', os.name: 'Linux', os.arch: 'amd64', os.version: '5.10.68', java.version: '11.0.11'
Driver info: driver.version: unknown
Build info: version: '4.1.2', revision: 'Unknown'
System info: host: 'testcloud-grid-router-79f69bc8b-5np76', ip: '172.48.26.173', os.name: 'Linux', os.arch: 'amd64', os.version: '5.10.68', java.version: '11.0.11'
Driver info: driver.version: unknown
Build info: version: '3.141.59', revision: 'e82be7d358', time: '2018-11-14T08:25:53'
System info: host: 'NTK2299', ip: '192.168.0.13', os.name: 'Windows 10', os.arch: 'amd64', os.version: '10.0', java.version: '1.8.0_282'
Driver info: com.kms.katalon.selenium.driver.CRemoteWebDriver
Capabilities {acceptInsecureCerts: false, browserName: chrome, browserVersion: 103.0.5060.53, chrome: {chromedriverVersion: 103.0.5060.53 (a1711811edd7..., userDataDir: C:\Users\ADMINI~1\AppData\L...}, goog:chromeOptions: {debuggerAddress: localhost:49834}, javascriptEnabled: true, katalon:option: {apiKey: null, class: com.katalon.testcloud.grid...., group: null, jwt: eyJ0eXAiOiJKV1QiLCJhbGciOiJ..., organizationId: 987205, secret: null, teamId: null, tenant: null, tunnelMetadataId: null, unlimitedExecutionMinutes: true, userId: 1080045, username: lnovakovich@ecosistemas.com.ar, usingTunnel: false}, networkConnectionEnabled: false, pageLoadStrategy: normal, platform: WINDOWS, platformName: WINDOWS, proxy: Proxy(direct), requestId: 4079dbdc-a011-4096-8309-82d..., se:cdp: ws://10.0.2.2:4444/session/..., se:cdpVersion: 103.0.5060.53, setWindowRect: true, strictFileInteractability: false, timeouts: {implicit: 0, pageLoad: 300000, script: 30000}, unhandledPromptBehavior: dismiss and notify, webauthn:extension:credBlob: true, webauthn:extension:largeBlob: true, webauthn:virtualAuthenticators: true}
Session ID: 6b498584a3a3e4c378e10d27321f37b2
	at org.openqa.selenium.remote.http.W3CHttpResponseCodec.createException(W3CHttpResponseCodec.java:187)
	at org.openqa.selenium.remote.http.W3CHttpResponseCodec.decode(W3CHttpResponseCodec.java:122)
	at org.openqa.selenium.remote.http.W3CHttpResponseCodec.decode(W3CHttpResponseCodec.java:49)
	at org.openqa.selenium.remote.HttpCommandExecutor.execute(HttpCommandExecutor.java:158)
	at org.openqa.selenium.remote.RemoteWebDriver.execute(RemoteWebDriver.java:552)
	at com.kms.katalon.selenium.driver.CRemoteWebDriver.execute(CRemoteWebDriver.java:30)
	at org.openqa.selenium.remote.RemoteWebDriver.get(RemoteWebDriver.java:277)
	at org.openqa.selenium.remote.RemoteWebDriver$RemoteNavigation.to(RemoteWebDriver.java:857)
	at org.openqa.selenium.support.events.EventFiringWebDriver$EventFiringNavigation.to(EventFiringWebDriver.java:569)
	at com.kms.katalon.core.webui.keyword.builtin.NavigateToUrlKeyword$_navigateToUrl_closure1.doCall(NavigateToUrlKeyword.groovy:81)
	at com.kms.katalon.core.webui.keyword.builtin.NavigateToUrlKeyword$_navigateToUrl_closure1.call(NavigateToUrlKeyword.groovy)
	at com.kms.katalon.core.webui.keyword.internal.WebUIKeywordMain.runKeyword(WebUIKeywordMain.groovy:20)
	... 19 more]]></system-err>
   </testsuite>
</testsuites>
