<?xml version="1.0" encoding="UTF-8"?>
<testsuites name="Test_suite_7" time="82.779" tests="5" failures="0" errors="1">
   <testsuite name="Test_suite_7" tests="5" failures="0" errors="1" time="82.779" skipped="0" timestamp="2021-07-19 16:58:27" hostname="rodrigo.villanueva.c - EELX01RODRIGOVI.ad.gob" id="Test Suites/Test_suite_7">
      <properties>
         <property name="deviceName" value=""/>
         <property name="devicePlatform" value=""/>
         <property name="logFolder" value="C:\\Todo_Katalon\\Proyectos\\Proyecto_uno\\Reports\\20210719_165709\\Test_suite_7\\20210719_165722"/>
         <property name="logFiles" value="C:\\Todo_Katalon\\Proyectos\\Proyecto_uno\\Reports\\20210719_165709\\Test_suite_7\\20210719_165722\\execution0.log"/>
         <property name="attachments" value=""/>
         <property name="hostName" value="rodrigo.villanueva.c - EELX01RODRIGOVI.ad.gob"/>
         <property name="os" value="Windows 10 64bit"/>
         <property name="katalonVersion" value="8.0.5.208"/>
         <property name="browser" value="Chrome 91.0.4472.124"/>
         <property name="hostAddress" value="10.255.249.109"/>
         <property name="sessionId" value="a56c9235d50cfcca5d6acf8015671cac"/>
         <property name="seleniumVersion" value="3.141.59"/>
         <property name="proxyInformation" value="ProxyInformation { proxyOption=NO_PROXY, proxyServerType=HTTP, username=, password=********, proxyServerAddress=, proxyServerPort=0, executionList=&quot;&quot;, isApplyToDesiredCapabilities=true }"/>
         <property name="platform" value="Windows 10"/>
      </properties>
      <testcase name="Test Cases/Test_script/Test_por_script" time="22.267" classname="Test Cases/Test_script/Test_por_script" status="PASSED">
         <system-out><![CDATA[2021-07-19 16:58:28 - [TEST_CASE][PASSED] - Test Cases/Test_script/Test_por_script: Test Cases/Test_script/Test_por_script

2021-07-19 16:58:29 - [TEST_STEP][PASSED] - openBrowser(""): Browser is opened with url: ''

2021-07-19 16:58:30 - [MESSAGE][INFO] - Starting 'Chrome' driver

2021-07-19 16:58:30 - [MESSAGE][INFO] - Action delay is set to 0 milliseconds

2021-07-19 16:58:35 - [MESSAGE][PASSED] - Browser is opened with url: ''

2021-07-19 16:58:35 - [TEST_STEP][PASSED] - navigateToUrl("https://demoqa.com/text-box"): Navigate to 'https://demoqa.com/text-box' successfully

2021-07-19 16:58:39 - [MESSAGE][PASSED] - Navigate to 'https://demoqa.com/text-box' successfully

2021-07-19 16:58:39 - [TEST_STEP][PASSED] - maximizeWindow(): Current window maximized

2021-07-19 16:58:40 - [MESSAGE][PASSED] - Current window maximized

2021-07-19 16:58:40 - [TEST_STEP][PASSED] - setText(findTestObject("Object Repository/Script/Page_ToolsQA/input_Full Name_userName"), "Rodrigo"): Text 'Rodrigo' is set on object 'Object Repository/Script/Page_ToolsQA/input_Full Name_userName'

2021-07-19 16:58:43 - [MESSAGE][PASSED] - Text 'Rodrigo' is set on object 'Object Repository/Script/Page_ToolsQA/input_Full Name_userName'

2021-07-19 16:58:43 - [TEST_STEP][PASSED] - setText(findTestObject("Object Repository/Script/Page_ToolsQA/input_Email_userEmail"), "rodrigo@gmail.com"): Text 'rodrigo@gmail.com' is set on object 'Object Repository/Script/Page_ToolsQA/input_Email_userEmail'

2021-07-19 16:58:44 - [MESSAGE][PASSED] - Text 'rodrigo@gmail.com' is set on object 'Object Repository/Script/Page_ToolsQA/input_Email_userEmail'

2021-07-19 16:58:44 - [TEST_STEP][PASSED] - setText(findTestObject("Object Repository/Script/Page_ToolsQA/textarea_Current Address_currentAddress"), "Dirección uno"): Text 'Dirección uno' is set on object 'Object Repository/Script/Page_ToolsQA/textarea_Current Address_currentAddress'

2021-07-19 16:58:46 - [MESSAGE][PASSED] - Text 'Dirección uno' is set on object 'Object Repository/Script/Page_ToolsQA/textarea_Current Address_currentAddress'

2021-07-19 16:58:46 - [TEST_STEP][PASSED] - setText(findTestObject("Object Repository/Script/Page_ToolsQA/textarea_Permanent Address_permanentAddress"), "Dirección dos"): Text 'Dirección dos' is set on object 'Object Repository/Script/Page_ToolsQA/textarea_Permanent Address_permanentAddress'

2021-07-19 16:58:46 - [MESSAGE][PASSED] - Text 'Dirección dos' is set on object 'Object Repository/Script/Page_ToolsQA/textarea_Permanent Address_permanentAddress'

2021-07-19 16:58:46 - [TEST_STEP][PASSED] - scrollToPosition(0, 140): Browser is scrolled to position x = 0, y = 140

2021-07-19 16:58:46 - [MESSAGE][PASSED] - Browser is scrolled to position x = 0, y = 140

2021-07-19 16:58:46 - [TEST_STEP][PASSED] - click(findTestObject("Object Repository/Script/Page_ToolsQA/button_Submit")): Object: 'Object Repository/Script/Page_ToolsQA/button_Submit' is clicked on

2021-07-19 16:58:47 - [MESSAGE][PASSED] - Object: 'Object Repository/Script/Page_ToolsQA/button_Submit' is clicked on

2021-07-19 16:58:47 - [TEST_STEP][PASSED] - closeBrowser(): Browser is closed

2021-07-19 16:58:50 - [MESSAGE][PASSED] - Browser is closed]]></system-out>
         <system-err><![CDATA[]]></system-err>
      </testcase>
      <testcase name="Test Cases/Validar_calculo/Validar_calculo" time="13.656" classname="Test Cases/Validar_calculo/Validar_calculo" status="PASSED">
         <system-out><![CDATA[2021-07-19 16:58:50 - [TEST_CASE][PASSED] - Test Cases/Validar_calculo/Validar_calculo: Test Cases/Validar_calculo/Validar_calculo

2021-07-19 16:58:51 - [TEST_STEP][PASSED] - openBrowser(""): Browser is opened with url: ''

2021-07-19 16:58:51 - [MESSAGE][INFO] - Starting 'Chrome' driver

2021-07-19 16:58:51 - [MESSAGE][INFO] - Action delay is set to 0 milliseconds

2021-07-19 16:58:53 - [MESSAGE][PASSED] - Browser is opened with url: ''

2021-07-19 16:58:53 - [TEST_STEP][PASSED] - navigateToUrl("https://www.seleniumeasy.com/test/basic-first-form-demo.html"): Navigate to 'https://www.seleniumeasy.com/test/basic-first-form-demo.html' successfully

2021-07-19 16:58:56 - [MESSAGE][PASSED] - Navigate to 'https://www.seleniumeasy.com/test/basic-first-form-demo.html' successfully

2021-07-19 16:58:56 - [TEST_STEP][PASSED] - maximizeWindow(): Current window maximized

2021-07-19 16:58:56 - [MESSAGE][PASSED] - Current window maximized

2021-07-19 16:58:56 - [TEST_STEP][PASSED] - waitForElementClickable(findTestObject("Validar_campo/Page_Selenium Easy Demo - Simple Form to Au_3f5468/a_No, thanks"), 3): Object 'Object Repository/Validar_campo/Page_Selenium Easy Demo - Simple Form to Au_3f5468/a_No, thanks' is clickable

2021-07-19 16:58:58 - [MESSAGE][PASSED] - Object 'Object Repository/Validar_campo/Page_Selenium Easy Demo - Simple Form to Au_3f5468/a_No, thanks' is clickable

2021-07-19 16:58:58 - [TEST_STEP][PASSED] - click(findTestObject("Object Repository/Validar_campo/Page_Selenium Easy Demo - Simple Form to Au_3f5468/a_No, thanks")): Object: 'Object Repository/Validar_campo/Page_Selenium Easy Demo - Simple Form to Au_3f5468/a_No, thanks' is clicked on

2021-07-19 16:58:58 - [MESSAGE][PASSED] - Object: 'Object Repository/Validar_campo/Page_Selenium Easy Demo - Simple Form to Au_3f5468/a_No, thanks' is clicked on

2021-07-19 16:58:58 - [TEST_STEP][PASSED] - setText(findTestObject("Object Repository/Validar_campo/Page_Selenium Easy Demo - Simple Form to Au_3f5468/input_Enter a_sum1"), "5"): Text '5' is set on object 'Object Repository/Validar_campo/Page_Selenium Easy Demo - Simple Form to Au_3f5468/input_Enter a_sum1'

2021-07-19 16:58:59 - [MESSAGE][PASSED] - Text '5' is set on object 'Object Repository/Validar_campo/Page_Selenium Easy Demo - Simple Form to Au_3f5468/input_Enter a_sum1'

2021-07-19 16:58:59 - [TEST_STEP][PASSED] - setText(findTestObject("Object Repository/Validar_campo/Page_Selenium Easy Demo - Simple Form to Au_3f5468/input_Enter b_sum2"), "5"): Text '5' is set on object 'Object Repository/Validar_campo/Page_Selenium Easy Demo - Simple Form to Au_3f5468/input_Enter b_sum2'

2021-07-19 16:59:01 - [MESSAGE][PASSED] - Text '5' is set on object 'Object Repository/Validar_campo/Page_Selenium Easy Demo - Simple Form to Au_3f5468/input_Enter b_sum2'

2021-07-19 16:59:01 - [TEST_STEP][PASSED] - click(findTestObject("Object Repository/Validar_campo/Page_Selenium Easy Demo - Simple Form to Au_3f5468/button_Get Total")): Object: 'Object Repository/Validar_campo/Page_Selenium Easy Demo - Simple Form to Au_3f5468/button_Get Total' is clicked on

2021-07-19 16:59:02 - [MESSAGE][PASSED] - Object: 'Object Repository/Validar_campo/Page_Selenium Easy Demo - Simple Form to Au_3f5468/button_Get Total' is clicked on

2021-07-19 16:59:02 - [TEST_STEP][PASSED] - resultado = getText(findTestObject("Validar_campo/Page_Selenium Easy Demo - Simple Form to Au_3f5468/Page_Selenium Easy Demo - Simple Form to Automate using Selenium/span_10")): Text of object 'Object Repository/Validar_campo/Page_Selenium Easy Demo - Simple Form to Au_3f5468/Page_Selenium Easy Demo - Simple Form to Automate using Selenium/span_10' is: '10'

2021-07-19 16:59:02 - [MESSAGE][PASSED] - Text of object 'Object Repository/Validar_campo/Page_Selenium Easy Demo - Simple Form to Au_3f5468/Page_Selenium Easy Demo - Simple Form to Automate using Selenium/span_10' is: '10'

2021-07-19 16:59:02 - [TEST_STEP][PASSED] - print("El resultado es: " + resultado): null

2021-07-19 16:59:02 - [TEST_STEP][PASSED] - closeBrowser(): Browser is closed

2021-07-19 16:59:04 - [MESSAGE][PASSED] - Browser is closed]]></system-out>
         <system-err><![CDATA[]]></system-err>
      </testcase>
      <testcase name="Test Cases/Variables/Variables" time="18.582" classname="Test Cases/Variables/Variables" status="PASSED">
         <system-out><![CDATA[2021-07-19 16:59:04 - [TEST_CASE][PASSED] - Test Cases/Variables/Variables: Test Cases/Variables/Variables

2021-07-19 16:59:05 - [TEST_STEP][PASSED] - openBrowser(""): Browser is opened with url: ''

2021-07-19 16:59:05 - [MESSAGE][INFO] - Starting 'Chrome' driver

2021-07-19 16:59:05 - [MESSAGE][INFO] - Action delay is set to 0 milliseconds

2021-07-19 16:59:07 - [MESSAGE][PASSED] - Browser is opened with url: ''

2021-07-19 16:59:07 - [TEST_STEP][PASSED] - navigateToUrl("https://demoqa.com/webtables"): Navigate to 'https://demoqa.com/webtables' successfully

2021-07-19 16:59:10 - [MESSAGE][PASSED] - Navigate to 'https://demoqa.com/webtables' successfully

2021-07-19 16:59:10 - [TEST_STEP][PASSED] - click(findTestObject("Object Repository/Variables/Page_ToolsQA/button_Add")): Object: 'Object Repository/Variables/Page_ToolsQA/button_Add' is clicked on

2021-07-19 16:59:12 - [MESSAGE][PASSED] - Object: 'Object Repository/Variables/Page_ToolsQA/button_Add' is clicked on

2021-07-19 16:59:12 - [TEST_STEP][PASSED] - setText(findTestObject("Object Repository/Variables/Page_ToolsQA/input_First Name_firstName"), "Juan"): Text 'Juan' is set on object 'Object Repository/Variables/Page_ToolsQA/input_First Name_firstName'

2021-07-19 16:59:13 - [MESSAGE][PASSED] - Text 'Juan' is set on object 'Object Repository/Variables/Page_ToolsQA/input_First Name_firstName'

2021-07-19 16:59:13 - [TEST_STEP][PASSED] - click(findTestObject("Object Repository/Variables/Page_ToolsQA/input_Last Name_lastName")): Object: 'Object Repository/Variables/Page_ToolsQA/input_Last Name_lastName' is clicked on

2021-07-19 16:59:14 - [MESSAGE][PASSED] - Object: 'Object Repository/Variables/Page_ToolsQA/input_Last Name_lastName' is clicked on

2021-07-19 16:59:14 - [TEST_STEP][PASSED] - setText(findTestObject("Object Repository/Variables/Page_ToolsQA/input_Last Name_lastName"), "Perez"): Text 'Perez' is set on object 'Object Repository/Variables/Page_ToolsQA/input_Last Name_lastName'

2021-07-19 16:59:16 - [MESSAGE][PASSED] - Text 'Perez' is set on object 'Object Repository/Variables/Page_ToolsQA/input_Last Name_lastName'

2021-07-19 16:59:16 - [TEST_STEP][PASSED] - setText(findTestObject("Object Repository/Variables/Page_ToolsQA/input_Email_userEmail"), "juan@gmail.com"): Text 'juan@gmail.com' is set on object 'Object Repository/Variables/Page_ToolsQA/input_Email_userEmail'

2021-07-19 16:59:17 - [MESSAGE][PASSED] - Text 'juan@gmail.com' is set on object 'Object Repository/Variables/Page_ToolsQA/input_Email_userEmail'

2021-07-19 16:59:17 - [TEST_STEP][PASSED] - setText(findTestObject("Object Repository/Variables/Page_ToolsQA/input_Age_age"), "22"): Text '22' is set on object 'Object Repository/Variables/Page_ToolsQA/input_Age_age'

2021-07-19 16:59:18 - [MESSAGE][PASSED] - Text '22' is set on object 'Object Repository/Variables/Page_ToolsQA/input_Age_age'

2021-07-19 16:59:18 - [TEST_STEP][PASSED] - setText(findTestObject("Object Repository/Variables/Page_ToolsQA/input_Salary_salary"), "35000"): Text '35000' is set on object 'Object Repository/Variables/Page_ToolsQA/input_Salary_salary'

2021-07-19 16:59:19 - [MESSAGE][PASSED] - Text '35000' is set on object 'Object Repository/Variables/Page_ToolsQA/input_Salary_salary'

2021-07-19 16:59:19 - [TEST_STEP][PASSED] - setText(findTestObject("Object Repository/Variables/Page_ToolsQA/input_Department_department"), "Informatica"): Text 'Informatica' is set on object 'Object Repository/Variables/Page_ToolsQA/input_Department_department'

2021-07-19 16:59:19 - [MESSAGE][PASSED] - Text 'Informatica' is set on object 'Object Repository/Variables/Page_ToolsQA/input_Department_department'

2021-07-19 16:59:19 - [TEST_STEP][PASSED] - rightClick(findTestObject("Object Repository/Variables/Page_ToolsQA/input_Department_department")): Object: 'Object Repository/Variables/Page_ToolsQA/input_Department_department' is right clicked on

2021-07-19 16:59:20 - [MESSAGE][PASSED] - Object: 'Object Repository/Variables/Page_ToolsQA/input_Department_department' is right clicked on

2021-07-19 16:59:20 - [TEST_STEP][PASSED] - click(findTestObject("Object Repository/Variables/Page_ToolsQA/div_Submit")): Object: 'Object Repository/Variables/Page_ToolsQA/div_Submit' is clicked on

2021-07-19 16:59:20 - [MESSAGE][PASSED] - Object: 'Object Repository/Variables/Page_ToolsQA/div_Submit' is clicked on

2021-07-19 16:59:20 - [TEST_STEP][PASSED] - setText(findTestObject("Object Repository/Variables/Page_ToolsQA/input_Department_department"), "Informática"): Text 'Informática' is set on object 'Object Repository/Variables/Page_ToolsQA/input_Department_department'

2021-07-19 16:59:21 - [MESSAGE][PASSED] - Text 'Informática' is set on object 'Object Repository/Variables/Page_ToolsQA/input_Department_department'

2021-07-19 16:59:21 - [TEST_STEP][PASSED] - click(findTestObject("Object Repository/Variables/Page_ToolsQA/div_Submit")): Object: 'Object Repository/Variables/Page_ToolsQA/div_Submit' is clicked on

2021-07-19 16:59:21 - [MESSAGE][PASSED] - Object: 'Object Repository/Variables/Page_ToolsQA/div_Submit' is clicked on

2021-07-19 16:59:21 - [TEST_STEP][PASSED] - click(findTestObject("Object Repository/Variables/Page_ToolsQA/button_Submit")): Object: 'Object Repository/Variables/Page_ToolsQA/button_Submit' is clicked on

2021-07-19 16:59:22 - [MESSAGE][PASSED] - Object: 'Object Repository/Variables/Page_ToolsQA/button_Submit' is clicked on

2021-07-19 16:59:22 - [TEST_STEP][PASSED] - closeBrowser(): Browser is closed

2021-07-19 16:59:22 - [MESSAGE][PASSED] - Browser is closed]]></system-out>
         <system-err><![CDATA[]]></system-err>
      </testcase>
      <testcase name="Test Cases/Variables_2/Variables_2" time="12.079" classname="Test Cases/Variables_2/Variables_2" status="ERROR">
         <error type="ERROR" message="Test Cases/Variables_2/Variables_2 FAILED.
Reason:
groovy.lang.MissingMethodException: No signature of method: static com.kms.katalon.core.webui.keyword.WebUiBuiltInKeywords.setText() is applicable for argument types: (com.kms.katalon.core.testobject.TestObject, java.lang.Integer) values: [TestObject - 'Object Repository/Variables_2/Page_ToolsQA/input_Age_age', ...]
Possible solutions: setText(com.kms.katalon.core.testobject.TestObject, java.lang.String), getText(com.kms.katalon.core.testobject.TestObject), getText(com.kms.katalon.core.testobject.TestObject, com.kms.katalon.core.model.FailureHandling), setText(com.kms.katalon.core.testobject.TestObject, java.lang.String, com.kms.katalon.core.model.FailureHandling), clearText(com.kms.katalon.core.testobject.TestObject), clearText(com.kms.katalon.core.testobject.TestObject, com.kms.katalon.core.model.FailureHandling)
	at Variables_2.run(Variables_2:34)
	at com.kms.katalon.core.main.ScriptEngine.run(ScriptEngine.java:194)
	at com.kms.katalon.core.main.ScriptEngine.runScriptAsRawText(ScriptEngine.java:119)
	at com.kms.katalon.core.main.TestCaseExecutor.runScript(TestCaseExecutor.java:369)
	at com.kms.katalon.core.main.TestCaseExecutor.doExecute(TestCaseExecutor.java:360)
	at com.kms.katalon.core.main.TestCaseExecutor.processExecutionPhase(TestCaseExecutor.java:339)
	at com.kms.katalon.core.main.TestCaseExecutor.accessMainPhase(TestCaseExecutor.java:331)
	at com.kms.katalon.core.main.TestCaseExecutor.execute(TestCaseExecutor.java:248)
	at com.kms.katalon.core.main.TestSuiteExecutor.accessTestCaseMainPhase(TestSuiteExecutor.java:191)
	at com.kms.katalon.core.main.TestSuiteExecutor.accessTestSuiteMainPhase(TestSuiteExecutor.java:140)
	at com.kms.katalon.core.main.TestSuiteExecutor.execute(TestSuiteExecutor.java:89)
	at com.kms.katalon.core.main.TestCaseMain.startTestSuite(TestCaseMain.java:185)
	at com.kms.katalon.core.main.TestCaseMain$startTestSuite$0.call(Unknown Source)
	at TempTestSuite1626731842219.run(TempTestSuite1626731842219.groovy:39)
"/>
         <system-out><![CDATA[2021-07-19 16:59:22 - [TEST_CASE][ERROR] - Test Cases/Variables_2/Variables_2: Test Cases/Variables_2/Variables_2 FAILED.
Reason:
groovy.lang.MissingMethodException: No signature of method: static com.kms.katalon.core.webui.keyword.WebUiBuiltInKeywords.setText() is applicable for argument types: (com.kms.katalon.core.testobject.TestObject, java.lang.Integer) values: [TestObject - 'Object Repository/Variables_2/Page_ToolsQA/input_Age_age', ...]
Possible solutions: setText(com.kms.katalon.core.testobject.TestObject, java.lang.String), getText(com.kms.katalon.core.testobject.TestObject), getText(com.kms.katalon.core.testobject.TestObject, com.kms.katalon.core.model.FailureHandling), setText(com.kms.katalon.core.testobject.TestObject, java.lang.String, com.kms.katalon.core.model.FailureHandling), clearText(com.kms.katalon.core.testobject.TestObject), clearText(com.kms.katalon.core.testobject.TestObject, com.kms.katalon.core.model.FailureHandling)
	at Variables_2.run(Variables_2:34)
	at com.kms.katalon.core.main.ScriptEngine.run(ScriptEngine.java:194)
	at com.kms.katalon.core.main.ScriptEngine.runScriptAsRawText(ScriptEngine.java:119)
	at com.kms.katalon.core.main.TestCaseExecutor.runScript(TestCaseExecutor.java:369)
	at com.kms.katalon.core.main.TestCaseExecutor.doExecute(TestCaseExecutor.java:360)
	at com.kms.katalon.core.main.TestCaseExecutor.processExecutionPhase(TestCaseExecutor.java:339)
	at com.kms.katalon.core.main.TestCaseExecutor.accessMainPhase(TestCaseExecutor.java:331)
	at com.kms.katalon.core.main.TestCaseExecutor.execute(TestCaseExecutor.java:248)
	at com.kms.katalon.core.main.TestSuiteExecutor.accessTestCaseMainPhase(TestSuiteExecutor.java:191)
	at com.kms.katalon.core.main.TestSuiteExecutor.accessTestSuiteMainPhase(TestSuiteExecutor.java:140)
	at com.kms.katalon.core.main.TestSuiteExecutor.execute(TestSuiteExecutor.java:89)
	at com.kms.katalon.core.main.TestCaseMain.startTestSuite(TestCaseMain.java:185)
	at com.kms.katalon.core.main.TestCaseMain$startTestSuite$0.call(Unknown Source)
	at TempTestSuite1626731842219.run(TempTestSuite1626731842219.groovy:39)


2021-07-19 16:59:23 - [TEST_STEP][PASSED] - openBrowser(""): Browser is opened with url: ''

2021-07-19 16:59:23 - [MESSAGE][INFO] - Starting 'Chrome' driver

2021-07-19 16:59:23 - [MESSAGE][INFO] - Action delay is set to 0 milliseconds

2021-07-19 16:59:25 - [MESSAGE][PASSED] - Browser is opened with url: ''

2021-07-19 16:59:25 - [TEST_STEP][PASSED] - navigateToUrl("https://demoqa.com/webtables"): Navigate to 'https://demoqa.com/webtables' successfully

2021-07-19 16:59:28 - [MESSAGE][PASSED] - Navigate to 'https://demoqa.com/webtables' successfully

2021-07-19 16:59:28 - [TEST_STEP][PASSED] - maximizeWindow(): Current window maximized

2021-07-19 16:59:28 - [MESSAGE][PASSED] - Current window maximized

2021-07-19 16:59:28 - [TEST_STEP][PASSED] - click(findTestObject("Object Repository/Variables_2/Page_ToolsQA/button_Add")): Object: 'Object Repository/Variables_2/Page_ToolsQA/button_Add' is clicked on

2021-07-19 16:59:30 - [MESSAGE][PASSED] - Object: 'Object Repository/Variables_2/Page_ToolsQA/button_Add' is clicked on

2021-07-19 16:59:30 - [TEST_STEP][PASSED] - setText(findTestObject("Object Repository/Variables_2/Page_ToolsQA/input_First Name_firstName"), nombres): Text 'Juan' is set on object 'Object Repository/Variables_2/Page_ToolsQA/input_First Name_firstName'

2021-07-19 16:59:31 - [MESSAGE][PASSED] - Text 'Juan' is set on object 'Object Repository/Variables_2/Page_ToolsQA/input_First Name_firstName'

2021-07-19 16:59:31 - [TEST_STEP][PASSED] - setText(findTestObject("Object Repository/Variables_2/Page_ToolsQA/input_Last Name_lastName"), Apellido): Text 'Perez' is set on object 'Object Repository/Variables_2/Page_ToolsQA/input_Last Name_lastName'

2021-07-19 16:59:32 - [MESSAGE][PASSED] - Text 'Perez' is set on object 'Object Repository/Variables_2/Page_ToolsQA/input_Last Name_lastName'

2021-07-19 16:59:32 - [TEST_STEP][PASSED] - setText(findTestObject("Object Repository/Variables_2/Page_ToolsQA/input_Email_userEmail"), "juan@gmail.com"): Text 'juan@gmail.com' is set on object 'Object Repository/Variables_2/Page_ToolsQA/input_Email_userEmail'

2021-07-19 16:59:34 - [MESSAGE][PASSED] - Text 'juan@gmail.com' is set on object 'Object Repository/Variables_2/Page_ToolsQA/input_Email_userEmail'

2021-07-19 16:59:34 - [TEST_STEP][PASSED] - setText(findTestObject("Object Repository/Variables_2/Page_ToolsQA/input_Age_age"), Edad): null]]></system-out>
         <system-err><![CDATA[2021-07-19 16:59:22 - [TEST_CASE][ERROR] - Test Cases/Variables_2/Variables_2: Test Cases/Variables_2/Variables_2 FAILED.
Reason:
groovy.lang.MissingMethodException: No signature of method: static com.kms.katalon.core.webui.keyword.WebUiBuiltInKeywords.setText() is applicable for argument types: (com.kms.katalon.core.testobject.TestObject, java.lang.Integer) values: [TestObject - 'Object Repository/Variables_2/Page_ToolsQA/input_Age_age', ...]
Possible solutions: setText(com.kms.katalon.core.testobject.TestObject, java.lang.String), getText(com.kms.katalon.core.testobject.TestObject), getText(com.kms.katalon.core.testobject.TestObject, com.kms.katalon.core.model.FailureHandling), setText(com.kms.katalon.core.testobject.TestObject, java.lang.String, com.kms.katalon.core.model.FailureHandling), clearText(com.kms.katalon.core.testobject.TestObject), clearText(com.kms.katalon.core.testobject.TestObject, com.kms.katalon.core.model.FailureHandling)
	at Variables_2.run(Variables_2:34)
	at com.kms.katalon.core.main.ScriptEngine.run(ScriptEngine.java:194)
	at com.kms.katalon.core.main.ScriptEngine.runScriptAsRawText(ScriptEngine.java:119)
	at com.kms.katalon.core.main.TestCaseExecutor.runScript(TestCaseExecutor.java:369)
	at com.kms.katalon.core.main.TestCaseExecutor.doExecute(TestCaseExecutor.java:360)
	at com.kms.katalon.core.main.TestCaseExecutor.processExecutionPhase(TestCaseExecutor.java:339)
	at com.kms.katalon.core.main.TestCaseExecutor.accessMainPhase(TestCaseExecutor.java:331)
	at com.kms.katalon.core.main.TestCaseExecutor.execute(TestCaseExecutor.java:248)
	at com.kms.katalon.core.main.TestSuiteExecutor.accessTestCaseMainPhase(TestSuiteExecutor.java:191)
	at com.kms.katalon.core.main.TestSuiteExecutor.accessTestSuiteMainPhase(TestSuiteExecutor.java:140)
	at com.kms.katalon.core.main.TestSuiteExecutor.execute(TestSuiteExecutor.java:89)
	at com.kms.katalon.core.main.TestCaseMain.startTestSuite(TestCaseMain.java:185)
	at com.kms.katalon.core.main.TestCaseMain$startTestSuite$0.call(Unknown Source)
	at TempTestSuite1626731842219.run(TempTestSuite1626731842219.groovy:39)]]></system-err>
      </testcase>
      <testcase name="Test Cases/Wait/Wait" time="14.854" classname="Test Cases/Wait/Wait" status="PASSED">
         <system-out><![CDATA[2021-07-19 16:59:35 - [TEST_CASE][PASSED] - Test Cases/Wait/Wait: Test Cases/Wait/Wait

2021-07-19 16:59:36 - [TEST_STEP][PASSED] - openBrowser(""): Browser is opened with url: ''

2021-07-19 16:59:36 - [MESSAGE][WARNING] - A browser is already opened. Closing browser and opening a new one

2021-07-19 16:59:38 - [MESSAGE][INFO] - Starting 'Chrome' driver

2021-07-19 16:59:38 - [MESSAGE][INFO] - Action delay is set to 0 milliseconds

2021-07-19 16:59:40 - [MESSAGE][PASSED] - Browser is opened with url: ''

2021-07-19 16:59:40 - [TEST_STEP][PASSED] - navigateToUrl("https://www.seleniumeasy.com/test/basic-first-form-demo.html"): Navigate to 'https://www.seleniumeasy.com/test/basic-first-form-demo.html' successfully

2021-07-19 16:59:42 - [MESSAGE][PASSED] - Navigate to 'https://www.seleniumeasy.com/test/basic-first-form-demo.html' successfully

2021-07-19 16:59:42 - [TEST_STEP][PASSED] - maximizeWindow(): Current window maximized

2021-07-19 16:59:43 - [MESSAGE][PASSED] - Current window maximized

2021-07-19 16:59:43 - [TEST_STEP][PASSED] - waitForPageLoad(Page_load): Wait for page load successfully

2021-07-19 16:59:43 - [MESSAGE][PASSED] - Wait for page load successfully

2021-07-19 16:59:43 - [TEST_STEP][PASSED] - waitForElementClickable(findTestObject("Wait/Page_Selenium Easy Demo - Simple Form to Au_3f5468/a_No, thanks"), Wait_general): Object 'Object Repository/Wait/Page_Selenium Easy Demo - Simple Form to Au_3f5468/a_No, thanks' is clickable

2021-07-19 16:59:43 - [MESSAGE][PASSED] - Object 'Object Repository/Wait/Page_Selenium Easy Demo - Simple Form to Au_3f5468/a_No, thanks' is clickable

2021-07-19 16:59:43 - [TEST_STEP][PASSED] - click(findTestObject("Object Repository/Wait/Page_Selenium Easy Demo - Simple Form to Au_3f5468/a_No, thanks")): Object: 'Object Repository/Wait/Page_Selenium Easy Demo - Simple Form to Au_3f5468/a_No, thanks' is clicked on

2021-07-19 16:59:44 - [MESSAGE][PASSED] - Object: 'Object Repository/Wait/Page_Selenium Easy Demo - Simple Form to Au_3f5468/a_No, thanks' is clicked on

2021-07-19 16:59:44 - [TEST_STEP][PASSED] - setText(findTestObject("Object Repository/Wait/Page_Selenium Easy Demo - Simple Form to Au_3f5468/input_Enter message_user-message"), "Bienvenidos a Katalon función Wait"): Text 'Bienvenidos a Katalon función Wait' is set on object 'Object Repository/Wait/Page_Selenium Easy Demo - Simple Form to Au_3f5468/input_Enter message_user-message'

2021-07-19 16:59:45 - [MESSAGE][PASSED] - Text 'Bienvenidos a Katalon función Wait' is set on object 'Object Repository/Wait/Page_Selenium Easy Demo - Simple Form to Au_3f5468/input_Enter message_user-message'

2021-07-19 16:59:45 - [TEST_STEP][PASSED] - waitForElementVisible(findTestObject("Wait/Page_Selenium Easy Demo - Simple Form to Au_3f5468/button_Show Message"), Wait_general): Object 'Object Repository/Wait/Page_Selenium Easy Demo - Simple Form to Au_3f5468/button_Show Message' is visible

2021-07-19 16:59:46 - [MESSAGE][PASSED] - Object 'Object Repository/Wait/Page_Selenium Easy Demo - Simple Form to Au_3f5468/button_Show Message' is visible

2021-07-19 16:59:46 - [TEST_STEP][PASSED] - click(findTestObject("Object Repository/Wait/Page_Selenium Easy Demo - Simple Form to Au_3f5468/button_Show Message")): Object: 'Object Repository/Wait/Page_Selenium Easy Demo - Simple Form to Au_3f5468/button_Show Message' is clicked on

2021-07-19 16:59:46 - [MESSAGE][PASSED] - Object: 'Object Repository/Wait/Page_Selenium Easy Demo - Simple Form to Au_3f5468/button_Show Message' is clicked on

2021-07-19 16:59:46 - [TEST_STEP][PASSED] - setText(findTestObject("Object Repository/Wait/Page_Selenium Easy Demo - Simple Form to Au_3f5468/input_Enter a_sum1"), "5"): Text '5' is set on object 'Object Repository/Wait/Page_Selenium Easy Demo - Simple Form to Au_3f5468/input_Enter a_sum1'

2021-07-19 16:59:47 - [MESSAGE][PASSED] - Text '5' is set on object 'Object Repository/Wait/Page_Selenium Easy Demo - Simple Form to Au_3f5468/input_Enter a_sum1'

2021-07-19 16:59:47 - [TEST_STEP][PASSED] - setText(findTestObject("Object Repository/Wait/Page_Selenium Easy Demo - Simple Form to Au_3f5468/input_Enter b_sum2"), "5"): Text '5' is set on object 'Object Repository/Wait/Page_Selenium Easy Demo - Simple Form to Au_3f5468/input_Enter b_sum2'

2021-07-19 16:59:48 - [MESSAGE][PASSED] - Text '5' is set on object 'Object Repository/Wait/Page_Selenium Easy Demo - Simple Form to Au_3f5468/input_Enter b_sum2'

2021-07-19 16:59:48 - [TEST_STEP][PASSED] - waitForElementPresent(findTestObject("Wait/Page_Selenium Easy Demo - Simple Form to Au_3f5468/button_Get Total"), Wait_general): Object 'Object Repository/Wait/Page_Selenium Easy Demo - Simple Form to Au_3f5468/button_Get Total' is present

2021-07-19 16:59:48 - [MESSAGE][PASSED] - Object 'Object Repository/Wait/Page_Selenium Easy Demo - Simple Form to Au_3f5468/button_Get Total' is present

2021-07-19 16:59:48 - [TEST_STEP][PASSED] - click(findTestObject("Object Repository/Wait/Page_Selenium Easy Demo - Simple Form to Au_3f5468/button_Get Total")): Object: 'Object Repository/Wait/Page_Selenium Easy Demo - Simple Form to Au_3f5468/button_Get Total' is clicked on

2021-07-19 16:59:49 - [MESSAGE][PASSED] - Object: 'Object Repository/Wait/Page_Selenium Easy Demo - Simple Form to Au_3f5468/button_Get Total' is clicked on

2021-07-19 16:59:49 - [TEST_STEP][PASSED] - closeBrowser(): Browser is closed

2021-07-19 16:59:49 - [MESSAGE][PASSED] - Browser is closed]]></system-out>
         <system-err><![CDATA[]]></system-err>
      </testcase>
      <system-out><![CDATA[2021-07-19 16:58:27 - [TEST_SUITE][ERROR] - Test_suite_7: Test Cases/Variables_2/Variables_2 FAILED.
Reason:
groovy.lang.MissingMethodException: No signature of method: static com.kms.katalon.core.webui.keyword.WebUiBuiltInKeywords.setText() is applicable for argument types: (com.kms.katalon.core.testobject.TestObject, java.lang.Integer) values: [TestObject - 'Object Repository/Variables_2/Page_ToolsQA/input_Age_age', ...]
Possible solutions: setText(com.kms.katalon.core.testobject.TestObject, java.lang.String), getText(com.kms.katalon.core.testobject.TestObject), getText(com.kms.katalon.core.testobject.TestObject, com.kms.katalon.core.model.FailureHandling), setText(com.kms.katalon.core.testobject.TestObject, java.lang.String, com.kms.katalon.core.model.FailureHandling), clearText(com.kms.katalon.core.testobject.TestObject), clearText(com.kms.katalon.core.testobject.TestObject, com.kms.katalon.core.model.FailureHandling)
	at Variables_2.run(Variables_2:34)
	at com.kms.katalon.core.main.ScriptEngine.run(ScriptEngine.java:194)
	at com.kms.katalon.core.main.ScriptEngine.runScriptAsRawText(ScriptEngine.java:119)
	at com.kms.katalon.core.main.TestCaseExecutor.runScript(TestCaseExecutor.java:369)
	at com.kms.katalon.core.main.TestCaseExecutor.doExecute(TestCaseExecutor.java:360)
	at com.kms.katalon.core.main.TestCaseExecutor.processExecutionPhase(TestCaseExecutor.java:339)
	at com.kms.katalon.core.main.TestCaseExecutor.accessMainPhase(TestCaseExecutor.java:331)
	at com.kms.katalon.core.main.TestCaseExecutor.execute(TestCaseExecutor.java:248)
	at com.kms.katalon.core.main.TestSuiteExecutor.accessTestCaseMainPhase(TestSuiteExecutor.java:191)
	at com.kms.katalon.core.main.TestSuiteExecutor.accessTestSuiteMainPhase(TestSuiteExecutor.java:140)
	at com.kms.katalon.core.main.TestSuiteExecutor.execute(TestSuiteExecutor.java:89)
	at com.kms.katalon.core.main.TestCaseMain.startTestSuite(TestCaseMain.java:185)
	at com.kms.katalon.core.main.TestCaseMain$startTestSuite$0.call(Unknown Source)
	at TempTestSuite1626731842219.run(TempTestSuite1626731842219.groovy:39)]]></system-out>
      <system-err><![CDATA[2021-07-19 16:58:27 - [TEST_SUITE][ERROR] - Test_suite_7: Test Cases/Variables_2/Variables_2 FAILED.
Reason:
groovy.lang.MissingMethodException: No signature of method: static com.kms.katalon.core.webui.keyword.WebUiBuiltInKeywords.setText() is applicable for argument types: (com.kms.katalon.core.testobject.TestObject, java.lang.Integer) values: [TestObject - 'Object Repository/Variables_2/Page_ToolsQA/input_Age_age', ...]
Possible solutions: setText(com.kms.katalon.core.testobject.TestObject, java.lang.String), getText(com.kms.katalon.core.testobject.TestObject), getText(com.kms.katalon.core.testobject.TestObject, com.kms.katalon.core.model.FailureHandling), setText(com.kms.katalon.core.testobject.TestObject, java.lang.String, com.kms.katalon.core.model.FailureHandling), clearText(com.kms.katalon.core.testobject.TestObject), clearText(com.kms.katalon.core.testobject.TestObject, com.kms.katalon.core.model.FailureHandling)
	at Variables_2.run(Variables_2:34)
	at com.kms.katalon.core.main.ScriptEngine.run(ScriptEngine.java:194)
	at com.kms.katalon.core.main.ScriptEngine.runScriptAsRawText(ScriptEngine.java:119)
	at com.kms.katalon.core.main.TestCaseExecutor.runScript(TestCaseExecutor.java:369)
	at com.kms.katalon.core.main.TestCaseExecutor.doExecute(TestCaseExecutor.java:360)
	at com.kms.katalon.core.main.TestCaseExecutor.processExecutionPhase(TestCaseExecutor.java:339)
	at com.kms.katalon.core.main.TestCaseExecutor.accessMainPhase(TestCaseExecutor.java:331)
	at com.kms.katalon.core.main.TestCaseExecutor.execute(TestCaseExecutor.java:248)
	at com.kms.katalon.core.main.TestSuiteExecutor.accessTestCaseMainPhase(TestSuiteExecutor.java:191)
	at com.kms.katalon.core.main.TestSuiteExecutor.accessTestSuiteMainPhase(TestSuiteExecutor.java:140)
	at com.kms.katalon.core.main.TestSuiteExecutor.execute(TestSuiteExecutor.java:89)
	at com.kms.katalon.core.main.TestCaseMain.startTestSuite(TestCaseMain.java:185)
	at com.kms.katalon.core.main.TestCaseMain$startTestSuite$0.call(Unknown Source)
	at TempTestSuite1626731842219.run(TempTestSuite1626731842219.groovy:39)]]></system-err>
   </testsuite>
</testsuites>
