<?xml version="1.0" encoding="UTF-8"?>
<testsuites name="Test_suite_1" time="16.979" tests="2" failures="1" errors="0">
   <testsuite name="Test_suite_1" tests="2" failures="1" errors="0" time="16.979" skipped="0" timestamp="2021-07-19 22:43:14" hostname="rodrigo.villanueva.c - EELX01RODRIGOVI.ad.gob" id="Test Suites/Test_suite_1">
      <properties>
         <property name="deviceName" value=""/>
         <property name="devicePlatform" value=""/>
         <property name="logFolder" value="C:\\Todo_Katalon\\Proyectos\\Proyecto_uno\\Reports\\20210719_224259\\Test_suite_1\\20210719_224259"/>
         <property name="logFiles" value="C:\\Todo_Katalon\\Proyectos\\Proyecto_uno\\Reports\\20210719_224259\\Test_suite_1\\20210719_224259\\execution0.log"/>
         <property name="attachments" value=""/>
         <property name="hostName" value="rodrigo.villanueva.c - EELX01RODRIGOVI.ad.gob"/>
         <property name="os" value="Windows 10 64bit"/>
         <property name="katalonVersion" value="8.0.5.208"/>
         <property name="browser" value="Chrome 91.0.4472.164"/>
         <property name="hostAddress" value="192.168.56.1"/>
         <property name="sessionId" value="83f50220718307e653e55a5608643502"/>
         <property name="seleniumVersion" value="3.141.59"/>
         <property name="proxyInformation" value="ProxyInformation { proxyOption=NO_PROXY, proxyServerType=HTTP, username=, password=********, proxyServerAddress=, proxyServerPort=0, executionList=&quot;&quot;, isApplyToDesiredCapabilities=true }"/>
         <property name="platform" value="Windows 10"/>
      </properties>
      <testcase name="Test Cases/Carga_2/Carga_2" time="6.615" classname="Test Cases/Carga_2/Carga_2" status="FAILED">
         <failure type="FAILED" message="Test Cases/Carga_2/Carga_2 FAILED.
Reason:
com.kms.katalon.core.exception.StepFailedException: Unable to delay browser (Root cause: java.lang.NullPointerException
	at com.kms.katalon.core.keyword.builtin.DelayKeyword$_delay_closure1.doCall(DelayKeyword.groovy:51)
	at com.kms.katalon.core.keyword.builtin.DelayKeyword$_delay_closure1.call(DelayKeyword.groovy)
	at com.kms.katalon.core.keyword.internal.KeywordMain.runKeyword(KeywordMain.groovy:68)
	at com.kms.katalon.core.keyword.builtin.DelayKeyword.delay(DelayKeyword.groovy:48)
	at com.kms.katalon.core.keyword.builtin.DelayKeyword.execute(DelayKeyword.groovy:43)
	at com.kms.katalon.core.keyword.internal.KeywordExecutor.executeKeywordForPlatform(KeywordExecutor.groovy:73)
	at com.kms.katalon.core.keyword.BuiltinKeywords.delay(BuiltinKeywords.groovy:375)
	at Carga_2.run(Carga_2:32)
	at com.kms.katalon.core.main.ScriptEngine.run(ScriptEngine.java:194)
	at com.kms.katalon.core.main.ScriptEngine.runScriptAsRawText(ScriptEngine.java:119)
	at com.kms.katalon.core.main.TestCaseExecutor.runScript(TestCaseExecutor.java:369)
	at com.kms.katalon.core.main.TestCaseExecutor.doExecute(TestCaseExecutor.java:360)
	at com.kms.katalon.core.main.TestCaseExecutor.processExecutionPhase(TestCaseExecutor.java:339)
	at com.kms.katalon.core.main.TestCaseExecutor.accessMainPhase(TestCaseExecutor.java:331)
	at com.kms.katalon.core.main.TestCaseExecutor.execute(TestCaseExecutor.java:248)
	at com.kms.katalon.core.main.TestSuiteExecutor.accessTestCaseMainPhase(TestSuiteExecutor.java:191)
	at com.kms.katalon.core.main.TestSuiteExecutor.accessTestSuiteMainPhase(TestSuiteExecutor.java:140)
	at com.kms.katalon.core.main.TestSuiteExecutor.execute(TestSuiteExecutor.java:89)
	at com.kms.katalon.core.main.TestCaseMain.startTestSuite(TestCaseMain.java:185)
	at com.kms.katalon.core.main.TestCaseMain$startTestSuite$0.call(Unknown Source)
	at TempTestSuite1626752579998.run(TempTestSuite1626752579998.groovy:39)
)
	at com.kms.katalon.core.keyword.internal.KeywordMain.stepFailed(KeywordMain.groovy:50)
	at com.kms.katalon.core.keyword.internal.KeywordMain.stepFailed(KeywordMain.groovy)
	at com.kms.katalon.core.keyword.internal.KeywordMain.runKeyword(KeywordMain.groovy:70)
	at com.kms.katalon.core.keyword.builtin.DelayKeyword.delay(DelayKeyword.groovy:48)
	at com.kms.katalon.core.keyword.builtin.DelayKeyword.execute(DelayKeyword.groovy:43)
	at com.kms.katalon.core.keyword.internal.KeywordExecutor.executeKeywordForPlatform(KeywordExecutor.groovy:73)
	at com.kms.katalon.core.keyword.BuiltinKeywords.delay(BuiltinKeywords.groovy:375)
	at Carga_2.run(Carga_2:32)
	at com.kms.katalon.core.main.ScriptEngine.run(ScriptEngine.java:194)
	at com.kms.katalon.core.main.ScriptEngine.runScriptAsRawText(ScriptEngine.java:119)
	at com.kms.katalon.core.main.TestCaseExecutor.runScript(TestCaseExecutor.java:369)
	at com.kms.katalon.core.main.TestCaseExecutor.doExecute(TestCaseExecutor.java:360)
	at com.kms.katalon.core.main.TestCaseExecutor.processExecutionPhase(TestCaseExecutor.java:339)
	at com.kms.katalon.core.main.TestCaseExecutor.accessMainPhase(TestCaseExecutor.java:331)
	at com.kms.katalon.core.main.TestCaseExecutor.execute(TestCaseExecutor.java:248)
	at com.kms.katalon.core.main.TestSuiteExecutor.accessTestCaseMainPhase(TestSuiteExecutor.java:191)
	at com.kms.katalon.core.main.TestSuiteExecutor.accessTestSuiteMainPhase(TestSuiteExecutor.java:140)
	at com.kms.katalon.core.main.TestSuiteExecutor.execute(TestSuiteExecutor.java:89)
	at com.kms.katalon.core.main.TestCaseMain.startTestSuite(TestCaseMain.java:185)
	at com.kms.katalon.core.main.TestCaseMain$startTestSuite$0.call(Unknown Source)
	at TempTestSuite1626752579998.run(TempTestSuite1626752579998.groovy:39)
Caused by: java.lang.NullPointerException
	at com.kms.katalon.core.keyword.builtin.DelayKeyword$_delay_closure1.doCall(DelayKeyword.groovy:51)
	at com.kms.katalon.core.keyword.builtin.DelayKeyword$_delay_closure1.call(DelayKeyword.groovy)
	at com.kms.katalon.core.keyword.internal.KeywordMain.runKeyword(KeywordMain.groovy:68)
	... 18 more
"/>
         <system-out><![CDATA[2021-07-19 22:43:14 - [TEST_CASE][FAILED] - Test Cases/Carga_2/Carga_2: Test Cases/Carga_2/Carga_2 FAILED.
Reason:
com.kms.katalon.core.exception.StepFailedException: Unable to delay browser (Root cause: java.lang.NullPointerException
	at com.kms.katalon.core.keyword.builtin.DelayKeyword$_delay_closure1.doCall(DelayKeyword.groovy:51)
	at com.kms.katalon.core.keyword.builtin.DelayKeyword$_delay_closure1.call(DelayKeyword.groovy)
	at com.kms.katalon.core.keyword.internal.KeywordMain.runKeyword(KeywordMain.groovy:68)
	at com.kms.katalon.core.keyword.builtin.DelayKeyword.delay(DelayKeyword.groovy:48)
	at com.kms.katalon.core.keyword.builtin.DelayKeyword.execute(DelayKeyword.groovy:43)
	at com.kms.katalon.core.keyword.internal.KeywordExecutor.executeKeywordForPlatform(KeywordExecutor.groovy:73)
	at com.kms.katalon.core.keyword.BuiltinKeywords.delay(BuiltinKeywords.groovy:375)
	at Carga_2.run(Carga_2:32)
	at com.kms.katalon.core.main.ScriptEngine.run(ScriptEngine.java:194)
	at com.kms.katalon.core.main.ScriptEngine.runScriptAsRawText(ScriptEngine.java:119)
	at com.kms.katalon.core.main.TestCaseExecutor.runScript(TestCaseExecutor.java:369)
	at com.kms.katalon.core.main.TestCaseExecutor.doExecute(TestCaseExecutor.java:360)
	at com.kms.katalon.core.main.TestCaseExecutor.processExecutionPhase(TestCaseExecutor.java:339)
	at com.kms.katalon.core.main.TestCaseExecutor.accessMainPhase(TestCaseExecutor.java:331)
	at com.kms.katalon.core.main.TestCaseExecutor.execute(TestCaseExecutor.java:248)
	at com.kms.katalon.core.main.TestSuiteExecutor.accessTestCaseMainPhase(TestSuiteExecutor.java:191)
	at com.kms.katalon.core.main.TestSuiteExecutor.accessTestSuiteMainPhase(TestSuiteExecutor.java:140)
	at com.kms.katalon.core.main.TestSuiteExecutor.execute(TestSuiteExecutor.java:89)
	at com.kms.katalon.core.main.TestCaseMain.startTestSuite(TestCaseMain.java:185)
	at com.kms.katalon.core.main.TestCaseMain$startTestSuite$0.call(Unknown Source)
	at TempTestSuite1626752579998.run(TempTestSuite1626752579998.groovy:39)
)
	at com.kms.katalon.core.keyword.internal.KeywordMain.stepFailed(KeywordMain.groovy:50)
	at com.kms.katalon.core.keyword.internal.KeywordMain.stepFailed(KeywordMain.groovy)
	at com.kms.katalon.core.keyword.internal.KeywordMain.runKeyword(KeywordMain.groovy:70)
	at com.kms.katalon.core.keyword.builtin.DelayKeyword.delay(DelayKeyword.groovy:48)
	at com.kms.katalon.core.keyword.builtin.DelayKeyword.execute(DelayKeyword.groovy:43)
	at com.kms.katalon.core.keyword.internal.KeywordExecutor.executeKeywordForPlatform(KeywordExecutor.groovy:73)
	at com.kms.katalon.core.keyword.BuiltinKeywords.delay(BuiltinKeywords.groovy:375)
	at Carga_2.run(Carga_2:32)
	at com.kms.katalon.core.main.ScriptEngine.run(ScriptEngine.java:194)
	at com.kms.katalon.core.main.ScriptEngine.runScriptAsRawText(ScriptEngine.java:119)
	at com.kms.katalon.core.main.TestCaseExecutor.runScript(TestCaseExecutor.java:369)
	at com.kms.katalon.core.main.TestCaseExecutor.doExecute(TestCaseExecutor.java:360)
	at com.kms.katalon.core.main.TestCaseExecutor.processExecutionPhase(TestCaseExecutor.java:339)
	at com.kms.katalon.core.main.TestCaseExecutor.accessMainPhase(TestCaseExecutor.java:331)
	at com.kms.katalon.core.main.TestCaseExecutor.execute(TestCaseExecutor.java:248)
	at com.kms.katalon.core.main.TestSuiteExecutor.accessTestCaseMainPhase(TestSuiteExecutor.java:191)
	at com.kms.katalon.core.main.TestSuiteExecutor.accessTestSuiteMainPhase(TestSuiteExecutor.java:140)
	at com.kms.katalon.core.main.TestSuiteExecutor.execute(TestSuiteExecutor.java:89)
	at com.kms.katalon.core.main.TestCaseMain.startTestSuite(TestCaseMain.java:185)
	at com.kms.katalon.core.main.TestCaseMain$startTestSuite$0.call(Unknown Source)
	at TempTestSuite1626752579998.run(TempTestSuite1626752579998.groovy:39)
Caused by: java.lang.NullPointerException
	at com.kms.katalon.core.keyword.builtin.DelayKeyword$_delay_closure1.doCall(DelayKeyword.groovy:51)
	at com.kms.katalon.core.keyword.builtin.DelayKeyword$_delay_closure1.call(DelayKeyword.groovy)
	at com.kms.katalon.core.keyword.internal.KeywordMain.runKeyword(KeywordMain.groovy:68)
	... 18 more


2021-07-19 22:43:15 - [TEST_STEP][PASSED] - openBrowser(""): Browser is opened with url: ''

2021-07-19 22:43:15 - [MESSAGE][INFO] - Starting 'Chrome' driver

2021-07-19 22:43:15 - [MESSAGE][INFO] - Action delay is set to 0 milliseconds

2021-07-19 22:43:18 - [MESSAGE][PASSED] - Browser is opened with url: ''

2021-07-19 22:43:18 - [TEST_STEP][PASSED] - navigateToUrl("https://testpages.herokuapp.com/styled/file-upload-test.html"): Navigate to 'https://testpages.herokuapp.com/styled/file-upload-test.html' successfully

2021-07-19 22:43:19 - [MESSAGE][PASSED] - Navigate to 'https://testpages.herokuapp.com/styled/file-upload-test.html' successfully

2021-07-19 22:43:19 - [TEST_STEP][PASSED] - maximizeWindow(): Current window maximized

2021-07-19 22:43:19 - [MESSAGE][PASSED] - Current window maximized

2021-07-19 22:43:19 - [TEST_STEP][PASSED] - uploadFile(findTestObject("Carga2/Page_Upload a File/Cargar"), "C:\Todo_Katalon\Proyectos\Proyecto_uno\Imagenes\carro_1.jpg"): File 'C:\Todo_Katalon\Proyectos\Proyecto_uno\Imagenes\carro_1.jpg' sent to object: 'Object Repository/Carga2/Page_Upload a File/Cargar'

2021-07-19 22:43:19 - [MESSAGE][PASSED] - File 'C:\Todo_Katalon\Proyectos\Proyecto_uno\Imagenes\carro_1.jpg' sent to object: 'Object Repository/Carga2/Page_Upload a File/Cargar'

2021-07-19 22:43:19 - [TEST_STEP][PASSED] - click(findTestObject("Object Repository/Carga2/Page_Upload a File/input_What type is it_filetype")): Object: 'Object Repository/Carga2/Page_Upload a File/input_What type is it_filetype' is clicked on

2021-07-19 22:43:20 - [MESSAGE][PASSED] - Object: 'Object Repository/Carga2/Page_Upload a File/input_What type is it_filetype' is clicked on

2021-07-19 22:43:20 - [TEST_STEP][PASSED] - click(findTestObject("Object Repository/Carga2/Page_Upload a File/input_A General File_upload")): Object: 'Object Repository/Carga2/Page_Upload a File/input_A General File_upload' is clicked on

2021-07-19 22:43:21 - [MESSAGE][PASSED] - Object: 'Object Repository/Carga2/Page_Upload a File/input_A General File_upload' is clicked on

2021-07-19 22:43:21 - [TEST_STEP][FAILED] - delay(Delay_tiempo): Unable to delay browser (Root cause: java.lang.NullPointerException
	at com.kms.katalon.core.keyword.builtin.DelayKeyword$_delay_closure1.doCall(DelayKeyword.groovy:51)
	at com.kms.katalon.core.keyword.builtin.DelayKeyword$_delay_closure1.call(DelayKeyword.groovy)
	at com.kms.katalon.core.keyword.internal.KeywordMain.runKeyword(KeywordMain.groovy:68)
	at com.kms.katalon.core.keyword.builtin.DelayKeyword.delay(DelayKeyword.groovy:48)
	at com.kms.katalon.core.keyword.builtin.DelayKeyword.execute(DelayKeyword.groovy:43)
	at com.kms.katalon.core.keyword.internal.KeywordExecutor.executeKeywordForPlatform(KeywordExecutor.groovy:73)
	at com.kms.katalon.core.keyword.BuiltinKeywords.delay(BuiltinKeywords.groovy:375)
	at Carga_2.run(Carga_2:32)
	at com.kms.katalon.core.main.ScriptEngine.run(ScriptEngine.java:194)
	at com.kms.katalon.core.main.ScriptEngine.runScriptAsRawText(ScriptEngine.java:119)
	at com.kms.katalon.core.main.TestCaseExecutor.runScript(TestCaseExecutor.java:369)
	at com.kms.katalon.core.main.TestCaseExecutor.doExecute(TestCaseExecutor.java:360)
	at com.kms.katalon.core.main.TestCaseExecutor.processExecutionPhase(TestCaseExecutor.java:339)
	at com.kms.katalon.core.main.TestCaseExecutor.accessMainPhase(TestCaseExecutor.java:331)
	at com.kms.katalon.core.main.TestCaseExecutor.execute(TestCaseExecutor.java:248)
	at com.kms.katalon.core.main.TestSuiteExecutor.accessTestCaseMainPhase(TestSuiteExecutor.java:191)
	at com.kms.katalon.core.main.TestSuiteExecutor.accessTestSuiteMainPhase(TestSuiteExecutor.java:140)
	at com.kms.katalon.core.main.TestSuiteExecutor.execute(TestSuiteExecutor.java:89)
	at com.kms.katalon.core.main.TestCaseMain.startTestSuite(TestCaseMain.java:185)
	at com.kms.katalon.core.main.TestCaseMain$startTestSuite$0.call(Unknown Source)
	at TempTestSuite1626752579998.run(TempTestSuite1626752579998.groovy:39)
)

2021-07-19 22:43:21 - [MESSAGE][FAILED] - Unable to delay browser (Root cause: java.lang.NullPointerException
	at com.kms.katalon.core.keyword.builtin.DelayKeyword$_delay_closure1.doCall(DelayKeyword.groovy:51)
	at com.kms.katalon.core.keyword.builtin.DelayKeyword$_delay_closure1.call(DelayKeyword.groovy)
	at com.kms.katalon.core.keyword.internal.KeywordMain.runKeyword(KeywordMain.groovy:68)
	at com.kms.katalon.core.keyword.builtin.DelayKeyword.delay(DelayKeyword.groovy:48)
	at com.kms.katalon.core.keyword.builtin.DelayKeyword.execute(DelayKeyword.groovy:43)
	at com.kms.katalon.core.keyword.internal.KeywordExecutor.executeKeywordForPlatform(KeywordExecutor.groovy:73)
	at com.kms.katalon.core.keyword.BuiltinKeywords.delay(BuiltinKeywords.groovy:375)
	at Carga_2.run(Carga_2:32)
	at com.kms.katalon.core.main.ScriptEngine.run(ScriptEngine.java:194)
	at com.kms.katalon.core.main.ScriptEngine.runScriptAsRawText(ScriptEngine.java:119)
	at com.kms.katalon.core.main.TestCaseExecutor.runScript(TestCaseExecutor.java:369)
	at com.kms.katalon.core.main.TestCaseExecutor.doExecute(TestCaseExecutor.java:360)
	at com.kms.katalon.core.main.TestCaseExecutor.processExecutionPhase(TestCaseExecutor.java:339)
	at com.kms.katalon.core.main.TestCaseExecutor.accessMainPhase(TestCaseExecutor.java:331)
	at com.kms.katalon.core.main.TestCaseExecutor.execute(TestCaseExecutor.java:248)
	at com.kms.katalon.core.main.TestSuiteExecutor.accessTestCaseMainPhase(TestSuiteExecutor.java:191)
	at com.kms.katalon.core.main.TestSuiteExecutor.accessTestSuiteMainPhase(TestSuiteExecutor.java:140)
	at com.kms.katalon.core.main.TestSuiteExecutor.execute(TestSuiteExecutor.java:89)
	at com.kms.katalon.core.main.TestCaseMain.startTestSuite(TestCaseMain.java:185)
	at com.kms.katalon.core.main.TestCaseMain$startTestSuite$0.call(Unknown Source)
	at TempTestSuite1626752579998.run(TempTestSuite1626752579998.groovy:39)
)]]></system-out>
         <system-err><![CDATA[2021-07-19 22:43:14 - [TEST_CASE][FAILED] - Test Cases/Carga_2/Carga_2: Test Cases/Carga_2/Carga_2 FAILED.
Reason:
com.kms.katalon.core.exception.StepFailedException: Unable to delay browser (Root cause: java.lang.NullPointerException
	at com.kms.katalon.core.keyword.builtin.DelayKeyword$_delay_closure1.doCall(DelayKeyword.groovy:51)
	at com.kms.katalon.core.keyword.builtin.DelayKeyword$_delay_closure1.call(DelayKeyword.groovy)
	at com.kms.katalon.core.keyword.internal.KeywordMain.runKeyword(KeywordMain.groovy:68)
	at com.kms.katalon.core.keyword.builtin.DelayKeyword.delay(DelayKeyword.groovy:48)
	at com.kms.katalon.core.keyword.builtin.DelayKeyword.execute(DelayKeyword.groovy:43)
	at com.kms.katalon.core.keyword.internal.KeywordExecutor.executeKeywordForPlatform(KeywordExecutor.groovy:73)
	at com.kms.katalon.core.keyword.BuiltinKeywords.delay(BuiltinKeywords.groovy:375)
	at Carga_2.run(Carga_2:32)
	at com.kms.katalon.core.main.ScriptEngine.run(ScriptEngine.java:194)
	at com.kms.katalon.core.main.ScriptEngine.runScriptAsRawText(ScriptEngine.java:119)
	at com.kms.katalon.core.main.TestCaseExecutor.runScript(TestCaseExecutor.java:369)
	at com.kms.katalon.core.main.TestCaseExecutor.doExecute(TestCaseExecutor.java:360)
	at com.kms.katalon.core.main.TestCaseExecutor.processExecutionPhase(TestCaseExecutor.java:339)
	at com.kms.katalon.core.main.TestCaseExecutor.accessMainPhase(TestCaseExecutor.java:331)
	at com.kms.katalon.core.main.TestCaseExecutor.execute(TestCaseExecutor.java:248)
	at com.kms.katalon.core.main.TestSuiteExecutor.accessTestCaseMainPhase(TestSuiteExecutor.java:191)
	at com.kms.katalon.core.main.TestSuiteExecutor.accessTestSuiteMainPhase(TestSuiteExecutor.java:140)
	at com.kms.katalon.core.main.TestSuiteExecutor.execute(TestSuiteExecutor.java:89)
	at com.kms.katalon.core.main.TestCaseMain.startTestSuite(TestCaseMain.java:185)
	at com.kms.katalon.core.main.TestCaseMain$startTestSuite$0.call(Unknown Source)
	at TempTestSuite1626752579998.run(TempTestSuite1626752579998.groovy:39)
)
	at com.kms.katalon.core.keyword.internal.KeywordMain.stepFailed(KeywordMain.groovy:50)
	at com.kms.katalon.core.keyword.internal.KeywordMain.stepFailed(KeywordMain.groovy)
	at com.kms.katalon.core.keyword.internal.KeywordMain.runKeyword(KeywordMain.groovy:70)
	at com.kms.katalon.core.keyword.builtin.DelayKeyword.delay(DelayKeyword.groovy:48)
	at com.kms.katalon.core.keyword.builtin.DelayKeyword.execute(DelayKeyword.groovy:43)
	at com.kms.katalon.core.keyword.internal.KeywordExecutor.executeKeywordForPlatform(KeywordExecutor.groovy:73)
	at com.kms.katalon.core.keyword.BuiltinKeywords.delay(BuiltinKeywords.groovy:375)
	at Carga_2.run(Carga_2:32)
	at com.kms.katalon.core.main.ScriptEngine.run(ScriptEngine.java:194)
	at com.kms.katalon.core.main.ScriptEngine.runScriptAsRawText(ScriptEngine.java:119)
	at com.kms.katalon.core.main.TestCaseExecutor.runScript(TestCaseExecutor.java:369)
	at com.kms.katalon.core.main.TestCaseExecutor.doExecute(TestCaseExecutor.java:360)
	at com.kms.katalon.core.main.TestCaseExecutor.processExecutionPhase(TestCaseExecutor.java:339)
	at com.kms.katalon.core.main.TestCaseExecutor.accessMainPhase(TestCaseExecutor.java:331)
	at com.kms.katalon.core.main.TestCaseExecutor.execute(TestCaseExecutor.java:248)
	at com.kms.katalon.core.main.TestSuiteExecutor.accessTestCaseMainPhase(TestSuiteExecutor.java:191)
	at com.kms.katalon.core.main.TestSuiteExecutor.accessTestSuiteMainPhase(TestSuiteExecutor.java:140)
	at com.kms.katalon.core.main.TestSuiteExecutor.execute(TestSuiteExecutor.java:89)
	at com.kms.katalon.core.main.TestCaseMain.startTestSuite(TestCaseMain.java:185)
	at com.kms.katalon.core.main.TestCaseMain$startTestSuite$0.call(Unknown Source)
	at TempTestSuite1626752579998.run(TempTestSuite1626752579998.groovy:39)
Caused by: java.lang.NullPointerException
	at com.kms.katalon.core.keyword.builtin.DelayKeyword$_delay_closure1.doCall(DelayKeyword.groovy:51)
	at com.kms.katalon.core.keyword.builtin.DelayKeyword$_delay_closure1.call(DelayKeyword.groovy)
	at com.kms.katalon.core.keyword.internal.KeywordMain.runKeyword(KeywordMain.groovy:68)
	... 18 more]]></system-err>
      </testcase>
      <testcase name="Test Cases/Carga_upload_1/Carga_1" time="9.737" classname="Test Cases/Carga_upload_1/Carga_1" status="PASSED">
         <system-out><![CDATA[2021-07-19 22:43:21 - [TEST_CASE][PASSED] - Test Cases/Carga_upload_1/Carga_1: Test Cases/Carga_upload_1/Carga_1

2021-07-19 22:43:21 - [TEST_STEP][PASSED] - openBrowser(""): Browser is opened with url: ''

2021-07-19 22:43:21 - [MESSAGE][WARNING] - A browser is already opened. Closing browser and opening a new one

2021-07-19 22:43:22 - [MESSAGE][INFO] - Starting 'Chrome' driver

2021-07-19 22:43:22 - [MESSAGE][INFO] - Action delay is set to 0 milliseconds

2021-07-19 22:43:23 - [MESSAGE][PASSED] - Browser is opened with url: ''

2021-07-19 22:43:23 - [TEST_STEP][PASSED] - navigateToUrl("https://testpages.herokuapp.com/styled/file-upload-test.html"): Navigate to 'https://testpages.herokuapp.com/styled/file-upload-test.html' successfully

2021-07-19 22:43:24 - [MESSAGE][PASSED] - Navigate to 'https://testpages.herokuapp.com/styled/file-upload-test.html' successfully

2021-07-19 22:43:24 - [TEST_STEP][PASSED] - maximizeWindow(): Current window maximized

2021-07-19 22:43:24 - [MESSAGE][PASSED] - Current window maximized

2021-07-19 22:43:24 - [TEST_STEP][PASSED] - uploadFile(findTestObject("Carga_1/Page_Upload a File/carga"), "C:\Todo_Katalon\Proyectos\Proyecto_uno\Imagenes\carro_1.jpg"): File 'C:\Todo_Katalon\Proyectos\Proyecto_uno\Imagenes\carro_1.jpg' sent to object: 'Object Repository/Carga_1/Page_Upload a File/carga'

2021-07-19 22:43:25 - [MESSAGE][PASSED] - File 'C:\Todo_Katalon\Proyectos\Proyecto_uno\Imagenes\carro_1.jpg' sent to object: 'Object Repository/Carga_1/Page_Upload a File/carga'

2021-07-19 22:43:25 - [TEST_STEP][PASSED] - delay(2): Delayed 2 second(s)

2021-07-19 22:43:27 - [MESSAGE][PASSED] - Delayed 2 second(s)

2021-07-19 22:43:27 - [TEST_STEP][PASSED] - click(findTestObject("Object Repository/Carga_1/Page_Upload a File/input_What type is it_filetype")): Object: 'Object Repository/Carga_1/Page_Upload a File/input_What type is it_filetype' is clicked on

2021-07-19 22:43:27 - [MESSAGE][PASSED] - Object: 'Object Repository/Carga_1/Page_Upload a File/input_What type is it_filetype' is clicked on

2021-07-19 22:43:27 - [TEST_STEP][PASSED] - click(findTestObject("Carga_1/Page_Upload a File/Subir")): Object: 'Object Repository/Carga_1/Page_Upload a File/Subir' is clicked on

2021-07-19 22:43:28 - [MESSAGE][PASSED] - Object: 'Object Repository/Carga_1/Page_Upload a File/Subir' is clicked on

2021-07-19 22:43:28 - [TEST_STEP][PASSED] - closeBrowser(): Browser is closed

2021-07-19 22:43:29 - [MESSAGE][PASSED] - Browser is closed

2021-07-19 22:43:29 - [TEST_STEP][PASSED] - delay(2): Delayed 2 second(s)

2021-07-19 22:43:31 - [MESSAGE][PASSED] - Delayed 2 second(s)]]></system-out>
         <system-err><![CDATA[]]></system-err>
      </testcase>
      <system-out><![CDATA[2021-07-19 22:43:14 - [TEST_SUITE][FAILED] - Test_suite_1: Test Cases/Carga_2/Carga_2 FAILED.
Reason:
com.kms.katalon.core.exception.StepFailedException: Unable to delay browser (Root cause: java.lang.NullPointerException
	at com.kms.katalon.core.keyword.builtin.DelayKeyword$_delay_closure1.doCall(DelayKeyword.groovy:51)
	at com.kms.katalon.core.keyword.builtin.DelayKeyword$_delay_closure1.call(DelayKeyword.groovy)
	at com.kms.katalon.core.keyword.internal.KeywordMain.runKeyword(KeywordMain.groovy:68)
	at com.kms.katalon.core.keyword.builtin.DelayKeyword.delay(DelayKeyword.groovy:48)
	at com.kms.katalon.core.keyword.builtin.DelayKeyword.execute(DelayKeyword.groovy:43)
	at com.kms.katalon.core.keyword.internal.KeywordExecutor.executeKeywordForPlatform(KeywordExecutor.groovy:73)
	at com.kms.katalon.core.keyword.BuiltinKeywords.delay(BuiltinKeywords.groovy:375)
	at Carga_2.run(Carga_2:32)
	at com.kms.katalon.core.main.ScriptEngine.run(ScriptEngine.java:194)
	at com.kms.katalon.core.main.ScriptEngine.runScriptAsRawText(ScriptEngine.java:119)
	at com.kms.katalon.core.main.TestCaseExecutor.runScript(TestCaseExecutor.java:369)
	at com.kms.katalon.core.main.TestCaseExecutor.doExecute(TestCaseExecutor.java:360)
	at com.kms.katalon.core.main.TestCaseExecutor.processExecutionPhase(TestCaseExecutor.java:339)
	at com.kms.katalon.core.main.TestCaseExecutor.accessMainPhase(TestCaseExecutor.java:331)
	at com.kms.katalon.core.main.TestCaseExecutor.execute(TestCaseExecutor.java:248)
	at com.kms.katalon.core.main.TestSuiteExecutor.accessTestCaseMainPhase(TestSuiteExecutor.java:191)
	at com.kms.katalon.core.main.TestSuiteExecutor.accessTestSuiteMainPhase(TestSuiteExecutor.java:140)
	at com.kms.katalon.core.main.TestSuiteExecutor.execute(TestSuiteExecutor.java:89)
	at com.kms.katalon.core.main.TestCaseMain.startTestSuite(TestCaseMain.java:185)
	at com.kms.katalon.core.main.TestCaseMain$startTestSuite$0.call(Unknown Source)
	at TempTestSuite1626752579998.run(TempTestSuite1626752579998.groovy:39)
)
	at com.kms.katalon.core.keyword.internal.KeywordMain.stepFailed(KeywordMain.groovy:50)
	at com.kms.katalon.core.keyword.internal.KeywordMain.stepFailed(KeywordMain.groovy)
	at com.kms.katalon.core.keyword.internal.KeywordMain.runKeyword(KeywordMain.groovy:70)
	at com.kms.katalon.core.keyword.builtin.DelayKeyword.delay(DelayKeyword.groovy:48)
	at com.kms.katalon.core.keyword.builtin.DelayKeyword.execute(DelayKeyword.groovy:43)
	at com.kms.katalon.core.keyword.internal.KeywordExecutor.executeKeywordForPlatform(KeywordExecutor.groovy:73)
	at com.kms.katalon.core.keyword.BuiltinKeywords.delay(BuiltinKeywords.groovy:375)
	at Carga_2.run(Carga_2:32)
	at com.kms.katalon.core.main.ScriptEngine.run(ScriptEngine.java:194)
	at com.kms.katalon.core.main.ScriptEngine.runScriptAsRawText(ScriptEngine.java:119)
	at com.kms.katalon.core.main.TestCaseExecutor.runScript(TestCaseExecutor.java:369)
	at com.kms.katalon.core.main.TestCaseExecutor.doExecute(TestCaseExecutor.java:360)
	at com.kms.katalon.core.main.TestCaseExecutor.processExecutionPhase(TestCaseExecutor.java:339)
	at com.kms.katalon.core.main.TestCaseExecutor.accessMainPhase(TestCaseExecutor.java:331)
	at com.kms.katalon.core.main.TestCaseExecutor.execute(TestCaseExecutor.java:248)
	at com.kms.katalon.core.main.TestSuiteExecutor.accessTestCaseMainPhase(TestSuiteExecutor.java:191)
	at com.kms.katalon.core.main.TestSuiteExecutor.accessTestSuiteMainPhase(TestSuiteExecutor.java:140)
	at com.kms.katalon.core.main.TestSuiteExecutor.execute(TestSuiteExecutor.java:89)
	at com.kms.katalon.core.main.TestCaseMain.startTestSuite(TestCaseMain.java:185)
	at com.kms.katalon.core.main.TestCaseMain$startTestSuite$0.call(Unknown Source)
	at TempTestSuite1626752579998.run(TempTestSuite1626752579998.groovy:39)
Caused by: java.lang.NullPointerException
	at com.kms.katalon.core.keyword.builtin.DelayKeyword$_delay_closure1.doCall(DelayKeyword.groovy:51)
	at com.kms.katalon.core.keyword.builtin.DelayKeyword$_delay_closure1.call(DelayKeyword.groovy)
	at com.kms.katalon.core.keyword.internal.KeywordMain.runKeyword(KeywordMain.groovy:68)
	... 18 more]]></system-out>
      <system-err><![CDATA[2021-07-19 22:43:14 - [TEST_SUITE][FAILED] - Test_suite_1: Test Cases/Carga_2/Carga_2 FAILED.
Reason:
com.kms.katalon.core.exception.StepFailedException: Unable to delay browser (Root cause: java.lang.NullPointerException
	at com.kms.katalon.core.keyword.builtin.DelayKeyword$_delay_closure1.doCall(DelayKeyword.groovy:51)
	at com.kms.katalon.core.keyword.builtin.DelayKeyword$_delay_closure1.call(DelayKeyword.groovy)
	at com.kms.katalon.core.keyword.internal.KeywordMain.runKeyword(KeywordMain.groovy:68)
	at com.kms.katalon.core.keyword.builtin.DelayKeyword.delay(DelayKeyword.groovy:48)
	at com.kms.katalon.core.keyword.builtin.DelayKeyword.execute(DelayKeyword.groovy:43)
	at com.kms.katalon.core.keyword.internal.KeywordExecutor.executeKeywordForPlatform(KeywordExecutor.groovy:73)
	at com.kms.katalon.core.keyword.BuiltinKeywords.delay(BuiltinKeywords.groovy:375)
	at Carga_2.run(Carga_2:32)
	at com.kms.katalon.core.main.ScriptEngine.run(ScriptEngine.java:194)
	at com.kms.katalon.core.main.ScriptEngine.runScriptAsRawText(ScriptEngine.java:119)
	at com.kms.katalon.core.main.TestCaseExecutor.runScript(TestCaseExecutor.java:369)
	at com.kms.katalon.core.main.TestCaseExecutor.doExecute(TestCaseExecutor.java:360)
	at com.kms.katalon.core.main.TestCaseExecutor.processExecutionPhase(TestCaseExecutor.java:339)
	at com.kms.katalon.core.main.TestCaseExecutor.accessMainPhase(TestCaseExecutor.java:331)
	at com.kms.katalon.core.main.TestCaseExecutor.execute(TestCaseExecutor.java:248)
	at com.kms.katalon.core.main.TestSuiteExecutor.accessTestCaseMainPhase(TestSuiteExecutor.java:191)
	at com.kms.katalon.core.main.TestSuiteExecutor.accessTestSuiteMainPhase(TestSuiteExecutor.java:140)
	at com.kms.katalon.core.main.TestSuiteExecutor.execute(TestSuiteExecutor.java:89)
	at com.kms.katalon.core.main.TestCaseMain.startTestSuite(TestCaseMain.java:185)
	at com.kms.katalon.core.main.TestCaseMain$startTestSuite$0.call(Unknown Source)
	at TempTestSuite1626752579998.run(TempTestSuite1626752579998.groovy:39)
)
	at com.kms.katalon.core.keyword.internal.KeywordMain.stepFailed(KeywordMain.groovy:50)
	at com.kms.katalon.core.keyword.internal.KeywordMain.stepFailed(KeywordMain.groovy)
	at com.kms.katalon.core.keyword.internal.KeywordMain.runKeyword(KeywordMain.groovy:70)
	at com.kms.katalon.core.keyword.builtin.DelayKeyword.delay(DelayKeyword.groovy:48)
	at com.kms.katalon.core.keyword.builtin.DelayKeyword.execute(DelayKeyword.groovy:43)
	at com.kms.katalon.core.keyword.internal.KeywordExecutor.executeKeywordForPlatform(KeywordExecutor.groovy:73)
	at com.kms.katalon.core.keyword.BuiltinKeywords.delay(BuiltinKeywords.groovy:375)
	at Carga_2.run(Carga_2:32)
	at com.kms.katalon.core.main.ScriptEngine.run(ScriptEngine.java:194)
	at com.kms.katalon.core.main.ScriptEngine.runScriptAsRawText(ScriptEngine.java:119)
	at com.kms.katalon.core.main.TestCaseExecutor.runScript(TestCaseExecutor.java:369)
	at com.kms.katalon.core.main.TestCaseExecutor.doExecute(TestCaseExecutor.java:360)
	at com.kms.katalon.core.main.TestCaseExecutor.processExecutionPhase(TestCaseExecutor.java:339)
	at com.kms.katalon.core.main.TestCaseExecutor.accessMainPhase(TestCaseExecutor.java:331)
	at com.kms.katalon.core.main.TestCaseExecutor.execute(TestCaseExecutor.java:248)
	at com.kms.katalon.core.main.TestSuiteExecutor.accessTestCaseMainPhase(TestSuiteExecutor.java:191)
	at com.kms.katalon.core.main.TestSuiteExecutor.accessTestSuiteMainPhase(TestSuiteExecutor.java:140)
	at com.kms.katalon.core.main.TestSuiteExecutor.execute(TestSuiteExecutor.java:89)
	at com.kms.katalon.core.main.TestCaseMain.startTestSuite(TestCaseMain.java:185)
	at com.kms.katalon.core.main.TestCaseMain$startTestSuite$0.call(Unknown Source)
	at TempTestSuite1626752579998.run(TempTestSuite1626752579998.groovy:39)
Caused by: java.lang.NullPointerException
	at com.kms.katalon.core.keyword.builtin.DelayKeyword$_delay_closure1.doCall(DelayKeyword.groovy:51)
	at com.kms.katalon.core.keyword.builtin.DelayKeyword$_delay_closure1.call(DelayKeyword.groovy)
	at com.kms.katalon.core.keyword.internal.KeywordMain.runKeyword(KeywordMain.groovy:68)
	... 18 more]]></system-err>
   </testsuite>
</testsuites>
