<?xml version="1.0" encoding="UTF-8"?>
<testsuites name="Test_Collection_TODOS_Random" time="1002.277" tests="9" failures="3" errors="2">
   <testsuite name="Test_suite_6" tests="4" failures="1" errors="1" time="409.641" skipped="0" timestamp="2022-11-23 21:16:00" hostname="admin - 192.168.0.13" id="Test Suites/Test_suite_6">
      <properties>
         <property name="deviceName" value=""/>
         <property name="devicePlatform" value=""/>
         <property name="logFolder" value="C:\\Users\\admin\\Katalon Studio\\Proyectos\\Proyecto_uno\\Reports\\20221123_211544\\Test_suite_6\\20221123_211546"/>
         <property name="logFiles" value="C:\\Users\\admin\\Katalon Studio\\Proyectos\\Proyecto_uno\\Reports\\20221123_211544\\Test_suite_6\\20221123_211546\\execution0.log"/>
         <property name="attachments" value="C:\\Users\\admin\\Katalon Studio\\Proyectos\\Proyecto_uno\\Reports\\20221123_211544\\Test_suite_6\\20221123_211546\\1669249142485.png"/>
         <property name="hostName" value="admin - 192.168.0.13"/>
         <property name="remoteDriverUrl" value="testcloud.katalon.com/hub"/>
         <property name="desiredCapabilities" value="{
  &quot;acceptInsecureCerts&quot;: false,
  &quot;browserName&quot;: &quot;chrome&quot;,
  &quot;browserVersion&quot;: &quot;103.0.5060.53&quot;,
  &quot;chrome&quot;: {
    &quot;chromedriverVersion&quot;: &quot;103.0.5060.53 (a1711811edd74ff1cf2150f36ffa3b0dae40b17f-refs/branch-heads/5060@{#853})&quot;,
    &quot;userDataDir&quot;: &quot;C:\\Users\\ContainerUser\\AppData\\Local\\Temp\\scoped_dir12104_1332717742&quot;
  },
  &quot;goog:chromeOptions&quot;: {
    &quot;debuggerAddress&quot;: &quot;localhost:54879&quot;
  },
  &quot;javascriptEnabled&quot;: true,
  &quot;katalon:option&quot;: {
    &quot;unlimitedExecutionMinutes&quot;: true,
    &quot;jwt&quot;: &quot;eyJ0eXAiOiJKV1QiLCJhbGciOiJSUzI1NiJ9.eyJzdWIiOiJsbm92YWtvdmljaEBlY29zaXN0ZW1hcy5jb20uYXIiLCJ1cG4iOiIxMDgwMDQ1IiwiZ3JvdXBzIjpbIlVTRVIiXSwic3RhdHVzIjoiVkVSSUZJRUQiLCJnaXZlbl9uYW1lIjoiTGp1Ym8iLCJmYW1pbHlfbmFtZSI6Ik5vdmFrb3ZpY2giLCJlbWFpbCI6Imxub3Zha292aWNoQGVjb3Npc3RlbWFzLmNvbS5hciIsImVtYWlsX3ZlcmlmaWVkIjp0cnVlLCJjcmVhdGVkX2F0IjoxNjY4NTQwMTA2LCJ1cGRhdGVkX2F0IjoxNjY5MjQ3ODYwLCJhbXIiOlsicHdkIl0sImlhdCI6MTY2OTI0Nzk4MiwiZXhwIjoxNjY5ODUyNzgyLCJqdGkiOiJiNTRjYzkzYS04NDRlLTRhNWQtYjE5Yy1kMGI4ZTZiMmU0YmQiLCJpc3MiOiJrYXRhbG9uLWF1dGgifQ.Mm9HueD0P_sWOOMWazM_FhriUpap90JAki1Y-QEi-L3yMtCaLWgSGhG4AWwscJQ4hHaO_5ZzapxfD5RDzXEy_3NeUQ3l3oa-NaN6sbw-Cqp9K2T-w3hWMOPuVxOYGFo0PWEWb-OWfYumT6VkZKFxTA4ePbfopgpT1a5-O-vi8niOZ9skmM-pX6Zm4cNxLlBKzwgMNnnpplNlZAA24LdpOlGz4u5mwi_PeE-YjDXRkReSeJo2aQzzjfr88O5XMgPV5_vbYwNnJ9-PuDE_FpFxPnec9R6Sb8TZ0yeVQ7aNZxKJUeTUlMyjk92Se02_EhNH-VYBSfzCEk2qCD7cTJECJw&quot;,
    &quot;userId&quot;: 1080045,
    &quot;organizationId&quot;: &quot;987205&quot;,
    &quot;class&quot;: &quot;com.katalon.testcloud.grid.common.tunnel.domain.UserOptionCapability&quot;,
    &quot;usingTunnel&quot;: false,
    &quot;username&quot;: &quot;lnovakovich@ecosistemas.com.ar&quot;
  },
  &quot;networkConnectionEnabled&quot;: false,
  &quot;pageLoadStrategy&quot;: &quot;normal&quot;,
  &quot;platform&quot;: &quot;WINDOWS&quot;,
  &quot;platformName&quot;: &quot;WINDOWS&quot;,
  &quot;proxy&quot;: {
    &quot;proxyType&quot;: &quot;DIRECT&quot;,
    &quot;autodetect&quot;: false
  },
  &quot;requestId&quot;: &quot;eab85fc6-9ba4-4923-a39e-b49e612c07c8&quot;,
  &quot;se:cdp&quot;: &quot;ws://172.48.69.182:4444/session/112e4a8acd93c6f63287d1af03c4ab37/se/cdp&quot;,
  &quot;se:cdpVersion&quot;: &quot;103.0.5060.53&quot;,
  &quot;setWindowRect&quot;: true,
  &quot;strictFileInteractability&quot;: false,
  &quot;timeouts&quot;: {
    &quot;implicit&quot;: 0,
    &quot;pageLoad&quot;: 300000,
    &quot;script&quot;: 30000
  },
  &quot;unhandledPromptBehavior&quot;: &quot;dismiss and notify&quot;,
  &quot;webauthn:extension:credBlob&quot;: true,
  &quot;webauthn:extension:largeBlob&quot;: true,
  &quot;webauthn:virtualAuthenticators&quot;: true
}"/>
         <property name="os" value="Windows 10 64bit"/>
         <property name="remoteOS" value="Windows"/>
         <property name="katalonVersion" value="8.5.2.208"/>
         <property name="browser" value="Chrome 103.0.5060.53"/>
         <property name="hostAddress" value="192.168.0.13"/>
         <property name="sessionId" value="112e4a8acd93c6f63287d1af03c4ab37"/>
         <property name="seleniumVersion" value="3.141.59"/>
         <property name="proxyInformation" value="ProxyInformation { proxyOption=NO_PROXY, proxyServerType=HTTP, username=, password=********, proxyServerAddress=, proxyServerPort=0, executionList=&quot;&quot;, isApplyToDesiredCapabilities=true }"/>
         <property name="platform" value="Windows 10"/>
      </properties>
      <testcase name="Test Cases/Test_script/Test_por_script" time="85.755" classname="Test Cases/Test_script/Test_por_script" status="PASSED">
         <system-out><![CDATA[2022-11-23 21:16:01 - [TEST_CASE][PASSED] - Test Cases/Test_script/Test_por_script: Test Cases/Test_script/Test_por_script

2022-11-23 21:16:01 - [TEST_STEP][PASSED] - openBrowser(""): Browser is opened with url: ''

2022-11-23 21:16:02 - [MESSAGE][INFO] - User set preference: ['os', 'windows']

2022-11-23 21:16:02 - [MESSAGE][INFO] - User set preference: ['browserName', 'chrome']

2022-11-23 21:16:02 - [MESSAGE][INFO] - User set preference: ['browserVersion', '103']

2022-11-23 21:16:02 - [MESSAGE][INFO] - User set preference: ['katalon:option', '{organizationId=987205, tunnelId=, usingTunnel=false}']

2022-11-23 21:16:02 - [MESSAGE][INFO] - Connecting to remote web server 'testcloud.katalon.com/hub' with type 'Selenium'

2022-11-23 21:16:03 - [MESSAGE][INFO] - Action delay is set to 0 milliseconds

2022-11-23 21:16:52 - [MESSAGE][PASSED] - Browser is opened with url: ''

2022-11-23 21:16:52 - [TEST_STEP][PASSED] - navigateToUrl("https://demoqa.com/text-box"): Navigate to 'https://demoqa.com/text-box' successfully

2022-11-23 21:16:56 - [MESSAGE][PASSED] - Navigate to 'https://demoqa.com/text-box' successfully

2022-11-23 21:16:56 - [TEST_STEP][PASSED] - maximizeWindow(): Current window maximized

2022-11-23 21:16:57 - [MESSAGE][PASSED] - Current window maximized

2022-11-23 21:16:57 - [TEST_STEP][PASSED] - setText(findTestObject("Object Repository/Script/Page_ToolsQA/input_Full Name_userName"), "Ljubo"): Text 'Ljubo' is set on object 'Object Repository/Script/Page_ToolsQA/input_Full Name_userName'

2022-11-23 21:17:05 - [MESSAGE][PASSED] - Text 'Ljubo' is set on object 'Object Repository/Script/Page_ToolsQA/input_Full Name_userName'

2022-11-23 21:17:05 - [TEST_STEP][PASSED] - setText(findTestObject("Object Repository/Script/Page_ToolsQA/input_Email_userEmail"), "Ljubo@gmail.com"): Text 'Ljubo@gmail.com' is set on object 'Object Repository/Script/Page_ToolsQA/input_Email_userEmail'

2022-11-23 21:17:10 - [MESSAGE][PASSED] - Text 'Ljubo@gmail.com' is set on object 'Object Repository/Script/Page_ToolsQA/input_Email_userEmail'

2022-11-23 21:17:10 - [TEST_STEP][PASSED] - setText(findTestObject("Object Repository/Script/Page_ToolsQA/textarea_Current Address_currentAddress"), "Dirección uno"): Text 'Dirección uno' is set on object 'Object Repository/Script/Page_ToolsQA/textarea_Current Address_currentAddress'

2022-11-23 21:17:17 - [MESSAGE][PASSED] - Text 'Dirección uno' is set on object 'Object Repository/Script/Page_ToolsQA/textarea_Current Address_currentAddress'

2022-11-23 21:17:17 - [TEST_STEP][PASSED] - setText(findTestObject("Object Repository/Script/Page_ToolsQA/textarea_Permanent Address_permanentAddress"), "Dirección dos"): Text 'Dirección dos' is set on object 'Object Repository/Script/Page_ToolsQA/textarea_Permanent Address_permanentAddress'

2022-11-23 21:17:22 - [MESSAGE][PASSED] - Text 'Dirección dos' is set on object 'Object Repository/Script/Page_ToolsQA/textarea_Permanent Address_permanentAddress'

2022-11-23 21:17:22 - [TEST_STEP][PASSED] - scrollToPosition(0, 140): Browser is scrolled to position x = 0, y = 140

2022-11-23 21:17:22 - [MESSAGE][PASSED] - Browser is scrolled to position x = 0, y = 140

2022-11-23 21:17:22 - [TEST_STEP][PASSED] - click(findTestObject("Object Repository/Script/Page_ToolsQA/button_Submit")): Object: 'Object Repository/Script/Page_ToolsQA/button_Submit' is clicked on

2022-11-23 21:17:25 - [MESSAGE][PASSED] - Object: 'Object Repository/Script/Page_ToolsQA/button_Submit' is clicked on

2022-11-23 21:17:25 - [TEST_STEP][PASSED] - closeBrowser(): Browser is closed

2022-11-23 21:17:26 - [MESSAGE][PASSED] - Browser is closed]]></system-out>
         <system-err><![CDATA[]]></system-err>
      </testcase>
      <testcase name="Test Cases/Validar_calculo/Validar_calculo" time="97.068" classname="Test Cases/Validar_calculo/Validar_calculo" status="FAILED">
         <failure type="FAILED" message="Test Cases/Validar_calculo/Validar_calculo FAILED.
Reason:
com.kms.katalon.core.exception.StepFailedException: Unable to set text '5' of object 'Object Repository/Validar_campo/Page_Selenium Easy Demo - Simple Form to Au_3f5468/input_Enter a_sum1'
	at com.kms.katalon.core.webui.keyword.internal.WebUIKeywordMain.stepFailed(WebUIKeywordMain.groovy:64)
	at com.kms.katalon.core.webui.keyword.internal.WebUIKeywordMain.runKeyword(WebUIKeywordMain.groovy:26)
	at com.kms.katalon.core.webui.keyword.builtin.SetTextKeyword.setText(SetTextKeyword.groovy:66)
	at com.kms.katalon.core.webui.keyword.builtin.SetTextKeyword.execute(SetTextKeyword.groovy:37)
	at com.kms.katalon.core.keyword.internal.KeywordExecutor.executeKeywordForPlatform(KeywordExecutor.groovy:74)
	at com.kms.katalon.core.webui.keyword.WebUiBuiltInKeywords.setText(WebUiBuiltInKeywords.groovy:980)
	at com.kms.katalon.core.webui.keyword.WebUiBuiltInKeywords$setText$2.call(Unknown Source)
	at Validar_calculo.run(Validar_calculo:31)
	at com.kms.katalon.core.main.ScriptEngine.run(ScriptEngine.java:194)
	at com.kms.katalon.core.main.ScriptEngine.runScriptAsRawText(ScriptEngine.java:119)
	at com.kms.katalon.core.main.TestCaseExecutor.runScript(TestCaseExecutor.java:448)
	at com.kms.katalon.core.main.TestCaseExecutor.doExecute(TestCaseExecutor.java:439)
	at com.kms.katalon.core.main.TestCaseExecutor.processExecutionPhase(TestCaseExecutor.java:418)
	at com.kms.katalon.core.main.TestCaseExecutor.accessMainPhase(TestCaseExecutor.java:410)
	at com.kms.katalon.core.main.TestCaseExecutor.execute(TestCaseExecutor.java:285)
	at com.kms.katalon.core.common.CommonExecutor.accessTestCaseMainPhase(CommonExecutor.java:65)
	at com.kms.katalon.core.main.TestSuiteExecutor.accessTestSuiteMainPhase(TestSuiteExecutor.java:151)
	at com.kms.katalon.core.main.TestSuiteExecutor.execute(TestSuiteExecutor.java:106)
	at com.kms.katalon.core.main.TestCaseMain.startTestSuite(TestCaseMain.java:185)
	at com.kms.katalon.core.main.TestCaseMain$startTestSuite$0.call(Unknown Source)
	at TempTestSuite1669248946076.run(TempTestSuite1669248946076.groovy:36)
Caused by: com.kms.katalon.core.webui.exception.WebElementNotFoundException: Web element with id: 'Object Repository/Validar_campo/Page_Selenium Easy Demo - Simple Form to Au_3f5468/input_Enter a_sum1' located by '//input[@id='sum1']' not found
	at com.kms.katalon.core.webui.common.WebUiCommonHelper.findWebElement(WebUiCommonHelper.java:1370)
	at com.kms.katalon.core.webui.keyword.internal.WebUIAbstractKeyword.findWebElement(WebUIAbstractKeyword.groovy:27)
	at com.kms.katalon.core.webui.keyword.internal.WebUIAbstractKeyword.findWebElement(WebUIAbstractKeyword.groovy:26)
	at com.kms.katalon.core.webui.keyword.builtin.SetTextKeyword$_setText_closure1.doCall(SetTextKeyword.groovy:51)
	at com.kms.katalon.core.webui.keyword.builtin.SetTextKeyword$_setText_closure1.call(SetTextKeyword.groovy)
	at com.kms.katalon.core.webui.keyword.internal.WebUIKeywordMain.runKeyword(WebUIKeywordMain.groovy:20)
	... 19 more
"/>
         <system-out><![CDATA[2022-11-23 21:17:26 - [TEST_CASE][FAILED] - Test Cases/Validar_calculo/Validar_calculo: Test Cases/Validar_calculo/Validar_calculo FAILED.
Reason:
com.kms.katalon.core.exception.StepFailedException: Unable to set text '5' of object 'Object Repository/Validar_campo/Page_Selenium Easy Demo - Simple Form to Au_3f5468/input_Enter a_sum1'
	at com.kms.katalon.core.webui.keyword.internal.WebUIKeywordMain.stepFailed(WebUIKeywordMain.groovy:64)
	at com.kms.katalon.core.webui.keyword.internal.WebUIKeywordMain.runKeyword(WebUIKeywordMain.groovy:26)
	at com.kms.katalon.core.webui.keyword.builtin.SetTextKeyword.setText(SetTextKeyword.groovy:66)
	at com.kms.katalon.core.webui.keyword.builtin.SetTextKeyword.execute(SetTextKeyword.groovy:37)
	at com.kms.katalon.core.keyword.internal.KeywordExecutor.executeKeywordForPlatform(KeywordExecutor.groovy:74)
	at com.kms.katalon.core.webui.keyword.WebUiBuiltInKeywords.setText(WebUiBuiltInKeywords.groovy:980)
	at com.kms.katalon.core.webui.keyword.WebUiBuiltInKeywords$setText$2.call(Unknown Source)
	at Validar_calculo.run(Validar_calculo:31)
	at com.kms.katalon.core.main.ScriptEngine.run(ScriptEngine.java:194)
	at com.kms.katalon.core.main.ScriptEngine.runScriptAsRawText(ScriptEngine.java:119)
	at com.kms.katalon.core.main.TestCaseExecutor.runScript(TestCaseExecutor.java:448)
	at com.kms.katalon.core.main.TestCaseExecutor.doExecute(TestCaseExecutor.java:439)
	at com.kms.katalon.core.main.TestCaseExecutor.processExecutionPhase(TestCaseExecutor.java:418)
	at com.kms.katalon.core.main.TestCaseExecutor.accessMainPhase(TestCaseExecutor.java:410)
	at com.kms.katalon.core.main.TestCaseExecutor.execute(TestCaseExecutor.java:285)
	at com.kms.katalon.core.common.CommonExecutor.accessTestCaseMainPhase(CommonExecutor.java:65)
	at com.kms.katalon.core.main.TestSuiteExecutor.accessTestSuiteMainPhase(TestSuiteExecutor.java:151)
	at com.kms.katalon.core.main.TestSuiteExecutor.execute(TestSuiteExecutor.java:106)
	at com.kms.katalon.core.main.TestCaseMain.startTestSuite(TestCaseMain.java:185)
	at com.kms.katalon.core.main.TestCaseMain$startTestSuite$0.call(Unknown Source)
	at TempTestSuite1669248946076.run(TempTestSuite1669248946076.groovy:36)
Caused by: com.kms.katalon.core.webui.exception.WebElementNotFoundException: Web element with id: 'Object Repository/Validar_campo/Page_Selenium Easy Demo - Simple Form to Au_3f5468/input_Enter a_sum1' located by '//input[@id='sum1']' not found
	at com.kms.katalon.core.webui.common.WebUiCommonHelper.findWebElement(WebUiCommonHelper.java:1370)
	at com.kms.katalon.core.webui.keyword.internal.WebUIAbstractKeyword.findWebElement(WebUIAbstractKeyword.groovy:27)
	at com.kms.katalon.core.webui.keyword.internal.WebUIAbstractKeyword.findWebElement(WebUIAbstractKeyword.groovy:26)
	at com.kms.katalon.core.webui.keyword.builtin.SetTextKeyword$_setText_closure1.doCall(SetTextKeyword.groovy:51)
	at com.kms.katalon.core.webui.keyword.builtin.SetTextKeyword$_setText_closure1.call(SetTextKeyword.groovy)
	at com.kms.katalon.core.webui.keyword.internal.WebUIKeywordMain.runKeyword(WebUIKeywordMain.groovy:20)
	... 19 more


2022-11-23 21:17:27 - [TEST_STEP][PASSED] - openBrowser(""): Browser is opened with url: ''

2022-11-23 21:17:27 - [MESSAGE][INFO] - User set preference: ['os', 'windows']

2022-11-23 21:17:27 - [MESSAGE][INFO] - User set preference: ['browserName', 'chrome']

2022-11-23 21:17:27 - [MESSAGE][INFO] - User set preference: ['browserVersion', '103']

2022-11-23 21:17:27 - [MESSAGE][INFO] - User set preference: ['katalon:option', '{organizationId=987205, tunnelId=, usingTunnel=false}']

2022-11-23 21:17:27 - [MESSAGE][INFO] - Connecting to remote web server 'testcloud.katalon.com/hub' with type 'Selenium'

2022-11-23 21:17:27 - [MESSAGE][INFO] - Action delay is set to 0 milliseconds

2022-11-23 21:18:20 - [MESSAGE][PASSED] - Browser is opened with url: ''

2022-11-23 21:18:20 - [TEST_STEP][PASSED] - navigateToUrl("https://www.seleniumeasy.com/test/basic-first-form-demo.html"): Navigate to 'https://www.seleniumeasy.com/test/basic-first-form-demo.html' successfully

2022-11-23 21:18:24 - [MESSAGE][PASSED] - Navigate to 'https://www.seleniumeasy.com/test/basic-first-form-demo.html' successfully

2022-11-23 21:18:24 - [TEST_STEP][PASSED] - maximizeWindow(): Current window maximized

2022-11-23 21:18:25 - [MESSAGE][PASSED] - Current window maximized

2022-11-23 21:18:25 - [TEST_STEP][PASSED] - waitForElementClickable(findTestObject("Validar_campo/Page_Selenium Easy Demo - Simple Form to Au_3f5468/a_No, thanks"), 3): Object 'Object Repository/Validar_campo/Page_Selenium Easy Demo - Simple Form to Au_3f5468/a_No, thanks' is clickable

2022-11-23 21:18:30 - [MESSAGE][INFO] - Unable to find the element located by 'By.xpath: //div[@id='at-cv-lightbox-button-holder']/a[2]'. Please recheck the objects properties to make sure the desired element is located. 

2022-11-23 21:18:30 - [MESSAGE][WARNING] - [SELF-HEALING] Failed to find element with id 'Object Repository/Validar_campo/Page_Selenium Easy Demo - Simple Form to Au_3f5468/a_No, thanks'. Try using Self-healing.

2022-11-23 21:18:32 - [MESSAGE][WARNING] - [SELF-HEALING] The current locator of test object 'Object Repository/Validar_campo/Page_Selenium Easy Demo - Simple Form to Au_3f5468/a_No, thanks' was broken. Propose an alternative one: '//a[2]'.

2022-11-23 21:18:32 - [MESSAGE][PASSED] - Object 'Object Repository/Validar_campo/Page_Selenium Easy Demo - Simple Form to Au_3f5468/a_No, thanks' is clickable

2022-11-23 21:18:32 - [TEST_STEP][PASSED] - click(findTestObject("Object Repository/Validar_campo/Page_Selenium Easy Demo - Simple Form to Au_3f5468/a_No, thanks")): Object: 'Object Repository/Validar_campo/Page_Selenium Easy Demo - Simple Form to Au_3f5468/a_No, thanks' is clicked on

2022-11-23 21:18:38 - [MESSAGE][INFO] - Unable to find the element located by 'By.xpath: //div[@id='at-cv-lightbox-button-holder']/a[2]'. Please recheck the objects properties to make sure the desired element is located. 

2022-11-23 21:18:38 - [MESSAGE][WARNING] - [SELF-HEALING] Failed to find element with id 'Object Repository/Validar_campo/Page_Selenium Easy Demo - Simple Form to Au_3f5468/a_No, thanks'. Try using Self-healing.

2022-11-23 21:18:42 - [MESSAGE][WARNING] - [SELF-HEALING] The current locator of test object 'Object Repository/Validar_campo/Page_Selenium Easy Demo - Simple Form to Au_3f5468/a_No, thanks' was broken. Propose an alternative one: '//a[2]'.

2022-11-23 21:18:44 - [MESSAGE][PASSED] - Object: 'Object Repository/Validar_campo/Page_Selenium Easy Demo - Simple Form to Au_3f5468/a_No, thanks' is clicked on

2022-11-23 21:18:44 - [TEST_STEP][FAILED] - setText(findTestObject("Object Repository/Validar_campo/Page_Selenium Easy Demo - Simple Form to Au_3f5468/input_Enter a_sum1"), "5"): Unable to set text '5' of object 'Object Repository/Validar_campo/Page_Selenium Easy Demo - Simple Form to Au_3f5468/input_Enter a_sum1' (Root cause: com.kms.katalon.core.exception.StepFailedException: Unable to set text '5' of object 'Object Repository/Validar_campo/Page_Selenium Easy Demo - Simple Form to Au_3f5468/input_Enter a_sum1'
	at com.kms.katalon.core.webui.keyword.internal.WebUIKeywordMain.stepFailed(WebUIKeywordMain.groovy:64)
	at com.kms.katalon.core.webui.keyword.internal.WebUIKeywordMain.runKeyword(WebUIKeywordMain.groovy:26)
	at com.kms.katalon.core.webui.keyword.builtin.SetTextKeyword.setText(SetTextKeyword.groovy:66)
	at com.kms.katalon.core.webui.keyword.builtin.SetTextKeyword.execute(SetTextKeyword.groovy:37)
	at com.kms.katalon.core.keyword.internal.KeywordExecutor.executeKeywordForPlatform(KeywordExecutor.groovy:74)
	at com.kms.katalon.core.webui.keyword.WebUiBuiltInKeywords.setText(WebUiBuiltInKeywords.groovy:980)
	at com.kms.katalon.core.webui.keyword.WebUiBuiltInKeywords$setText$2.call(Unknown Source)
	at Validar_calculo.run(Validar_calculo:31)
	at com.kms.katalon.core.main.ScriptEngine.run(ScriptEngine.java:194)
	at com.kms.katalon.core.main.ScriptEngine.runScriptAsRawText(ScriptEngine.java:119)
	at com.kms.katalon.core.main.TestCaseExecutor.runScript(TestCaseExecutor.java:448)
	at com.kms.katalon.core.main.TestCaseExecutor.doExecute(TestCaseExecutor.java:439)
	at com.kms.katalon.core.main.TestCaseExecutor.processExecutionPhase(TestCaseExecutor.java:418)
	at com.kms.katalon.core.main.TestCaseExecutor.accessMainPhase(TestCaseExecutor.java:410)
	at com.kms.katalon.core.main.TestCaseExecutor.execute(TestCaseExecutor.java:285)
	at com.kms.katalon.core.common.CommonExecutor.accessTestCaseMainPhase(CommonExecutor.java:65)
	at com.kms.katalon.core.main.TestSuiteExecutor.accessTestSuiteMainPhase(TestSuiteExecutor.java:151)
	at com.kms.katalon.core.main.TestSuiteExecutor.execute(TestSuiteExecutor.java:106)
	at com.kms.katalon.core.main.TestCaseMain.startTestSuite(TestCaseMain.java:185)
	at com.kms.katalon.core.main.TestCaseMain$startTestSuite$0.call(Unknown Source)
	at TempTestSuite1669248946076.run(TempTestSuite1669248946076.groovy:36)
Caused by: com.kms.katalon.core.webui.exception.WebElementNotFoundException: Web element with id: 'Object Repository/Validar_campo/Page_Selenium Easy Demo - Simple Form to Au_3f5468/input_Enter a_sum1' located by '//input[@id='sum1']' not found
	at com.kms.katalon.core.webui.common.WebUiCommonHelper.findWebElement(WebUiCommonHelper.java:1370)
	at com.kms.katalon.core.webui.keyword.internal.WebUIAbstractKeyword.findWebElement(WebUIAbstractKeyword.groovy:27)
	at com.kms.katalon.core.webui.keyword.internal.WebUIAbstractKeyword.findWebElement(WebUIAbstractKeyword.groovy:26)
	at com.kms.katalon.core.webui.keyword.builtin.SetTextKeyword$_setText_closure1.doCall(SetTextKeyword.groovy:51)
	at com.kms.katalon.core.webui.keyword.builtin.SetTextKeyword$_setText_closure1.call(SetTextKeyword.groovy)
	at com.kms.katalon.core.webui.keyword.internal.WebUIKeywordMain.runKeyword(WebUIKeywordMain.groovy:20)
	at com.kms.katalon.core.webui.keyword.builtin.SetTextKeyword.setText(SetTextKeyword.groovy:66)
	at com.kms.katalon.core.webui.keyword.builtin.SetTextKeyword.execute(SetTextKeyword.groovy:37)
	at com.kms.katalon.core.keyword.internal.KeywordExecutor.executeKeywordForPlatform(KeywordExecutor.groovy:74)
	at com.kms.katalon.core.webui.keyword.WebUiBuiltInKeywords.setText(WebUiBuiltInKeywords.groovy:980)
	at com.kms.katalon.core.webui.keyword.WebUiBuiltInKeywords$setText$2.call(Unknown Source)
	at Script1626389474082.run(Script1626389474082.groovy:31)
	... 13 more
)

2022-11-23 21:18:51 - [MESSAGE][INFO] - Unable to find the element located by 'By.xpath: //input[@id='sum1']'. Please recheck the objects properties to make sure the desired element is located. 

2022-11-23 21:18:51 - [MESSAGE][WARNING] - [SELF-HEALING] Failed to find element with id 'Object Repository/Validar_campo/Page_Selenium Easy Demo - Simple Form to Au_3f5468/input_Enter a_sum1'. Try using Self-healing.

2022-11-23 21:18:55 - [MESSAGE][INFO] - [SELF-HEALING] Failed Locator: '//input[@id='sum1']'.

2022-11-23 21:18:56 - [MESSAGE][INFO] - [SELF-HEALING] Failed Locator: '//form[@id='gettotal']/div/input'.

2022-11-23 21:18:58 - [MESSAGE][INFO] - [SELF-HEALING] Failed Locator: '//div[2]/div[2]/form/div/input'.

2022-11-23 21:18:59 - [MESSAGE][INFO] - Unable to find the element located by 'By.xpath: //*[@type = 'text' and @placeholder = 'Enter value' and @id = 'sum1']'. Please recheck the objects properties to make sure the desired element is located. 

2022-11-23 21:19:02 - [MESSAGE][INFO] - Unable to find the element located by 'By.cssSelector: #sum1'. Please recheck the objects properties to make sure the desired element is located. 

2022-11-23 21:19:03 - [MESSAGE][FAILED] - Unable to set text '5' of object 'Object Repository/Validar_campo/Page_Selenium Easy Demo - Simple Form to Au_3f5468/input_Enter a_sum1' (Root cause: com.kms.katalon.core.exception.StepFailedException: Unable to set text '5' of object 'Object Repository/Validar_campo/Page_Selenium Easy Demo - Simple Form to Au_3f5468/input_Enter a_sum1'
	at com.kms.katalon.core.webui.keyword.internal.WebUIKeywordMain.stepFailed(WebUIKeywordMain.groovy:64)
	at com.kms.katalon.core.webui.keyword.internal.WebUIKeywordMain.runKeyword(WebUIKeywordMain.groovy:26)
	at com.kms.katalon.core.webui.keyword.builtin.SetTextKeyword.setText(SetTextKeyword.groovy:66)
	at com.kms.katalon.core.webui.keyword.builtin.SetTextKeyword.execute(SetTextKeyword.groovy:37)
	at com.kms.katalon.core.keyword.internal.KeywordExecutor.executeKeywordForPlatform(KeywordExecutor.groovy:74)
	at com.kms.katalon.core.webui.keyword.WebUiBuiltInKeywords.setText(WebUiBuiltInKeywords.groovy:980)
	at com.kms.katalon.core.webui.keyword.WebUiBuiltInKeywords$setText$2.call(Unknown Source)
	at Validar_calculo.run(Validar_calculo:31)
	at com.kms.katalon.core.main.ScriptEngine.run(ScriptEngine.java:194)
	at com.kms.katalon.core.main.ScriptEngine.runScriptAsRawText(ScriptEngine.java:119)
	at com.kms.katalon.core.main.TestCaseExecutor.runScript(TestCaseExecutor.java:448)
	at com.kms.katalon.core.main.TestCaseExecutor.doExecute(TestCaseExecutor.java:439)
	at com.kms.katalon.core.main.TestCaseExecutor.processExecutionPhase(TestCaseExecutor.java:418)
	at com.kms.katalon.core.main.TestCaseExecutor.accessMainPhase(TestCaseExecutor.java:410)
	at com.kms.katalon.core.main.TestCaseExecutor.execute(TestCaseExecutor.java:285)
	at com.kms.katalon.core.common.CommonExecutor.accessTestCaseMainPhase(CommonExecutor.java:65)
	at com.kms.katalon.core.main.TestSuiteExecutor.accessTestSuiteMainPhase(TestSuiteExecutor.java:151)
	at com.kms.katalon.core.main.TestSuiteExecutor.execute(TestSuiteExecutor.java:106)
	at com.kms.katalon.core.main.TestCaseMain.startTestSuite(TestCaseMain.java:185)
	at com.kms.katalon.core.main.TestCaseMain$startTestSuite$0.call(Unknown Source)
	at TempTestSuite1669248946076.run(TempTestSuite1669248946076.groovy:36)
Caused by: com.kms.katalon.core.webui.exception.WebElementNotFoundException: Web element with id: 'Object Repository/Validar_campo/Page_Selenium Easy Demo - Simple Form to Au_3f5468/input_Enter a_sum1' located by '//input[@id='sum1']' not found
	at com.kms.katalon.core.webui.common.WebUiCommonHelper.findWebElement(WebUiCommonHelper.java:1370)
	at com.kms.katalon.core.webui.keyword.internal.WebUIAbstractKeyword.findWebElement(WebUIAbstractKeyword.groovy:27)
	at com.kms.katalon.core.webui.keyword.internal.WebUIAbstractKeyword.findWebElement(WebUIAbstractKeyword.groovy:26)
	at com.kms.katalon.core.webui.keyword.builtin.SetTextKeyword$_setText_closure1.doCall(SetTextKeyword.groovy:51)
	at com.kms.katalon.core.webui.keyword.builtin.SetTextKeyword$_setText_closure1.call(SetTextKeyword.groovy)
	at com.kms.katalon.core.webui.keyword.internal.WebUIKeywordMain.runKeyword(WebUIKeywordMain.groovy:20)
	at com.kms.katalon.core.webui.keyword.builtin.SetTextKeyword.setText(SetTextKeyword.groovy:66)
	at com.kms.katalon.core.webui.keyword.builtin.SetTextKeyword.execute(SetTextKeyword.groovy:37)
	at com.kms.katalon.core.keyword.internal.KeywordExecutor.executeKeywordForPlatform(KeywordExecutor.groovy:74)
	at com.kms.katalon.core.webui.keyword.WebUiBuiltInKeywords.setText(WebUiBuiltInKeywords.groovy:980)
	at com.kms.katalon.core.webui.keyword.WebUiBuiltInKeywords$setText$2.call(Unknown Source)
	at Script1626389474082.run(Script1626389474082.groovy:31)
	... 13 more
)
[[ATTACHMENT|C:\\Users\\admin\\Katalon Studio\\Proyectos\\Proyecto_uno\\Reports\\20221123_211544\\Test_suite_6\\20221123_211546\\1669249142485.png]]]]></system-out>
         <system-err><![CDATA[2022-11-23 21:17:26 - [TEST_CASE][FAILED] - Test Cases/Validar_calculo/Validar_calculo: Test Cases/Validar_calculo/Validar_calculo FAILED.
Reason:
com.kms.katalon.core.exception.StepFailedException: Unable to set text '5' of object 'Object Repository/Validar_campo/Page_Selenium Easy Demo - Simple Form to Au_3f5468/input_Enter a_sum1'
	at com.kms.katalon.core.webui.keyword.internal.WebUIKeywordMain.stepFailed(WebUIKeywordMain.groovy:64)
	at com.kms.katalon.core.webui.keyword.internal.WebUIKeywordMain.runKeyword(WebUIKeywordMain.groovy:26)
	at com.kms.katalon.core.webui.keyword.builtin.SetTextKeyword.setText(SetTextKeyword.groovy:66)
	at com.kms.katalon.core.webui.keyword.builtin.SetTextKeyword.execute(SetTextKeyword.groovy:37)
	at com.kms.katalon.core.keyword.internal.KeywordExecutor.executeKeywordForPlatform(KeywordExecutor.groovy:74)
	at com.kms.katalon.core.webui.keyword.WebUiBuiltInKeywords.setText(WebUiBuiltInKeywords.groovy:980)
	at com.kms.katalon.core.webui.keyword.WebUiBuiltInKeywords$setText$2.call(Unknown Source)
	at Validar_calculo.run(Validar_calculo:31)
	at com.kms.katalon.core.main.ScriptEngine.run(ScriptEngine.java:194)
	at com.kms.katalon.core.main.ScriptEngine.runScriptAsRawText(ScriptEngine.java:119)
	at com.kms.katalon.core.main.TestCaseExecutor.runScript(TestCaseExecutor.java:448)
	at com.kms.katalon.core.main.TestCaseExecutor.doExecute(TestCaseExecutor.java:439)
	at com.kms.katalon.core.main.TestCaseExecutor.processExecutionPhase(TestCaseExecutor.java:418)
	at com.kms.katalon.core.main.TestCaseExecutor.accessMainPhase(TestCaseExecutor.java:410)
	at com.kms.katalon.core.main.TestCaseExecutor.execute(TestCaseExecutor.java:285)
	at com.kms.katalon.core.common.CommonExecutor.accessTestCaseMainPhase(CommonExecutor.java:65)
	at com.kms.katalon.core.main.TestSuiteExecutor.accessTestSuiteMainPhase(TestSuiteExecutor.java:151)
	at com.kms.katalon.core.main.TestSuiteExecutor.execute(TestSuiteExecutor.java:106)
	at com.kms.katalon.core.main.TestCaseMain.startTestSuite(TestCaseMain.java:185)
	at com.kms.katalon.core.main.TestCaseMain$startTestSuite$0.call(Unknown Source)
	at TempTestSuite1669248946076.run(TempTestSuite1669248946076.groovy:36)
Caused by: com.kms.katalon.core.webui.exception.WebElementNotFoundException: Web element with id: 'Object Repository/Validar_campo/Page_Selenium Easy Demo - Simple Form to Au_3f5468/input_Enter a_sum1' located by '//input[@id='sum1']' not found
	at com.kms.katalon.core.webui.common.WebUiCommonHelper.findWebElement(WebUiCommonHelper.java:1370)
	at com.kms.katalon.core.webui.keyword.internal.WebUIAbstractKeyword.findWebElement(WebUIAbstractKeyword.groovy:27)
	at com.kms.katalon.core.webui.keyword.internal.WebUIAbstractKeyword.findWebElement(WebUIAbstractKeyword.groovy:26)
	at com.kms.katalon.core.webui.keyword.builtin.SetTextKeyword$_setText_closure1.doCall(SetTextKeyword.groovy:51)
	at com.kms.katalon.core.webui.keyword.builtin.SetTextKeyword$_setText_closure1.call(SetTextKeyword.groovy)
	at com.kms.katalon.core.webui.keyword.internal.WebUIKeywordMain.runKeyword(WebUIKeywordMain.groovy:20)
	... 19 more]]></system-err>
      </testcase>
      <testcase name="Test Cases/Variables/Variables" time="108.214" classname="Test Cases/Variables/Variables" status="PASSED">
         <system-out><![CDATA[2022-11-23 21:19:04 - [TEST_CASE][PASSED] - Test Cases/Variables/Variables: Test Cases/Variables/Variables

2022-11-23 21:19:04 - [TEST_STEP][PASSED] - openBrowser(""): Browser is opened with url: ''

2022-11-23 21:19:04 - [MESSAGE][WARNING] - A browser is already opened. Closing browser and opening a new one

2022-11-23 21:19:06 - [MESSAGE][INFO] - User set preference: ['os', 'windows']

2022-11-23 21:19:06 - [MESSAGE][INFO] - User set preference: ['browserName', 'chrome']

2022-11-23 21:19:06 - [MESSAGE][INFO] - User set preference: ['browserVersion', '103']

2022-11-23 21:19:06 - [MESSAGE][INFO] - User set preference: ['katalon:option', '{organizationId=987205, tunnelId=, usingTunnel=false}']

2022-11-23 21:19:06 - [MESSAGE][INFO] - Connecting to remote web server 'testcloud.katalon.com/hub' with type 'Selenium'

2022-11-23 21:19:06 - [MESSAGE][INFO] - Action delay is set to 0 milliseconds

2022-11-23 21:19:51 - [MESSAGE][PASSED] - Browser is opened with url: ''

2022-11-23 21:19:51 - [TEST_STEP][PASSED] - navigateToUrl("https://demoqa.com/webtables"): Navigate to 'https://demoqa.com/webtables' successfully

2022-11-23 21:19:54 - [MESSAGE][PASSED] - Navigate to 'https://demoqa.com/webtables' successfully

2022-11-23 21:19:54 - [TEST_STEP][PASSED] - click(findTestObject("Object Repository/Variables/Page_ToolsQA/button_Add")): Object: 'Object Repository/Variables/Page_ToolsQA/button_Add' is clicked on

2022-11-23 21:19:58 - [MESSAGE][PASSED] - Object: 'Object Repository/Variables/Page_ToolsQA/button_Add' is clicked on

2022-11-23 21:19:58 - [TEST_STEP][PASSED] - setText(findTestObject("Object Repository/Variables/Page_ToolsQA/input_First Name_firstName"), "Juan"): Text 'Juan' is set on object 'Object Repository/Variables/Page_ToolsQA/input_First Name_firstName'

2022-11-23 21:20:03 - [MESSAGE][PASSED] - Text 'Juan' is set on object 'Object Repository/Variables/Page_ToolsQA/input_First Name_firstName'

2022-11-23 21:20:03 - [TEST_STEP][PASSED] - click(findTestObject("Object Repository/Variables/Page_ToolsQA/input_Last Name_lastName")): Object: 'Object Repository/Variables/Page_ToolsQA/input_Last Name_lastName' is clicked on

2022-11-23 21:20:05 - [MESSAGE][PASSED] - Object: 'Object Repository/Variables/Page_ToolsQA/input_Last Name_lastName' is clicked on

2022-11-23 21:20:05 - [TEST_STEP][PASSED] - setText(findTestObject("Object Repository/Variables/Page_ToolsQA/input_Last Name_lastName"), "Perez"): Text 'Perez' is set on object 'Object Repository/Variables/Page_ToolsQA/input_Last Name_lastName'

2022-11-23 21:20:11 - [MESSAGE][PASSED] - Text 'Perez' is set on object 'Object Repository/Variables/Page_ToolsQA/input_Last Name_lastName'

2022-11-23 21:20:11 - [TEST_STEP][PASSED] - setText(findTestObject("Object Repository/Variables/Page_ToolsQA/input_Email_userEmail"), "juan@gmail.com"): Text 'juan@gmail.com' is set on object 'Object Repository/Variables/Page_ToolsQA/input_Email_userEmail'

2022-11-23 21:20:16 - [MESSAGE][PASSED] - Text 'juan@gmail.com' is set on object 'Object Repository/Variables/Page_ToolsQA/input_Email_userEmail'

2022-11-23 21:20:16 - [TEST_STEP][PASSED] - setText(findTestObject("Object Repository/Variables/Page_ToolsQA/input_Age_age"), "22"): Text '22' is set on object 'Object Repository/Variables/Page_ToolsQA/input_Age_age'

2022-11-23 21:20:21 - [MESSAGE][PASSED] - Text '22' is set on object 'Object Repository/Variables/Page_ToolsQA/input_Age_age'

2022-11-23 21:20:21 - [TEST_STEP][PASSED] - setText(findTestObject("Object Repository/Variables/Page_ToolsQA/input_Salary_salary"), "35000"): Text '35000' is set on object 'Object Repository/Variables/Page_ToolsQA/input_Salary_salary'

2022-11-23 21:20:27 - [MESSAGE][PASSED] - Text '35000' is set on object 'Object Repository/Variables/Page_ToolsQA/input_Salary_salary'

2022-11-23 21:20:27 - [TEST_STEP][PASSED] - setText(findTestObject("Object Repository/Variables/Page_ToolsQA/input_Department_department"), "Informatica"): Text 'Informatica' is set on object 'Object Repository/Variables/Page_ToolsQA/input_Department_department'

2022-11-23 21:20:32 - [MESSAGE][PASSED] - Text 'Informatica' is set on object 'Object Repository/Variables/Page_ToolsQA/input_Department_department'

2022-11-23 21:20:32 - [TEST_STEP][PASSED] - rightClick(findTestObject("Object Repository/Variables/Page_ToolsQA/input_Department_department")): Object: 'Object Repository/Variables/Page_ToolsQA/input_Department_department' is right clicked on

2022-11-23 21:20:35 - [MESSAGE][PASSED] - Object: 'Object Repository/Variables/Page_ToolsQA/input_Department_department' is right clicked on

2022-11-23 21:20:35 - [TEST_STEP][PASSED] - click(findTestObject("Object Repository/Variables/Page_ToolsQA/div_Submit")): Object: 'Object Repository/Variables/Page_ToolsQA/div_Submit' is clicked on

2022-11-23 21:20:39 - [MESSAGE][PASSED] - Object: 'Object Repository/Variables/Page_ToolsQA/div_Submit' is clicked on

2022-11-23 21:20:39 - [TEST_STEP][PASSED] - setText(findTestObject("Object Repository/Variables/Page_ToolsQA/input_Department_department"), "Informática"): Text 'Informática' is set on object 'Object Repository/Variables/Page_ToolsQA/input_Department_department'

2022-11-23 21:20:44 - [MESSAGE][PASSED] - Text 'Informática' is set on object 'Object Repository/Variables/Page_ToolsQA/input_Department_department'

2022-11-23 21:20:44 - [TEST_STEP][PASSED] - click(findTestObject("Object Repository/Variables/Page_ToolsQA/div_Submit")): Object: 'Object Repository/Variables/Page_ToolsQA/div_Submit' is clicked on

2022-11-23 21:20:47 - [MESSAGE][PASSED] - Object: 'Object Repository/Variables/Page_ToolsQA/div_Submit' is clicked on

2022-11-23 21:20:47 - [TEST_STEP][PASSED] - click(findTestObject("Object Repository/Variables/Page_ToolsQA/button_Submit")): Object: 'Object Repository/Variables/Page_ToolsQA/button_Submit' is clicked on

2022-11-23 21:20:50 - [MESSAGE][PASSED] - Object: 'Object Repository/Variables/Page_ToolsQA/button_Submit' is clicked on

2022-11-23 21:20:50 - [TEST_STEP][PASSED] - closeBrowser(): Browser is closed

2022-11-23 21:20:52 - [MESSAGE][PASSED] - Browser is closed]]></system-out>
         <system-err><![CDATA[]]></system-err>
      </testcase>
      <testcase name="Test Cases/Variables_2/Variables_2" time="117.978" classname="Test Cases/Variables_2/Variables_2" status="ERROR">
         <error type="ERROR" message="Test Cases/Variables_2/Variables_2 FAILED.
Reason:
groovy.lang.MissingMethodException: No signature of method: static com.kms.katalon.core.webui.keyword.WebUiBuiltInKeywords.setText() is applicable for argument types: (com.kms.katalon.core.testobject.TestObject, java.lang.Integer) values: [TestObject - 'Object Repository/Variables_2/Page_ToolsQA/input_Age_age', ...]
Possible solutions: setText(com.kms.katalon.core.testobject.TestObject, java.lang.String), getText(com.kms.katalon.core.testobject.TestObject), getText(com.kms.katalon.core.testobject.TestObject, com.kms.katalon.core.model.FailureHandling), setText(com.kms.katalon.core.testobject.TestObject, java.lang.String, com.kms.katalon.core.model.FailureHandling), clearText(com.kms.katalon.core.testobject.TestObject), clearText(com.kms.katalon.core.testobject.TestObject, com.kms.katalon.core.model.FailureHandling)
	at Variables_2.run(Variables_2:34)
	at com.kms.katalon.core.main.ScriptEngine.run(ScriptEngine.java:194)
	at com.kms.katalon.core.main.ScriptEngine.runScriptAsRawText(ScriptEngine.java:119)
	at com.kms.katalon.core.main.TestCaseExecutor.runScript(TestCaseExecutor.java:448)
	at com.kms.katalon.core.main.TestCaseExecutor.doExecute(TestCaseExecutor.java:439)
	at com.kms.katalon.core.main.TestCaseExecutor.processExecutionPhase(TestCaseExecutor.java:418)
	at com.kms.katalon.core.main.TestCaseExecutor.accessMainPhase(TestCaseExecutor.java:410)
	at com.kms.katalon.core.main.TestCaseExecutor.execute(TestCaseExecutor.java:285)
	at com.kms.katalon.core.common.CommonExecutor.accessTestCaseMainPhase(CommonExecutor.java:65)
	at com.kms.katalon.core.main.TestSuiteExecutor.accessTestSuiteMainPhase(TestSuiteExecutor.java:151)
	at com.kms.katalon.core.main.TestSuiteExecutor.execute(TestSuiteExecutor.java:106)
	at com.kms.katalon.core.main.TestCaseMain.startTestSuite(TestCaseMain.java:185)
	at com.kms.katalon.core.main.TestCaseMain$startTestSuite$0.call(Unknown Source)
	at TempTestSuite1669248946076.run(TempTestSuite1669248946076.groovy:36)
"/>
         <system-out><![CDATA[2022-11-23 21:20:52 - [TEST_CASE][ERROR] - Test Cases/Variables_2/Variables_2: Test Cases/Variables_2/Variables_2 FAILED.
Reason:
groovy.lang.MissingMethodException: No signature of method: static com.kms.katalon.core.webui.keyword.WebUiBuiltInKeywords.setText() is applicable for argument types: (com.kms.katalon.core.testobject.TestObject, java.lang.Integer) values: [TestObject - 'Object Repository/Variables_2/Page_ToolsQA/input_Age_age', ...]
Possible solutions: setText(com.kms.katalon.core.testobject.TestObject, java.lang.String), getText(com.kms.katalon.core.testobject.TestObject), getText(com.kms.katalon.core.testobject.TestObject, com.kms.katalon.core.model.FailureHandling), setText(com.kms.katalon.core.testobject.TestObject, java.lang.String, com.kms.katalon.core.model.FailureHandling), clearText(com.kms.katalon.core.testobject.TestObject), clearText(com.kms.katalon.core.testobject.TestObject, com.kms.katalon.core.model.FailureHandling)
	at Variables_2.run(Variables_2:34)
	at com.kms.katalon.core.main.ScriptEngine.run(ScriptEngine.java:194)
	at com.kms.katalon.core.main.ScriptEngine.runScriptAsRawText(ScriptEngine.java:119)
	at com.kms.katalon.core.main.TestCaseExecutor.runScript(TestCaseExecutor.java:448)
	at com.kms.katalon.core.main.TestCaseExecutor.doExecute(TestCaseExecutor.java:439)
	at com.kms.katalon.core.main.TestCaseExecutor.processExecutionPhase(TestCaseExecutor.java:418)
	at com.kms.katalon.core.main.TestCaseExecutor.accessMainPhase(TestCaseExecutor.java:410)
	at com.kms.katalon.core.main.TestCaseExecutor.execute(TestCaseExecutor.java:285)
	at com.kms.katalon.core.common.CommonExecutor.accessTestCaseMainPhase(CommonExecutor.java:65)
	at com.kms.katalon.core.main.TestSuiteExecutor.accessTestSuiteMainPhase(TestSuiteExecutor.java:151)
	at com.kms.katalon.core.main.TestSuiteExecutor.execute(TestSuiteExecutor.java:106)
	at com.kms.katalon.core.main.TestCaseMain.startTestSuite(TestCaseMain.java:185)
	at com.kms.katalon.core.main.TestCaseMain$startTestSuite$0.call(Unknown Source)
	at TempTestSuite1669248946076.run(TempTestSuite1669248946076.groovy:36)


2022-11-23 21:20:53 - [TEST_STEP][PASSED] - openBrowser(""): Browser is opened with url: ''

2022-11-23 21:20:53 - [MESSAGE][INFO] - User set preference: ['os', 'windows']

2022-11-23 21:20:53 - [MESSAGE][INFO] - User set preference: ['browserName', 'chrome']

2022-11-23 21:20:53 - [MESSAGE][INFO] - User set preference: ['browserVersion', '103']

2022-11-23 21:20:53 - [MESSAGE][INFO] - User set preference: ['katalon:option', '{organizationId=987205, tunnelId=, usingTunnel=false}']

2022-11-23 21:20:53 - [MESSAGE][INFO] - Connecting to remote web server 'testcloud.katalon.com/hub' with type 'Selenium'

2022-11-23 21:20:53 - [MESSAGE][INFO] - Action delay is set to 0 milliseconds

2022-11-23 21:22:10 - [MESSAGE][PASSED] - Browser is opened with url: ''

2022-11-23 21:22:10 - [TEST_STEP][PASSED] - navigateToUrl("https://demoqa.com/webtables"): Navigate to 'https://demoqa.com/webtables' successfully

2022-11-23 21:22:12 - [MESSAGE][PASSED] - Navigate to 'https://demoqa.com/webtables' successfully

2022-11-23 21:22:12 - [TEST_STEP][PASSED] - maximizeWindow(): Current window maximized

2022-11-23 21:22:12 - [MESSAGE][PASSED] - Current window maximized

2022-11-23 21:22:12 - [TEST_STEP][PASSED] - click(findTestObject("Object Repository/Variables_2/Page_ToolsQA/button_Add")): Object: 'Object Repository/Variables_2/Page_ToolsQA/button_Add' is clicked on

2022-11-23 21:22:15 - [MESSAGE][PASSED] - Object: 'Object Repository/Variables_2/Page_ToolsQA/button_Add' is clicked on

2022-11-23 21:22:15 - [TEST_STEP][PASSED] - setText(findTestObject("Object Repository/Variables_2/Page_ToolsQA/input_First Name_firstName"), nombres): Text 'Juan' is set on object 'Object Repository/Variables_2/Page_ToolsQA/input_First Name_firstName'

2022-11-23 21:22:22 - [MESSAGE][PASSED] - Text 'Juan' is set on object 'Object Repository/Variables_2/Page_ToolsQA/input_First Name_firstName'

2022-11-23 21:22:22 - [TEST_STEP][PASSED] - setText(findTestObject("Object Repository/Variables_2/Page_ToolsQA/input_Last Name_lastName"), Apellido): Text 'Perez' is set on object 'Object Repository/Variables_2/Page_ToolsQA/input_Last Name_lastName'

2022-11-23 21:22:42 - [MESSAGE][PASSED] - Text 'Perez' is set on object 'Object Repository/Variables_2/Page_ToolsQA/input_Last Name_lastName'

2022-11-23 21:22:42 - [TEST_STEP][PASSED] - setText(findTestObject("Object Repository/Variables_2/Page_ToolsQA/input_Email_userEmail"), "juan@gmail.com"): Text 'juan@gmail.com' is set on object 'Object Repository/Variables_2/Page_ToolsQA/input_Email_userEmail'

2022-11-23 21:22:49 - [MESSAGE][PASSED] - Text 'juan@gmail.com' is set on object 'Object Repository/Variables_2/Page_ToolsQA/input_Email_userEmail'

2022-11-23 21:22:49 - [TEST_STEP][ERROR] - setText(findTestObject("Object Repository/Variables_2/Page_ToolsQA/input_Age_age"), Edad): Test Cases/Variables_2/Variables_2 FAILED.
Reason:
groovy.lang.MissingMethodException: No signature of method: static com.kms.katalon.core.webui.keyword.WebUiBuiltInKeywords.setText() is applicable for argument types: (com.kms.katalon.core.testobject.TestObject, java.lang.Integer) values: [TestObject - 'Object Repository/Variables_2/Page_ToolsQA/input_Age_age', ...]
Possible solutions: setText(com.kms.katalon.core.testobject.TestObject, java.lang.String), getText(com.kms.katalon.core.testobject.TestObject), getText(com.kms.katalon.core.testobject.TestObject, com.kms.katalon.core.model.FailureHandling), setText(com.kms.katalon.core.testobject.TestObject, java.lang.String, com.kms.katalon.core.model.FailureHandling), clearText(com.kms.katalon.core.testobject.TestObject), clearText(com.kms.katalon.core.testobject.TestObject, com.kms.katalon.core.model.FailureHandling)
	at Variables_2.run(Variables_2:34)
	at com.kms.katalon.core.main.ScriptEngine.run(ScriptEngine.java:194)
	at com.kms.katalon.core.main.ScriptEngine.runScriptAsRawText(ScriptEngine.java:119)
	at com.kms.katalon.core.main.TestCaseExecutor.runScript(TestCaseExecutor.java:448)
	at com.kms.katalon.core.main.TestCaseExecutor.doExecute(TestCaseExecutor.java:439)
	at com.kms.katalon.core.main.TestCaseExecutor.processExecutionPhase(TestCaseExecutor.java:418)
	at com.kms.katalon.core.main.TestCaseExecutor.accessMainPhase(TestCaseExecutor.java:410)
	at com.kms.katalon.core.main.TestCaseExecutor.execute(TestCaseExecutor.java:285)
	at com.kms.katalon.core.common.CommonExecutor.accessTestCaseMainPhase(CommonExecutor.java:65)
	at com.kms.katalon.core.main.TestSuiteExecutor.accessTestSuiteMainPhase(TestSuiteExecutor.java:151)
	at com.kms.katalon.core.main.TestSuiteExecutor.execute(TestSuiteExecutor.java:106)
	at com.kms.katalon.core.main.TestCaseMain.startTestSuite(TestCaseMain.java:185)
	at com.kms.katalon.core.main.TestCaseMain$startTestSuite$0.call(Unknown Source)
	at TempTestSuite1669248946076.run(TempTestSuite1669248946076.groovy:36)


2022-11-23 21:22:50 - [MESSAGE][ERROR] - Test Cases/Variables_2/Variables_2 FAILED.
Reason:
groovy.lang.MissingMethodException: No signature of method: static com.kms.katalon.core.webui.keyword.WebUiBuiltInKeywords.setText() is applicable for argument types: (com.kms.katalon.core.testobject.TestObject, java.lang.Integer) values: [TestObject - 'Object Repository/Variables_2/Page_ToolsQA/input_Age_age', ...]
Possible solutions: setText(com.kms.katalon.core.testobject.TestObject, java.lang.String), getText(com.kms.katalon.core.testobject.TestObject), getText(com.kms.katalon.core.testobject.TestObject, com.kms.katalon.core.model.FailureHandling), setText(com.kms.katalon.core.testobject.TestObject, java.lang.String, com.kms.katalon.core.model.FailureHandling), clearText(com.kms.katalon.core.testobject.TestObject), clearText(com.kms.katalon.core.testobject.TestObject, com.kms.katalon.core.model.FailureHandling)
	at Variables_2.run(Variables_2:34)
	at com.kms.katalon.core.main.ScriptEngine.run(ScriptEngine.java:194)
	at com.kms.katalon.core.main.ScriptEngine.runScriptAsRawText(ScriptEngine.java:119)
	at com.kms.katalon.core.main.TestCaseExecutor.runScript(TestCaseExecutor.java:448)
	at com.kms.katalon.core.main.TestCaseExecutor.doExecute(TestCaseExecutor.java:439)
	at com.kms.katalon.core.main.TestCaseExecutor.processExecutionPhase(TestCaseExecutor.java:418)
	at com.kms.katalon.core.main.TestCaseExecutor.accessMainPhase(TestCaseExecutor.java:410)
	at com.kms.katalon.core.main.TestCaseExecutor.execute(TestCaseExecutor.java:285)
	at com.kms.katalon.core.common.CommonExecutor.accessTestCaseMainPhase(CommonExecutor.java:65)
	at com.kms.katalon.core.main.TestSuiteExecutor.accessTestSuiteMainPhase(TestSuiteExecutor.java:151)
	at com.kms.katalon.core.main.TestSuiteExecutor.execute(TestSuiteExecutor.java:106)
	at com.kms.katalon.core.main.TestCaseMain.startTestSuite(TestCaseMain.java:185)
	at com.kms.katalon.core.main.TestCaseMain$startTestSuite$0.call(Unknown Source)
	at TempTestSuite1669248946076.run(TempTestSuite1669248946076.groovy:36)]]></system-out>
         <system-err><![CDATA[2022-11-23 21:20:52 - [TEST_CASE][ERROR] - Test Cases/Variables_2/Variables_2: Test Cases/Variables_2/Variables_2 FAILED.
Reason:
groovy.lang.MissingMethodException: No signature of method: static com.kms.katalon.core.webui.keyword.WebUiBuiltInKeywords.setText() is applicable for argument types: (com.kms.katalon.core.testobject.TestObject, java.lang.Integer) values: [TestObject - 'Object Repository/Variables_2/Page_ToolsQA/input_Age_age', ...]
Possible solutions: setText(com.kms.katalon.core.testobject.TestObject, java.lang.String), getText(com.kms.katalon.core.testobject.TestObject), getText(com.kms.katalon.core.testobject.TestObject, com.kms.katalon.core.model.FailureHandling), setText(com.kms.katalon.core.testobject.TestObject, java.lang.String, com.kms.katalon.core.model.FailureHandling), clearText(com.kms.katalon.core.testobject.TestObject), clearText(com.kms.katalon.core.testobject.TestObject, com.kms.katalon.core.model.FailureHandling)
	at Variables_2.run(Variables_2:34)
	at com.kms.katalon.core.main.ScriptEngine.run(ScriptEngine.java:194)
	at com.kms.katalon.core.main.ScriptEngine.runScriptAsRawText(ScriptEngine.java:119)
	at com.kms.katalon.core.main.TestCaseExecutor.runScript(TestCaseExecutor.java:448)
	at com.kms.katalon.core.main.TestCaseExecutor.doExecute(TestCaseExecutor.java:439)
	at com.kms.katalon.core.main.TestCaseExecutor.processExecutionPhase(TestCaseExecutor.java:418)
	at com.kms.katalon.core.main.TestCaseExecutor.accessMainPhase(TestCaseExecutor.java:410)
	at com.kms.katalon.core.main.TestCaseExecutor.execute(TestCaseExecutor.java:285)
	at com.kms.katalon.core.common.CommonExecutor.accessTestCaseMainPhase(CommonExecutor.java:65)
	at com.kms.katalon.core.main.TestSuiteExecutor.accessTestSuiteMainPhase(TestSuiteExecutor.java:151)
	at com.kms.katalon.core.main.TestSuiteExecutor.execute(TestSuiteExecutor.java:106)
	at com.kms.katalon.core.main.TestCaseMain.startTestSuite(TestCaseMain.java:185)
	at com.kms.katalon.core.main.TestCaseMain$startTestSuite$0.call(Unknown Source)
	at TempTestSuite1669248946076.run(TempTestSuite1669248946076.groovy:36)]]></system-err>
      </testcase>
      <system-out><![CDATA[2022-11-23 21:16:00 - [TEST_SUITE][FAILED] - Test_suite_6: Test Cases/Validar_calculo/Validar_calculo FAILED.
Reason:
com.kms.katalon.core.exception.StepFailedException: Unable to set text '5' of object 'Object Repository/Validar_campo/Page_Selenium Easy Demo - Simple Form to Au_3f5468/input_Enter a_sum1'
	at com.kms.katalon.core.webui.keyword.internal.WebUIKeywordMain.stepFailed(WebUIKeywordMain.groovy:64)
	at com.kms.katalon.core.webui.keyword.internal.WebUIKeywordMain.runKeyword(WebUIKeywordMain.groovy:26)
	at com.kms.katalon.core.webui.keyword.builtin.SetTextKeyword.setText(SetTextKeyword.groovy:66)
	at com.kms.katalon.core.webui.keyword.builtin.SetTextKeyword.execute(SetTextKeyword.groovy:37)
	at com.kms.katalon.core.keyword.internal.KeywordExecutor.executeKeywordForPlatform(KeywordExecutor.groovy:74)
	at com.kms.katalon.core.webui.keyword.WebUiBuiltInKeywords.setText(WebUiBuiltInKeywords.groovy:980)
	at com.kms.katalon.core.webui.keyword.WebUiBuiltInKeywords$setText$2.call(Unknown Source)
	at Validar_calculo.run(Validar_calculo:31)
	at com.kms.katalon.core.main.ScriptEngine.run(ScriptEngine.java:194)
	at com.kms.katalon.core.main.ScriptEngine.runScriptAsRawText(ScriptEngine.java:119)
	at com.kms.katalon.core.main.TestCaseExecutor.runScript(TestCaseExecutor.java:448)
	at com.kms.katalon.core.main.TestCaseExecutor.doExecute(TestCaseExecutor.java:439)
	at com.kms.katalon.core.main.TestCaseExecutor.processExecutionPhase(TestCaseExecutor.java:418)
	at com.kms.katalon.core.main.TestCaseExecutor.accessMainPhase(TestCaseExecutor.java:410)
	at com.kms.katalon.core.main.TestCaseExecutor.execute(TestCaseExecutor.java:285)
	at com.kms.katalon.core.common.CommonExecutor.accessTestCaseMainPhase(CommonExecutor.java:65)
	at com.kms.katalon.core.main.TestSuiteExecutor.accessTestSuiteMainPhase(TestSuiteExecutor.java:151)
	at com.kms.katalon.core.main.TestSuiteExecutor.execute(TestSuiteExecutor.java:106)
	at com.kms.katalon.core.main.TestCaseMain.startTestSuite(TestCaseMain.java:185)
	at com.kms.katalon.core.main.TestCaseMain$startTestSuite$0.call(Unknown Source)
	at TempTestSuite1669248946076.run(TempTestSuite1669248946076.groovy:36)
Caused by: com.kms.katalon.core.webui.exception.WebElementNotFoundException: Web element with id: 'Object Repository/Validar_campo/Page_Selenium Easy Demo - Simple Form to Au_3f5468/input_Enter a_sum1' located by '//input[@id='sum1']' not found
	at com.kms.katalon.core.webui.common.WebUiCommonHelper.findWebElement(WebUiCommonHelper.java:1370)
	at com.kms.katalon.core.webui.keyword.internal.WebUIAbstractKeyword.findWebElement(WebUIAbstractKeyword.groovy:27)
	at com.kms.katalon.core.webui.keyword.internal.WebUIAbstractKeyword.findWebElement(WebUIAbstractKeyword.groovy:26)
	at com.kms.katalon.core.webui.keyword.builtin.SetTextKeyword$_setText_closure1.doCall(SetTextKeyword.groovy:51)
	at com.kms.katalon.core.webui.keyword.builtin.SetTextKeyword$_setText_closure1.call(SetTextKeyword.groovy)
	at com.kms.katalon.core.webui.keyword.internal.WebUIKeywordMain.runKeyword(WebUIKeywordMain.groovy:20)
	... 19 more]]></system-out>
      <system-err><![CDATA[2022-11-23 21:16:00 - [TEST_SUITE][FAILED] - Test_suite_6: Test Cases/Validar_calculo/Validar_calculo FAILED.
Reason:
com.kms.katalon.core.exception.StepFailedException: Unable to set text '5' of object 'Object Repository/Validar_campo/Page_Selenium Easy Demo - Simple Form to Au_3f5468/input_Enter a_sum1'
	at com.kms.katalon.core.webui.keyword.internal.WebUIKeywordMain.stepFailed(WebUIKeywordMain.groovy:64)
	at com.kms.katalon.core.webui.keyword.internal.WebUIKeywordMain.runKeyword(WebUIKeywordMain.groovy:26)
	at com.kms.katalon.core.webui.keyword.builtin.SetTextKeyword.setText(SetTextKeyword.groovy:66)
	at com.kms.katalon.core.webui.keyword.builtin.SetTextKeyword.execute(SetTextKeyword.groovy:37)
	at com.kms.katalon.core.keyword.internal.KeywordExecutor.executeKeywordForPlatform(KeywordExecutor.groovy:74)
	at com.kms.katalon.core.webui.keyword.WebUiBuiltInKeywords.setText(WebUiBuiltInKeywords.groovy:980)
	at com.kms.katalon.core.webui.keyword.WebUiBuiltInKeywords$setText$2.call(Unknown Source)
	at Validar_calculo.run(Validar_calculo:31)
	at com.kms.katalon.core.main.ScriptEngine.run(ScriptEngine.java:194)
	at com.kms.katalon.core.main.ScriptEngine.runScriptAsRawText(ScriptEngine.java:119)
	at com.kms.katalon.core.main.TestCaseExecutor.runScript(TestCaseExecutor.java:448)
	at com.kms.katalon.core.main.TestCaseExecutor.doExecute(TestCaseExecutor.java:439)
	at com.kms.katalon.core.main.TestCaseExecutor.processExecutionPhase(TestCaseExecutor.java:418)
	at com.kms.katalon.core.main.TestCaseExecutor.accessMainPhase(TestCaseExecutor.java:410)
	at com.kms.katalon.core.main.TestCaseExecutor.execute(TestCaseExecutor.java:285)
	at com.kms.katalon.core.common.CommonExecutor.accessTestCaseMainPhase(CommonExecutor.java:65)
	at com.kms.katalon.core.main.TestSuiteExecutor.accessTestSuiteMainPhase(TestSuiteExecutor.java:151)
	at com.kms.katalon.core.main.TestSuiteExecutor.execute(TestSuiteExecutor.java:106)
	at com.kms.katalon.core.main.TestCaseMain.startTestSuite(TestCaseMain.java:185)
	at com.kms.katalon.core.main.TestCaseMain$startTestSuite$0.call(Unknown Source)
	at TempTestSuite1669248946076.run(TempTestSuite1669248946076.groovy:36)
Caused by: com.kms.katalon.core.webui.exception.WebElementNotFoundException: Web element with id: 'Object Repository/Validar_campo/Page_Selenium Easy Demo - Simple Form to Au_3f5468/input_Enter a_sum1' located by '//input[@id='sum1']' not found
	at com.kms.katalon.core.webui.common.WebUiCommonHelper.findWebElement(WebUiCommonHelper.java:1370)
	at com.kms.katalon.core.webui.keyword.internal.WebUIAbstractKeyword.findWebElement(WebUIAbstractKeyword.groovy:27)
	at com.kms.katalon.core.webui.keyword.internal.WebUIAbstractKeyword.findWebElement(WebUIAbstractKeyword.groovy:26)
	at com.kms.katalon.core.webui.keyword.builtin.SetTextKeyword$_setText_closure1.doCall(SetTextKeyword.groovy:51)
	at com.kms.katalon.core.webui.keyword.builtin.SetTextKeyword$_setText_closure1.call(SetTextKeyword.groovy)
	at com.kms.katalon.core.webui.keyword.internal.WebUIKeywordMain.runKeyword(WebUIKeywordMain.groovy:20)
	... 19 more]]></system-err>
   </testsuite>
   <testsuite name="Test_suite_7" tests="5" failures="2" errors="1" time="541.16" skipped="0" timestamp="2022-11-23 21:23:21" hostname="admin - 192.168.0.13" id="Test Suites/Test_suite_7">
      <properties>
         <property name="deviceName" value=""/>
         <property name="devicePlatform" value=""/>
         <property name="logFolder" value="C:\\Users\\admin\\Katalon Studio\\Proyectos\\Proyecto_uno\\Reports\\20221123_211544\\Test_suite_7\\20221123_211548"/>
         <property name="logFiles" value="C:\\Users\\admin\\Katalon Studio\\Proyectos\\Proyecto_uno\\Reports\\20221123_211544\\Test_suite_7\\20221123_211548\\execution0.log"/>
         <property name="attachments" value="C:\\Users\\admin\\Katalon Studio\\Proyectos\\Proyecto_uno\\Reports\\20221123_211544\\Test_suite_7\\20221123_211548\\1669249580934.png, C:\\Users\\admin\\Katalon Studio\\Proyectos\\Proyecto_uno\\Reports\\20221123_211544\\Test_suite_7\\20221123_211548\\1669249938206.png"/>
         <property name="hostName" value="admin - 192.168.0.13"/>
         <property name="remoteDriverUrl" value="testcloud.katalon.com/hub"/>
         <property name="desiredCapabilities" value="{
  &quot;acceptInsecureCerts&quot;: false,
  &quot;browserName&quot;: &quot;chrome&quot;,
  &quot;browserVersion&quot;: &quot;103.0.5060.53&quot;,
  &quot;chrome&quot;: {
    &quot;chromedriverVersion&quot;: &quot;103.0.5060.53 (a1711811edd74ff1cf2150f36ffa3b0dae40b17f-refs/branch-heads/5060@{#853})&quot;,
    &quot;userDataDir&quot;: &quot;C:\\Users\\ContainerUser\\AppData\\Local\\Temp\\scoped_dir16340_592072490&quot;
  },
  &quot;goog:chromeOptions&quot;: {
    &quot;debuggerAddress&quot;: &quot;localhost:63362&quot;
  },
  &quot;javascriptEnabled&quot;: true,
  &quot;katalon:option&quot;: {
    &quot;unlimitedExecutionMinutes&quot;: true,
    &quot;jwt&quot;: &quot;eyJ0eXAiOiJKV1QiLCJhbGciOiJSUzI1NiJ9.eyJzdWIiOiJsbm92YWtvdmljaEBlY29zaXN0ZW1hcy5jb20uYXIiLCJ1cG4iOiIxMDgwMDQ1IiwiZ3JvdXBzIjpbIlVTRVIiXSwic3RhdHVzIjoiVkVSSUZJRUQiLCJnaXZlbl9uYW1lIjoiTGp1Ym8iLCJmYW1pbHlfbmFtZSI6Ik5vdmFrb3ZpY2giLCJlbWFpbCI6Imxub3Zha292aWNoQGVjb3Npc3RlbWFzLmNvbS5hciIsImVtYWlsX3ZlcmlmaWVkIjp0cnVlLCJjcmVhdGVkX2F0IjoxNjY4NTQwMTA2LCJ1cGRhdGVkX2F0IjoxNjY5MjQ3ODYwLCJhbXIiOlsicHdkIl0sImlhdCI6MTY2OTI0Nzk4MiwiZXhwIjoxNjY5ODUyNzgyLCJqdGkiOiJiNTRjYzkzYS04NDRlLTRhNWQtYjE5Yy1kMGI4ZTZiMmU0YmQiLCJpc3MiOiJrYXRhbG9uLWF1dGgifQ.Mm9HueD0P_sWOOMWazM_FhriUpap90JAki1Y-QEi-L3yMtCaLWgSGhG4AWwscJQ4hHaO_5ZzapxfD5RDzXEy_3NeUQ3l3oa-NaN6sbw-Cqp9K2T-w3hWMOPuVxOYGFo0PWEWb-OWfYumT6VkZKFxTA4ePbfopgpT1a5-O-vi8niOZ9skmM-pX6Zm4cNxLlBKzwgMNnnpplNlZAA24LdpOlGz4u5mwi_PeE-YjDXRkReSeJo2aQzzjfr88O5XMgPV5_vbYwNnJ9-PuDE_FpFxPnec9R6Sb8TZ0yeVQ7aNZxKJUeTUlMyjk92Se02_EhNH-VYBSfzCEk2qCD7cTJECJw&quot;,
    &quot;userId&quot;: 1080045,
    &quot;organizationId&quot;: &quot;987205&quot;,
    &quot;class&quot;: &quot;com.katalon.testcloud.grid.common.tunnel.domain.UserOptionCapability&quot;,
    &quot;usingTunnel&quot;: false,
    &quot;username&quot;: &quot;lnovakovich@ecosistemas.com.ar&quot;
  },
  &quot;networkConnectionEnabled&quot;: false,
  &quot;pageLoadStrategy&quot;: &quot;normal&quot;,
  &quot;platform&quot;: &quot;WINDOWS&quot;,
  &quot;platformName&quot;: &quot;WINDOWS&quot;,
  &quot;proxy&quot;: {
    &quot;proxyType&quot;: &quot;DIRECT&quot;,
    &quot;autodetect&quot;: false
  },
  &quot;requestId&quot;: &quot;1698e0e0-b413-475a-add6-6c70df848afb&quot;,
  &quot;se:cdp&quot;: &quot;ws://172.48.124.234:4444/session/f13b074bcb1eefb11afe29c9bbae7c74/se/cdp&quot;,
  &quot;se:cdpVersion&quot;: &quot;103.0.5060.53&quot;,
  &quot;setWindowRect&quot;: true,
  &quot;strictFileInteractability&quot;: false,
  &quot;timeouts&quot;: {
    &quot;implicit&quot;: 0,
    &quot;pageLoad&quot;: 300000,
    &quot;script&quot;: 30000
  },
  &quot;unhandledPromptBehavior&quot;: &quot;dismiss and notify&quot;,
  &quot;webauthn:extension:credBlob&quot;: true,
  &quot;webauthn:extension:largeBlob&quot;: true,
  &quot;webauthn:virtualAuthenticators&quot;: true
}"/>
         <property name="os" value="Windows 10 64bit"/>
         <property name="remoteOS" value="Windows"/>
         <property name="katalonVersion" value="8.5.2.208"/>
         <property name="browser" value="Chrome 103.0.5060.53"/>
         <property name="hostAddress" value="192.168.0.13"/>
         <property name="sessionId" value="f13b074bcb1eefb11afe29c9bbae7c74"/>
         <property name="seleniumVersion" value="3.141.59"/>
         <property name="proxyInformation" value="ProxyInformation { proxyOption=NO_PROXY, proxyServerType=HTTP, username=, password=********, proxyServerAddress=, proxyServerPort=0, executionList=&quot;&quot;, isApplyToDesiredCapabilities=true }"/>
         <property name="platform" value="Windows 10"/>
      </properties>
      <testcase name="Test Cases/Test_script/Test_por_script" time="91.523" classname="Test Cases/Test_script/Test_por_script" status="PASSED">
         <system-out><![CDATA[2022-11-23 21:23:21 - [TEST_CASE][PASSED] - Test Cases/Test_script/Test_por_script: Test Cases/Test_script/Test_por_script

2022-11-23 21:23:22 - [TEST_STEP][PASSED] - openBrowser(""): Browser is opened with url: ''

2022-11-23 21:23:22 - [MESSAGE][INFO] - User set preference: ['os', 'windows']

2022-11-23 21:23:22 - [MESSAGE][INFO] - User set preference: ['browserName', 'chrome']

2022-11-23 21:23:23 - [MESSAGE][INFO] - User set preference: ['browserVersion', '103']

2022-11-23 21:23:23 - [MESSAGE][INFO] - User set preference: ['katalon:option', '{organizationId=987205, tunnelId=, usingTunnel=false}']

2022-11-23 21:23:23 - [MESSAGE][INFO] - Connecting to remote web server 'testcloud.katalon.com/hub' with type 'Selenium'

2022-11-23 21:23:24 - [MESSAGE][INFO] - Action delay is set to 0 milliseconds

2022-11-23 21:24:23 - [MESSAGE][PASSED] - Browser is opened with url: ''

2022-11-23 21:24:23 - [TEST_STEP][PASSED] - navigateToUrl("https://demoqa.com/text-box"): Navigate to 'https://demoqa.com/text-box' successfully

2022-11-23 21:24:26 - [MESSAGE][PASSED] - Navigate to 'https://demoqa.com/text-box' successfully

2022-11-23 21:24:26 - [TEST_STEP][PASSED] - maximizeWindow(): Current window maximized

2022-11-23 21:24:27 - [MESSAGE][PASSED] - Current window maximized

2022-11-23 21:24:27 - [TEST_STEP][PASSED] - setText(findTestObject("Object Repository/Script/Page_ToolsQA/input_Full Name_userName"), "Ljubo"): Text 'Ljubo' is set on object 'Object Repository/Script/Page_ToolsQA/input_Full Name_userName'

2022-11-23 21:24:33 - [MESSAGE][PASSED] - Text 'Ljubo' is set on object 'Object Repository/Script/Page_ToolsQA/input_Full Name_userName'

2022-11-23 21:24:33 - [TEST_STEP][PASSED] - setText(findTestObject("Object Repository/Script/Page_ToolsQA/input_Email_userEmail"), "Ljubo@gmail.com"): Text 'Ljubo@gmail.com' is set on object 'Object Repository/Script/Page_ToolsQA/input_Email_userEmail'

2022-11-23 21:24:38 - [MESSAGE][PASSED] - Text 'Ljubo@gmail.com' is set on object 'Object Repository/Script/Page_ToolsQA/input_Email_userEmail'

2022-11-23 21:24:38 - [TEST_STEP][PASSED] - setText(findTestObject("Object Repository/Script/Page_ToolsQA/textarea_Current Address_currentAddress"), "Dirección uno"): Text 'Dirección uno' is set on object 'Object Repository/Script/Page_ToolsQA/textarea_Current Address_currentAddress'

2022-11-23 21:24:42 - [MESSAGE][PASSED] - Text 'Dirección uno' is set on object 'Object Repository/Script/Page_ToolsQA/textarea_Current Address_currentAddress'

2022-11-23 21:24:42 - [TEST_STEP][PASSED] - setText(findTestObject("Object Repository/Script/Page_ToolsQA/textarea_Permanent Address_permanentAddress"), "Dirección dos"): Text 'Dirección dos' is set on object 'Object Repository/Script/Page_ToolsQA/textarea_Permanent Address_permanentAddress'

2022-11-23 21:24:47 - [MESSAGE][PASSED] - Text 'Dirección dos' is set on object 'Object Repository/Script/Page_ToolsQA/textarea_Permanent Address_permanentAddress'

2022-11-23 21:24:47 - [TEST_STEP][PASSED] - scrollToPosition(0, 140): Browser is scrolled to position x = 0, y = 140

2022-11-23 21:24:48 - [MESSAGE][PASSED] - Browser is scrolled to position x = 0, y = 140

2022-11-23 21:24:48 - [TEST_STEP][PASSED] - click(findTestObject("Object Repository/Script/Page_ToolsQA/button_Submit")): Object: 'Object Repository/Script/Page_ToolsQA/button_Submit' is clicked on

2022-11-23 21:24:51 - [MESSAGE][PASSED] - Object: 'Object Repository/Script/Page_ToolsQA/button_Submit' is clicked on

2022-11-23 21:24:51 - [TEST_STEP][PASSED] - closeBrowser(): Browser is closed

2022-11-23 21:24:53 - [MESSAGE][PASSED] - Browser is closed]]></system-out>
         <system-err><![CDATA[]]></system-err>
      </testcase>
      <testcase name="Test Cases/Validar_calculo/Validar_calculo" time="97.103" classname="Test Cases/Validar_calculo/Validar_calculo" status="FAILED">
         <failure type="FAILED" message="Test Cases/Validar_calculo/Validar_calculo FAILED.
Reason:
com.kms.katalon.core.exception.StepFailedException: Unable to set text '5' of object 'Object Repository/Validar_campo/Page_Selenium Easy Demo - Simple Form to Au_3f5468/input_Enter a_sum1'
	at com.kms.katalon.core.webui.keyword.internal.WebUIKeywordMain.stepFailed(WebUIKeywordMain.groovy:64)
	at com.kms.katalon.core.webui.keyword.internal.WebUIKeywordMain.runKeyword(WebUIKeywordMain.groovy:26)
	at com.kms.katalon.core.webui.keyword.builtin.SetTextKeyword.setText(SetTextKeyword.groovy:66)
	at com.kms.katalon.core.webui.keyword.builtin.SetTextKeyword.execute(SetTextKeyword.groovy:37)
	at com.kms.katalon.core.keyword.internal.KeywordExecutor.executeKeywordForPlatform(KeywordExecutor.groovy:74)
	at com.kms.katalon.core.webui.keyword.WebUiBuiltInKeywords.setText(WebUiBuiltInKeywords.groovy:980)
	at com.kms.katalon.core.webui.keyword.WebUiBuiltInKeywords$setText$2.call(Unknown Source)
	at Validar_calculo.run(Validar_calculo:31)
	at com.kms.katalon.core.main.ScriptEngine.run(ScriptEngine.java:194)
	at com.kms.katalon.core.main.ScriptEngine.runScriptAsRawText(ScriptEngine.java:119)
	at com.kms.katalon.core.main.TestCaseExecutor.runScript(TestCaseExecutor.java:448)
	at com.kms.katalon.core.main.TestCaseExecutor.doExecute(TestCaseExecutor.java:439)
	at com.kms.katalon.core.main.TestCaseExecutor.processExecutionPhase(TestCaseExecutor.java:418)
	at com.kms.katalon.core.main.TestCaseExecutor.accessMainPhase(TestCaseExecutor.java:410)
	at com.kms.katalon.core.main.TestCaseExecutor.execute(TestCaseExecutor.java:285)
	at com.kms.katalon.core.common.CommonExecutor.accessTestCaseMainPhase(CommonExecutor.java:65)
	at com.kms.katalon.core.main.TestSuiteExecutor.accessTestSuiteMainPhase(TestSuiteExecutor.java:151)
	at com.kms.katalon.core.main.TestSuiteExecutor.execute(TestSuiteExecutor.java:106)
	at com.kms.katalon.core.main.TestCaseMain.startTestSuite(TestCaseMain.java:185)
	at com.kms.katalon.core.main.TestCaseMain$startTestSuite$0.call(Unknown Source)
	at TempTestSuite1669248948278.run(TempTestSuite1669248948278.groovy:36)
Caused by: com.kms.katalon.core.webui.exception.WebElementNotFoundException: Web element with id: 'Object Repository/Validar_campo/Page_Selenium Easy Demo - Simple Form to Au_3f5468/input_Enter a_sum1' located by '//input[@id='sum1']' not found
	at com.kms.katalon.core.webui.common.WebUiCommonHelper.findWebElement(WebUiCommonHelper.java:1370)
	at com.kms.katalon.core.webui.keyword.internal.WebUIAbstractKeyword.findWebElement(WebUIAbstractKeyword.groovy:27)
	at com.kms.katalon.core.webui.keyword.internal.WebUIAbstractKeyword.findWebElement(WebUIAbstractKeyword.groovy:26)
	at com.kms.katalon.core.webui.keyword.builtin.SetTextKeyword$_setText_closure1.doCall(SetTextKeyword.groovy:51)
	at com.kms.katalon.core.webui.keyword.builtin.SetTextKeyword$_setText_closure1.call(SetTextKeyword.groovy)
	at com.kms.katalon.core.webui.keyword.internal.WebUIKeywordMain.runKeyword(WebUIKeywordMain.groovy:20)
	... 19 more
"/>
         <system-out><![CDATA[2022-11-23 21:24:53 - [TEST_CASE][FAILED] - Test Cases/Validar_calculo/Validar_calculo: Test Cases/Validar_calculo/Validar_calculo FAILED.
Reason:
com.kms.katalon.core.exception.StepFailedException: Unable to set text '5' of object 'Object Repository/Validar_campo/Page_Selenium Easy Demo - Simple Form to Au_3f5468/input_Enter a_sum1'
	at com.kms.katalon.core.webui.keyword.internal.WebUIKeywordMain.stepFailed(WebUIKeywordMain.groovy:64)
	at com.kms.katalon.core.webui.keyword.internal.WebUIKeywordMain.runKeyword(WebUIKeywordMain.groovy:26)
	at com.kms.katalon.core.webui.keyword.builtin.SetTextKeyword.setText(SetTextKeyword.groovy:66)
	at com.kms.katalon.core.webui.keyword.builtin.SetTextKeyword.execute(SetTextKeyword.groovy:37)
	at com.kms.katalon.core.keyword.internal.KeywordExecutor.executeKeywordForPlatform(KeywordExecutor.groovy:74)
	at com.kms.katalon.core.webui.keyword.WebUiBuiltInKeywords.setText(WebUiBuiltInKeywords.groovy:980)
	at com.kms.katalon.core.webui.keyword.WebUiBuiltInKeywords$setText$2.call(Unknown Source)
	at Validar_calculo.run(Validar_calculo:31)
	at com.kms.katalon.core.main.ScriptEngine.run(ScriptEngine.java:194)
	at com.kms.katalon.core.main.ScriptEngine.runScriptAsRawText(ScriptEngine.java:119)
	at com.kms.katalon.core.main.TestCaseExecutor.runScript(TestCaseExecutor.java:448)
	at com.kms.katalon.core.main.TestCaseExecutor.doExecute(TestCaseExecutor.java:439)
	at com.kms.katalon.core.main.TestCaseExecutor.processExecutionPhase(TestCaseExecutor.java:418)
	at com.kms.katalon.core.main.TestCaseExecutor.accessMainPhase(TestCaseExecutor.java:410)
	at com.kms.katalon.core.main.TestCaseExecutor.execute(TestCaseExecutor.java:285)
	at com.kms.katalon.core.common.CommonExecutor.accessTestCaseMainPhase(CommonExecutor.java:65)
	at com.kms.katalon.core.main.TestSuiteExecutor.accessTestSuiteMainPhase(TestSuiteExecutor.java:151)
	at com.kms.katalon.core.main.TestSuiteExecutor.execute(TestSuiteExecutor.java:106)
	at com.kms.katalon.core.main.TestCaseMain.startTestSuite(TestCaseMain.java:185)
	at com.kms.katalon.core.main.TestCaseMain$startTestSuite$0.call(Unknown Source)
	at TempTestSuite1669248948278.run(TempTestSuite1669248948278.groovy:36)
Caused by: com.kms.katalon.core.webui.exception.WebElementNotFoundException: Web element with id: 'Object Repository/Validar_campo/Page_Selenium Easy Demo - Simple Form to Au_3f5468/input_Enter a_sum1' located by '//input[@id='sum1']' not found
	at com.kms.katalon.core.webui.common.WebUiCommonHelper.findWebElement(WebUiCommonHelper.java:1370)
	at com.kms.katalon.core.webui.keyword.internal.WebUIAbstractKeyword.findWebElement(WebUIAbstractKeyword.groovy:27)
	at com.kms.katalon.core.webui.keyword.internal.WebUIAbstractKeyword.findWebElement(WebUIAbstractKeyword.groovy:26)
	at com.kms.katalon.core.webui.keyword.builtin.SetTextKeyword$_setText_closure1.doCall(SetTextKeyword.groovy:51)
	at com.kms.katalon.core.webui.keyword.builtin.SetTextKeyword$_setText_closure1.call(SetTextKeyword.groovy)
	at com.kms.katalon.core.webui.keyword.internal.WebUIKeywordMain.runKeyword(WebUIKeywordMain.groovy:20)
	... 19 more


2022-11-23 21:24:53 - [TEST_STEP][PASSED] - openBrowser(""): Browser is opened with url: ''

2022-11-23 21:24:53 - [MESSAGE][INFO] - User set preference: ['os', 'windows']

2022-11-23 21:24:53 - [MESSAGE][INFO] - User set preference: ['browserName', 'chrome']

2022-11-23 21:24:53 - [MESSAGE][INFO] - User set preference: ['browserVersion', '103']

2022-11-23 21:24:53 - [MESSAGE][INFO] - User set preference: ['katalon:option', '{organizationId=987205, tunnelId=, usingTunnel=false}']

2022-11-23 21:24:53 - [MESSAGE][INFO] - Connecting to remote web server 'testcloud.katalon.com/hub' with type 'Selenium'

2022-11-23 21:24:53 - [MESSAGE][INFO] - Action delay is set to 0 milliseconds

2022-11-23 21:25:36 - [MESSAGE][PASSED] - Browser is opened with url: ''

2022-11-23 21:25:36 - [TEST_STEP][PASSED] - navigateToUrl("https://www.seleniumeasy.com/test/basic-first-form-demo.html"): Navigate to 'https://www.seleniumeasy.com/test/basic-first-form-demo.html' successfully

2022-11-23 21:25:38 - [MESSAGE][PASSED] - Navigate to 'https://www.seleniumeasy.com/test/basic-first-form-demo.html' successfully

2022-11-23 21:25:38 - [TEST_STEP][PASSED] - maximizeWindow(): Current window maximized

2022-11-23 21:25:39 - [MESSAGE][PASSED] - Current window maximized

2022-11-23 21:25:39 - [TEST_STEP][PASSED] - waitForElementClickable(findTestObject("Validar_campo/Page_Selenium Easy Demo - Simple Form to Au_3f5468/a_No, thanks"), 3): Object 'Object Repository/Validar_campo/Page_Selenium Easy Demo - Simple Form to Au_3f5468/a_No, thanks' is clickable

2022-11-23 21:25:44 - [MESSAGE][INFO] - Unable to find the element located by 'By.xpath: //div[@id='at-cv-lightbox-button-holder']/a[2]'. Please recheck the objects properties to make sure the desired element is located. 

2022-11-23 21:25:44 - [MESSAGE][WARNING] - [SELF-HEALING] Failed to find element with id 'Object Repository/Validar_campo/Page_Selenium Easy Demo - Simple Form to Au_3f5468/a_No, thanks'. Try using Self-healing.

2022-11-23 21:25:47 - [MESSAGE][WARNING] - [SELF-HEALING] The current locator of test object 'Object Repository/Validar_campo/Page_Selenium Easy Demo - Simple Form to Au_3f5468/a_No, thanks' was broken. Propose an alternative one: '//a[2]'.

2022-11-23 21:25:47 - [MESSAGE][PASSED] - Object 'Object Repository/Validar_campo/Page_Selenium Easy Demo - Simple Form to Au_3f5468/a_No, thanks' is clickable

2022-11-23 21:25:47 - [TEST_STEP][PASSED] - click(findTestObject("Object Repository/Validar_campo/Page_Selenium Easy Demo - Simple Form to Au_3f5468/a_No, thanks")): Object: 'Object Repository/Validar_campo/Page_Selenium Easy Demo - Simple Form to Au_3f5468/a_No, thanks' is clicked on

2022-11-23 21:25:55 - [MESSAGE][INFO] - Unable to find the element located by 'By.xpath: //div[@id='at-cv-lightbox-button-holder']/a[2]'. Please recheck the objects properties to make sure the desired element is located. 

2022-11-23 21:25:55 - [MESSAGE][WARNING] - [SELF-HEALING] Failed to find element with id 'Object Repository/Validar_campo/Page_Selenium Easy Demo - Simple Form to Au_3f5468/a_No, thanks'. Try using Self-healing.

2022-11-23 21:25:57 - [MESSAGE][WARNING] - [SELF-HEALING] The current locator of test object 'Object Repository/Validar_campo/Page_Selenium Easy Demo - Simple Form to Au_3f5468/a_No, thanks' was broken. Propose an alternative one: '//a[2]'.

2022-11-23 21:25:59 - [MESSAGE][PASSED] - Object: 'Object Repository/Validar_campo/Page_Selenium Easy Demo - Simple Form to Au_3f5468/a_No, thanks' is clicked on

2022-11-23 21:25:59 - [TEST_STEP][FAILED] - setText(findTestObject("Object Repository/Validar_campo/Page_Selenium Easy Demo - Simple Form to Au_3f5468/input_Enter a_sum1"), "5"): Unable to set text '5' of object 'Object Repository/Validar_campo/Page_Selenium Easy Demo - Simple Form to Au_3f5468/input_Enter a_sum1' (Root cause: com.kms.katalon.core.exception.StepFailedException: Unable to set text '5' of object 'Object Repository/Validar_campo/Page_Selenium Easy Demo - Simple Form to Au_3f5468/input_Enter a_sum1'
	at com.kms.katalon.core.webui.keyword.internal.WebUIKeywordMain.stepFailed(WebUIKeywordMain.groovy:64)
	at com.kms.katalon.core.webui.keyword.internal.WebUIKeywordMain.runKeyword(WebUIKeywordMain.groovy:26)
	at com.kms.katalon.core.webui.keyword.builtin.SetTextKeyword.setText(SetTextKeyword.groovy:66)
	at com.kms.katalon.core.webui.keyword.builtin.SetTextKeyword.execute(SetTextKeyword.groovy:37)
	at com.kms.katalon.core.keyword.internal.KeywordExecutor.executeKeywordForPlatform(KeywordExecutor.groovy:74)
	at com.kms.katalon.core.webui.keyword.WebUiBuiltInKeywords.setText(WebUiBuiltInKeywords.groovy:980)
	at com.kms.katalon.core.webui.keyword.WebUiBuiltInKeywords$setText$2.call(Unknown Source)
	at Validar_calculo.run(Validar_calculo:31)
	at com.kms.katalon.core.main.ScriptEngine.run(ScriptEngine.java:194)
	at com.kms.katalon.core.main.ScriptEngine.runScriptAsRawText(ScriptEngine.java:119)
	at com.kms.katalon.core.main.TestCaseExecutor.runScript(TestCaseExecutor.java:448)
	at com.kms.katalon.core.main.TestCaseExecutor.doExecute(TestCaseExecutor.java:439)
	at com.kms.katalon.core.main.TestCaseExecutor.processExecutionPhase(TestCaseExecutor.java:418)
	at com.kms.katalon.core.main.TestCaseExecutor.accessMainPhase(TestCaseExecutor.java:410)
	at com.kms.katalon.core.main.TestCaseExecutor.execute(TestCaseExecutor.java:285)
	at com.kms.katalon.core.common.CommonExecutor.accessTestCaseMainPhase(CommonExecutor.java:65)
	at com.kms.katalon.core.main.TestSuiteExecutor.accessTestSuiteMainPhase(TestSuiteExecutor.java:151)
	at com.kms.katalon.core.main.TestSuiteExecutor.execute(TestSuiteExecutor.java:106)
	at com.kms.katalon.core.main.TestCaseMain.startTestSuite(TestCaseMain.java:185)
	at com.kms.katalon.core.main.TestCaseMain$startTestSuite$0.call(Unknown Source)
	at TempTestSuite1669248948278.run(TempTestSuite1669248948278.groovy:36)
Caused by: com.kms.katalon.core.webui.exception.WebElementNotFoundException: Web element with id: 'Object Repository/Validar_campo/Page_Selenium Easy Demo - Simple Form to Au_3f5468/input_Enter a_sum1' located by '//input[@id='sum1']' not found
	at com.kms.katalon.core.webui.common.WebUiCommonHelper.findWebElement(WebUiCommonHelper.java:1370)
	at com.kms.katalon.core.webui.keyword.internal.WebUIAbstractKeyword.findWebElement(WebUIAbstractKeyword.groovy:27)
	at com.kms.katalon.core.webui.keyword.internal.WebUIAbstractKeyword.findWebElement(WebUIAbstractKeyword.groovy:26)
	at com.kms.katalon.core.webui.keyword.builtin.SetTextKeyword$_setText_closure1.doCall(SetTextKeyword.groovy:51)
	at com.kms.katalon.core.webui.keyword.builtin.SetTextKeyword$_setText_closure1.call(SetTextKeyword.groovy)
	at com.kms.katalon.core.webui.keyword.internal.WebUIKeywordMain.runKeyword(WebUIKeywordMain.groovy:20)
	at com.kms.katalon.core.webui.keyword.builtin.SetTextKeyword.setText(SetTextKeyword.groovy:66)
	at com.kms.katalon.core.webui.keyword.builtin.SetTextKeyword.execute(SetTextKeyword.groovy:37)
	at com.kms.katalon.core.keyword.internal.KeywordExecutor.executeKeywordForPlatform(KeywordExecutor.groovy:74)
	at com.kms.katalon.core.webui.keyword.WebUiBuiltInKeywords.setText(WebUiBuiltInKeywords.groovy:980)
	at com.kms.katalon.core.webui.keyword.WebUiBuiltInKeywords$setText$2.call(Unknown Source)
	at Script1626389474082.run(Script1626389474082.groovy:31)
	... 13 more
)

2022-11-23 21:26:08 - [MESSAGE][INFO] - Unable to find the element located by 'By.xpath: //input[@id='sum1']'. Please recheck the objects properties to make sure the desired element is located. 

2022-11-23 21:26:08 - [MESSAGE][WARNING] - [SELF-HEALING] Failed to find element with id 'Object Repository/Validar_campo/Page_Selenium Easy Demo - Simple Form to Au_3f5468/input_Enter a_sum1'. Try using Self-healing.

2022-11-23 21:26:09 - [MESSAGE][INFO] - [SELF-HEALING] Failed Locator: '//input[@id='sum1']'.

2022-11-23 21:26:11 - [MESSAGE][INFO] - [SELF-HEALING] Failed Locator: '//form[@id='gettotal']/div/input'.

2022-11-23 21:26:15 - [MESSAGE][INFO] - [SELF-HEALING] Failed Locator: '//div[2]/div[2]/form/div/input'.

2022-11-23 21:26:17 - [MESSAGE][INFO] - Unable to find the element located by 'By.xpath: //*[@type = 'text' and @placeholder = 'Enter value' and @id = 'sum1']'. Please recheck the objects properties to make sure the desired element is located. 

2022-11-23 21:26:20 - [MESSAGE][INFO] - Unable to find the element located by 'By.cssSelector: #sum1'. Please recheck the objects properties to make sure the desired element is located. 

2022-11-23 21:26:30 - [MESSAGE][FAILED] - Unable to set text '5' of object 'Object Repository/Validar_campo/Page_Selenium Easy Demo - Simple Form to Au_3f5468/input_Enter a_sum1' (Root cause: com.kms.katalon.core.exception.StepFailedException: Unable to set text '5' of object 'Object Repository/Validar_campo/Page_Selenium Easy Demo - Simple Form to Au_3f5468/input_Enter a_sum1'
	at com.kms.katalon.core.webui.keyword.internal.WebUIKeywordMain.stepFailed(WebUIKeywordMain.groovy:64)
	at com.kms.katalon.core.webui.keyword.internal.WebUIKeywordMain.runKeyword(WebUIKeywordMain.groovy:26)
	at com.kms.katalon.core.webui.keyword.builtin.SetTextKeyword.setText(SetTextKeyword.groovy:66)
	at com.kms.katalon.core.webui.keyword.builtin.SetTextKeyword.execute(SetTextKeyword.groovy:37)
	at com.kms.katalon.core.keyword.internal.KeywordExecutor.executeKeywordForPlatform(KeywordExecutor.groovy:74)
	at com.kms.katalon.core.webui.keyword.WebUiBuiltInKeywords.setText(WebUiBuiltInKeywords.groovy:980)
	at com.kms.katalon.core.webui.keyword.WebUiBuiltInKeywords$setText$2.call(Unknown Source)
	at Validar_calculo.run(Validar_calculo:31)
	at com.kms.katalon.core.main.ScriptEngine.run(ScriptEngine.java:194)
	at com.kms.katalon.core.main.ScriptEngine.runScriptAsRawText(ScriptEngine.java:119)
	at com.kms.katalon.core.main.TestCaseExecutor.runScript(TestCaseExecutor.java:448)
	at com.kms.katalon.core.main.TestCaseExecutor.doExecute(TestCaseExecutor.java:439)
	at com.kms.katalon.core.main.TestCaseExecutor.processExecutionPhase(TestCaseExecutor.java:418)
	at com.kms.katalon.core.main.TestCaseExecutor.accessMainPhase(TestCaseExecutor.java:410)
	at com.kms.katalon.core.main.TestCaseExecutor.execute(TestCaseExecutor.java:285)
	at com.kms.katalon.core.common.CommonExecutor.accessTestCaseMainPhase(CommonExecutor.java:65)
	at com.kms.katalon.core.main.TestSuiteExecutor.accessTestSuiteMainPhase(TestSuiteExecutor.java:151)
	at com.kms.katalon.core.main.TestSuiteExecutor.execute(TestSuiteExecutor.java:106)
	at com.kms.katalon.core.main.TestCaseMain.startTestSuite(TestCaseMain.java:185)
	at com.kms.katalon.core.main.TestCaseMain$startTestSuite$0.call(Unknown Source)
	at TempTestSuite1669248948278.run(TempTestSuite1669248948278.groovy:36)
Caused by: com.kms.katalon.core.webui.exception.WebElementNotFoundException: Web element with id: 'Object Repository/Validar_campo/Page_Selenium Easy Demo - Simple Form to Au_3f5468/input_Enter a_sum1' located by '//input[@id='sum1']' not found
	at com.kms.katalon.core.webui.common.WebUiCommonHelper.findWebElement(WebUiCommonHelper.java:1370)
	at com.kms.katalon.core.webui.keyword.internal.WebUIAbstractKeyword.findWebElement(WebUIAbstractKeyword.groovy:27)
	at com.kms.katalon.core.webui.keyword.internal.WebUIAbstractKeyword.findWebElement(WebUIAbstractKeyword.groovy:26)
	at com.kms.katalon.core.webui.keyword.builtin.SetTextKeyword$_setText_closure1.doCall(SetTextKeyword.groovy:51)
	at com.kms.katalon.core.webui.keyword.builtin.SetTextKeyword$_setText_closure1.call(SetTextKeyword.groovy)
	at com.kms.katalon.core.webui.keyword.internal.WebUIKeywordMain.runKeyword(WebUIKeywordMain.groovy:20)
	at com.kms.katalon.core.webui.keyword.builtin.SetTextKeyword.setText(SetTextKeyword.groovy:66)
	at com.kms.katalon.core.webui.keyword.builtin.SetTextKeyword.execute(SetTextKeyword.groovy:37)
	at com.kms.katalon.core.keyword.internal.KeywordExecutor.executeKeywordForPlatform(KeywordExecutor.groovy:74)
	at com.kms.katalon.core.webui.keyword.WebUiBuiltInKeywords.setText(WebUiBuiltInKeywords.groovy:980)
	at com.kms.katalon.core.webui.keyword.WebUiBuiltInKeywords$setText$2.call(Unknown Source)
	at Script1626389474082.run(Script1626389474082.groovy:31)
	... 13 more
)
[[ATTACHMENT|C:\\Users\\admin\\Katalon Studio\\Proyectos\\Proyecto_uno\\Reports\\20221123_211544\\Test_suite_7\\20221123_211548\\1669249580934.png]]]]></system-out>
         <system-err><![CDATA[2022-11-23 21:24:53 - [TEST_CASE][FAILED] - Test Cases/Validar_calculo/Validar_calculo: Test Cases/Validar_calculo/Validar_calculo FAILED.
Reason:
com.kms.katalon.core.exception.StepFailedException: Unable to set text '5' of object 'Object Repository/Validar_campo/Page_Selenium Easy Demo - Simple Form to Au_3f5468/input_Enter a_sum1'
	at com.kms.katalon.core.webui.keyword.internal.WebUIKeywordMain.stepFailed(WebUIKeywordMain.groovy:64)
	at com.kms.katalon.core.webui.keyword.internal.WebUIKeywordMain.runKeyword(WebUIKeywordMain.groovy:26)
	at com.kms.katalon.core.webui.keyword.builtin.SetTextKeyword.setText(SetTextKeyword.groovy:66)
	at com.kms.katalon.core.webui.keyword.builtin.SetTextKeyword.execute(SetTextKeyword.groovy:37)
	at com.kms.katalon.core.keyword.internal.KeywordExecutor.executeKeywordForPlatform(KeywordExecutor.groovy:74)
	at com.kms.katalon.core.webui.keyword.WebUiBuiltInKeywords.setText(WebUiBuiltInKeywords.groovy:980)
	at com.kms.katalon.core.webui.keyword.WebUiBuiltInKeywords$setText$2.call(Unknown Source)
	at Validar_calculo.run(Validar_calculo:31)
	at com.kms.katalon.core.main.ScriptEngine.run(ScriptEngine.java:194)
	at com.kms.katalon.core.main.ScriptEngine.runScriptAsRawText(ScriptEngine.java:119)
	at com.kms.katalon.core.main.TestCaseExecutor.runScript(TestCaseExecutor.java:448)
	at com.kms.katalon.core.main.TestCaseExecutor.doExecute(TestCaseExecutor.java:439)
	at com.kms.katalon.core.main.TestCaseExecutor.processExecutionPhase(TestCaseExecutor.java:418)
	at com.kms.katalon.core.main.TestCaseExecutor.accessMainPhase(TestCaseExecutor.java:410)
	at com.kms.katalon.core.main.TestCaseExecutor.execute(TestCaseExecutor.java:285)
	at com.kms.katalon.core.common.CommonExecutor.accessTestCaseMainPhase(CommonExecutor.java:65)
	at com.kms.katalon.core.main.TestSuiteExecutor.accessTestSuiteMainPhase(TestSuiteExecutor.java:151)
	at com.kms.katalon.core.main.TestSuiteExecutor.execute(TestSuiteExecutor.java:106)
	at com.kms.katalon.core.main.TestCaseMain.startTestSuite(TestCaseMain.java:185)
	at com.kms.katalon.core.main.TestCaseMain$startTestSuite$0.call(Unknown Source)
	at TempTestSuite1669248948278.run(TempTestSuite1669248948278.groovy:36)
Caused by: com.kms.katalon.core.webui.exception.WebElementNotFoundException: Web element with id: 'Object Repository/Validar_campo/Page_Selenium Easy Demo - Simple Form to Au_3f5468/input_Enter a_sum1' located by '//input[@id='sum1']' not found
	at com.kms.katalon.core.webui.common.WebUiCommonHelper.findWebElement(WebUiCommonHelper.java:1370)
	at com.kms.katalon.core.webui.keyword.internal.WebUIAbstractKeyword.findWebElement(WebUIAbstractKeyword.groovy:27)
	at com.kms.katalon.core.webui.keyword.internal.WebUIAbstractKeyword.findWebElement(WebUIAbstractKeyword.groovy:26)
	at com.kms.katalon.core.webui.keyword.builtin.SetTextKeyword$_setText_closure1.doCall(SetTextKeyword.groovy:51)
	at com.kms.katalon.core.webui.keyword.builtin.SetTextKeyword$_setText_closure1.call(SetTextKeyword.groovy)
	at com.kms.katalon.core.webui.keyword.internal.WebUIKeywordMain.runKeyword(WebUIKeywordMain.groovy:20)
	... 19 more]]></system-err>
      </testcase>
      <testcase name="Test Cases/Variables/Variables" time="125.293" classname="Test Cases/Variables/Variables" status="PASSED">
         <system-out><![CDATA[2022-11-23 21:26:30 - [TEST_CASE][PASSED] - Test Cases/Variables/Variables: Test Cases/Variables/Variables

2022-11-23 21:26:30 - [TEST_STEP][PASSED] - openBrowser(""): Browser is opened with url: ''

2022-11-23 21:26:30 - [MESSAGE][WARNING] - A browser is already opened. Closing browser and opening a new one

2022-11-23 21:26:33 - [MESSAGE][INFO] - User set preference: ['os', 'windows']

2022-11-23 21:26:33 - [MESSAGE][INFO] - User set preference: ['browserName', 'chrome']

2022-11-23 21:26:33 - [MESSAGE][INFO] - User set preference: ['browserVersion', '103']

2022-11-23 21:26:33 - [MESSAGE][INFO] - User set preference: ['katalon:option', '{organizationId=987205, tunnelId=, usingTunnel=false}']

2022-11-23 21:26:33 - [MESSAGE][INFO] - Connecting to remote web server 'testcloud.katalon.com/hub' with type 'Selenium'

2022-11-23 21:26:33 - [MESSAGE][INFO] - Action delay is set to 0 milliseconds

2022-11-23 21:27:24 - [MESSAGE][PASSED] - Browser is opened with url: ''

2022-11-23 21:27:24 - [TEST_STEP][PASSED] - navigateToUrl("https://demoqa.com/webtables"): Navigate to 'https://demoqa.com/webtables' successfully

2022-11-23 21:27:29 - [MESSAGE][PASSED] - Navigate to 'https://demoqa.com/webtables' successfully

2022-11-23 21:27:29 - [TEST_STEP][PASSED] - click(findTestObject("Object Repository/Variables/Page_ToolsQA/button_Add")): Object: 'Object Repository/Variables/Page_ToolsQA/button_Add' is clicked on

2022-11-23 21:27:33 - [MESSAGE][PASSED] - Object: 'Object Repository/Variables/Page_ToolsQA/button_Add' is clicked on

2022-11-23 21:27:33 - [TEST_STEP][PASSED] - setText(findTestObject("Object Repository/Variables/Page_ToolsQA/input_First Name_firstName"), "Juan"): Text 'Juan' is set on object 'Object Repository/Variables/Page_ToolsQA/input_First Name_firstName'

2022-11-23 21:27:41 - [MESSAGE][PASSED] - Text 'Juan' is set on object 'Object Repository/Variables/Page_ToolsQA/input_First Name_firstName'

2022-11-23 21:27:41 - [TEST_STEP][PASSED] - click(findTestObject("Object Repository/Variables/Page_ToolsQA/input_Last Name_lastName")): Object: 'Object Repository/Variables/Page_ToolsQA/input_Last Name_lastName' is clicked on

2022-11-23 21:27:44 - [MESSAGE][PASSED] - Object: 'Object Repository/Variables/Page_ToolsQA/input_Last Name_lastName' is clicked on

2022-11-23 21:27:44 - [TEST_STEP][PASSED] - setText(findTestObject("Object Repository/Variables/Page_ToolsQA/input_Last Name_lastName"), "Perez"): Text 'Perez' is set on object 'Object Repository/Variables/Page_ToolsQA/input_Last Name_lastName'

2022-11-23 21:27:48 - [MESSAGE][PASSED] - Text 'Perez' is set on object 'Object Repository/Variables/Page_ToolsQA/input_Last Name_lastName'

2022-11-23 21:27:48 - [TEST_STEP][PASSED] - setText(findTestObject("Object Repository/Variables/Page_ToolsQA/input_Email_userEmail"), "juan@gmail.com"): Text 'juan@gmail.com' is set on object 'Object Repository/Variables/Page_ToolsQA/input_Email_userEmail'

2022-11-23 21:27:53 - [MESSAGE][PASSED] - Text 'juan@gmail.com' is set on object 'Object Repository/Variables/Page_ToolsQA/input_Email_userEmail'

2022-11-23 21:27:53 - [TEST_STEP][PASSED] - setText(findTestObject("Object Repository/Variables/Page_ToolsQA/input_Age_age"), "22"): Text '22' is set on object 'Object Repository/Variables/Page_ToolsQA/input_Age_age'

2022-11-23 21:28:01 - [MESSAGE][PASSED] - Text '22' is set on object 'Object Repository/Variables/Page_ToolsQA/input_Age_age'

2022-11-23 21:28:01 - [TEST_STEP][PASSED] - setText(findTestObject("Object Repository/Variables/Page_ToolsQA/input_Salary_salary"), "35000"): Text '35000' is set on object 'Object Repository/Variables/Page_ToolsQA/input_Salary_salary'

2022-11-23 21:28:06 - [MESSAGE][PASSED] - Text '35000' is set on object 'Object Repository/Variables/Page_ToolsQA/input_Salary_salary'

2022-11-23 21:28:06 - [TEST_STEP][PASSED] - setText(findTestObject("Object Repository/Variables/Page_ToolsQA/input_Department_department"), "Informatica"): Text 'Informatica' is set on object 'Object Repository/Variables/Page_ToolsQA/input_Department_department'

2022-11-23 21:28:12 - [MESSAGE][PASSED] - Text 'Informatica' is set on object 'Object Repository/Variables/Page_ToolsQA/input_Department_department'

2022-11-23 21:28:12 - [TEST_STEP][PASSED] - rightClick(findTestObject("Object Repository/Variables/Page_ToolsQA/input_Department_department")): Object: 'Object Repository/Variables/Page_ToolsQA/input_Department_department' is right clicked on

2022-11-23 21:28:15 - [MESSAGE][PASSED] - Object: 'Object Repository/Variables/Page_ToolsQA/input_Department_department' is right clicked on

2022-11-23 21:28:15 - [TEST_STEP][PASSED] - click(findTestObject("Object Repository/Variables/Page_ToolsQA/div_Submit")): Object: 'Object Repository/Variables/Page_ToolsQA/div_Submit' is clicked on

2022-11-23 21:28:22 - [MESSAGE][PASSED] - Object: 'Object Repository/Variables/Page_ToolsQA/div_Submit' is clicked on

2022-11-23 21:28:22 - [TEST_STEP][PASSED] - setText(findTestObject("Object Repository/Variables/Page_ToolsQA/input_Department_department"), "Informática"): Text 'Informática' is set on object 'Object Repository/Variables/Page_ToolsQA/input_Department_department'

2022-11-23 21:28:29 - [MESSAGE][PASSED] - Text 'Informática' is set on object 'Object Repository/Variables/Page_ToolsQA/input_Department_department'

2022-11-23 21:28:29 - [TEST_STEP][PASSED] - click(findTestObject("Object Repository/Variables/Page_ToolsQA/div_Submit")): Object: 'Object Repository/Variables/Page_ToolsQA/div_Submit' is clicked on

2022-11-23 21:28:31 - [MESSAGE][PASSED] - Object: 'Object Repository/Variables/Page_ToolsQA/div_Submit' is clicked on

2022-11-23 21:28:31 - [TEST_STEP][PASSED] - click(findTestObject("Object Repository/Variables/Page_ToolsQA/button_Submit")): Object: 'Object Repository/Variables/Page_ToolsQA/button_Submit' is clicked on

2022-11-23 21:28:34 - [MESSAGE][PASSED] - Object: 'Object Repository/Variables/Page_ToolsQA/button_Submit' is clicked on

2022-11-23 21:28:34 - [TEST_STEP][PASSED] - closeBrowser(): Browser is closed

2022-11-23 21:28:35 - [MESSAGE][PASSED] - Browser is closed]]></system-out>
         <system-err><![CDATA[]]></system-err>
      </testcase>
      <testcase name="Test Cases/Variables_2/Variables_2" time="72.098" classname="Test Cases/Variables_2/Variables_2" status="ERROR">
         <error type="ERROR" message="Test Cases/Variables_2/Variables_2 FAILED.
Reason:
groovy.lang.MissingMethodException: No signature of method: static com.kms.katalon.core.webui.keyword.WebUiBuiltInKeywords.setText() is applicable for argument types: (com.kms.katalon.core.testobject.TestObject, java.lang.Integer) values: [TestObject - 'Object Repository/Variables_2/Page_ToolsQA/input_Age_age', ...]
Possible solutions: setText(com.kms.katalon.core.testobject.TestObject, java.lang.String), getText(com.kms.katalon.core.testobject.TestObject), getText(com.kms.katalon.core.testobject.TestObject, com.kms.katalon.core.model.FailureHandling), setText(com.kms.katalon.core.testobject.TestObject, java.lang.String, com.kms.katalon.core.model.FailureHandling), clearText(com.kms.katalon.core.testobject.TestObject), clearText(com.kms.katalon.core.testobject.TestObject, com.kms.katalon.core.model.FailureHandling)
	at Variables_2.run(Variables_2:34)
	at com.kms.katalon.core.main.ScriptEngine.run(ScriptEngine.java:194)
	at com.kms.katalon.core.main.ScriptEngine.runScriptAsRawText(ScriptEngine.java:119)
	at com.kms.katalon.core.main.TestCaseExecutor.runScript(TestCaseExecutor.java:448)
	at com.kms.katalon.core.main.TestCaseExecutor.doExecute(TestCaseExecutor.java:439)
	at com.kms.katalon.core.main.TestCaseExecutor.processExecutionPhase(TestCaseExecutor.java:418)
	at com.kms.katalon.core.main.TestCaseExecutor.accessMainPhase(TestCaseExecutor.java:410)
	at com.kms.katalon.core.main.TestCaseExecutor.execute(TestCaseExecutor.java:285)
	at com.kms.katalon.core.common.CommonExecutor.accessTestCaseMainPhase(CommonExecutor.java:65)
	at com.kms.katalon.core.main.TestSuiteExecutor.accessTestSuiteMainPhase(TestSuiteExecutor.java:151)
	at com.kms.katalon.core.main.TestSuiteExecutor.execute(TestSuiteExecutor.java:106)
	at com.kms.katalon.core.main.TestCaseMain.startTestSuite(TestCaseMain.java:185)
	at com.kms.katalon.core.main.TestCaseMain$startTestSuite$0.call(Unknown Source)
	at TempTestSuite1669248948278.run(TempTestSuite1669248948278.groovy:36)
"/>
         <system-out><![CDATA[2022-11-23 21:28:35 - [TEST_CASE][ERROR] - Test Cases/Variables_2/Variables_2: Test Cases/Variables_2/Variables_2 FAILED.
Reason:
groovy.lang.MissingMethodException: No signature of method: static com.kms.katalon.core.webui.keyword.WebUiBuiltInKeywords.setText() is applicable for argument types: (com.kms.katalon.core.testobject.TestObject, java.lang.Integer) values: [TestObject - 'Object Repository/Variables_2/Page_ToolsQA/input_Age_age', ...]
Possible solutions: setText(com.kms.katalon.core.testobject.TestObject, java.lang.String), getText(com.kms.katalon.core.testobject.TestObject), getText(com.kms.katalon.core.testobject.TestObject, com.kms.katalon.core.model.FailureHandling), setText(com.kms.katalon.core.testobject.TestObject, java.lang.String, com.kms.katalon.core.model.FailureHandling), clearText(com.kms.katalon.core.testobject.TestObject), clearText(com.kms.katalon.core.testobject.TestObject, com.kms.katalon.core.model.FailureHandling)
	at Variables_2.run(Variables_2:34)
	at com.kms.katalon.core.main.ScriptEngine.run(ScriptEngine.java:194)
	at com.kms.katalon.core.main.ScriptEngine.runScriptAsRawText(ScriptEngine.java:119)
	at com.kms.katalon.core.main.TestCaseExecutor.runScript(TestCaseExecutor.java:448)
	at com.kms.katalon.core.main.TestCaseExecutor.doExecute(TestCaseExecutor.java:439)
	at com.kms.katalon.core.main.TestCaseExecutor.processExecutionPhase(TestCaseExecutor.java:418)
	at com.kms.katalon.core.main.TestCaseExecutor.accessMainPhase(TestCaseExecutor.java:410)
	at com.kms.katalon.core.main.TestCaseExecutor.execute(TestCaseExecutor.java:285)
	at com.kms.katalon.core.common.CommonExecutor.accessTestCaseMainPhase(CommonExecutor.java:65)
	at com.kms.katalon.core.main.TestSuiteExecutor.accessTestSuiteMainPhase(TestSuiteExecutor.java:151)
	at com.kms.katalon.core.main.TestSuiteExecutor.execute(TestSuiteExecutor.java:106)
	at com.kms.katalon.core.main.TestCaseMain.startTestSuite(TestCaseMain.java:185)
	at com.kms.katalon.core.main.TestCaseMain$startTestSuite$0.call(Unknown Source)
	at TempTestSuite1669248948278.run(TempTestSuite1669248948278.groovy:36)


2022-11-23 21:28:36 - [TEST_STEP][PASSED] - openBrowser(""): Browser is opened with url: ''

2022-11-23 21:28:36 - [MESSAGE][INFO] - User set preference: ['os', 'windows']

2022-11-23 21:28:36 - [MESSAGE][INFO] - User set preference: ['browserName', 'chrome']

2022-11-23 21:28:36 - [MESSAGE][INFO] - User set preference: ['browserVersion', '103']

2022-11-23 21:28:36 - [MESSAGE][INFO] - User set preference: ['katalon:option', '{organizationId=987205, tunnelId=, usingTunnel=false}']

2022-11-23 21:28:36 - [MESSAGE][INFO] - Connecting to remote web server 'testcloud.katalon.com/hub' with type 'Selenium'

2022-11-23 21:28:36 - [MESSAGE][INFO] - Action delay is set to 0 milliseconds

2022-11-23 21:29:21 - [MESSAGE][PASSED] - Browser is opened with url: ''

2022-11-23 21:29:21 - [TEST_STEP][PASSED] - navigateToUrl("https://demoqa.com/webtables"): Navigate to 'https://demoqa.com/webtables' successfully

2022-11-23 21:29:24 - [MESSAGE][PASSED] - Navigate to 'https://demoqa.com/webtables' successfully

2022-11-23 21:29:24 - [TEST_STEP][PASSED] - maximizeWindow(): Current window maximized

2022-11-23 21:29:27 - [MESSAGE][PASSED] - Current window maximized

2022-11-23 21:29:27 - [TEST_STEP][PASSED] - click(findTestObject("Object Repository/Variables_2/Page_ToolsQA/button_Add")): Object: 'Object Repository/Variables_2/Page_ToolsQA/button_Add' is clicked on

2022-11-23 21:29:30 - [MESSAGE][PASSED] - Object: 'Object Repository/Variables_2/Page_ToolsQA/button_Add' is clicked on

2022-11-23 21:29:30 - [TEST_STEP][PASSED] - setText(findTestObject("Object Repository/Variables_2/Page_ToolsQA/input_First Name_firstName"), nombres): Text 'Juan' is set on object 'Object Repository/Variables_2/Page_ToolsQA/input_First Name_firstName'

2022-11-23 21:29:35 - [MESSAGE][PASSED] - Text 'Juan' is set on object 'Object Repository/Variables_2/Page_ToolsQA/input_First Name_firstName'

2022-11-23 21:29:35 - [TEST_STEP][PASSED] - setText(findTestObject("Object Repository/Variables_2/Page_ToolsQA/input_Last Name_lastName"), Apellido): Text 'Perez' is set on object 'Object Repository/Variables_2/Page_ToolsQA/input_Last Name_lastName'

2022-11-23 21:29:42 - [MESSAGE][PASSED] - Text 'Perez' is set on object 'Object Repository/Variables_2/Page_ToolsQA/input_Last Name_lastName'

2022-11-23 21:29:42 - [TEST_STEP][PASSED] - setText(findTestObject("Object Repository/Variables_2/Page_ToolsQA/input_Email_userEmail"), "juan@gmail.com"): Text 'juan@gmail.com' is set on object 'Object Repository/Variables_2/Page_ToolsQA/input_Email_userEmail'

2022-11-23 21:29:47 - [MESSAGE][PASSED] - Text 'juan@gmail.com' is set on object 'Object Repository/Variables_2/Page_ToolsQA/input_Email_userEmail'

2022-11-23 21:29:47 - [TEST_STEP][ERROR] - setText(findTestObject("Object Repository/Variables_2/Page_ToolsQA/input_Age_age"), Edad): Test Cases/Variables_2/Variables_2 FAILED.
Reason:
groovy.lang.MissingMethodException: No signature of method: static com.kms.katalon.core.webui.keyword.WebUiBuiltInKeywords.setText() is applicable for argument types: (com.kms.katalon.core.testobject.TestObject, java.lang.Integer) values: [TestObject - 'Object Repository/Variables_2/Page_ToolsQA/input_Age_age', ...]
Possible solutions: setText(com.kms.katalon.core.testobject.TestObject, java.lang.String), getText(com.kms.katalon.core.testobject.TestObject), getText(com.kms.katalon.core.testobject.TestObject, com.kms.katalon.core.model.FailureHandling), setText(com.kms.katalon.core.testobject.TestObject, java.lang.String, com.kms.katalon.core.model.FailureHandling), clearText(com.kms.katalon.core.testobject.TestObject), clearText(com.kms.katalon.core.testobject.TestObject, com.kms.katalon.core.model.FailureHandling)
	at Variables_2.run(Variables_2:34)
	at com.kms.katalon.core.main.ScriptEngine.run(ScriptEngine.java:194)
	at com.kms.katalon.core.main.ScriptEngine.runScriptAsRawText(ScriptEngine.java:119)
	at com.kms.katalon.core.main.TestCaseExecutor.runScript(TestCaseExecutor.java:448)
	at com.kms.katalon.core.main.TestCaseExecutor.doExecute(TestCaseExecutor.java:439)
	at com.kms.katalon.core.main.TestCaseExecutor.processExecutionPhase(TestCaseExecutor.java:418)
	at com.kms.katalon.core.main.TestCaseExecutor.accessMainPhase(TestCaseExecutor.java:410)
	at com.kms.katalon.core.main.TestCaseExecutor.execute(TestCaseExecutor.java:285)
	at com.kms.katalon.core.common.CommonExecutor.accessTestCaseMainPhase(CommonExecutor.java:65)
	at com.kms.katalon.core.main.TestSuiteExecutor.accessTestSuiteMainPhase(TestSuiteExecutor.java:151)
	at com.kms.katalon.core.main.TestSuiteExecutor.execute(TestSuiteExecutor.java:106)
	at com.kms.katalon.core.main.TestCaseMain.startTestSuite(TestCaseMain.java:185)
	at com.kms.katalon.core.main.TestCaseMain$startTestSuite$0.call(Unknown Source)
	at TempTestSuite1669248948278.run(TempTestSuite1669248948278.groovy:36)


2022-11-23 21:29:47 - [MESSAGE][ERROR] - Test Cases/Variables_2/Variables_2 FAILED.
Reason:
groovy.lang.MissingMethodException: No signature of method: static com.kms.katalon.core.webui.keyword.WebUiBuiltInKeywords.setText() is applicable for argument types: (com.kms.katalon.core.testobject.TestObject, java.lang.Integer) values: [TestObject - 'Object Repository/Variables_2/Page_ToolsQA/input_Age_age', ...]
Possible solutions: setText(com.kms.katalon.core.testobject.TestObject, java.lang.String), getText(com.kms.katalon.core.testobject.TestObject), getText(com.kms.katalon.core.testobject.TestObject, com.kms.katalon.core.model.FailureHandling), setText(com.kms.katalon.core.testobject.TestObject, java.lang.String, com.kms.katalon.core.model.FailureHandling), clearText(com.kms.katalon.core.testobject.TestObject), clearText(com.kms.katalon.core.testobject.TestObject, com.kms.katalon.core.model.FailureHandling)
	at Variables_2.run(Variables_2:34)
	at com.kms.katalon.core.main.ScriptEngine.run(ScriptEngine.java:194)
	at com.kms.katalon.core.main.ScriptEngine.runScriptAsRawText(ScriptEngine.java:119)
	at com.kms.katalon.core.main.TestCaseExecutor.runScript(TestCaseExecutor.java:448)
	at com.kms.katalon.core.main.TestCaseExecutor.doExecute(TestCaseExecutor.java:439)
	at com.kms.katalon.core.main.TestCaseExecutor.processExecutionPhase(TestCaseExecutor.java:418)
	at com.kms.katalon.core.main.TestCaseExecutor.accessMainPhase(TestCaseExecutor.java:410)
	at com.kms.katalon.core.main.TestCaseExecutor.execute(TestCaseExecutor.java:285)
	at com.kms.katalon.core.common.CommonExecutor.accessTestCaseMainPhase(CommonExecutor.java:65)
	at com.kms.katalon.core.main.TestSuiteExecutor.accessTestSuiteMainPhase(TestSuiteExecutor.java:151)
	at com.kms.katalon.core.main.TestSuiteExecutor.execute(TestSuiteExecutor.java:106)
	at com.kms.katalon.core.main.TestCaseMain.startTestSuite(TestCaseMain.java:185)
	at com.kms.katalon.core.main.TestCaseMain$startTestSuite$0.call(Unknown Source)
	at TempTestSuite1669248948278.run(TempTestSuite1669248948278.groovy:36)]]></system-out>
         <system-err><![CDATA[2022-11-23 21:28:35 - [TEST_CASE][ERROR] - Test Cases/Variables_2/Variables_2: Test Cases/Variables_2/Variables_2 FAILED.
Reason:
groovy.lang.MissingMethodException: No signature of method: static com.kms.katalon.core.webui.keyword.WebUiBuiltInKeywords.setText() is applicable for argument types: (com.kms.katalon.core.testobject.TestObject, java.lang.Integer) values: [TestObject - 'Object Repository/Variables_2/Page_ToolsQA/input_Age_age', ...]
Possible solutions: setText(com.kms.katalon.core.testobject.TestObject, java.lang.String), getText(com.kms.katalon.core.testobject.TestObject), getText(com.kms.katalon.core.testobject.TestObject, com.kms.katalon.core.model.FailureHandling), setText(com.kms.katalon.core.testobject.TestObject, java.lang.String, com.kms.katalon.core.model.FailureHandling), clearText(com.kms.katalon.core.testobject.TestObject), clearText(com.kms.katalon.core.testobject.TestObject, com.kms.katalon.core.model.FailureHandling)
	at Variables_2.run(Variables_2:34)
	at com.kms.katalon.core.main.ScriptEngine.run(ScriptEngine.java:194)
	at com.kms.katalon.core.main.ScriptEngine.runScriptAsRawText(ScriptEngine.java:119)
	at com.kms.katalon.core.main.TestCaseExecutor.runScript(TestCaseExecutor.java:448)
	at com.kms.katalon.core.main.TestCaseExecutor.doExecute(TestCaseExecutor.java:439)
	at com.kms.katalon.core.main.TestCaseExecutor.processExecutionPhase(TestCaseExecutor.java:418)
	at com.kms.katalon.core.main.TestCaseExecutor.accessMainPhase(TestCaseExecutor.java:410)
	at com.kms.katalon.core.main.TestCaseExecutor.execute(TestCaseExecutor.java:285)
	at com.kms.katalon.core.common.CommonExecutor.accessTestCaseMainPhase(CommonExecutor.java:65)
	at com.kms.katalon.core.main.TestSuiteExecutor.accessTestSuiteMainPhase(TestSuiteExecutor.java:151)
	at com.kms.katalon.core.main.TestSuiteExecutor.execute(TestSuiteExecutor.java:106)
	at com.kms.katalon.core.main.TestCaseMain.startTestSuite(TestCaseMain.java:185)
	at com.kms.katalon.core.main.TestCaseMain$startTestSuite$0.call(Unknown Source)
	at TempTestSuite1669248948278.run(TempTestSuite1669248948278.groovy:36)]]></system-err>
      </testcase>
      <testcase name="Test Cases/Wait/Wait" time="154.567" classname="Test Cases/Wait/Wait" status="FAILED">
         <failure type="FAILED" message="Test Cases/Wait/Wait FAILED.
Reason:
com.kms.katalon.core.exception.StepFailedException: Unable to click on object 'Object Repository/Wait/Page_Selenium Easy Demo - Simple Form to Au_3f5468/button_Show Message'
	at com.kms.katalon.core.webui.keyword.internal.WebUIKeywordMain.stepFailed(WebUIKeywordMain.groovy:64)
	at com.kms.katalon.core.webui.keyword.internal.WebUIKeywordMain.runKeyword(WebUIKeywordMain.groovy:26)
	at com.kms.katalon.core.webui.keyword.builtin.ClickKeyword.click(ClickKeyword.groovy:74)
	at com.kms.katalon.core.webui.keyword.builtin.ClickKeyword.execute(ClickKeyword.groovy:40)
	at com.kms.katalon.core.keyword.internal.KeywordExecutor.executeKeywordForPlatform(KeywordExecutor.groovy:74)
	at com.kms.katalon.core.webui.keyword.WebUiBuiltInKeywords.click(WebUiBuiltInKeywords.groovy:620)
	at com.kms.katalon.core.webui.keyword.WebUiBuiltInKeywords$click$4.call(Unknown Source)
	at Wait.run(Wait:38)
	at com.kms.katalon.core.main.ScriptEngine.run(ScriptEngine.java:194)
	at com.kms.katalon.core.main.ScriptEngine.runScriptAsRawText(ScriptEngine.java:119)
	at com.kms.katalon.core.main.TestCaseExecutor.runScript(TestCaseExecutor.java:448)
	at com.kms.katalon.core.main.TestCaseExecutor.doExecute(TestCaseExecutor.java:439)
	at com.kms.katalon.core.main.TestCaseExecutor.processExecutionPhase(TestCaseExecutor.java:418)
	at com.kms.katalon.core.main.TestCaseExecutor.accessMainPhase(TestCaseExecutor.java:410)
	at com.kms.katalon.core.main.TestCaseExecutor.execute(TestCaseExecutor.java:285)
	at com.kms.katalon.core.common.CommonExecutor.accessTestCaseMainPhase(CommonExecutor.java:65)
	at com.kms.katalon.core.main.TestSuiteExecutor.accessTestSuiteMainPhase(TestSuiteExecutor.java:151)
	at com.kms.katalon.core.main.TestSuiteExecutor.execute(TestSuiteExecutor.java:106)
	at com.kms.katalon.core.main.TestCaseMain.startTestSuite(TestCaseMain.java:185)
	at com.kms.katalon.core.main.TestCaseMain$startTestSuite$0.call(Unknown Source)
	at TempTestSuite1669248948278.run(TempTestSuite1669248948278.groovy:36)
Caused by: com.kms.katalon.core.webui.exception.WebElementNotFoundException: Web element with id: 'Object Repository/Wait/Page_Selenium Easy Demo - Simple Form to Au_3f5468/button_Show Message' located by '(//button[@type='button'])[2]' not found
	at com.kms.katalon.core.webui.common.WebUiCommonHelper.findWebElement(WebUiCommonHelper.java:1370)
	at com.kms.katalon.core.webui.keyword.internal.WebUIAbstractKeyword.findWebElement(WebUIAbstractKeyword.groovy:27)
	at com.kms.katalon.core.webui.keyword.builtin.ClickKeyword$_click_closure1.doCall(ClickKeyword.groovy:65)
	at com.kms.katalon.core.webui.keyword.builtin.ClickKeyword$_click_closure1.call(ClickKeyword.groovy)
	at com.kms.katalon.core.webui.keyword.internal.WebUIKeywordMain.runKeyword(WebUIKeywordMain.groovy:20)
	... 19 more
"/>
         <system-out><![CDATA[2022-11-23 21:29:47 - [TEST_CASE][FAILED] - Test Cases/Wait/Wait: Test Cases/Wait/Wait FAILED.
Reason:
com.kms.katalon.core.exception.StepFailedException: Unable to click on object 'Object Repository/Wait/Page_Selenium Easy Demo - Simple Form to Au_3f5468/button_Show Message'
	at com.kms.katalon.core.webui.keyword.internal.WebUIKeywordMain.stepFailed(WebUIKeywordMain.groovy:64)
	at com.kms.katalon.core.webui.keyword.internal.WebUIKeywordMain.runKeyword(WebUIKeywordMain.groovy:26)
	at com.kms.katalon.core.webui.keyword.builtin.ClickKeyword.click(ClickKeyword.groovy:74)
	at com.kms.katalon.core.webui.keyword.builtin.ClickKeyword.execute(ClickKeyword.groovy:40)
	at com.kms.katalon.core.keyword.internal.KeywordExecutor.executeKeywordForPlatform(KeywordExecutor.groovy:74)
	at com.kms.katalon.core.webui.keyword.WebUiBuiltInKeywords.click(WebUiBuiltInKeywords.groovy:620)
	at com.kms.katalon.core.webui.keyword.WebUiBuiltInKeywords$click$4.call(Unknown Source)
	at Wait.run(Wait:38)
	at com.kms.katalon.core.main.ScriptEngine.run(ScriptEngine.java:194)
	at com.kms.katalon.core.main.ScriptEngine.runScriptAsRawText(ScriptEngine.java:119)
	at com.kms.katalon.core.main.TestCaseExecutor.runScript(TestCaseExecutor.java:448)
	at com.kms.katalon.core.main.TestCaseExecutor.doExecute(TestCaseExecutor.java:439)
	at com.kms.katalon.core.main.TestCaseExecutor.processExecutionPhase(TestCaseExecutor.java:418)
	at com.kms.katalon.core.main.TestCaseExecutor.accessMainPhase(TestCaseExecutor.java:410)
	at com.kms.katalon.core.main.TestCaseExecutor.execute(TestCaseExecutor.java:285)
	at com.kms.katalon.core.common.CommonExecutor.accessTestCaseMainPhase(CommonExecutor.java:65)
	at com.kms.katalon.core.main.TestSuiteExecutor.accessTestSuiteMainPhase(TestSuiteExecutor.java:151)
	at com.kms.katalon.core.main.TestSuiteExecutor.execute(TestSuiteExecutor.java:106)
	at com.kms.katalon.core.main.TestCaseMain.startTestSuite(TestCaseMain.java:185)
	at com.kms.katalon.core.main.TestCaseMain$startTestSuite$0.call(Unknown Source)
	at TempTestSuite1669248948278.run(TempTestSuite1669248948278.groovy:36)
Caused by: com.kms.katalon.core.webui.exception.WebElementNotFoundException: Web element with id: 'Object Repository/Wait/Page_Selenium Easy Demo - Simple Form to Au_3f5468/button_Show Message' located by '(//button[@type='button'])[2]' not found
	at com.kms.katalon.core.webui.common.WebUiCommonHelper.findWebElement(WebUiCommonHelper.java:1370)
	at com.kms.katalon.core.webui.keyword.internal.WebUIAbstractKeyword.findWebElement(WebUIAbstractKeyword.groovy:27)
	at com.kms.katalon.core.webui.keyword.builtin.ClickKeyword$_click_closure1.doCall(ClickKeyword.groovy:65)
	at com.kms.katalon.core.webui.keyword.builtin.ClickKeyword$_click_closure1.call(ClickKeyword.groovy)
	at com.kms.katalon.core.webui.keyword.internal.WebUIKeywordMain.runKeyword(WebUIKeywordMain.groovy:20)
	... 19 more


2022-11-23 21:29:48 - [TEST_STEP][PASSED] - openBrowser(""): Browser is opened with url: ''

2022-11-23 21:29:48 - [MESSAGE][WARNING] - A browser is already opened. Closing browser and opening a new one

2022-11-23 21:29:50 - [MESSAGE][INFO] - User set preference: ['os', 'windows']

2022-11-23 21:29:50 - [MESSAGE][INFO] - User set preference: ['browserName', 'chrome']

2022-11-23 21:29:50 - [MESSAGE][INFO] - User set preference: ['browserVersion', '103']

2022-11-23 21:29:50 - [MESSAGE][INFO] - User set preference: ['katalon:option', '{organizationId=987205, tunnelId=, usingTunnel=false}']

2022-11-23 21:29:50 - [MESSAGE][INFO] - Connecting to remote web server 'testcloud.katalon.com/hub' with type 'Selenium'

2022-11-23 21:29:50 - [MESSAGE][INFO] - Action delay is set to 0 milliseconds

2022-11-23 21:30:35 - [MESSAGE][PASSED] - Browser is opened with url: ''

2022-11-23 21:30:35 - [TEST_STEP][PASSED] - navigateToUrl("https://www.seleniumeasy.com/test/basic-first-form-demo.html"): Navigate to 'https://www.seleniumeasy.com/test/basic-first-form-demo.html' successfully

2022-11-23 21:30:38 - [MESSAGE][PASSED] - Navigate to 'https://www.seleniumeasy.com/test/basic-first-form-demo.html' successfully

2022-11-23 21:30:38 - [TEST_STEP][PASSED] - maximizeWindow(): Current window maximized

2022-11-23 21:30:39 - [MESSAGE][PASSED] - Current window maximized

2022-11-23 21:30:39 - [TEST_STEP][PASSED] - waitForPageLoad(Page_load): Wait for page load successfully

2022-11-23 21:30:40 - [MESSAGE][PASSED] - Wait for page load successfully

2022-11-23 21:30:40 - [TEST_STEP][PASSED] - waitForElementClickable(findTestObject("Wait/Page_Selenium Easy Demo - Simple Form to Au_3f5468/a_No, thanks"), Wait_general): Object 'Object Repository/Wait/Page_Selenium Easy Demo - Simple Form to Au_3f5468/a_No, thanks' is clickable

2022-11-23 21:30:47 - [MESSAGE][INFO] - Unable to find the element located by 'By.xpath: //div[@id='at-cv-lightbox-button-holder']/a[2]'. Please recheck the objects properties to make sure the desired element is located. 

2022-11-23 21:30:47 - [MESSAGE][WARNING] - [SELF-HEALING] Failed to find element with id 'Object Repository/Wait/Page_Selenium Easy Demo - Simple Form to Au_3f5468/a_No, thanks'. Try using Self-healing.

2022-11-23 21:30:49 - [MESSAGE][WARNING] - [SELF-HEALING] The current locator of test object 'Object Repository/Wait/Page_Selenium Easy Demo - Simple Form to Au_3f5468/a_No, thanks' was broken. Propose an alternative one: '//a[2]'.

2022-11-23 21:30:49 - [MESSAGE][PASSED] - Object 'Object Repository/Wait/Page_Selenium Easy Demo - Simple Form to Au_3f5468/a_No, thanks' is clickable

2022-11-23 21:30:49 - [TEST_STEP][PASSED] - click(findTestObject("Object Repository/Wait/Page_Selenium Easy Demo - Simple Form to Au_3f5468/a_No, thanks")): Object: 'Object Repository/Wait/Page_Selenium Easy Demo - Simple Form to Au_3f5468/a_No, thanks' is clicked on

2022-11-23 21:30:56 - [MESSAGE][INFO] - Unable to find the element located by 'By.xpath: //div[@id='at-cv-lightbox-button-holder']/a[2]'. Please recheck the objects properties to make sure the desired element is located. 

2022-11-23 21:30:56 - [MESSAGE][WARNING] - [SELF-HEALING] Failed to find element with id 'Object Repository/Wait/Page_Selenium Easy Demo - Simple Form to Au_3f5468/a_No, thanks'. Try using Self-healing.

2022-11-23 21:30:58 - [MESSAGE][WARNING] - [SELF-HEALING] The current locator of test object 'Object Repository/Wait/Page_Selenium Easy Demo - Simple Form to Au_3f5468/a_No, thanks' was broken. Propose an alternative one: '//a[2]'.

2022-11-23 21:30:59 - [MESSAGE][PASSED] - Object: 'Object Repository/Wait/Page_Selenium Easy Demo - Simple Form to Au_3f5468/a_No, thanks' is clicked on

2022-11-23 21:30:59 - [TEST_STEP][PASSED] - setText(findTestObject("Object Repository/Wait/Page_Selenium Easy Demo - Simple Form to Au_3f5468/input_Enter message_user-message"), "Bienvenidos a Katalon función Wait"): Text 'Bienvenidos a Katalon función Wait' is set on object 'Object Repository/Wait/Page_Selenium Easy Demo - Simple Form to Au_3f5468/input_Enter message_user-message'

2022-11-23 21:31:07 - [MESSAGE][INFO] - Unable to find the element located by 'By.xpath: //input[@id='user-message']'. Please recheck the objects properties to make sure the desired element is located. 

2022-11-23 21:31:07 - [MESSAGE][WARNING] - [SELF-HEALING] Failed to find element with id 'Object Repository/Wait/Page_Selenium Easy Demo - Simple Form to Au_3f5468/input_Enter message_user-message'. Try using Self-healing.

2022-11-23 21:31:08 - [MESSAGE][WARNING] - [SELF-HEALING] The current locator of test object 'Object Repository/Wait/Page_Selenium Easy Demo - Simple Form to Au_3f5468/input_Enter message_user-message' was broken. Propose an alternative one: '//input'.

2022-11-23 21:31:16 - [MESSAGE][INFO] - Unable to find the element located by 'By.xpath: //input[@id='user-message']'. Please recheck the objects properties to make sure the desired element is located. 

2022-11-23 21:31:16 - [MESSAGE][WARNING] - [SELF-HEALING] Failed to find element with id 'Object Repository/Wait/Page_Selenium Easy Demo - Simple Form to Au_3f5468/input_Enter message_user-message'. Try using Self-healing.

2022-11-23 21:31:19 - [MESSAGE][WARNING] - [SELF-HEALING] The current locator of test object 'Object Repository/Wait/Page_Selenium Easy Demo - Simple Form to Au_3f5468/input_Enter message_user-message' was broken. Propose an alternative one: '//input'.

2022-11-23 21:31:19 - [MESSAGE][PASSED] - Text 'Bienvenidos a Katalon función Wait' is set on object 'Object Repository/Wait/Page_Selenium Easy Demo - Simple Form to Au_3f5468/input_Enter message_user-message'

2022-11-23 21:31:19 - [TEST_STEP][PASSED] - waitForElementVisible(findTestObject("Wait/Page_Selenium Easy Demo - Simple Form to Au_3f5468/button_Show Message"), Wait_general): Web element with id: 'Object Repository/Wait/Page_Selenium Easy Demo - Simple Form to Au_3f5468/button_Show Message' located by '(//button[@type='button'])[2]' not found

2022-11-23 21:31:27 - [MESSAGE][INFO] - Unable to find the element located by 'By.xpath: (//button[@type='button'])[2]'. Please recheck the objects properties to make sure the desired element is located. 

2022-11-23 21:31:27 - [MESSAGE][WARNING] - [SELF-HEALING] Failed to find element with id 'Object Repository/Wait/Page_Selenium Easy Demo - Simple Form to Au_3f5468/button_Show Message'. Try using Self-healing.

2022-11-23 21:31:29 - [MESSAGE][INFO] - [SELF-HEALING] Failed Locator: '(//button[@type='button'])[2]'.

2022-11-23 21:31:31 - [MESSAGE][INFO] - [SELF-HEALING] Failed Locator: '//form[@id='get-input']/button'.

2022-11-23 21:31:32 - [MESSAGE][INFO] - [SELF-HEALING] Failed Locator: '(.//*[normalize-space(text()) and normalize-space(.)='Enter message'])[1]/following::button[1]'.

2022-11-23 21:31:34 - [MESSAGE][INFO] - [SELF-HEALING] Failed Locator: '(.//*[normalize-space(text()) and normalize-space(.)=concat('Click on ', "'", 'Show Message', "'", ' button to display message entered in input field')])[1]/following::button[1]'.

2022-11-23 21:31:37 - [MESSAGE][INFO] - [SELF-HEALING] Failed Locator: '(.//*[normalize-space(text()) and normalize-space(.)='Your Message:'])[1]/preceding::button[1]'.

2022-11-23 21:31:39 - [MESSAGE][INFO] - [SELF-HEALING] Failed Locator: '(.//*[normalize-space(text()) and normalize-space(.)='Two Input Fields'])[1]/preceding::button[1]'.

2022-11-23 21:31:41 - [MESSAGE][INFO] - [SELF-HEALING] Failed Locator: '//*/text()[normalize-space(.)='Show Message']/parent::*'.

2022-11-23 21:31:43 - [MESSAGE][INFO] - [SELF-HEALING] Failed Locator: '//form/button'.

2022-11-23 21:31:45 - [MESSAGE][INFO] - Unable to find the element located by 'By.xpath: //*[@type = 'button' and (text() = 'Show Message' or . = 'Show Message')]'. Please recheck the objects properties to make sure the desired element is located. 

2022-11-23 21:31:47 - [MESSAGE][INFO] - Unable to find the element located by 'By.cssSelector: button.btn.btn-default'. Please recheck the objects properties to make sure the desired element is located. 

2022-11-23 21:31:47 - [MESSAGE][WARNING] - Web element with id: 'Object Repository/Wait/Page_Selenium Easy Demo - Simple Form to Au_3f5468/button_Show Message' located by '(//button[@type='button'])[2]' not found

2022-11-23 21:31:47 - [TEST_STEP][FAILED] - click(findTestObject("Object Repository/Wait/Page_Selenium Easy Demo - Simple Form to Au_3f5468/button_Show Message")): Unable to click on object 'Object Repository/Wait/Page_Selenium Easy Demo - Simple Form to Au_3f5468/button_Show Message' (Root cause: com.kms.katalon.core.exception.StepFailedException: Unable to click on object 'Object Repository/Wait/Page_Selenium Easy Demo - Simple Form to Au_3f5468/button_Show Message'
	at com.kms.katalon.core.webui.keyword.internal.WebUIKeywordMain.stepFailed(WebUIKeywordMain.groovy:64)
	at com.kms.katalon.core.webui.keyword.internal.WebUIKeywordMain.runKeyword(WebUIKeywordMain.groovy:26)
	at com.kms.katalon.core.webui.keyword.builtin.ClickKeyword.click(ClickKeyword.groovy:74)
	at com.kms.katalon.core.webui.keyword.builtin.ClickKeyword.execute(ClickKeyword.groovy:40)
	at com.kms.katalon.core.keyword.internal.KeywordExecutor.executeKeywordForPlatform(KeywordExecutor.groovy:74)
	at com.kms.katalon.core.webui.keyword.WebUiBuiltInKeywords.click(WebUiBuiltInKeywords.groovy:620)
	at com.kms.katalon.core.webui.keyword.WebUiBuiltInKeywords$click$4.call(Unknown Source)
	at Wait.run(Wait:38)
	at com.kms.katalon.core.main.ScriptEngine.run(ScriptEngine.java:194)
	at com.kms.katalon.core.main.ScriptEngine.runScriptAsRawText(ScriptEngine.java:119)
	at com.kms.katalon.core.main.TestCaseExecutor.runScript(TestCaseExecutor.java:448)
	at com.kms.katalon.core.main.TestCaseExecutor.doExecute(TestCaseExecutor.java:439)
	at com.kms.katalon.core.main.TestCaseExecutor.processExecutionPhase(TestCaseExecutor.java:418)
	at com.kms.katalon.core.main.TestCaseExecutor.accessMainPhase(TestCaseExecutor.java:410)
	at com.kms.katalon.core.main.TestCaseExecutor.execute(TestCaseExecutor.java:285)
	at com.kms.katalon.core.common.CommonExecutor.accessTestCaseMainPhase(CommonExecutor.java:65)
	at com.kms.katalon.core.main.TestSuiteExecutor.accessTestSuiteMainPhase(TestSuiteExecutor.java:151)
	at com.kms.katalon.core.main.TestSuiteExecutor.execute(TestSuiteExecutor.java:106)
	at com.kms.katalon.core.main.TestCaseMain.startTestSuite(TestCaseMain.java:185)
	at com.kms.katalon.core.main.TestCaseMain$startTestSuite$0.call(Unknown Source)
	at TempTestSuite1669248948278.run(TempTestSuite1669248948278.groovy:36)
Caused by: com.kms.katalon.core.webui.exception.WebElementNotFoundException: Web element with id: 'Object Repository/Wait/Page_Selenium Easy Demo - Simple Form to Au_3f5468/button_Show Message' located by '(//button[@type='button'])[2]' not found
	at com.kms.katalon.core.webui.common.WebUiCommonHelper.findWebElement(WebUiCommonHelper.java:1370)
	at com.kms.katalon.core.webui.keyword.internal.WebUIAbstractKeyword.findWebElement(WebUIAbstractKeyword.groovy:27)
	at com.kms.katalon.core.webui.keyword.builtin.ClickKeyword$_click_closure1.doCall(ClickKeyword.groovy:65)
	at com.kms.katalon.core.webui.keyword.builtin.ClickKeyword$_click_closure1.call(ClickKeyword.groovy)
	at com.kms.katalon.core.webui.keyword.internal.WebUIKeywordMain.runKeyword(WebUIKeywordMain.groovy:20)
	at com.kms.katalon.core.webui.keyword.builtin.ClickKeyword.click(ClickKeyword.groovy:74)
	at com.kms.katalon.core.webui.keyword.builtin.ClickKeyword.execute(ClickKeyword.groovy:40)
	at com.kms.katalon.core.keyword.internal.KeywordExecutor.executeKeywordForPlatform(KeywordExecutor.groovy:74)
	at com.kms.katalon.core.webui.keyword.WebUiBuiltInKeywords.click(WebUiBuiltInKeywords.groovy:620)
	at com.kms.katalon.core.webui.keyword.WebUiBuiltInKeywords$click$4.call(Unknown Source)
	at Script1626647495272.run(Script1626647495272.groovy:38)
	... 13 more
)

2022-11-23 21:31:54 - [MESSAGE][INFO] - Unable to find the element located by 'By.xpath: (//button[@type='button'])[2]'. Please recheck the objects properties to make sure the desired element is located. 

2022-11-23 21:31:54 - [MESSAGE][WARNING] - [SELF-HEALING] Failed to find element with id 'Object Repository/Wait/Page_Selenium Easy Demo - Simple Form to Au_3f5468/button_Show Message'. Try using Self-healing.

2022-11-23 21:31:56 - [MESSAGE][INFO] - [SELF-HEALING] Failed Locator: '(//button[@type='button'])[2]'.

2022-11-23 21:32:00 - [MESSAGE][INFO] - [SELF-HEALING] Failed Locator: '//form[@id='get-input']/button'.

2022-11-23 21:32:01 - [MESSAGE][INFO] - [SELF-HEALING] Failed Locator: '(.//*[normalize-space(text()) and normalize-space(.)='Enter message'])[1]/following::button[1]'.

2022-11-23 21:32:03 - [MESSAGE][INFO] - [SELF-HEALING] Failed Locator: '(.//*[normalize-space(text()) and normalize-space(.)=concat('Click on ', "'", 'Show Message', "'", ' button to display message entered in input field')])[1]/following::button[1]'.

2022-11-23 21:32:06 - [MESSAGE][INFO] - [SELF-HEALING] Failed Locator: '(.//*[normalize-space(text()) and normalize-space(.)='Your Message:'])[1]/preceding::button[1]'.

2022-11-23 21:32:07 - [MESSAGE][INFO] - [SELF-HEALING] Failed Locator: '(.//*[normalize-space(text()) and normalize-space(.)='Two Input Fields'])[1]/preceding::button[1]'.

2022-11-23 21:32:10 - [MESSAGE][INFO] - [SELF-HEALING] Failed Locator: '//*/text()[normalize-space(.)='Show Message']/parent::*'.

2022-11-23 21:32:12 - [MESSAGE][INFO] - [SELF-HEALING] Failed Locator: '//form/button'.

2022-11-23 21:32:15 - [MESSAGE][INFO] - Unable to find the element located by 'By.xpath: //*[@type = 'button' and (text() = 'Show Message' or . = 'Show Message')]'. Please recheck the objects properties to make sure the desired element is located. 

2022-11-23 21:32:18 - [MESSAGE][INFO] - Unable to find the element located by 'By.cssSelector: button.btn.btn-default'. Please recheck the objects properties to make sure the desired element is located. 

2022-11-23 21:32:22 - [MESSAGE][FAILED] - Unable to click on object 'Object Repository/Wait/Page_Selenium Easy Demo - Simple Form to Au_3f5468/button_Show Message' (Root cause: com.kms.katalon.core.exception.StepFailedException: Unable to click on object 'Object Repository/Wait/Page_Selenium Easy Demo - Simple Form to Au_3f5468/button_Show Message'
	at com.kms.katalon.core.webui.keyword.internal.WebUIKeywordMain.stepFailed(WebUIKeywordMain.groovy:64)
	at com.kms.katalon.core.webui.keyword.internal.WebUIKeywordMain.runKeyword(WebUIKeywordMain.groovy:26)
	at com.kms.katalon.core.webui.keyword.builtin.ClickKeyword.click(ClickKeyword.groovy:74)
	at com.kms.katalon.core.webui.keyword.builtin.ClickKeyword.execute(ClickKeyword.groovy:40)
	at com.kms.katalon.core.keyword.internal.KeywordExecutor.executeKeywordForPlatform(KeywordExecutor.groovy:74)
	at com.kms.katalon.core.webui.keyword.WebUiBuiltInKeywords.click(WebUiBuiltInKeywords.groovy:620)
	at com.kms.katalon.core.webui.keyword.WebUiBuiltInKeywords$click$4.call(Unknown Source)
	at Wait.run(Wait:38)
	at com.kms.katalon.core.main.ScriptEngine.run(ScriptEngine.java:194)
	at com.kms.katalon.core.main.ScriptEngine.runScriptAsRawText(ScriptEngine.java:119)
	at com.kms.katalon.core.main.TestCaseExecutor.runScript(TestCaseExecutor.java:448)
	at com.kms.katalon.core.main.TestCaseExecutor.doExecute(TestCaseExecutor.java:439)
	at com.kms.katalon.core.main.TestCaseExecutor.processExecutionPhase(TestCaseExecutor.java:418)
	at com.kms.katalon.core.main.TestCaseExecutor.accessMainPhase(TestCaseExecutor.java:410)
	at com.kms.katalon.core.main.TestCaseExecutor.execute(TestCaseExecutor.java:285)
	at com.kms.katalon.core.common.CommonExecutor.accessTestCaseMainPhase(CommonExecutor.java:65)
	at com.kms.katalon.core.main.TestSuiteExecutor.accessTestSuiteMainPhase(TestSuiteExecutor.java:151)
	at com.kms.katalon.core.main.TestSuiteExecutor.execute(TestSuiteExecutor.java:106)
	at com.kms.katalon.core.main.TestCaseMain.startTestSuite(TestCaseMain.java:185)
	at com.kms.katalon.core.main.TestCaseMain$startTestSuite$0.call(Unknown Source)
	at TempTestSuite1669248948278.run(TempTestSuite1669248948278.groovy:36)
Caused by: com.kms.katalon.core.webui.exception.WebElementNotFoundException: Web element with id: 'Object Repository/Wait/Page_Selenium Easy Demo - Simple Form to Au_3f5468/button_Show Message' located by '(//button[@type='button'])[2]' not found
	at com.kms.katalon.core.webui.common.WebUiCommonHelper.findWebElement(WebUiCommonHelper.java:1370)
	at com.kms.katalon.core.webui.keyword.internal.WebUIAbstractKeyword.findWebElement(WebUIAbstractKeyword.groovy:27)
	at com.kms.katalon.core.webui.keyword.builtin.ClickKeyword$_click_closure1.doCall(ClickKeyword.groovy:65)
	at com.kms.katalon.core.webui.keyword.builtin.ClickKeyword$_click_closure1.call(ClickKeyword.groovy)
	at com.kms.katalon.core.webui.keyword.internal.WebUIKeywordMain.runKeyword(WebUIKeywordMain.groovy:20)
	at com.kms.katalon.core.webui.keyword.builtin.ClickKeyword.click(ClickKeyword.groovy:74)
	at com.kms.katalon.core.webui.keyword.builtin.ClickKeyword.execute(ClickKeyword.groovy:40)
	at com.kms.katalon.core.keyword.internal.KeywordExecutor.executeKeywordForPlatform(KeywordExecutor.groovy:74)
	at com.kms.katalon.core.webui.keyword.WebUiBuiltInKeywords.click(WebUiBuiltInKeywords.groovy:620)
	at com.kms.katalon.core.webui.keyword.WebUiBuiltInKeywords$click$4.call(Unknown Source)
	at Script1626647495272.run(Script1626647495272.groovy:38)
	... 13 more
)
[[ATTACHMENT|C:\\Users\\admin\\Katalon Studio\\Proyectos\\Proyecto_uno\\Reports\\20221123_211544\\Test_suite_7\\20221123_211548\\1669249938206.png]]]]></system-out>
         <system-err><![CDATA[2022-11-23 21:29:47 - [TEST_CASE][FAILED] - Test Cases/Wait/Wait: Test Cases/Wait/Wait FAILED.
Reason:
com.kms.katalon.core.exception.StepFailedException: Unable to click on object 'Object Repository/Wait/Page_Selenium Easy Demo - Simple Form to Au_3f5468/button_Show Message'
	at com.kms.katalon.core.webui.keyword.internal.WebUIKeywordMain.stepFailed(WebUIKeywordMain.groovy:64)
	at com.kms.katalon.core.webui.keyword.internal.WebUIKeywordMain.runKeyword(WebUIKeywordMain.groovy:26)
	at com.kms.katalon.core.webui.keyword.builtin.ClickKeyword.click(ClickKeyword.groovy:74)
	at com.kms.katalon.core.webui.keyword.builtin.ClickKeyword.execute(ClickKeyword.groovy:40)
	at com.kms.katalon.core.keyword.internal.KeywordExecutor.executeKeywordForPlatform(KeywordExecutor.groovy:74)
	at com.kms.katalon.core.webui.keyword.WebUiBuiltInKeywords.click(WebUiBuiltInKeywords.groovy:620)
	at com.kms.katalon.core.webui.keyword.WebUiBuiltInKeywords$click$4.call(Unknown Source)
	at Wait.run(Wait:38)
	at com.kms.katalon.core.main.ScriptEngine.run(ScriptEngine.java:194)
	at com.kms.katalon.core.main.ScriptEngine.runScriptAsRawText(ScriptEngine.java:119)
	at com.kms.katalon.core.main.TestCaseExecutor.runScript(TestCaseExecutor.java:448)
	at com.kms.katalon.core.main.TestCaseExecutor.doExecute(TestCaseExecutor.java:439)
	at com.kms.katalon.core.main.TestCaseExecutor.processExecutionPhase(TestCaseExecutor.java:418)
	at com.kms.katalon.core.main.TestCaseExecutor.accessMainPhase(TestCaseExecutor.java:410)
	at com.kms.katalon.core.main.TestCaseExecutor.execute(TestCaseExecutor.java:285)
	at com.kms.katalon.core.common.CommonExecutor.accessTestCaseMainPhase(CommonExecutor.java:65)
	at com.kms.katalon.core.main.TestSuiteExecutor.accessTestSuiteMainPhase(TestSuiteExecutor.java:151)
	at com.kms.katalon.core.main.TestSuiteExecutor.execute(TestSuiteExecutor.java:106)
	at com.kms.katalon.core.main.TestCaseMain.startTestSuite(TestCaseMain.java:185)
	at com.kms.katalon.core.main.TestCaseMain$startTestSuite$0.call(Unknown Source)
	at TempTestSuite1669248948278.run(TempTestSuite1669248948278.groovy:36)
Caused by: com.kms.katalon.core.webui.exception.WebElementNotFoundException: Web element with id: 'Object Repository/Wait/Page_Selenium Easy Demo - Simple Form to Au_3f5468/button_Show Message' located by '(//button[@type='button'])[2]' not found
	at com.kms.katalon.core.webui.common.WebUiCommonHelper.findWebElement(WebUiCommonHelper.java:1370)
	at com.kms.katalon.core.webui.keyword.internal.WebUIAbstractKeyword.findWebElement(WebUIAbstractKeyword.groovy:27)
	at com.kms.katalon.core.webui.keyword.builtin.ClickKeyword$_click_closure1.doCall(ClickKeyword.groovy:65)
	at com.kms.katalon.core.webui.keyword.builtin.ClickKeyword$_click_closure1.call(ClickKeyword.groovy)
	at com.kms.katalon.core.webui.keyword.internal.WebUIKeywordMain.runKeyword(WebUIKeywordMain.groovy:20)
	... 19 more]]></system-err>
      </testcase>
      <system-out><![CDATA[2022-11-23 21:23:21 - [TEST_SUITE][FAILED] - Test_suite_7: Test Cases/Validar_calculo/Validar_calculo FAILED.
Reason:
com.kms.katalon.core.exception.StepFailedException: Unable to set text '5' of object 'Object Repository/Validar_campo/Page_Selenium Easy Demo - Simple Form to Au_3f5468/input_Enter a_sum1'
	at com.kms.katalon.core.webui.keyword.internal.WebUIKeywordMain.stepFailed(WebUIKeywordMain.groovy:64)
	at com.kms.katalon.core.webui.keyword.internal.WebUIKeywordMain.runKeyword(WebUIKeywordMain.groovy:26)
	at com.kms.katalon.core.webui.keyword.builtin.SetTextKeyword.setText(SetTextKeyword.groovy:66)
	at com.kms.katalon.core.webui.keyword.builtin.SetTextKeyword.execute(SetTextKeyword.groovy:37)
	at com.kms.katalon.core.keyword.internal.KeywordExecutor.executeKeywordForPlatform(KeywordExecutor.groovy:74)
	at com.kms.katalon.core.webui.keyword.WebUiBuiltInKeywords.setText(WebUiBuiltInKeywords.groovy:980)
	at com.kms.katalon.core.webui.keyword.WebUiBuiltInKeywords$setText$2.call(Unknown Source)
	at Validar_calculo.run(Validar_calculo:31)
	at com.kms.katalon.core.main.ScriptEngine.run(ScriptEngine.java:194)
	at com.kms.katalon.core.main.ScriptEngine.runScriptAsRawText(ScriptEngine.java:119)
	at com.kms.katalon.core.main.TestCaseExecutor.runScript(TestCaseExecutor.java:448)
	at com.kms.katalon.core.main.TestCaseExecutor.doExecute(TestCaseExecutor.java:439)
	at com.kms.katalon.core.main.TestCaseExecutor.processExecutionPhase(TestCaseExecutor.java:418)
	at com.kms.katalon.core.main.TestCaseExecutor.accessMainPhase(TestCaseExecutor.java:410)
	at com.kms.katalon.core.main.TestCaseExecutor.execute(TestCaseExecutor.java:285)
	at com.kms.katalon.core.common.CommonExecutor.accessTestCaseMainPhase(CommonExecutor.java:65)
	at com.kms.katalon.core.main.TestSuiteExecutor.accessTestSuiteMainPhase(TestSuiteExecutor.java:151)
	at com.kms.katalon.core.main.TestSuiteExecutor.execute(TestSuiteExecutor.java:106)
	at com.kms.katalon.core.main.TestCaseMain.startTestSuite(TestCaseMain.java:185)
	at com.kms.katalon.core.main.TestCaseMain$startTestSuite$0.call(Unknown Source)
	at TempTestSuite1669248948278.run(TempTestSuite1669248948278.groovy:36)
Caused by: com.kms.katalon.core.webui.exception.WebElementNotFoundException: Web element with id: 'Object Repository/Validar_campo/Page_Selenium Easy Demo - Simple Form to Au_3f5468/input_Enter a_sum1' located by '//input[@id='sum1']' not found
	at com.kms.katalon.core.webui.common.WebUiCommonHelper.findWebElement(WebUiCommonHelper.java:1370)
	at com.kms.katalon.core.webui.keyword.internal.WebUIAbstractKeyword.findWebElement(WebUIAbstractKeyword.groovy:27)
	at com.kms.katalon.core.webui.keyword.internal.WebUIAbstractKeyword.findWebElement(WebUIAbstractKeyword.groovy:26)
	at com.kms.katalon.core.webui.keyword.builtin.SetTextKeyword$_setText_closure1.doCall(SetTextKeyword.groovy:51)
	at com.kms.katalon.core.webui.keyword.builtin.SetTextKeyword$_setText_closure1.call(SetTextKeyword.groovy)
	at com.kms.katalon.core.webui.keyword.internal.WebUIKeywordMain.runKeyword(WebUIKeywordMain.groovy:20)
	... 19 more]]></system-out>
      <system-err><![CDATA[2022-11-23 21:23:21 - [TEST_SUITE][FAILED] - Test_suite_7: Test Cases/Validar_calculo/Validar_calculo FAILED.
Reason:
com.kms.katalon.core.exception.StepFailedException: Unable to set text '5' of object 'Object Repository/Validar_campo/Page_Selenium Easy Demo - Simple Form to Au_3f5468/input_Enter a_sum1'
	at com.kms.katalon.core.webui.keyword.internal.WebUIKeywordMain.stepFailed(WebUIKeywordMain.groovy:64)
	at com.kms.katalon.core.webui.keyword.internal.WebUIKeywordMain.runKeyword(WebUIKeywordMain.groovy:26)
	at com.kms.katalon.core.webui.keyword.builtin.SetTextKeyword.setText(SetTextKeyword.groovy:66)
	at com.kms.katalon.core.webui.keyword.builtin.SetTextKeyword.execute(SetTextKeyword.groovy:37)
	at com.kms.katalon.core.keyword.internal.KeywordExecutor.executeKeywordForPlatform(KeywordExecutor.groovy:74)
	at com.kms.katalon.core.webui.keyword.WebUiBuiltInKeywords.setText(WebUiBuiltInKeywords.groovy:980)
	at com.kms.katalon.core.webui.keyword.WebUiBuiltInKeywords$setText$2.call(Unknown Source)
	at Validar_calculo.run(Validar_calculo:31)
	at com.kms.katalon.core.main.ScriptEngine.run(ScriptEngine.java:194)
	at com.kms.katalon.core.main.ScriptEngine.runScriptAsRawText(ScriptEngine.java:119)
	at com.kms.katalon.core.main.TestCaseExecutor.runScript(TestCaseExecutor.java:448)
	at com.kms.katalon.core.main.TestCaseExecutor.doExecute(TestCaseExecutor.java:439)
	at com.kms.katalon.core.main.TestCaseExecutor.processExecutionPhase(TestCaseExecutor.java:418)
	at com.kms.katalon.core.main.TestCaseExecutor.accessMainPhase(TestCaseExecutor.java:410)
	at com.kms.katalon.core.main.TestCaseExecutor.execute(TestCaseExecutor.java:285)
	at com.kms.katalon.core.common.CommonExecutor.accessTestCaseMainPhase(CommonExecutor.java:65)
	at com.kms.katalon.core.main.TestSuiteExecutor.accessTestSuiteMainPhase(TestSuiteExecutor.java:151)
	at com.kms.katalon.core.main.TestSuiteExecutor.execute(TestSuiteExecutor.java:106)
	at com.kms.katalon.core.main.TestCaseMain.startTestSuite(TestCaseMain.java:185)
	at com.kms.katalon.core.main.TestCaseMain$startTestSuite$0.call(Unknown Source)
	at TempTestSuite1669248948278.run(TempTestSuite1669248948278.groovy:36)
Caused by: com.kms.katalon.core.webui.exception.WebElementNotFoundException: Web element with id: 'Object Repository/Validar_campo/Page_Selenium Easy Demo - Simple Form to Au_3f5468/input_Enter a_sum1' located by '//input[@id='sum1']' not found
	at com.kms.katalon.core.webui.common.WebUiCommonHelper.findWebElement(WebUiCommonHelper.java:1370)
	at com.kms.katalon.core.webui.keyword.internal.WebUIAbstractKeyword.findWebElement(WebUIAbstractKeyword.groovy:27)
	at com.kms.katalon.core.webui.keyword.internal.WebUIAbstractKeyword.findWebElement(WebUIAbstractKeyword.groovy:26)
	at com.kms.katalon.core.webui.keyword.builtin.SetTextKeyword$_setText_closure1.doCall(SetTextKeyword.groovy:51)
	at com.kms.katalon.core.webui.keyword.builtin.SetTextKeyword$_setText_closure1.call(SetTextKeyword.groovy)
	at com.kms.katalon.core.webui.keyword.internal.WebUIKeywordMain.runKeyword(WebUIKeywordMain.groovy:20)
	... 19 more]]></system-err>
   </testsuite>
</testsuites>
