<?xml version="1.0" encoding="UTF-8"?>
<testsuites name="testCLoud" time="848.556" tests="34" failures="0" errors="0">
   <testsuite name="testCLoud" tests="34" failures="0" errors="0" time="848.556" skipped="0" timestamp="2022-11-30 13:45:52" hostname="admin - 192.168.0.13" id="Test Suites/testCLoud">
      <properties>
         <property name="deviceName" value=""/>
         <property name="devicePlatform" value=""/>
         <property name="logFolder" value="C:\\Users\\admin\\git\\KatalonCertificacion\\Reports\\20221130_134535\\testCLoud\\20221130_134535"/>
         <property name="logFiles" value="C:\\Users\\admin\\git\\KatalonCertificacion\\Reports\\20221130_134535\\testCLoud\\20221130_134535\\execution0.log"/>
         <property name="attachments" value="C:\\Users\\admin\\git\\KatalonCertificacion\\Reports\\20221130_134535\\testCLoud\\20221130_134535\\1669827001147.png"/>
         <property name="hostName" value="admin - 192.168.0.13"/>
         <property name="os" value="Windows 10 64bit"/>
         <property name="katalonVersion" value="8.5.2.208"/>
         <property name="browser" value="Chrome 107.0.0.0"/>
         <property name="hostAddress" value="192.168.0.13"/>
         <property name="sessionId" value="154523ba62063be0a8fa392b13fbeb4b"/>
         <property name="seleniumVersion" value="3.141.59"/>
         <property name="proxyInformation" value="ProxyInformation { proxyOption=NO_PROXY, proxyServerType=HTTP, username=, password=********, proxyServerAddress=, proxyServerPort=0, executionList=&quot;&quot;, isApplyToDesiredCapabilities=true }"/>
         <property name="platform" value="Windows 10"/>
      </properties>
      <testcase name="Test Cases/Navegador/Navegador" time="17.813" classname="Test Cases/Navegador/Navegador" status="PASSED">
         <system-out><![CDATA[2022-11-30 13:45:53 - [TEST_CASE][PASSED] - Test Cases/Navegador/Navegador: Test Cases/Navegador/Navegador

2022-11-30 13:45:54 - [TEST_STEP][PASSED] - openBrowser("https://demoqa.com/text-box"): Browser is opened with url: 'https://demoqa.com/text-box'

2022-11-30 13:45:55 - [MESSAGE][INFO] - Starting 'Chrome' driver

2022-11-30 13:45:55 - [MESSAGE][INFO] - Action delay is set to 0 milliseconds

2022-11-30 13:46:10 - [MESSAGE][PASSED] - Browser is opened with url: 'https://demoqa.com/text-box'

2022-11-30 13:46:10 - [TEST_STEP][PASSED] - maximizeWindow(): Current window maximized

2022-11-30 13:46:10 - [MESSAGE][PASSED] - Current window maximized

2022-11-30 13:46:10 - [TEST_STEP][PASSED] - page_url = getUrl(): Current window's url is: 'https://demoqa.com/text-box'

2022-11-30 13:46:10 - [MESSAGE][PASSED] - Current window's url is: 'https://demoqa.com/text-box'

2022-11-30 13:46:10 - [TEST_STEP][PASSED] - print(page_url): null

2022-11-30 13:46:10 - [TEST_STEP][PASSED] - Titulo = getWindowTitle(): Current window's title is: 'ToolsQA'

2022-11-30 13:46:10 - [MESSAGE][PASSED] - Current window's title is: 'ToolsQA'

2022-11-30 13:46:10 - [TEST_STEP][PASSED] - print("titiulo de la pagina" + Titulo): null

2022-11-30 13:46:10 - [TEST_STEP][PASSED] - closeBrowser(): Browser is closed

2022-11-30 13:46:11 - [MESSAGE][PASSED] - Browser is closed]]></system-out>
         <system-err><![CDATA[]]></system-err>
      </testcase>
      <testcase name="Test Cases/Objecto_xpath/Caso_xpath" time="17.712" classname="Test Cases/Objecto_xpath/Caso_xpath" status="PASSED">
         <system-out><![CDATA[2022-11-30 13:46:11 - [TEST_CASE][PASSED] - Test Cases/Objecto_xpath/Caso_xpath: Test Cases/Objecto_xpath/Caso_xpath

2022-11-30 13:46:11 - [TEST_STEP][PASSED] - openBrowser(""): Browser is opened with url: ''

2022-11-30 13:46:11 - [MESSAGE][INFO] - Starting 'Chrome' driver

2022-11-30 13:46:11 - [MESSAGE][INFO] - Action delay is set to 0 milliseconds

2022-11-30 13:46:13 - [MESSAGE][PASSED] - Browser is opened with url: ''

2022-11-30 13:46:13 - [TEST_STEP][PASSED] - navigateToUrl("https://demoqa.com/text-box"): Navigate to 'https://demoqa.com/text-box' successfully

2022-11-30 13:46:21 - [MESSAGE][PASSED] - Navigate to 'https://demoqa.com/text-box' successfully

2022-11-30 13:46:21 - [TEST_STEP][PASSED] - maximizeWindow(): Current window maximized

2022-11-30 13:46:21 - [MESSAGE][PASSED] - Current window maximized

2022-11-30 13:46:21 - [TEST_STEP][PASSED] - setText(findTestObject("Objeto_xpath/Campo_nombre"), "Ljubo"): Text 'Ljubo' is set on object 'Object Repository/Objeto_xpath/Campo_nombre'

2022-11-30 13:46:24 - [MESSAGE][PASSED] - Text 'Ljubo' is set on object 'Object Repository/Objeto_xpath/Campo_nombre'

2022-11-30 13:46:24 - [TEST_STEP][PASSED] - delay(3): Delayed 3 second(s)

2022-11-30 13:46:27 - [MESSAGE][PASSED] - Delayed 3 second(s)

2022-11-30 13:46:27 - [TEST_STEP][PASSED] - closeBrowser(): Browser is closed

2022-11-30 13:46:28 - [MESSAGE][PASSED] - Browser is closed]]></system-out>
         <system-err><![CDATA[]]></system-err>
      </testcase>
      <testcase name="Test Cases/Condicionales_If/Condicionar_titulo" time="33.121" classname="Test Cases/Condicionales_If/Condicionar_titulo" status="PASSED">
         <system-out><![CDATA[2022-11-30 13:46:28 - [TEST_CASE][PASSED] - Test Cases/Condicionales_If/Condicionar_titulo: Test Cases/Condicionales_If/Condicionar_titulo

2022-11-30 13:46:29 - [TEST_STEP][PASSED] - openBrowser(""): Browser is opened with url: ''

2022-11-30 13:46:29 - [MESSAGE][INFO] - Starting 'Chrome' driver

2022-11-30 13:46:29 - [MESSAGE][INFO] - Action delay is set to 0 milliseconds

2022-11-30 13:46:31 - [MESSAGE][PASSED] - Browser is opened with url: ''

2022-11-30 13:46:31 - [TEST_STEP][PASSED] - navigateToUrl("https://demoqa.com/"): Navigate to 'https://demoqa.com/' successfully

2022-11-30 13:46:47 - [MESSAGE][PASSED] - Navigate to 'https://demoqa.com/' successfully

2022-11-30 13:46:47 - [TEST_STEP][PASSED] - maximizeWindow(): Current window maximized

2022-11-30 13:46:47 - [MESSAGE][PASSED] - Current window maximized

2022-11-30 13:46:47 - [TEST_STEP][PASSED] - waitForPageLoad(5): Wait for page load successfully

2022-11-30 13:46:47 - [MESSAGE][PASSED] - Wait for page load successfully

2022-11-30 13:46:47 - [TEST_STEP][PASSED] - Existe = waitForElementVisible(findTestObject("Condicionales/Texto_radio"), 3): Web element with id: 'Object Repository/Condicionales/Texto_radio' located by '//div[@class='main-header'][contains(.,'Radio Button')]' not found

2022-11-30 13:46:51 - [MESSAGE][INFO] - Unable to find the element located by 'By.xpath: //div[@class='main-header'][contains(.,'Radio Button')]'. Please recheck the objects properties to make sure the desired element is located. 

2022-11-30 13:46:51 - [MESSAGE][WARNING] - [SELF-HEALING] Failed to find element with id 'Object Repository/Condicionales/Texto_radio'. Try using Self-healing.

2022-11-30 13:46:52 - [MESSAGE][INFO] - [SELF-HEALING] No working XPath is found.

2022-11-30 13:46:54 - [MESSAGE][INFO] - Unable to find the element located by 'By.xpath: '. Please recheck the objects properties to make sure the desired element is located. 

2022-11-30 13:46:54 - [MESSAGE][WARNING] - [SELF-HEALING] Cannot find elements when the selector is null

2022-11-30 13:46:54 - [MESSAGE][WARNING] - Web element with id: 'Object Repository/Condicionales/Texto_radio' located by '//div[@class='main-header'][contains(.,'Radio Button')]' not found

2022-11-30 13:46:54 - [TEST_STEP][PASSED] - print(Existe): null

2022-11-30 13:46:54 - [TEST_STEP][PASSED] - if (Existe == true): null

2022-11-30 13:46:54 - [TEST_STEP][PASSED] - else: Browser is closed

2022-11-30 13:46:54 - [TEST_STEP][PASSED] - print("-----  Error no esta el elemento de texto radio ------"): null

2022-11-30 13:46:54 - [TEST_STEP][PASSED] - navigateToUrl("https://demoqa.com/radio-button"): Navigate to 'https://demoqa.com/radio-button' successfully

2022-11-30 13:46:58 - [MESSAGE][PASSED] - Navigate to 'https://demoqa.com/radio-button' successfully

2022-11-30 13:46:58 - [TEST_STEP][PASSED] - click(findTestObject("Condicionales/Objeto_yes")): Object: 'Object Repository/Condicionales/Objeto_yes' is clicked on

2022-11-30 13:46:59 - [MESSAGE][PASSED] - Object: 'Object Repository/Condicionales/Objeto_yes' is clicked on

2022-11-30 13:46:59 - [TEST_STEP][PASSED] - delay(2): Delayed 2 second(s)

2022-11-30 13:47:01 - [MESSAGE][PASSED] - Delayed 2 second(s)

2022-11-30 13:47:01 - [TEST_STEP][PASSED] - closeBrowser(): Browser is closed

2022-11-30 13:47:02 - [MESSAGE][PASSED] - Browser is closed]]></system-out>
         <system-err><![CDATA[]]></system-err>
      </testcase>
      <testcase name="Test Cases/Condicionales_If/Test_1" time="0.616" classname="Test Cases/Condicionales_If/Test_1" status="PASSED">
         <system-out><![CDATA[2022-11-30 13:47:02 - [TEST_CASE][PASSED] - Test Cases/Condicionales_If/Test_1: Test Cases/Condicionales_If/Test_1

2022-11-30 13:47:02 - [TEST_STEP][PASSED] - if (num == 10): null

2022-11-30 13:47:02 - [TEST_STEP][PASSED] - else: null

2022-11-30 13:47:02 - [TEST_STEP][PASSED] - print("El numero no es un 10 es el numero:  " + num + "#####"): null]]></system-out>
         <system-err><![CDATA[]]></system-err>
      </testcase>
      <testcase name="Test Cases/Condicionales_If/Test_2" time="0.444" classname="Test Cases/Condicionales_If/Test_2" status="PASSED">
         <system-out><![CDATA[2022-11-30 13:47:02 - [TEST_CASE][PASSED] - Test Cases/Condicionales_If/Test_2: Test Cases/Condicionales_If/Test_2

2022-11-30 13:47:03 - [TEST_STEP][PASSED] - if (num == 5): null

2022-11-30 13:47:03 - [TEST_STEP][PASSED] - if (num == 10): null

2022-11-30 13:47:03 - [TEST_STEP][PASSED] - println("El valor de la variables es un: 10"): null]]></system-out>
         <system-err><![CDATA[]]></system-err>
      </testcase>
      <testcase name="Test Cases/Condicionales_If/Test_3" time="0.449" classname="Test Cases/Condicionales_If/Test_3" status="PASSED">
         <system-out><![CDATA[2022-11-30 13:47:03 - [TEST_CASE][PASSED] - Test Cases/Condicionales_If/Test_3: Test Cases/Condicionales_If/Test_3

2022-11-30 13:47:03 - [TEST_STEP][PASSED] - if (nombre == "Juan"): null

2022-11-30 13:47:03 - [TEST_STEP][PASSED] - if (nombre == "JUan"): null

2022-11-30 13:47:03 - [TEST_STEP][PASSED] - if (nombre == "juan"): null

2022-11-30 13:47:03 - [TEST_STEP][PASSED] - println("Tu nombre es juan"): null]]></system-out>
         <system-err><![CDATA[]]></system-err>
      </testcase>
      <testcase name="Test Cases/Condicionales_If/Test_4" time="0.481" classname="Test Cases/Condicionales_If/Test_4" status="PASSED">
         <system-out><![CDATA[2022-11-30 13:47:03 - [TEST_CASE][PASSED] - Test Cases/Condicionales_If/Test_4: Test Cases/Condicionales_If/Test_4

2022-11-30 13:47:04 - [TEST_STEP][PASSED] - if (num <= 7): null

2022-11-30 13:47:04 - [TEST_STEP][PASSED] - println("El numero es menor ó igual que 5"): null

2022-11-30 13:47:04 - [TEST_STEP][PASSED] - if (num >= 8): null

2022-11-30 13:47:04 - [TEST_STEP][PASSED] - if (num != 5): null]]></system-out>
         <system-err><![CDATA[]]></system-err>
      </testcase>
      <testcase name="Test Cases/Condicionales_If/Test_edad" time="0.471" classname="Test Cases/Condicionales_If/Test_edad" status="PASSED">
         <system-out><![CDATA[2022-11-30 13:47:04 - [TEST_CASE][PASSED] - Test Cases/Condicionales_If/Test_edad: Test Cases/Condicionales_If/Test_edad

2022-11-30 13:47:04 - [TEST_STEP][PASSED] - if (edad >= 1 && edad <= 17): null

2022-11-30 13:47:04 - [TEST_STEP][PASSED] - else if (edad == 18): null

2022-11-30 13:47:04 - [TEST_STEP][PASSED] - else if (edad <= 0): null

2022-11-30 13:47:04 - [TEST_STEP][PASSED] - else if (edad == 120): null

2022-11-30 13:47:04 - [TEST_STEP][PASSED] - else: null

2022-11-30 13:47:04 - [TEST_STEP][PASSED] - print("No se cumple ninguna de las opciones"): null]]></system-out>
         <system-err><![CDATA[]]></system-err>
      </testcase>
      <testcase name="Test Cases/Condicionales_If/Test_valor" time="20.225" classname="Test Cases/Condicionales_If/Test_valor" status="PASSED">
         <system-out><![CDATA[2022-11-30 13:47:04 - [TEST_CASE][PASSED] - Test Cases/Condicionales_If/Test_valor: Test Cases/Condicionales_If/Test_valor

2022-11-30 13:47:05 - [TEST_STEP][PASSED] - openBrowser(""): Browser is opened with url: ''

2022-11-30 13:47:05 - [MESSAGE][INFO] - Starting 'Chrome' driver

2022-11-30 13:47:05 - [MESSAGE][INFO] - Action delay is set to 0 milliseconds

2022-11-30 13:47:06 - [MESSAGE][PASSED] - Browser is opened with url: ''

2022-11-30 13:47:06 - [TEST_STEP][PASSED] - navigateToUrl("https://demoqa.com/"): Navigate to 'https://demoqa.com/' successfully

2022-11-30 13:47:15 - [MESSAGE][PASSED] - Navigate to 'https://demoqa.com/' successfully

2022-11-30 13:47:15 - [TEST_STEP][PASSED] - maximizeWindow(): Current window maximized

2022-11-30 13:47:15 - [MESSAGE][PASSED] - Current window maximized

2022-11-30 13:47:15 - [TEST_STEP][PASSED] - waitForPageLoad(10): Wait for page load successfully

2022-11-30 13:47:15 - [MESSAGE][PASSED] - Wait for page load successfully

2022-11-30 13:47:15 - [TEST_STEP][PASSED] - Existe = waitForElementVisible(findTestObject("Condicionales/titulo1"), 5): Web element with id: 'Object Repository/Condicionales/titulo1' located by '//div[@class='main-header'][contains(.,'Radio Button')]' not found

2022-11-30 13:47:21 - [MESSAGE][INFO] - Unable to find the element located by 'By.xpath: //div[@class='main-header'][contains(.,'Radio Button')]'. Please recheck the objects properties to make sure the desired element is located. 

2022-11-30 13:47:21 - [MESSAGE][WARNING] - [SELF-HEALING] Failed to find element with id 'Object Repository/Condicionales/titulo1'. Try using Self-healing.

2022-11-30 13:47:22 - [MESSAGE][INFO] - [SELF-HEALING] No working XPath is found.

2022-11-30 13:47:24 - [MESSAGE][INFO] - Unable to find the element located by 'By.xpath: '. Please recheck the objects properties to make sure the desired element is located. 

2022-11-30 13:47:24 - [MESSAGE][WARNING] - [SELF-HEALING] Cannot find elements when the selector is null

2022-11-30 13:47:24 - [MESSAGE][WARNING] - Web element with id: 'Object Repository/Condicionales/titulo1' located by '//div[@class='main-header'][contains(.,'Radio Button')]' not found

2022-11-30 13:47:24 - [TEST_STEP][PASSED] - if (Existe == true): null

2022-11-30 13:47:24 - [TEST_STEP][PASSED] - else: Browser is closed

2022-11-30 13:47:24 - [TEST_STEP][PASSED] - print("No estas en la página correcta"): null

2022-11-30 13:47:24 - [TEST_STEP][PASSED] - closeBrowser(): Browser is closed

2022-11-30 13:47:24 - [MESSAGE][PASSED] - Browser is closed]]></system-out>
         <system-err><![CDATA[]]></system-err>
      </testcase>
      <testcase name="Test Cases/BUCLES/Reto_For" time="38.227" classname="Test Cases/BUCLES/Reto_For" status="PASSED">
         <system-out><![CDATA[2022-11-30 13:50:01 - [TEST_CASE][PASSED] - Test Cases/BUCLES/Reto_For: Test Cases/BUCLES/Reto_For

2022-11-30 13:50:01 - [TEST_STEP][PASSED] - openBrowser(""): Browser is opened with url: ''

2022-11-30 13:50:01 - [MESSAGE][WARNING] - A browser is already opened. Closing browser and opening a new one

2022-11-30 13:50:02 - [MESSAGE][INFO] - Starting 'Chrome' driver

2022-11-30 13:50:02 - [MESSAGE][INFO] - Action delay is set to 0 milliseconds

2022-11-30 13:50:03 - [MESSAGE][PASSED] - Browser is opened with url: ''

2022-11-30 13:50:03 - [TEST_STEP][PASSED] - navigateToUrl("https://demoqa.com/text-box"): Navigate to 'https://demoqa.com/text-box' successfully

2022-11-30 13:50:19 - [MESSAGE][PASSED] - Navigate to 'https://demoqa.com/text-box' successfully

2022-11-30 13:50:19 - [TEST_STEP][PASSED] - maximizeWindow(): Current window maximized

2022-11-30 13:50:19 - [MESSAGE][PASSED] - Current window maximized

2022-11-30 13:50:19 - [TEST_STEP][PASSED] - waitForPageLoad(5): Wait for page load successfully

2022-11-30 13:50:19 - [MESSAGE][PASSED] - Wait for page load successfully

2022-11-30 13:50:19 - [TEST_STEP][PASSED] - for ([x = 1, x <= 4, (x++)]): Browser is scrolled to position x = 0, y = 100

2022-11-30 13:50:19 - [TEST_STEP][PASSED] - z = ["Carlos", "Erika", "Paco", "Rodrigo", "Juan"]: null

2022-11-30 13:50:19 - [TEST_STEP][PASSED] - rn = new java.util.Random(): null

2022-11-30 13:50:19 - [TEST_STEP][PASSED] - tx_nombre = z[rn.nextInt(size)]: null

2022-11-30 13:50:19 - [TEST_STEP][PASSED] - setText(findTestObject("Object Repository/Reto_for/Page_ToolsQA/input_Full Name_userName"), tx_nombre): Text 'Paco' is set on object 'Object Repository/Reto_for/Page_ToolsQA/input_Full Name_userName'

2022-11-30 13:50:22 - [MESSAGE][PASSED] - Text 'Paco' is set on object 'Object Repository/Reto_for/Page_ToolsQA/input_Full Name_userName'

2022-11-30 13:50:22 - [TEST_STEP][PASSED] - setText(findTestObject("Object Repository/Reto_for/Page_ToolsQA/input_Email_userEmail"), tx_nombre + "@gmail.com"): Text 'Paco@gmail.com' is set on object 'Object Repository/Reto_for/Page_ToolsQA/input_Email_userEmail'

2022-11-30 13:50:23 - [MESSAGE][PASSED] - Text 'Paco@gmail.com' is set on object 'Object Repository/Reto_for/Page_ToolsQA/input_Email_userEmail'

2022-11-30 13:50:23 - [TEST_STEP][PASSED] - setText(findTestObject("Object Repository/Reto_for/Page_ToolsQA/textarea_Current Address_currentAddress"), "Dirección#" + x): Text 'Dirección#1' is set on object 'Object Repository/Reto_for/Page_ToolsQA/textarea_Current Address_currentAddress'

2022-11-30 13:50:24 - [MESSAGE][PASSED] - Text 'Dirección#1' is set on object 'Object Repository/Reto_for/Page_ToolsQA/textarea_Current Address_currentAddress'

2022-11-30 13:50:24 - [TEST_STEP][PASSED] - setText(findTestObject("Object Repository/Reto_for/Page_ToolsQA/textarea_Permanent Address_permanentAddress"), "Dirección dos#" + x): Text 'Dirección dos#1' is set on object 'Object Repository/Reto_for/Page_ToolsQA/textarea_Permanent Address_permanentAddress'

2022-11-30 13:50:25 - [MESSAGE][PASSED] - Text 'Dirección dos#1' is set on object 'Object Repository/Reto_for/Page_ToolsQA/textarea_Permanent Address_permanentAddress'

2022-11-30 13:50:25 - [TEST_STEP][PASSED] - scrollToPosition(0, 500): Browser is scrolled to position x = 0, y = 500

2022-11-30 13:50:25 - [MESSAGE][PASSED] - Browser is scrolled to position x = 0, y = 500

2022-11-30 13:50:25 - [TEST_STEP][PASSED] - click(findTestObject("Object Repository/Reto_for/Page_ToolsQA/button_Submit")): Object: 'Object Repository/Reto_for/Page_ToolsQA/button_Submit' is clicked on

2022-11-30 13:50:26 - [MESSAGE][PASSED] - Object: 'Object Repository/Reto_for/Page_ToolsQA/button_Submit' is clicked on

2022-11-30 13:50:26 - [TEST_STEP][PASSED] - scrollToPosition(0, 100): Browser is scrolled to position x = 0, y = 100

2022-11-30 13:50:26 - [MESSAGE][PASSED] - Browser is scrolled to position x = 0, y = 100

2022-11-30 13:50:26 - [TEST_STEP][PASSED] - z = ["Carlos", "Erika", "Paco", "Rodrigo", "Juan"]: null

2022-11-30 13:50:26 - [TEST_STEP][PASSED] - rn = new java.util.Random(): null

2022-11-30 13:50:26 - [TEST_STEP][PASSED] - tx_nombre = z[rn.nextInt(size)]: null

2022-11-30 13:50:26 - [TEST_STEP][PASSED] - setText(findTestObject("Object Repository/Reto_for/Page_ToolsQA/input_Full Name_userName"), tx_nombre): Text 'Erika' is set on object 'Object Repository/Reto_for/Page_ToolsQA/input_Full Name_userName'

2022-11-30 13:50:27 - [MESSAGE][PASSED] - Text 'Erika' is set on object 'Object Repository/Reto_for/Page_ToolsQA/input_Full Name_userName'

2022-11-30 13:50:27 - [TEST_STEP][PASSED] - setText(findTestObject("Object Repository/Reto_for/Page_ToolsQA/input_Email_userEmail"), tx_nombre + "@gmail.com"): Text 'Erika@gmail.com' is set on object 'Object Repository/Reto_for/Page_ToolsQA/input_Email_userEmail'

2022-11-30 13:50:28 - [MESSAGE][PASSED] - Text 'Erika@gmail.com' is set on object 'Object Repository/Reto_for/Page_ToolsQA/input_Email_userEmail'

2022-11-30 13:50:28 - [TEST_STEP][PASSED] - setText(findTestObject("Object Repository/Reto_for/Page_ToolsQA/textarea_Current Address_currentAddress"), "Dirección#" + x): Text 'Dirección#2' is set on object 'Object Repository/Reto_for/Page_ToolsQA/textarea_Current Address_currentAddress'

2022-11-30 13:50:28 - [MESSAGE][PASSED] - Text 'Dirección#2' is set on object 'Object Repository/Reto_for/Page_ToolsQA/textarea_Current Address_currentAddress'

2022-11-30 13:50:28 - [TEST_STEP][PASSED] - setText(findTestObject("Object Repository/Reto_for/Page_ToolsQA/textarea_Permanent Address_permanentAddress"), "Dirección dos#" + x): Text 'Dirección dos#2' is set on object 'Object Repository/Reto_for/Page_ToolsQA/textarea_Permanent Address_permanentAddress'

2022-11-30 13:50:29 - [MESSAGE][PASSED] - Text 'Dirección dos#2' is set on object 'Object Repository/Reto_for/Page_ToolsQA/textarea_Permanent Address_permanentAddress'

2022-11-30 13:50:29 - [TEST_STEP][PASSED] - scrollToPosition(0, 500): Browser is scrolled to position x = 0, y = 500

2022-11-30 13:50:29 - [MESSAGE][PASSED] - Browser is scrolled to position x = 0, y = 500

2022-11-30 13:50:29 - [TEST_STEP][PASSED] - click(findTestObject("Object Repository/Reto_for/Page_ToolsQA/button_Submit")): Object: 'Object Repository/Reto_for/Page_ToolsQA/button_Submit' is clicked on

2022-11-30 13:50:30 - [MESSAGE][PASSED] - Object: 'Object Repository/Reto_for/Page_ToolsQA/button_Submit' is clicked on

2022-11-30 13:50:30 - [TEST_STEP][PASSED] - scrollToPosition(0, 100): Browser is scrolled to position x = 0, y = 100

2022-11-30 13:50:30 - [MESSAGE][PASSED] - Browser is scrolled to position x = 0, y = 100

2022-11-30 13:50:30 - [TEST_STEP][PASSED] - z = ["Carlos", "Erika", "Paco", "Rodrigo", "Juan"]: null

2022-11-30 13:50:30 - [TEST_STEP][PASSED] - rn = new java.util.Random(): null

2022-11-30 13:50:30 - [TEST_STEP][PASSED] - tx_nombre = z[rn.nextInt(size)]: null

2022-11-30 13:50:30 - [TEST_STEP][PASSED] - setText(findTestObject("Object Repository/Reto_for/Page_ToolsQA/input_Full Name_userName"), tx_nombre): Text 'Paco' is set on object 'Object Repository/Reto_for/Page_ToolsQA/input_Full Name_userName'

2022-11-30 13:50:31 - [MESSAGE][PASSED] - Text 'Paco' is set on object 'Object Repository/Reto_for/Page_ToolsQA/input_Full Name_userName'

2022-11-30 13:50:31 - [TEST_STEP][PASSED] - setText(findTestObject("Object Repository/Reto_for/Page_ToolsQA/input_Email_userEmail"), tx_nombre + "@gmail.com"): Text 'Paco@gmail.com' is set on object 'Object Repository/Reto_for/Page_ToolsQA/input_Email_userEmail'

2022-11-30 13:50:32 - [MESSAGE][PASSED] - Text 'Paco@gmail.com' is set on object 'Object Repository/Reto_for/Page_ToolsQA/input_Email_userEmail'

2022-11-30 13:50:32 - [TEST_STEP][PASSED] - setText(findTestObject("Object Repository/Reto_for/Page_ToolsQA/textarea_Current Address_currentAddress"), "Dirección#" + x): Text 'Dirección#3' is set on object 'Object Repository/Reto_for/Page_ToolsQA/textarea_Current Address_currentAddress'

2022-11-30 13:50:33 - [MESSAGE][PASSED] - Text 'Dirección#3' is set on object 'Object Repository/Reto_for/Page_ToolsQA/textarea_Current Address_currentAddress'

2022-11-30 13:50:33 - [TEST_STEP][PASSED] - setText(findTestObject("Object Repository/Reto_for/Page_ToolsQA/textarea_Permanent Address_permanentAddress"), "Dirección dos#" + x): Text 'Dirección dos#3' is set on object 'Object Repository/Reto_for/Page_ToolsQA/textarea_Permanent Address_permanentAddress'

2022-11-30 13:50:34 - [MESSAGE][PASSED] - Text 'Dirección dos#3' is set on object 'Object Repository/Reto_for/Page_ToolsQA/textarea_Permanent Address_permanentAddress'

2022-11-30 13:50:34 - [TEST_STEP][PASSED] - scrollToPosition(0, 500): Browser is scrolled to position x = 0, y = 500

2022-11-30 13:50:34 - [MESSAGE][PASSED] - Browser is scrolled to position x = 0, y = 500

2022-11-30 13:50:34 - [TEST_STEP][PASSED] - click(findTestObject("Object Repository/Reto_for/Page_ToolsQA/button_Submit")): Object: 'Object Repository/Reto_for/Page_ToolsQA/button_Submit' is clicked on

2022-11-30 13:50:34 - [MESSAGE][PASSED] - Object: 'Object Repository/Reto_for/Page_ToolsQA/button_Submit' is clicked on

2022-11-30 13:50:34 - [TEST_STEP][PASSED] - scrollToPosition(0, 100): Browser is scrolled to position x = 0, y = 100

2022-11-30 13:50:34 - [MESSAGE][PASSED] - Browser is scrolled to position x = 0, y = 100

2022-11-30 13:50:34 - [TEST_STEP][PASSED] - z = ["Carlos", "Erika", "Paco", "Rodrigo", "Juan"]: null

2022-11-30 13:50:34 - [TEST_STEP][PASSED] - rn = new java.util.Random(): null

2022-11-30 13:50:34 - [TEST_STEP][PASSED] - tx_nombre = z[rn.nextInt(size)]: null

2022-11-30 13:50:34 - [TEST_STEP][PASSED] - setText(findTestObject("Object Repository/Reto_for/Page_ToolsQA/input_Full Name_userName"), tx_nombre): Text 'Carlos' is set on object 'Object Repository/Reto_for/Page_ToolsQA/input_Full Name_userName'

2022-11-30 13:50:35 - [MESSAGE][PASSED] - Text 'Carlos' is set on object 'Object Repository/Reto_for/Page_ToolsQA/input_Full Name_userName'

2022-11-30 13:50:35 - [TEST_STEP][PASSED] - setText(findTestObject("Object Repository/Reto_for/Page_ToolsQA/input_Email_userEmail"), tx_nombre + "@gmail.com"): Text 'Carlos@gmail.com' is set on object 'Object Repository/Reto_for/Page_ToolsQA/input_Email_userEmail'

2022-11-30 13:50:36 - [MESSAGE][PASSED] - Text 'Carlos@gmail.com' is set on object 'Object Repository/Reto_for/Page_ToolsQA/input_Email_userEmail'

2022-11-30 13:50:36 - [TEST_STEP][PASSED] - setText(findTestObject("Object Repository/Reto_for/Page_ToolsQA/textarea_Current Address_currentAddress"), "Dirección#" + x): Text 'Dirección#4' is set on object 'Object Repository/Reto_for/Page_ToolsQA/textarea_Current Address_currentAddress'

2022-11-30 13:50:37 - [MESSAGE][PASSED] - Text 'Dirección#4' is set on object 'Object Repository/Reto_for/Page_ToolsQA/textarea_Current Address_currentAddress'

2022-11-30 13:50:37 - [TEST_STEP][PASSED] - setText(findTestObject("Object Repository/Reto_for/Page_ToolsQA/textarea_Permanent Address_permanentAddress"), "Dirección dos#" + x): Text 'Dirección dos#4' is set on object 'Object Repository/Reto_for/Page_ToolsQA/textarea_Permanent Address_permanentAddress'

2022-11-30 13:50:38 - [MESSAGE][PASSED] - Text 'Dirección dos#4' is set on object 'Object Repository/Reto_for/Page_ToolsQA/textarea_Permanent Address_permanentAddress'

2022-11-30 13:50:38 - [TEST_STEP][PASSED] - scrollToPosition(0, 500): Browser is scrolled to position x = 0, y = 500

2022-11-30 13:50:38 - [MESSAGE][PASSED] - Browser is scrolled to position x = 0, y = 500

2022-11-30 13:50:38 - [TEST_STEP][PASSED] - click(findTestObject("Object Repository/Reto_for/Page_ToolsQA/button_Submit")): Object: 'Object Repository/Reto_for/Page_ToolsQA/button_Submit' is clicked on

2022-11-30 13:50:38 - [MESSAGE][PASSED] - Object: 'Object Repository/Reto_for/Page_ToolsQA/button_Submit' is clicked on

2022-11-30 13:50:38 - [TEST_STEP][PASSED] - scrollToPosition(0, 100): Browser is scrolled to position x = 0, y = 100

2022-11-30 13:50:38 - [MESSAGE][PASSED] - Browser is scrolled to position x = 0, y = 100

2022-11-30 13:50:38 - [TEST_STEP][PASSED] - closeBrowser(): Browser is closed

2022-11-30 13:50:39 - [MESSAGE][PASSED] - Browser is closed]]></system-out>
         <system-err><![CDATA[]]></system-err>
      </testcase>
      <testcase name="Test Cases/BUCLES/Reto_while" time="22.371" classname="Test Cases/BUCLES/Reto_while" status="PASSED">
         <system-out><![CDATA[2022-11-30 13:50:39 - [TEST_CASE][PASSED] - Test Cases/BUCLES/Reto_while: Test Cases/BUCLES/Reto_while

2022-11-30 13:50:40 - [TEST_STEP][PASSED] - openBrowser(""): Browser is opened with url: ''

2022-11-30 13:50:40 - [MESSAGE][INFO] - Starting 'Chrome' driver

2022-11-30 13:50:40 - [MESSAGE][INFO] - Action delay is set to 0 milliseconds

2022-11-30 13:50:41 - [MESSAGE][PASSED] - Browser is opened with url: ''

2022-11-30 13:50:41 - [TEST_STEP][PASSED] - navigateToUrl("https://www.google.com/"): Navigate to 'https://www.google.com/' successfully

2022-11-30 13:50:44 - [MESSAGE][PASSED] - Navigate to 'https://www.google.com/' successfully

2022-11-30 13:50:44 - [TEST_STEP][PASSED] - Bandera = 0: null

2022-11-30 13:50:44 - [TEST_STEP][PASSED] - while (Bandera != 1): null

2022-11-30 13:50:44 - [TEST_STEP][PASSED] - num = Math.random() * 5 - 1 + 1: null

2022-11-30 13:50:44 - [TEST_STEP][PASSED] - setText(findTestObject("Object Repository/While_google/Page_Google/input__q"), "5+" + num): Text '5+2' is set on object 'Object Repository/While_google/Page_Google/input__q'

2022-11-30 13:50:45 - [MESSAGE][PASSED] - Text '5+2' is set on object 'Object Repository/While_google/Page_Google/input__q'

2022-11-30 13:50:45 - [TEST_STEP][PASSED] - sendKeys(findTestObject("Object Repository/While_google/Page_Google/input__q"), Keys.chord(ENTER)): Keys 'ENTER + ' sent to object: 'Object Repository/While_google/Page_Google/input__q'

2022-11-30 13:50:54 - [MESSAGE][PASSED] - Keys 'ENTER + ' sent to object: 'Object Repository/While_google/Page_Google/input__q'

2022-11-30 13:50:54 - [TEST_STEP][PASSED] - Resultado = getText(findTestObject("While_google/Extras/Resultado_10")): Text of object 'Object Repository/While_google/Extras/Resultado_10' is: '7'

2022-11-30 13:50:54 - [MESSAGE][PASSED] - Text of object 'Object Repository/While_google/Extras/Resultado_10' is: '7'

2022-11-30 13:50:54 - [TEST_STEP][PASSED] - if (Resultado == "8"): null

2022-11-30 13:50:54 - [TEST_STEP][PASSED] - else: null

2022-11-30 13:50:54 - [TEST_STEP][PASSED] - Bandera = 0: null

2022-11-30 13:50:54 - [TEST_STEP][PASSED] - print(Bandera + "------"): null

2022-11-30 13:50:54 - [TEST_STEP][PASSED] - num = Math.random() * 5 - 1 + 1: null

2022-11-30 13:50:54 - [TEST_STEP][PASSED] - setText(findTestObject("Object Repository/While_google/Page_Google/input__q"), "5+" + num): Text '5+3' is set on object 'Object Repository/While_google/Page_Google/input__q'

2022-11-30 13:50:55 - [MESSAGE][PASSED] - Text '5+3' is set on object 'Object Repository/While_google/Page_Google/input__q'

2022-11-30 13:50:55 - [TEST_STEP][PASSED] - sendKeys(findTestObject("Object Repository/While_google/Page_Google/input__q"), Keys.chord(ENTER)): Keys 'ENTER + ' sent to object: 'Object Repository/While_google/Page_Google/input__q'

2022-11-30 13:51:00 - [MESSAGE][PASSED] - Keys 'ENTER + ' sent to object: 'Object Repository/While_google/Page_Google/input__q'

2022-11-30 13:51:00 - [TEST_STEP][PASSED] - Resultado = getText(findTestObject("While_google/Extras/Resultado_10")): Text of object 'Object Repository/While_google/Extras/Resultado_10' is: '8'

2022-11-30 13:51:01 - [MESSAGE][PASSED] - Text of object 'Object Repository/While_google/Extras/Resultado_10' is: '8'

2022-11-30 13:51:01 - [TEST_STEP][PASSED] - if (Resultado == "8"): Browser is closed

2022-11-30 13:51:01 - [TEST_STEP][PASSED] - Bandera = 1: null

2022-11-30 13:51:01 - [TEST_STEP][PASSED] - print("Listo termina"): null

2022-11-30 13:51:01 - [TEST_STEP][PASSED] - closeBrowser(): Browser is closed

2022-11-30 13:51:01 - [MESSAGE][PASSED] - Browser is closed

2022-11-30 13:51:01 - [TEST_STEP][PASSED] - print(Bandera + "------"): null]]></system-out>
         <system-err><![CDATA[]]></system-err>
      </testcase>
      <testcase name="Test Cases/BUCLES/Reto_while_solucion" time="70.926" classname="Test Cases/BUCLES/Reto_while_solucion" status="PASSED">
         <system-out><![CDATA[2022-11-30 13:51:01 - [TEST_CASE][PASSED] - Test Cases/BUCLES/Reto_while_solucion: Test Cases/BUCLES/Reto_while_solucion

2022-11-30 13:51:02 - [TEST_STEP][PASSED] - openBrowser(""): Browser is opened with url: ''

2022-11-30 13:51:02 - [MESSAGE][INFO] - Starting 'Chrome' driver

2022-11-30 13:51:02 - [MESSAGE][INFO] - Action delay is set to 0 milliseconds

2022-11-30 13:51:03 - [MESSAGE][PASSED] - Browser is opened with url: ''

2022-11-30 13:51:03 - [TEST_STEP][PASSED] - navigateToUrl("https://www.google.com/"): Navigate to 'https://www.google.com/' successfully

2022-11-30 13:51:05 - [MESSAGE][PASSED] - Navigate to 'https://www.google.com/' successfully

2022-11-30 13:51:05 - [TEST_STEP][PASSED] - Res = 0: null

2022-11-30 13:51:05 - [TEST_STEP][PASSED] - while (Res != 8): Browser is closed

2022-11-30 13:51:05 - [TEST_STEP][PASSED] - num = Math.random() * 5 - 1 + 1: null

2022-11-30 13:51:05 - [TEST_STEP][PASSED] - setText(findTestObject("Object Repository/Reto_while1/Page_Google/input__q"), "5+" + num): Text '5+2' is set on object 'Object Repository/Reto_while1/Page_Google/input__q'

2022-11-30 13:51:07 - [MESSAGE][PASSED] - Text '5+2' is set on object 'Object Repository/Reto_while1/Page_Google/input__q'

2022-11-30 13:51:07 - [TEST_STEP][PASSED] - sendKeys(findTestObject("Object Repository/Reto_while1/Page_Google/input__q"), Keys.chord(ENTER)): Keys 'ENTER + ' sent to object: 'Object Repository/Reto_while1/Page_Google/input__q'

2022-11-30 13:51:13 - [MESSAGE][PASSED] - Keys 'ENTER + ' sent to object: 'Object Repository/Reto_while1/Page_Google/input__q'

2022-11-30 13:51:13 - [TEST_STEP][PASSED] - Res = getText(findTestObject("Reto_while1/Resultado_8")).toInteger(): Text of object 'Object Repository/Reto_while1/Resultado_8' is: '7'

2022-11-30 13:51:14 - [MESSAGE][PASSED] - Text of object 'Object Repository/Reto_while1/Resultado_8' is: '7'

2022-11-30 13:51:14 - [TEST_STEP][PASSED] - if (Res == 8): null

2022-11-30 13:51:14 - [TEST_STEP][PASSED] - num = Math.random() * 5 - 1 + 1: null

2022-11-30 13:51:14 - [TEST_STEP][PASSED] - setText(findTestObject("Object Repository/Reto_while1/Page_Google/input__q"), "5+" + num): Text '5+2' is set on object 'Object Repository/Reto_while1/Page_Google/input__q'

2022-11-30 13:51:15 - [MESSAGE][PASSED] - Text '5+2' is set on object 'Object Repository/Reto_while1/Page_Google/input__q'

2022-11-30 13:51:15 - [TEST_STEP][PASSED] - sendKeys(findTestObject("Object Repository/Reto_while1/Page_Google/input__q"), Keys.chord(ENTER)): Keys 'ENTER + ' sent to object: 'Object Repository/Reto_while1/Page_Google/input__q'

2022-11-30 13:51:18 - [MESSAGE][PASSED] - Keys 'ENTER + ' sent to object: 'Object Repository/Reto_while1/Page_Google/input__q'

2022-11-30 13:51:18 - [TEST_STEP][PASSED] - Res = getText(findTestObject("Reto_while1/Resultado_8")).toInteger(): Text of object 'Object Repository/Reto_while1/Resultado_8' is: '7'

2022-11-30 13:51:18 - [MESSAGE][PASSED] - Text of object 'Object Repository/Reto_while1/Resultado_8' is: '7'

2022-11-30 13:51:18 - [TEST_STEP][PASSED] - if (Res == 8): null

2022-11-30 13:51:18 - [TEST_STEP][PASSED] - num = Math.random() * 5 - 1 + 1: null

2022-11-30 13:51:18 - [TEST_STEP][PASSED] - setText(findTestObject("Object Repository/Reto_while1/Page_Google/input__q"), "5+" + num): Text '5+2' is set on object 'Object Repository/Reto_while1/Page_Google/input__q'

2022-11-30 13:51:19 - [MESSAGE][PASSED] - Text '5+2' is set on object 'Object Repository/Reto_while1/Page_Google/input__q'

2022-11-30 13:51:19 - [TEST_STEP][PASSED] - sendKeys(findTestObject("Object Repository/Reto_while1/Page_Google/input__q"), Keys.chord(ENTER)): Keys 'ENTER + ' sent to object: 'Object Repository/Reto_while1/Page_Google/input__q'

2022-11-30 13:51:22 - [MESSAGE][PASSED] - Keys 'ENTER + ' sent to object: 'Object Repository/Reto_while1/Page_Google/input__q'

2022-11-30 13:51:22 - [TEST_STEP][PASSED] - Res = getText(findTestObject("Reto_while1/Resultado_8")).toInteger(): Text of object 'Object Repository/Reto_while1/Resultado_8' is: '7'

2022-11-30 13:51:22 - [MESSAGE][PASSED] - Text of object 'Object Repository/Reto_while1/Resultado_8' is: '7'

2022-11-30 13:51:22 - [TEST_STEP][PASSED] - if (Res == 8): null

2022-11-30 13:51:22 - [TEST_STEP][PASSED] - num = Math.random() * 5 - 1 + 1: null

2022-11-30 13:51:22 - [TEST_STEP][PASSED] - setText(findTestObject("Object Repository/Reto_while1/Page_Google/input__q"), "5+" + num): Text '5+2' is set on object 'Object Repository/Reto_while1/Page_Google/input__q'

2022-11-30 13:51:23 - [MESSAGE][PASSED] - Text '5+2' is set on object 'Object Repository/Reto_while1/Page_Google/input__q'

2022-11-30 13:51:23 - [TEST_STEP][PASSED] - sendKeys(findTestObject("Object Repository/Reto_while1/Page_Google/input__q"), Keys.chord(ENTER)): Keys 'ENTER + ' sent to object: 'Object Repository/Reto_while1/Page_Google/input__q'

2022-11-30 13:51:25 - [MESSAGE][PASSED] - Keys 'ENTER + ' sent to object: 'Object Repository/Reto_while1/Page_Google/input__q'

2022-11-30 13:51:25 - [TEST_STEP][PASSED] - Res = getText(findTestObject("Reto_while1/Resultado_8")).toInteger(): Text of object 'Object Repository/Reto_while1/Resultado_8' is: '7'

2022-11-30 13:51:26 - [MESSAGE][PASSED] - Text of object 'Object Repository/Reto_while1/Resultado_8' is: '7'

2022-11-30 13:51:26 - [TEST_STEP][PASSED] - if (Res == 8): null

2022-11-30 13:51:26 - [TEST_STEP][PASSED] - num = Math.random() * 5 - 1 + 1: null

2022-11-30 13:51:26 - [TEST_STEP][PASSED] - setText(findTestObject("Object Repository/Reto_while1/Page_Google/input__q"), "5+" + num): Text '5+1' is set on object 'Object Repository/Reto_while1/Page_Google/input__q'

2022-11-30 13:51:27 - [MESSAGE][PASSED] - Text '5+1' is set on object 'Object Repository/Reto_while1/Page_Google/input__q'

2022-11-30 13:51:27 - [TEST_STEP][PASSED] - sendKeys(findTestObject("Object Repository/Reto_while1/Page_Google/input__q"), Keys.chord(ENTER)): Keys 'ENTER + ' sent to object: 'Object Repository/Reto_while1/Page_Google/input__q'

2022-11-30 13:51:32 - [MESSAGE][PASSED] - Keys 'ENTER + ' sent to object: 'Object Repository/Reto_while1/Page_Google/input__q'

2022-11-30 13:51:32 - [TEST_STEP][PASSED] - Res = getText(findTestObject("Reto_while1/Resultado_8")).toInteger(): Text of object 'Object Repository/Reto_while1/Resultado_8' is: '6'

2022-11-30 13:51:32 - [MESSAGE][PASSED] - Text of object 'Object Repository/Reto_while1/Resultado_8' is: '6'

2022-11-30 13:51:32 - [TEST_STEP][PASSED] - if (Res == 8): null

2022-11-30 13:51:32 - [TEST_STEP][PASSED] - num = Math.random() * 5 - 1 + 1: null

2022-11-30 13:51:32 - [TEST_STEP][PASSED] - setText(findTestObject("Object Repository/Reto_while1/Page_Google/input__q"), "5+" + num): Text '5+2' is set on object 'Object Repository/Reto_while1/Page_Google/input__q'

2022-11-30 13:51:34 - [MESSAGE][PASSED] - Text '5+2' is set on object 'Object Repository/Reto_while1/Page_Google/input__q'

2022-11-30 13:51:34 - [TEST_STEP][PASSED] - sendKeys(findTestObject("Object Repository/Reto_while1/Page_Google/input__q"), Keys.chord(ENTER)): Keys 'ENTER + ' sent to object: 'Object Repository/Reto_while1/Page_Google/input__q'

2022-11-30 13:51:35 - [MESSAGE][PASSED] - Keys 'ENTER + ' sent to object: 'Object Repository/Reto_while1/Page_Google/input__q'

2022-11-30 13:51:35 - [TEST_STEP][PASSED] - Res = getText(findTestObject("Reto_while1/Resultado_8")).toInteger(): Text of object 'Object Repository/Reto_while1/Resultado_8' is: '7'

2022-11-30 13:51:36 - [MESSAGE][PASSED] - Text of object 'Object Repository/Reto_while1/Resultado_8' is: '7'

2022-11-30 13:51:36 - [TEST_STEP][PASSED] - if (Res == 8): null

2022-11-30 13:51:36 - [TEST_STEP][PASSED] - num = Math.random() * 5 - 1 + 1: null

2022-11-30 13:51:36 - [TEST_STEP][PASSED] - setText(findTestObject("Object Repository/Reto_while1/Page_Google/input__q"), "5+" + num): Text '5+1' is set on object 'Object Repository/Reto_while1/Page_Google/input__q'

2022-11-30 13:51:37 - [MESSAGE][PASSED] - Text '5+1' is set on object 'Object Repository/Reto_while1/Page_Google/input__q'

2022-11-30 13:51:37 - [TEST_STEP][PASSED] - sendKeys(findTestObject("Object Repository/Reto_while1/Page_Google/input__q"), Keys.chord(ENTER)): Keys 'ENTER + ' sent to object: 'Object Repository/Reto_while1/Page_Google/input__q'

2022-11-30 13:51:38 - [MESSAGE][PASSED] - Keys 'ENTER + ' sent to object: 'Object Repository/Reto_while1/Page_Google/input__q'

2022-11-30 13:51:38 - [TEST_STEP][PASSED] - Res = getText(findTestObject("Reto_while1/Resultado_8")).toInteger(): Text of object 'Object Repository/Reto_while1/Resultado_8' is: '6'

2022-11-30 13:51:40 - [MESSAGE][PASSED] - Text of object 'Object Repository/Reto_while1/Resultado_8' is: '6'

2022-11-30 13:51:40 - [TEST_STEP][PASSED] - if (Res == 8): null

2022-11-30 13:51:40 - [TEST_STEP][PASSED] - num = Math.random() * 5 - 1 + 1: null

2022-11-30 13:51:40 - [TEST_STEP][PASSED] - setText(findTestObject("Object Repository/Reto_while1/Page_Google/input__q"), "5+" + num): Text '5+2' is set on object 'Object Repository/Reto_while1/Page_Google/input__q'

2022-11-30 13:51:41 - [MESSAGE][PASSED] - Text '5+2' is set on object 'Object Repository/Reto_while1/Page_Google/input__q'

2022-11-30 13:51:41 - [TEST_STEP][PASSED] - sendKeys(findTestObject("Object Repository/Reto_while1/Page_Google/input__q"), Keys.chord(ENTER)): Keys 'ENTER + ' sent to object: 'Object Repository/Reto_while1/Page_Google/input__q'

2022-11-30 13:51:44 - [MESSAGE][PASSED] - Keys 'ENTER + ' sent to object: 'Object Repository/Reto_while1/Page_Google/input__q'

2022-11-30 13:51:44 - [TEST_STEP][PASSED] - Res = getText(findTestObject("Reto_while1/Resultado_8")).toInteger(): Text of object 'Object Repository/Reto_while1/Resultado_8' is: '7'

2022-11-30 13:51:44 - [MESSAGE][PASSED] - Text of object 'Object Repository/Reto_while1/Resultado_8' is: '7'

2022-11-30 13:51:44 - [TEST_STEP][PASSED] - if (Res == 8): null

2022-11-30 13:51:44 - [TEST_STEP][PASSED] - num = Math.random() * 5 - 1 + 1: null

2022-11-30 13:51:44 - [TEST_STEP][PASSED] - setText(findTestObject("Object Repository/Reto_while1/Page_Google/input__q"), "5+" + num): Text '5+1' is set on object 'Object Repository/Reto_while1/Page_Google/input__q'

2022-11-30 13:51:45 - [MESSAGE][PASSED] - Text '5+1' is set on object 'Object Repository/Reto_while1/Page_Google/input__q'

2022-11-30 13:51:45 - [TEST_STEP][PASSED] - sendKeys(findTestObject("Object Repository/Reto_while1/Page_Google/input__q"), Keys.chord(ENTER)): Keys 'ENTER + ' sent to object: 'Object Repository/Reto_while1/Page_Google/input__q'

2022-11-30 13:51:48 - [MESSAGE][PASSED] - Keys 'ENTER + ' sent to object: 'Object Repository/Reto_while1/Page_Google/input__q'

2022-11-30 13:51:48 - [TEST_STEP][PASSED] - Res = getText(findTestObject("Reto_while1/Resultado_8")).toInteger(): Text of object 'Object Repository/Reto_while1/Resultado_8' is: '6'

2022-11-30 13:51:48 - [MESSAGE][PASSED] - Text of object 'Object Repository/Reto_while1/Resultado_8' is: '6'

2022-11-30 13:51:48 - [TEST_STEP][PASSED] - if (Res == 8): null

2022-11-30 13:51:48 - [TEST_STEP][PASSED] - num = Math.random() * 5 - 1 + 1: null

2022-11-30 13:51:48 - [TEST_STEP][PASSED] - setText(findTestObject("Object Repository/Reto_while1/Page_Google/input__q"), "5+" + num): Text '5+4' is set on object 'Object Repository/Reto_while1/Page_Google/input__q'

2022-11-30 13:51:49 - [MESSAGE][PASSED] - Text '5+4' is set on object 'Object Repository/Reto_while1/Page_Google/input__q'

2022-11-30 13:51:49 - [TEST_STEP][PASSED] - sendKeys(findTestObject("Object Repository/Reto_while1/Page_Google/input__q"), Keys.chord(ENTER)): Keys 'ENTER + ' sent to object: 'Object Repository/Reto_while1/Page_Google/input__q'

2022-11-30 13:51:53 - [MESSAGE][PASSED] - Keys 'ENTER + ' sent to object: 'Object Repository/Reto_while1/Page_Google/input__q'

2022-11-30 13:51:53 - [TEST_STEP][PASSED] - Res = getText(findTestObject("Reto_while1/Resultado_8")).toInteger(): Text of object 'Object Repository/Reto_while1/Resultado_8' is: '9'

2022-11-30 13:51:53 - [MESSAGE][PASSED] - Text of object 'Object Repository/Reto_while1/Resultado_8' is: '9'

2022-11-30 13:51:53 - [TEST_STEP][PASSED] - if (Res == 8): null

2022-11-30 13:51:53 - [TEST_STEP][PASSED] - num = Math.random() * 5 - 1 + 1: null

2022-11-30 13:51:53 - [TEST_STEP][PASSED] - setText(findTestObject("Object Repository/Reto_while1/Page_Google/input__q"), "5+" + num): Text '5+4' is set on object 'Object Repository/Reto_while1/Page_Google/input__q'

2022-11-30 13:51:54 - [MESSAGE][PASSED] - Text '5+4' is set on object 'Object Repository/Reto_while1/Page_Google/input__q'

2022-11-30 13:51:54 - [TEST_STEP][PASSED] - sendKeys(findTestObject("Object Repository/Reto_while1/Page_Google/input__q"), Keys.chord(ENTER)): Keys 'ENTER + ' sent to object: 'Object Repository/Reto_while1/Page_Google/input__q'

2022-11-30 13:51:58 - [MESSAGE][PASSED] - Keys 'ENTER + ' sent to object: 'Object Repository/Reto_while1/Page_Google/input__q'

2022-11-30 13:51:58 - [TEST_STEP][PASSED] - Res = getText(findTestObject("Reto_while1/Resultado_8")).toInteger(): Text of object 'Object Repository/Reto_while1/Resultado_8' is: '9'

2022-11-30 13:51:58 - [MESSAGE][PASSED] - Text of object 'Object Repository/Reto_while1/Resultado_8' is: '9'

2022-11-30 13:51:58 - [TEST_STEP][PASSED] - if (Res == 8): null

2022-11-30 13:51:58 - [TEST_STEP][PASSED] - num = Math.random() * 5 - 1 + 1: null

2022-11-30 13:51:58 - [TEST_STEP][PASSED] - setText(findTestObject("Object Repository/Reto_while1/Page_Google/input__q"), "5+" + num): Text '5+1' is set on object 'Object Repository/Reto_while1/Page_Google/input__q'

2022-11-30 13:51:59 - [MESSAGE][PASSED] - Text '5+1' is set on object 'Object Repository/Reto_while1/Page_Google/input__q'

2022-11-30 13:51:59 - [TEST_STEP][PASSED] - sendKeys(findTestObject("Object Repository/Reto_while1/Page_Google/input__q"), Keys.chord(ENTER)): Keys 'ENTER + ' sent to object: 'Object Repository/Reto_while1/Page_Google/input__q'

2022-11-30 13:52:01 - [MESSAGE][PASSED] - Keys 'ENTER + ' sent to object: 'Object Repository/Reto_while1/Page_Google/input__q'

2022-11-30 13:52:01 - [TEST_STEP][PASSED] - Res = getText(findTestObject("Reto_while1/Resultado_8")).toInteger(): Text of object 'Object Repository/Reto_while1/Resultado_8' is: '6'

2022-11-30 13:52:03 - [MESSAGE][PASSED] - Text of object 'Object Repository/Reto_while1/Resultado_8' is: '6'

2022-11-30 13:52:03 - [TEST_STEP][PASSED] - if (Res == 8): null

2022-11-30 13:52:03 - [TEST_STEP][PASSED] - num = Math.random() * 5 - 1 + 1: null

2022-11-30 13:52:03 - [TEST_STEP][PASSED] - setText(findTestObject("Object Repository/Reto_while1/Page_Google/input__q"), "5+" + num): Text '5+2' is set on object 'Object Repository/Reto_while1/Page_Google/input__q'

2022-11-30 13:52:04 - [MESSAGE][PASSED] - Text '5+2' is set on object 'Object Repository/Reto_while1/Page_Google/input__q'

2022-11-30 13:52:04 - [TEST_STEP][PASSED] - sendKeys(findTestObject("Object Repository/Reto_while1/Page_Google/input__q"), Keys.chord(ENTER)): Keys 'ENTER + ' sent to object: 'Object Repository/Reto_while1/Page_Google/input__q'

2022-11-30 13:52:06 - [MESSAGE][PASSED] - Keys 'ENTER + ' sent to object: 'Object Repository/Reto_while1/Page_Google/input__q'

2022-11-30 13:52:06 - [TEST_STEP][PASSED] - Res = getText(findTestObject("Reto_while1/Resultado_8")).toInteger(): Text of object 'Object Repository/Reto_while1/Resultado_8' is: '7'

2022-11-30 13:52:07 - [MESSAGE][PASSED] - Text of object 'Object Repository/Reto_while1/Resultado_8' is: '7'

2022-11-30 13:52:07 - [TEST_STEP][PASSED] - if (Res == 8): null

2022-11-30 13:52:07 - [TEST_STEP][PASSED] - num = Math.random() * 5 - 1 + 1: null

2022-11-30 13:52:07 - [TEST_STEP][PASSED] - setText(findTestObject("Object Repository/Reto_while1/Page_Google/input__q"), "5+" + num): Text '5+3' is set on object 'Object Repository/Reto_while1/Page_Google/input__q'

2022-11-30 13:52:08 - [MESSAGE][PASSED] - Text '5+3' is set on object 'Object Repository/Reto_while1/Page_Google/input__q'

2022-11-30 13:52:08 - [TEST_STEP][PASSED] - sendKeys(findTestObject("Object Repository/Reto_while1/Page_Google/input__q"), Keys.chord(ENTER)): Keys 'ENTER + ' sent to object: 'Object Repository/Reto_while1/Page_Google/input__q'

2022-11-30 13:52:11 - [MESSAGE][PASSED] - Keys 'ENTER + ' sent to object: 'Object Repository/Reto_while1/Page_Google/input__q'

2022-11-30 13:52:11 - [TEST_STEP][PASSED] - Res = getText(findTestObject("Reto_while1/Resultado_8")).toInteger(): Text of object 'Object Repository/Reto_while1/Resultado_8' is: '8'

2022-11-30 13:52:12 - [MESSAGE][PASSED] - Text of object 'Object Repository/Reto_while1/Resultado_8' is: '8'

2022-11-30 13:52:12 - [TEST_STEP][PASSED] - if (Res == 8): Browser is closed

2022-11-30 13:52:12 - [TEST_STEP][PASSED] - closeBrowser(): Browser is closed

2022-11-30 13:52:12 - [MESSAGE][PASSED] - Browser is closed]]></system-out>
         <system-err><![CDATA[]]></system-err>
      </testcase>
      <testcase name="Test Cases/BUCLES/Test_1" time="49.156" classname="Test Cases/BUCLES/Test_1" status="PASSED">
         <system-out><![CDATA[2022-11-30 13:52:12 - [TEST_CASE][PASSED] - Test Cases/BUCLES/Test_1: Test Cases/BUCLES/Test_1

2022-11-30 13:52:13 - [TEST_STEP][PASSED] - openBrowser(""): Browser is opened with url: ''

2022-11-30 13:52:13 - [MESSAGE][INFO] - Starting 'Chrome' driver

2022-11-30 13:52:13 - [MESSAGE][INFO] - Action delay is set to 0 milliseconds

2022-11-30 13:52:14 - [MESSAGE][PASSED] - Browser is opened with url: ''

2022-11-30 13:52:14 - [TEST_STEP][PASSED] - navigateToUrl("https://demoqa.com/text-box"): Navigate to 'https://demoqa.com/text-box' successfully

2022-11-30 13:52:28 - [MESSAGE][PASSED] - Navigate to 'https://demoqa.com/text-box' successfully

2022-11-30 13:52:28 - [TEST_STEP][PASSED] - for ([x = 1, x <= 2, (x++)]): null

2022-11-30 13:52:28 - [TEST_STEP][PASSED] - openBrowser(""): Browser is opened with url: ''

2022-11-30 13:52:28 - [MESSAGE][WARNING] - A browser is already opened. Closing browser and opening a new one

2022-11-30 13:52:28 - [MESSAGE][INFO] - Starting 'Chrome' driver

2022-11-30 13:52:28 - [MESSAGE][INFO] - Action delay is set to 0 milliseconds

2022-11-30 13:52:30 - [MESSAGE][PASSED] - Browser is opened with url: ''

2022-11-30 13:52:30 - [TEST_STEP][PASSED] - navigateToUrl("https://demoqa.com/text-box"): Navigate to 'https://demoqa.com/text-box' successfully

2022-11-30 13:52:45 - [MESSAGE][PASSED] - Navigate to 'https://demoqa.com/text-box' successfully

2022-11-30 13:52:45 - [TEST_STEP][PASSED] - RN = Math.random() * 10 - 1 + 1: null

2022-11-30 13:52:45 - [TEST_STEP][PASSED] - print("Numero : " + RN + "----"): null

2022-11-30 13:52:45 - [TEST_STEP][PASSED] - z = ["Demo1", "Demo2", "Demo3", "Demo4", "Demo5"]: null

2022-11-30 13:52:45 - [TEST_STEP][PASSED] - rnd = new java.util.Random(): null

2022-11-30 13:52:45 - [TEST_STEP][PASSED] - texto = z[rnd.nextInt(size)]: null

2022-11-30 13:52:45 - [TEST_STEP][PASSED] - print(texto): null

2022-11-30 13:52:45 - [TEST_STEP][PASSED] - openBrowser(""): Browser is opened with url: ''

2022-11-30 13:52:45 - [MESSAGE][WARNING] - A browser is already opened. Closing browser and opening a new one

2022-11-30 13:52:45 - [MESSAGE][INFO] - Starting 'Chrome' driver

2022-11-30 13:52:45 - [MESSAGE][INFO] - Action delay is set to 0 milliseconds

2022-11-30 13:52:47 - [MESSAGE][PASSED] - Browser is opened with url: ''

2022-11-30 13:52:47 - [TEST_STEP][PASSED] - navigateToUrl("https://demoqa.com/text-box"): Navigate to 'https://demoqa.com/text-box' successfully

2022-11-30 13:53:01 - [MESSAGE][PASSED] - Navigate to 'https://demoqa.com/text-box' successfully

2022-11-30 13:53:01 - [TEST_STEP][PASSED] - RN = Math.random() * 10 - 1 + 1: null

2022-11-30 13:53:01 - [TEST_STEP][PASSED] - print("Numero : " + RN + "----"): null

2022-11-30 13:53:01 - [TEST_STEP][PASSED] - z = ["Demo1", "Demo2", "Demo3", "Demo4", "Demo5"]: null

2022-11-30 13:53:01 - [TEST_STEP][PASSED] - rnd = new java.util.Random(): null

2022-11-30 13:53:01 - [TEST_STEP][PASSED] - texto = z[rnd.nextInt(size)]: null

2022-11-30 13:53:01 - [TEST_STEP][PASSED] - print(texto): null

2022-11-30 13:53:01 - [TEST_STEP][PASSED] - closeBrowser(): Browser is closed

2022-11-30 13:53:02 - [MESSAGE][PASSED] - Browser is closed]]></system-out>
         <system-err><![CDATA[]]></system-err>
      </testcase>
      <testcase name="Test Cases/BUCLES/Test_2" time="17.753" classname="Test Cases/BUCLES/Test_2" status="PASSED">
         <system-out><![CDATA[2022-11-30 13:53:02 - [TEST_CASE][PASSED] - Test Cases/BUCLES/Test_2: Test Cases/BUCLES/Test_2

2022-11-30 13:53:02 - [TEST_STEP][PASSED] - openBrowser(""): Browser is opened with url: ''

2022-11-30 13:53:02 - [MESSAGE][INFO] - Starting 'Chrome' driver

2022-11-30 13:53:02 - [MESSAGE][INFO] - Action delay is set to 0 milliseconds

2022-11-30 13:53:03 - [MESSAGE][PASSED] - Browser is opened with url: ''

2022-11-30 13:53:03 - [TEST_STEP][PASSED] - navigateToUrl("https://demoqa.com/text-box"): Navigate to 'https://demoqa.com/text-box' successfully

2022-11-30 13:53:19 - [MESSAGE][PASSED] - Navigate to 'https://demoqa.com/text-box' successfully

2022-11-30 13:53:19 - [TEST_STEP][PASSED] - for ([x = 1, x <= 10, x = x + 2]): null

2022-11-30 13:53:19 - [TEST_STEP][PASSED] - print(" hola mundo " + x + "-------"): null

2022-11-30 13:53:19 - [TEST_STEP][PASSED] - print(" hola mundo " + x + "-------"): null

2022-11-30 13:53:19 - [TEST_STEP][PASSED] - print(" hola mundo " + x + "-------"): null

2022-11-30 13:53:19 - [TEST_STEP][PASSED] - print(" hola mundo " + x + "-------"): null

2022-11-30 13:53:19 - [TEST_STEP][PASSED] - print(" hola mundo " + x + "-------"): null

2022-11-30 13:53:19 - [TEST_STEP][PASSED] - closeBrowser(): Browser is closed

2022-11-30 13:53:19 - [MESSAGE][PASSED] - Browser is closed]]></system-out>
         <system-err><![CDATA[]]></system-err>
      </testcase>
      <testcase name="Test Cases/BUCLES/Test_while" time="20.458" classname="Test Cases/BUCLES/Test_while" status="PASSED">
         <system-out><![CDATA[2022-11-30 13:53:19 - [TEST_CASE][PASSED] - Test Cases/BUCLES/Test_while: Test Cases/BUCLES/Test_while

2022-11-30 13:53:20 - [TEST_STEP][PASSED] - openBrowser(""): Browser is opened with url: ''

2022-11-30 13:53:20 - [MESSAGE][INFO] - Starting 'Chrome' driver

2022-11-30 13:53:20 - [MESSAGE][INFO] - Action delay is set to 0 milliseconds

2022-11-30 13:53:21 - [MESSAGE][PASSED] - Browser is opened with url: ''

2022-11-30 13:53:21 - [TEST_STEP][PASSED] - navigateToUrl("https://demoqa.com/text-box"): Navigate to 'https://demoqa.com/text-box' successfully

2022-11-30 13:53:39 - [MESSAGE][PASSED] - Navigate to 'https://demoqa.com/text-box' successfully

2022-11-30 13:53:39 - [TEST_STEP][PASSED] - maximizeWindow(): Current window maximized

2022-11-30 13:53:39 - [MESSAGE][PASSED] - Current window maximized

2022-11-30 13:53:39 - [TEST_STEP][PASSED] - waitForPageLoad(5): Wait for page load successfully

2022-11-30 13:53:39 - [MESSAGE][PASSED] - Wait for page load successfully

2022-11-30 13:53:39 - [TEST_STEP][PASSED] - x = 1: null

2022-11-30 13:53:39 - [TEST_STEP][PASSED] - while (x <= 3): null

2022-11-30 13:53:39 - [TEST_STEP][PASSED] - print("Hola " + x + "----------"): null

2022-11-30 13:53:39 - [TEST_STEP][PASSED] - (x++): null

2022-11-30 13:53:39 - [TEST_STEP][PASSED] - print("Hola " + x + "----------"): null

2022-11-30 13:53:39 - [TEST_STEP][PASSED] - (x++): null

2022-11-30 13:53:39 - [TEST_STEP][PASSED] - print("Hola " + x + "----------"): null

2022-11-30 13:53:39 - [TEST_STEP][PASSED] - (x++): null

2022-11-30 13:53:39 - [TEST_STEP][PASSED] - closeBrowser(): Browser is closed

2022-11-30 13:53:40 - [MESSAGE][PASSED] - Browser is closed]]></system-out>
         <system-err><![CDATA[]]></system-err>
      </testcase>
      <testcase name="Test Cases/BUCLES/Test_while2" time="17.041" classname="Test Cases/BUCLES/Test_while2" status="PASSED">
         <system-out><![CDATA[2022-11-30 13:53:40 - [TEST_CASE][PASSED] - Test Cases/BUCLES/Test_while2: Test Cases/BUCLES/Test_while2

2022-11-30 13:53:40 - [TEST_STEP][PASSED] - openBrowser(""): Browser is opened with url: ''

2022-11-30 13:53:40 - [MESSAGE][INFO] - Starting 'Chrome' driver

2022-11-30 13:53:40 - [MESSAGE][INFO] - Action delay is set to 0 milliseconds

2022-11-30 13:53:42 - [MESSAGE][PASSED] - Browser is opened with url: ''

2022-11-30 13:53:42 - [TEST_STEP][PASSED] - navigateToUrl("https://demoqa.com/text-box"): Navigate to 'https://demoqa.com/text-box' successfully

2022-11-30 13:53:56 - [MESSAGE][PASSED] - Navigate to 'https://demoqa.com/text-box' successfully

2022-11-30 13:53:56 - [TEST_STEP][PASSED] - maximizeWindow(): Current window maximized

2022-11-30 13:53:56 - [MESSAGE][PASSED] - Current window maximized

2022-11-30 13:53:56 - [TEST_STEP][PASSED] - waitForPageLoad(5): Wait for page load successfully

2022-11-30 13:53:56 - [MESSAGE][PASSED] - Wait for page load successfully

2022-11-30 13:53:56 - [TEST_STEP][PASSED] - x = 1: null

2022-11-30 13:53:56 - [TEST_STEP][PASSED] - while (x <= 5): null

2022-11-30 13:53:56 - [TEST_STEP][PASSED] - print("Valor de X" + x + "------>"): null

2022-11-30 13:53:56 - [TEST_STEP][PASSED] - (x++): null

2022-11-30 13:53:56 - [TEST_STEP][PASSED] - print("Valor de X" + x + "------>"): null

2022-11-30 13:53:56 - [TEST_STEP][PASSED] - (x++): null

2022-11-30 13:53:56 - [TEST_STEP][PASSED] - print("Valor de X" + x + "------>"): null

2022-11-30 13:53:56 - [TEST_STEP][PASSED] - (x++): null

2022-11-30 13:53:56 - [TEST_STEP][PASSED] - print("Valor de X" + x + "------>"): null

2022-11-30 13:53:56 - [TEST_STEP][PASSED] - (x++): null

2022-11-30 13:53:56 - [TEST_STEP][PASSED] - print("Valor de X" + x + "------>"): null

2022-11-30 13:53:56 - [TEST_STEP][PASSED] - (x++): null

2022-11-30 13:53:56 - [TEST_STEP][PASSED] - closeBrowser(): Browser is closed

2022-11-30 13:53:57 - [MESSAGE][PASSED] - Browser is closed]]></system-out>
         <system-err><![CDATA[]]></system-err>
      </testcase>
      <testcase name="Test Cases/Drive_excel/Drive_excel" time="25.1" classname="Test Cases/Drive_excel/Drive_excel" status="PASSED">
         <system-out><![CDATA[2022-11-30 13:53:57 - [TEST_CASE][PASSED] - Test Cases/Drive_excel/Drive_excel: Test Cases/Drive_excel/Drive_excel

2022-11-30 13:53:57 - [TEST_STEP][PASSED] - openBrowser(""): Browser is opened with url: ''

2022-11-30 13:53:57 - [MESSAGE][INFO] - Starting 'Chrome' driver

2022-11-30 13:53:57 - [MESSAGE][INFO] - Action delay is set to 0 milliseconds

2022-11-30 13:53:59 - [MESSAGE][PASSED] - Browser is opened with url: ''

2022-11-30 13:53:59 - [TEST_STEP][PASSED] - navigateToUrl("https://demoqa.com/automation-practice-form"): Navigate to 'https://demoqa.com/automation-practice-form' successfully

2022-11-30 13:54:15 - [MESSAGE][PASSED] - Navigate to 'https://demoqa.com/automation-practice-form' successfully

2022-11-30 13:54:15 - [TEST_STEP][PASSED] - waitForPageLoad(40): Wait for page load successfully

2022-11-30 13:54:15 - [MESSAGE][PASSED] - Wait for page load successfully

2022-11-30 13:54:15 - [TEST_STEP][PASSED] - maximizeWindow(): Current window maximized

2022-11-30 13:54:15 - [MESSAGE][PASSED] - Current window maximized

2022-11-30 13:54:15 - [TEST_STEP][PASSED] - setText(findTestObject("Object Repository/Drive_excel/Page_ToolsQA/input_Name_firstName"), nombre): Text '' is set on object 'Object Repository/Drive_excel/Page_ToolsQA/input_Name_firstName'

2022-11-30 13:54:17 - [MESSAGE][PASSED] - Text '' is set on object 'Object Repository/Drive_excel/Page_ToolsQA/input_Name_firstName'

2022-11-30 13:54:17 - [TEST_STEP][PASSED] - setText(findTestObject("Object Repository/Drive_excel/Page_ToolsQA/input_Name_lastName"), apellido): Text '' is set on object 'Object Repository/Drive_excel/Page_ToolsQA/input_Name_lastName'

2022-11-30 13:54:18 - [MESSAGE][PASSED] - Text '' is set on object 'Object Repository/Drive_excel/Page_ToolsQA/input_Name_lastName'

2022-11-30 13:54:18 - [TEST_STEP][PASSED] - setText(findTestObject("Object Repository/Drive_excel/Page_ToolsQA/input_Email_userEmail"), email): Text '' is set on object 'Object Repository/Drive_excel/Page_ToolsQA/input_Email_userEmail'

2022-11-30 13:54:19 - [MESSAGE][PASSED] - Text '' is set on object 'Object Repository/Drive_excel/Page_ToolsQA/input_Email_userEmail'

2022-11-30 13:54:19 - [TEST_STEP][PASSED] - delay(2): Delayed 2 second(s)

2022-11-30 13:54:21 - [MESSAGE][PASSED] - Delayed 2 second(s)

2022-11-30 13:54:21 - [TEST_STEP][PASSED] - closeBrowser(): Browser is closed

2022-11-30 13:54:22 - [MESSAGE][PASSED] - Browser is closed]]></system-out>
         <system-err><![CDATA[]]></system-err>
      </testcase>
      <testcase name="Test Cases/Navegador/Navegador" time="16.15" classname="Test Cases/Navegador/Navegador" status="PASSED">
         <system-out><![CDATA[2022-11-30 13:54:22 - [TEST_CASE][PASSED] - Test Cases/Navegador/Navegador: Test Cases/Navegador/Navegador

2022-11-30 13:54:22 - [TEST_STEP][PASSED] - openBrowser("https://demoqa.com/text-box"): Browser is opened with url: 'https://demoqa.com/text-box'

2022-11-30 13:54:22 - [MESSAGE][INFO] - Starting 'Chrome' driver

2022-11-30 13:54:22 - [MESSAGE][INFO] - Action delay is set to 0 milliseconds

2022-11-30 13:54:37 - [MESSAGE][PASSED] - Browser is opened with url: 'https://demoqa.com/text-box'

2022-11-30 13:54:37 - [TEST_STEP][PASSED] - maximizeWindow(): Current window maximized

2022-11-30 13:54:37 - [MESSAGE][PASSED] - Current window maximized

2022-11-30 13:54:37 - [TEST_STEP][PASSED] - page_url = getUrl(): Current window's url is: 'https://demoqa.com/text-box'

2022-11-30 13:54:37 - [MESSAGE][PASSED] - Current window's url is: 'https://demoqa.com/text-box'

2022-11-30 13:54:37 - [TEST_STEP][PASSED] - print(page_url): null

2022-11-30 13:54:37 - [TEST_STEP][PASSED] - Titulo = getWindowTitle(): Current window's title is: 'ToolsQA'

2022-11-30 13:54:37 - [MESSAGE][PASSED] - Current window's title is: 'ToolsQA'

2022-11-30 13:54:37 - [TEST_STEP][PASSED] - print("titiulo de la pagina" + Titulo): null

2022-11-30 13:54:37 - [TEST_STEP][PASSED] - closeBrowser(): Browser is closed

2022-11-30 13:54:38 - [MESSAGE][PASSED] - Browser is closed]]></system-out>
         <system-err><![CDATA[]]></system-err>
      </testcase>
      <testcase name="Test Cases/Objecto_xpath/Caso_xpath" time="21.343" classname="Test Cases/Objecto_xpath/Caso_xpath" status="PASSED">
         <system-out><![CDATA[2022-11-30 13:54:38 - [TEST_CASE][PASSED] - Test Cases/Objecto_xpath/Caso_xpath: Test Cases/Objecto_xpath/Caso_xpath

2022-11-30 13:54:38 - [TEST_STEP][PASSED] - openBrowser(""): Browser is opened with url: ''

2022-11-30 13:54:38 - [MESSAGE][INFO] - Starting 'Chrome' driver

2022-11-30 13:54:38 - [MESSAGE][INFO] - Action delay is set to 0 milliseconds

2022-11-30 13:54:40 - [MESSAGE][PASSED] - Browser is opened with url: ''

2022-11-30 13:54:40 - [TEST_STEP][PASSED] - navigateToUrl("https://demoqa.com/text-box"): Navigate to 'https://demoqa.com/text-box' successfully

2022-11-30 13:54:53 - [MESSAGE][PASSED] - Navigate to 'https://demoqa.com/text-box' successfully

2022-11-30 13:54:53 - [TEST_STEP][PASSED] - maximizeWindow(): Current window maximized

2022-11-30 13:54:53 - [MESSAGE][PASSED] - Current window maximized

2022-11-30 13:54:53 - [TEST_STEP][PASSED] - setText(findTestObject("Objeto_xpath/Campo_nombre"), "Ljubo"): Text 'Ljubo' is set on object 'Object Repository/Objeto_xpath/Campo_nombre'

2022-11-30 13:54:55 - [MESSAGE][PASSED] - Text 'Ljubo' is set on object 'Object Repository/Objeto_xpath/Campo_nombre'

2022-11-30 13:54:55 - [TEST_STEP][PASSED] - delay(3): Delayed 3 second(s)

2022-11-30 13:54:58 - [MESSAGE][PASSED] - Delayed 3 second(s)

2022-11-30 13:54:58 - [TEST_STEP][PASSED] - closeBrowser(): Browser is closed

2022-11-30 13:55:00 - [MESSAGE][PASSED] - Browser is closed]]></system-out>
         <system-err><![CDATA[]]></system-err>
      </testcase>
      <testcase name="Test Cases/Condicionales_If/Condicionar_titulo" time="36.426" classname="Test Cases/Condicionales_If/Condicionar_titulo" status="PASSED">
         <system-out><![CDATA[2022-11-30 13:55:00 - [TEST_CASE][PASSED] - Test Cases/Condicionales_If/Condicionar_titulo: Test Cases/Condicionales_If/Condicionar_titulo

2022-11-30 13:55:00 - [TEST_STEP][PASSED] - openBrowser(""): Browser is opened with url: ''

2022-11-30 13:55:00 - [MESSAGE][INFO] - Starting 'Chrome' driver

2022-11-30 13:55:00 - [MESSAGE][INFO] - Action delay is set to 0 milliseconds

2022-11-30 13:55:01 - [MESSAGE][PASSED] - Browser is opened with url: ''

2022-11-30 13:55:01 - [TEST_STEP][PASSED] - navigateToUrl("https://demoqa.com/"): Navigate to 'https://demoqa.com/' successfully

2022-11-30 13:55:22 - [MESSAGE][PASSED] - Navigate to 'https://demoqa.com/' successfully

2022-11-30 13:55:22 - [TEST_STEP][PASSED] - maximizeWindow(): Current window maximized

2022-11-30 13:55:22 - [MESSAGE][PASSED] - Current window maximized

2022-11-30 13:55:22 - [TEST_STEP][PASSED] - waitForPageLoad(5): Wait for page load successfully

2022-11-30 13:55:22 - [MESSAGE][PASSED] - Wait for page load successfully

2022-11-30 13:55:22 - [TEST_STEP][PASSED] - Existe = waitForElementVisible(findTestObject("Condicionales/Texto_radio"), 3): Web element with id: 'Object Repository/Condicionales/Texto_radio' located by '//div[@class='main-header'][contains(.,'Radio Button')]' not found

2022-11-30 13:55:26 - [MESSAGE][INFO] - Unable to find the element located by 'By.xpath: //div[@class='main-header'][contains(.,'Radio Button')]'. Please recheck the objects properties to make sure the desired element is located. 

2022-11-30 13:55:26 - [MESSAGE][WARNING] - [SELF-HEALING] Failed to find element with id 'Object Repository/Condicionales/Texto_radio'. Try using Self-healing.

2022-11-30 13:55:27 - [MESSAGE][INFO] - [SELF-HEALING] No working XPath is found.

2022-11-30 13:55:28 - [MESSAGE][INFO] - Unable to find the element located by 'By.xpath: '. Please recheck the objects properties to make sure the desired element is located. 

2022-11-30 13:55:28 - [MESSAGE][WARNING] - [SELF-HEALING] Cannot find elements when the selector is null

2022-11-30 13:55:28 - [MESSAGE][WARNING] - Web element with id: 'Object Repository/Condicionales/Texto_radio' located by '//div[@class='main-header'][contains(.,'Radio Button')]' not found

2022-11-30 13:55:28 - [TEST_STEP][PASSED] - print(Existe): null

2022-11-30 13:55:28 - [TEST_STEP][PASSED] - if (Existe == true): null

2022-11-30 13:55:28 - [TEST_STEP][PASSED] - else: Browser is closed

2022-11-30 13:55:28 - [TEST_STEP][PASSED] - print("-----  Error no esta el elemento de texto radio ------"): null

2022-11-30 13:55:28 - [TEST_STEP][PASSED] - navigateToUrl("https://demoqa.com/radio-button"): Navigate to 'https://demoqa.com/radio-button' successfully

2022-11-30 13:55:31 - [MESSAGE][PASSED] - Navigate to 'https://demoqa.com/radio-button' successfully

2022-11-30 13:55:31 - [TEST_STEP][PASSED] - click(findTestObject("Condicionales/Objeto_yes")): Object: 'Object Repository/Condicionales/Objeto_yes' is clicked on

2022-11-30 13:55:33 - [MESSAGE][PASSED] - Object: 'Object Repository/Condicionales/Objeto_yes' is clicked on

2022-11-30 13:55:33 - [TEST_STEP][PASSED] - delay(2): Delayed 2 second(s)

2022-11-30 13:55:35 - [MESSAGE][PASSED] - Delayed 2 second(s)

2022-11-30 13:55:35 - [TEST_STEP][PASSED] - closeBrowser(): Browser is closed

2022-11-30 13:55:36 - [MESSAGE][PASSED] - Browser is closed]]></system-out>
         <system-err><![CDATA[]]></system-err>
      </testcase>
      <testcase name="Test Cases/Condicionales_If/Test_1" time="0.05" classname="Test Cases/Condicionales_If/Test_1" status="PASSED">
         <system-out><![CDATA[2022-11-30 13:55:36 - [TEST_CASE][PASSED] - Test Cases/Condicionales_If/Test_1: Test Cases/Condicionales_If/Test_1

2022-11-30 13:55:36 - [TEST_STEP][PASSED] - if (num == 10): null

2022-11-30 13:55:36 - [TEST_STEP][PASSED] - else: null

2022-11-30 13:55:36 - [TEST_STEP][PASSED] - print("El numero no es un 10 es el numero:  " + num + "#####"): null]]></system-out>
         <system-err><![CDATA[]]></system-err>
      </testcase>
      <testcase name="Test Cases/Condicionales_If/Test_2" time="0.028" classname="Test Cases/Condicionales_If/Test_2" status="PASSED">
         <system-out><![CDATA[2022-11-30 13:55:36 - [TEST_CASE][PASSED] - Test Cases/Condicionales_If/Test_2: Test Cases/Condicionales_If/Test_2

2022-11-30 13:55:36 - [TEST_STEP][PASSED] - if (num == 5): null

2022-11-30 13:55:36 - [TEST_STEP][PASSED] - if (num == 10): null

2022-11-30 13:55:36 - [TEST_STEP][PASSED] - println("El valor de la variables es un: 10"): null]]></system-out>
         <system-err><![CDATA[]]></system-err>
      </testcase>
      <testcase name="Test Cases/Condicionales_If/Test_3" time="0.037" classname="Test Cases/Condicionales_If/Test_3" status="PASSED">
         <system-out><![CDATA[2022-11-30 13:55:36 - [TEST_CASE][PASSED] - Test Cases/Condicionales_If/Test_3: Test Cases/Condicionales_If/Test_3

2022-11-30 13:55:36 - [TEST_STEP][PASSED] - if (nombre == "Juan"): null

2022-11-30 13:55:36 - [TEST_STEP][PASSED] - if (nombre == "JUan"): null

2022-11-30 13:55:36 - [TEST_STEP][PASSED] - if (nombre == "juan"): null

2022-11-30 13:55:36 - [TEST_STEP][PASSED] - println("Tu nombre es juan"): null]]></system-out>
         <system-err><![CDATA[]]></system-err>
      </testcase>
      <testcase name="Test Cases/Condicionales_If/Test_4" time="0.056" classname="Test Cases/Condicionales_If/Test_4" status="PASSED">
         <system-out><![CDATA[2022-11-30 13:55:36 - [TEST_CASE][PASSED] - Test Cases/Condicionales_If/Test_4: Test Cases/Condicionales_If/Test_4

2022-11-30 13:55:36 - [TEST_STEP][PASSED] - if (num <= 7): null

2022-11-30 13:55:36 - [TEST_STEP][PASSED] - println("El numero es menor ó igual que 5"): null

2022-11-30 13:55:36 - [TEST_STEP][PASSED] - if (num >= 8): null

2022-11-30 13:55:36 - [TEST_STEP][PASSED] - if (num != 5): null]]></system-out>
         <system-err><![CDATA[]]></system-err>
      </testcase>
      <testcase name="Test Cases/Condicionales_If/Test_edad" time="0.024" classname="Test Cases/Condicionales_If/Test_edad" status="PASSED">
         <system-out><![CDATA[2022-11-30 13:55:36 - [TEST_CASE][PASSED] - Test Cases/Condicionales_If/Test_edad: Test Cases/Condicionales_If/Test_edad

2022-11-30 13:55:36 - [TEST_STEP][PASSED] - if (edad >= 1 && edad <= 17): null

2022-11-30 13:55:36 - [TEST_STEP][PASSED] - else if (edad == 18): null

2022-11-30 13:55:36 - [TEST_STEP][PASSED] - else if (edad <= 0): null

2022-11-30 13:55:36 - [TEST_STEP][PASSED] - else if (edad == 120): null

2022-11-30 13:55:36 - [TEST_STEP][PASSED] - else: null

2022-11-30 13:55:36 - [TEST_STEP][PASSED] - print("No se cumple ninguna de las opciones"): null]]></system-out>
         <system-err><![CDATA[]]></system-err>
      </testcase>
      <testcase name="Test Cases/Condicionales_If/Test_valor" time="31.796" classname="Test Cases/Condicionales_If/Test_valor" status="PASSED">
         <system-out><![CDATA[2022-11-30 13:55:36 - [TEST_CASE][PASSED] - Test Cases/Condicionales_If/Test_valor: Test Cases/Condicionales_If/Test_valor

2022-11-30 13:55:36 - [TEST_STEP][PASSED] - openBrowser(""): Browser is opened with url: ''

2022-11-30 13:55:36 - [MESSAGE][INFO] - Starting 'Chrome' driver

2022-11-30 13:55:36 - [MESSAGE][INFO] - Action delay is set to 0 milliseconds

2022-11-30 13:55:38 - [MESSAGE][PASSED] - Browser is opened with url: ''

2022-11-30 13:55:38 - [TEST_STEP][PASSED] - navigateToUrl("https://demoqa.com/"): Navigate to 'https://demoqa.com/' successfully

2022-11-30 13:55:59 - [MESSAGE][PASSED] - Navigate to 'https://demoqa.com/' successfully

2022-11-30 13:55:59 - [TEST_STEP][PASSED] - maximizeWindow(): Current window maximized

2022-11-30 13:55:59 - [MESSAGE][PASSED] - Current window maximized

2022-11-30 13:55:59 - [TEST_STEP][PASSED] - waitForPageLoad(10): Wait for page load successfully

2022-11-30 13:55:59 - [MESSAGE][PASSED] - Wait for page load successfully

2022-11-30 13:55:59 - [TEST_STEP][PASSED] - Existe = waitForElementVisible(findTestObject("Condicionales/titulo1"), 5): Web element with id: 'Object Repository/Condicionales/titulo1' located by '//div[@class='main-header'][contains(.,'Radio Button')]' not found

2022-11-30 13:56:05 - [MESSAGE][INFO] - Unable to find the element located by 'By.xpath: //div[@class='main-header'][contains(.,'Radio Button')]'. Please recheck the objects properties to make sure the desired element is located. 

2022-11-30 13:56:05 - [MESSAGE][WARNING] - [SELF-HEALING] Failed to find element with id 'Object Repository/Condicionales/titulo1'. Try using Self-healing.

2022-11-30 13:56:06 - [MESSAGE][INFO] - [SELF-HEALING] No working XPath is found.

2022-11-30 13:56:07 - [MESSAGE][INFO] - Unable to find the element located by 'By.xpath: '. Please recheck the objects properties to make sure the desired element is located. 

2022-11-30 13:56:07 - [MESSAGE][WARNING] - [SELF-HEALING] Cannot find elements when the selector is null

2022-11-30 13:56:07 - [MESSAGE][WARNING] - Web element with id: 'Object Repository/Condicionales/titulo1' located by '//div[@class='main-header'][contains(.,'Radio Button')]' not found

2022-11-30 13:56:07 - [TEST_STEP][PASSED] - if (Existe == true): null

2022-11-30 13:56:07 - [TEST_STEP][PASSED] - else: Browser is closed

2022-11-30 13:56:07 - [TEST_STEP][PASSED] - print("No estas en la página correcta"): null

2022-11-30 13:56:07 - [TEST_STEP][PASSED] - closeBrowser(): Browser is closed

2022-11-30 13:56:08 - [MESSAGE][PASSED] - Browser is closed]]></system-out>
         <system-err><![CDATA[]]></system-err>
      </testcase>
      <testcase name="Test Cases/BUCLES/Reto_For" time="35.778" classname="Test Cases/BUCLES/Reto_For" status="PASSED">
         <system-out><![CDATA[2022-11-30 13:56:08 - [TEST_CASE][PASSED] - Test Cases/BUCLES/Reto_For: Test Cases/BUCLES/Reto_For

2022-11-30 13:56:08 - [TEST_STEP][PASSED] - openBrowser(""): Browser is opened with url: ''

2022-11-30 13:56:08 - [MESSAGE][INFO] - Starting 'Chrome' driver

2022-11-30 13:56:08 - [MESSAGE][INFO] - Action delay is set to 0 milliseconds

2022-11-30 13:56:09 - [MESSAGE][PASSED] - Browser is opened with url: ''

2022-11-30 13:56:09 - [TEST_STEP][PASSED] - navigateToUrl("https://demoqa.com/text-box"): Navigate to 'https://demoqa.com/text-box' successfully

2022-11-30 13:56:25 - [MESSAGE][PASSED] - Navigate to 'https://demoqa.com/text-box' successfully

2022-11-30 13:56:25 - [TEST_STEP][PASSED] - maximizeWindow(): Current window maximized

2022-11-30 13:56:25 - [MESSAGE][PASSED] - Current window maximized

2022-11-30 13:56:25 - [TEST_STEP][PASSED] - waitForPageLoad(5): Wait for page load successfully

2022-11-30 13:56:25 - [MESSAGE][PASSED] - Wait for page load successfully

2022-11-30 13:56:25 - [TEST_STEP][PASSED] - for ([x = 1, x <= 4, (x++)]): Browser is scrolled to position x = 0, y = 100

2022-11-30 13:56:25 - [TEST_STEP][PASSED] - z = ["Carlos", "Erika", "Paco", "Rodrigo", "Juan"]: null

2022-11-30 13:56:25 - [TEST_STEP][PASSED] - rn = new java.util.Random(): null

2022-11-30 13:56:25 - [TEST_STEP][PASSED] - tx_nombre = z[rn.nextInt(size)]: null

2022-11-30 13:56:25 - [TEST_STEP][PASSED] - setText(findTestObject("Object Repository/Reto_for/Page_ToolsQA/input_Full Name_userName"), tx_nombre): Text 'Juan' is set on object 'Object Repository/Reto_for/Page_ToolsQA/input_Full Name_userName'

2022-11-30 13:56:27 - [MESSAGE][PASSED] - Text 'Juan' is set on object 'Object Repository/Reto_for/Page_ToolsQA/input_Full Name_userName'

2022-11-30 13:56:27 - [TEST_STEP][PASSED] - setText(findTestObject("Object Repository/Reto_for/Page_ToolsQA/input_Email_userEmail"), tx_nombre + "@gmail.com"): Text 'Juan@gmail.com' is set on object 'Object Repository/Reto_for/Page_ToolsQA/input_Email_userEmail'

2022-11-30 13:56:28 - [MESSAGE][PASSED] - Text 'Juan@gmail.com' is set on object 'Object Repository/Reto_for/Page_ToolsQA/input_Email_userEmail'

2022-11-30 13:56:28 - [TEST_STEP][PASSED] - setText(findTestObject("Object Repository/Reto_for/Page_ToolsQA/textarea_Current Address_currentAddress"), "Dirección#" + x): Text 'Dirección#1' is set on object 'Object Repository/Reto_for/Page_ToolsQA/textarea_Current Address_currentAddress'

2022-11-30 13:56:29 - [MESSAGE][PASSED] - Text 'Dirección#1' is set on object 'Object Repository/Reto_for/Page_ToolsQA/textarea_Current Address_currentAddress'

2022-11-30 13:56:29 - [TEST_STEP][PASSED] - setText(findTestObject("Object Repository/Reto_for/Page_ToolsQA/textarea_Permanent Address_permanentAddress"), "Dirección dos#" + x): Text 'Dirección dos#1' is set on object 'Object Repository/Reto_for/Page_ToolsQA/textarea_Permanent Address_permanentAddress'

2022-11-30 13:56:30 - [MESSAGE][PASSED] - Text 'Dirección dos#1' is set on object 'Object Repository/Reto_for/Page_ToolsQA/textarea_Permanent Address_permanentAddress'

2022-11-30 13:56:30 - [TEST_STEP][PASSED] - scrollToPosition(0, 500): Browser is scrolled to position x = 0, y = 500

2022-11-30 13:56:30 - [MESSAGE][PASSED] - Browser is scrolled to position x = 0, y = 500

2022-11-30 13:56:30 - [TEST_STEP][PASSED] - click(findTestObject("Object Repository/Reto_for/Page_ToolsQA/button_Submit")): Object: 'Object Repository/Reto_for/Page_ToolsQA/button_Submit' is clicked on

2022-11-30 13:56:31 - [MESSAGE][PASSED] - Object: 'Object Repository/Reto_for/Page_ToolsQA/button_Submit' is clicked on

2022-11-30 13:56:31 - [TEST_STEP][PASSED] - scrollToPosition(0, 100): Browser is scrolled to position x = 0, y = 100

2022-11-30 13:56:31 - [MESSAGE][PASSED] - Browser is scrolled to position x = 0, y = 100

2022-11-30 13:56:31 - [TEST_STEP][PASSED] - z = ["Carlos", "Erika", "Paco", "Rodrigo", "Juan"]: null

2022-11-30 13:56:31 - [TEST_STEP][PASSED] - rn = new java.util.Random(): null

2022-11-30 13:56:31 - [TEST_STEP][PASSED] - tx_nombre = z[rn.nextInt(size)]: null

2022-11-30 13:56:31 - [TEST_STEP][PASSED] - setText(findTestObject("Object Repository/Reto_for/Page_ToolsQA/input_Full Name_userName"), tx_nombre): Text 'Carlos' is set on object 'Object Repository/Reto_for/Page_ToolsQA/input_Full Name_userName'

2022-11-30 13:56:32 - [MESSAGE][PASSED] - Text 'Carlos' is set on object 'Object Repository/Reto_for/Page_ToolsQA/input_Full Name_userName'

2022-11-30 13:56:32 - [TEST_STEP][PASSED] - setText(findTestObject("Object Repository/Reto_for/Page_ToolsQA/input_Email_userEmail"), tx_nombre + "@gmail.com"): Text 'Carlos@gmail.com' is set on object 'Object Repository/Reto_for/Page_ToolsQA/input_Email_userEmail'

2022-11-30 13:56:32 - [MESSAGE][PASSED] - Text 'Carlos@gmail.com' is set on object 'Object Repository/Reto_for/Page_ToolsQA/input_Email_userEmail'

2022-11-30 13:56:32 - [TEST_STEP][PASSED] - setText(findTestObject("Object Repository/Reto_for/Page_ToolsQA/textarea_Current Address_currentAddress"), "Dirección#" + x): Text 'Dirección#2' is set on object 'Object Repository/Reto_for/Page_ToolsQA/textarea_Current Address_currentAddress'

2022-11-30 13:56:33 - [MESSAGE][PASSED] - Text 'Dirección#2' is set on object 'Object Repository/Reto_for/Page_ToolsQA/textarea_Current Address_currentAddress'

2022-11-30 13:56:33 - [TEST_STEP][PASSED] - setText(findTestObject("Object Repository/Reto_for/Page_ToolsQA/textarea_Permanent Address_permanentAddress"), "Dirección dos#" + x): Text 'Dirección dos#2' is set on object 'Object Repository/Reto_for/Page_ToolsQA/textarea_Permanent Address_permanentAddress'

2022-11-30 13:56:34 - [MESSAGE][PASSED] - Text 'Dirección dos#2' is set on object 'Object Repository/Reto_for/Page_ToolsQA/textarea_Permanent Address_permanentAddress'

2022-11-30 13:56:34 - [TEST_STEP][PASSED] - scrollToPosition(0, 500): Browser is scrolled to position x = 0, y = 500

2022-11-30 13:56:34 - [MESSAGE][PASSED] - Browser is scrolled to position x = 0, y = 500

2022-11-30 13:56:34 - [TEST_STEP][PASSED] - click(findTestObject("Object Repository/Reto_for/Page_ToolsQA/button_Submit")): Object: 'Object Repository/Reto_for/Page_ToolsQA/button_Submit' is clicked on

2022-11-30 13:56:35 - [MESSAGE][PASSED] - Object: 'Object Repository/Reto_for/Page_ToolsQA/button_Submit' is clicked on

2022-11-30 13:56:35 - [TEST_STEP][PASSED] - scrollToPosition(0, 100): Browser is scrolled to position x = 0, y = 100

2022-11-30 13:56:35 - [MESSAGE][PASSED] - Browser is scrolled to position x = 0, y = 100

2022-11-30 13:56:35 - [TEST_STEP][PASSED] - z = ["Carlos", "Erika", "Paco", "Rodrigo", "Juan"]: null

2022-11-30 13:56:35 - [TEST_STEP][PASSED] - rn = new java.util.Random(): null

2022-11-30 13:56:35 - [TEST_STEP][PASSED] - tx_nombre = z[rn.nextInt(size)]: null

2022-11-30 13:56:35 - [TEST_STEP][PASSED] - setText(findTestObject("Object Repository/Reto_for/Page_ToolsQA/input_Full Name_userName"), tx_nombre): Text 'Rodrigo' is set on object 'Object Repository/Reto_for/Page_ToolsQA/input_Full Name_userName'

2022-11-30 13:56:36 - [MESSAGE][PASSED] - Text 'Rodrigo' is set on object 'Object Repository/Reto_for/Page_ToolsQA/input_Full Name_userName'

2022-11-30 13:56:36 - [TEST_STEP][PASSED] - setText(findTestObject("Object Repository/Reto_for/Page_ToolsQA/input_Email_userEmail"), tx_nombre + "@gmail.com"): Text 'Rodrigo@gmail.com' is set on object 'Object Repository/Reto_for/Page_ToolsQA/input_Email_userEmail'

2022-11-30 13:56:37 - [MESSAGE][PASSED] - Text 'Rodrigo@gmail.com' is set on object 'Object Repository/Reto_for/Page_ToolsQA/input_Email_userEmail'

2022-11-30 13:56:37 - [TEST_STEP][PASSED] - setText(findTestObject("Object Repository/Reto_for/Page_ToolsQA/textarea_Current Address_currentAddress"), "Dirección#" + x): Text 'Dirección#3' is set on object 'Object Repository/Reto_for/Page_ToolsQA/textarea_Current Address_currentAddress'

2022-11-30 13:56:37 - [MESSAGE][PASSED] - Text 'Dirección#3' is set on object 'Object Repository/Reto_for/Page_ToolsQA/textarea_Current Address_currentAddress'

2022-11-30 13:56:37 - [TEST_STEP][PASSED] - setText(findTestObject("Object Repository/Reto_for/Page_ToolsQA/textarea_Permanent Address_permanentAddress"), "Dirección dos#" + x): Text 'Dirección dos#3' is set on object 'Object Repository/Reto_for/Page_ToolsQA/textarea_Permanent Address_permanentAddress'

2022-11-30 13:56:38 - [MESSAGE][PASSED] - Text 'Dirección dos#3' is set on object 'Object Repository/Reto_for/Page_ToolsQA/textarea_Permanent Address_permanentAddress'

2022-11-30 13:56:38 - [TEST_STEP][PASSED] - scrollToPosition(0, 500): Browser is scrolled to position x = 0, y = 500

2022-11-30 13:56:38 - [MESSAGE][PASSED] - Browser is scrolled to position x = 0, y = 500

2022-11-30 13:56:38 - [TEST_STEP][PASSED] - click(findTestObject("Object Repository/Reto_for/Page_ToolsQA/button_Submit")): Object: 'Object Repository/Reto_for/Page_ToolsQA/button_Submit' is clicked on

2022-11-30 13:56:39 - [MESSAGE][PASSED] - Object: 'Object Repository/Reto_for/Page_ToolsQA/button_Submit' is clicked on

2022-11-30 13:56:39 - [TEST_STEP][PASSED] - scrollToPosition(0, 100): Browser is scrolled to position x = 0, y = 100

2022-11-30 13:56:39 - [MESSAGE][PASSED] - Browser is scrolled to position x = 0, y = 100

2022-11-30 13:56:39 - [TEST_STEP][PASSED] - z = ["Carlos", "Erika", "Paco", "Rodrigo", "Juan"]: null

2022-11-30 13:56:39 - [TEST_STEP][PASSED] - rn = new java.util.Random(): null

2022-11-30 13:56:39 - [TEST_STEP][PASSED] - tx_nombre = z[rn.nextInt(size)]: null

2022-11-30 13:56:39 - [TEST_STEP][PASSED] - setText(findTestObject("Object Repository/Reto_for/Page_ToolsQA/input_Full Name_userName"), tx_nombre): Text 'Paco' is set on object 'Object Repository/Reto_for/Page_ToolsQA/input_Full Name_userName'

2022-11-30 13:56:40 - [MESSAGE][PASSED] - Text 'Paco' is set on object 'Object Repository/Reto_for/Page_ToolsQA/input_Full Name_userName'

2022-11-30 13:56:40 - [TEST_STEP][PASSED] - setText(findTestObject("Object Repository/Reto_for/Page_ToolsQA/input_Email_userEmail"), tx_nombre + "@gmail.com"): Text 'Paco@gmail.com' is set on object 'Object Repository/Reto_for/Page_ToolsQA/input_Email_userEmail'

2022-11-30 13:56:41 - [MESSAGE][PASSED] - Text 'Paco@gmail.com' is set on object 'Object Repository/Reto_for/Page_ToolsQA/input_Email_userEmail'

2022-11-30 13:56:41 - [TEST_STEP][PASSED] - setText(findTestObject("Object Repository/Reto_for/Page_ToolsQA/textarea_Current Address_currentAddress"), "Dirección#" + x): Text 'Dirección#4' is set on object 'Object Repository/Reto_for/Page_ToolsQA/textarea_Current Address_currentAddress'

2022-11-30 13:56:41 - [MESSAGE][PASSED] - Text 'Dirección#4' is set on object 'Object Repository/Reto_for/Page_ToolsQA/textarea_Current Address_currentAddress'

2022-11-30 13:56:41 - [TEST_STEP][PASSED] - setText(findTestObject("Object Repository/Reto_for/Page_ToolsQA/textarea_Permanent Address_permanentAddress"), "Dirección dos#" + x): Text 'Dirección dos#4' is set on object 'Object Repository/Reto_for/Page_ToolsQA/textarea_Permanent Address_permanentAddress'

2022-11-30 13:56:42 - [MESSAGE][PASSED] - Text 'Dirección dos#4' is set on object 'Object Repository/Reto_for/Page_ToolsQA/textarea_Permanent Address_permanentAddress'

2022-11-30 13:56:42 - [TEST_STEP][PASSED] - scrollToPosition(0, 500): Browser is scrolled to position x = 0, y = 500

2022-11-30 13:56:42 - [MESSAGE][PASSED] - Browser is scrolled to position x = 0, y = 500

2022-11-30 13:56:42 - [TEST_STEP][PASSED] - click(findTestObject("Object Repository/Reto_for/Page_ToolsQA/button_Submit")): Object: 'Object Repository/Reto_for/Page_ToolsQA/button_Submit' is clicked on

2022-11-30 13:56:43 - [MESSAGE][PASSED] - Object: 'Object Repository/Reto_for/Page_ToolsQA/button_Submit' is clicked on

2022-11-30 13:56:43 - [TEST_STEP][PASSED] - scrollToPosition(0, 100): Browser is scrolled to position x = 0, y = 100

2022-11-30 13:56:43 - [MESSAGE][PASSED] - Browser is scrolled to position x = 0, y = 100

2022-11-30 13:56:43 - [TEST_STEP][PASSED] - closeBrowser(): Browser is closed

2022-11-30 13:56:44 - [MESSAGE][PASSED] - Browser is closed]]></system-out>
         <system-err><![CDATA[]]></system-err>
      </testcase>
      <testcase name="Test Cases/BUCLES/Reto_while" time="25.661" classname="Test Cases/BUCLES/Reto_while" status="PASSED">
         <system-out><![CDATA[2022-11-30 13:56:44 - [TEST_CASE][PASSED] - Test Cases/BUCLES/Reto_while: Test Cases/BUCLES/Reto_while

2022-11-30 13:56:44 - [TEST_STEP][PASSED] - openBrowser(""): Browser is opened with url: ''

2022-11-30 13:56:44 - [MESSAGE][INFO] - Starting 'Chrome' driver

2022-11-30 13:56:44 - [MESSAGE][INFO] - Action delay is set to 0 milliseconds

2022-11-30 13:56:45 - [MESSAGE][PASSED] - Browser is opened with url: ''

2022-11-30 13:56:45 - [TEST_STEP][PASSED] - navigateToUrl("https://www.google.com/"): Navigate to 'https://www.google.com/' successfully

2022-11-30 13:56:48 - [MESSAGE][PASSED] - Navigate to 'https://www.google.com/' successfully

2022-11-30 13:56:48 - [TEST_STEP][PASSED] - Bandera = 0: null

2022-11-30 13:56:48 - [TEST_STEP][PASSED] - while (Bandera != 1): null

2022-11-30 13:56:48 - [TEST_STEP][PASSED] - num = Math.random() * 5 - 1 + 1: null

2022-11-30 13:56:48 - [TEST_STEP][PASSED] - setText(findTestObject("Object Repository/While_google/Page_Google/input__q"), "5+" + num): Text '5+2' is set on object 'Object Repository/While_google/Page_Google/input__q'

2022-11-30 13:56:49 - [MESSAGE][PASSED] - Text '5+2' is set on object 'Object Repository/While_google/Page_Google/input__q'

2022-11-30 13:56:49 - [TEST_STEP][PASSED] - sendKeys(findTestObject("Object Repository/While_google/Page_Google/input__q"), Keys.chord(ENTER)): Keys 'ENTER + ' sent to object: 'Object Repository/While_google/Page_Google/input__q'

2022-11-30 13:57:00 - [MESSAGE][PASSED] - Keys 'ENTER + ' sent to object: 'Object Repository/While_google/Page_Google/input__q'

2022-11-30 13:57:00 - [TEST_STEP][PASSED] - Resultado = getText(findTestObject("While_google/Extras/Resultado_10")): Text of object 'Object Repository/While_google/Extras/Resultado_10' is: '7'

2022-11-30 13:57:01 - [MESSAGE][PASSED] - Text of object 'Object Repository/While_google/Extras/Resultado_10' is: '7'

2022-11-30 13:57:01 - [TEST_STEP][PASSED] - if (Resultado == "8"): null

2022-11-30 13:57:01 - [TEST_STEP][PASSED] - else: null

2022-11-30 13:57:01 - [TEST_STEP][PASSED] - Bandera = 0: null

2022-11-30 13:57:01 - [TEST_STEP][PASSED] - print(Bandera + "------"): null

2022-11-30 13:57:01 - [TEST_STEP][PASSED] - num = Math.random() * 5 - 1 + 1: null

2022-11-30 13:57:01 - [TEST_STEP][PASSED] - setText(findTestObject("Object Repository/While_google/Page_Google/input__q"), "5+" + num): Text '5+3' is set on object 'Object Repository/While_google/Page_Google/input__q'

2022-11-30 13:57:02 - [MESSAGE][PASSED] - Text '5+3' is set on object 'Object Repository/While_google/Page_Google/input__q'

2022-11-30 13:57:02 - [TEST_STEP][PASSED] - sendKeys(findTestObject("Object Repository/While_google/Page_Google/input__q"), Keys.chord(ENTER)): Keys 'ENTER + ' sent to object: 'Object Repository/While_google/Page_Google/input__q'

2022-11-30 13:57:08 - [MESSAGE][PASSED] - Keys 'ENTER + ' sent to object: 'Object Repository/While_google/Page_Google/input__q'

2022-11-30 13:57:08 - [TEST_STEP][PASSED] - Resultado = getText(findTestObject("While_google/Extras/Resultado_10")): Text of object 'Object Repository/While_google/Extras/Resultado_10' is: '8'

2022-11-30 13:57:09 - [MESSAGE][PASSED] - Text of object 'Object Repository/While_google/Extras/Resultado_10' is: '8'

2022-11-30 13:57:09 - [TEST_STEP][PASSED] - if (Resultado == "8"): Browser is closed

2022-11-30 13:57:09 - [TEST_STEP][PASSED] - Bandera = 1: null

2022-11-30 13:57:09 - [TEST_STEP][PASSED] - print("Listo termina"): null

2022-11-30 13:57:09 - [TEST_STEP][PASSED] - closeBrowser(): Browser is closed

2022-11-30 13:57:09 - [MESSAGE][PASSED] - Browser is closed

2022-11-30 13:57:09 - [TEST_STEP][PASSED] - print(Bandera + "------"): null]]></system-out>
         <system-err><![CDATA[]]></system-err>
      </testcase>
      <testcase name="Test Cases/BUCLES/Reto_while_solucion" time="44.394" classname="Test Cases/BUCLES/Reto_while_solucion" status="PASSED">
         <system-out><![CDATA[2022-11-30 13:57:09 - [TEST_CASE][PASSED] - Test Cases/BUCLES/Reto_while_solucion: Test Cases/BUCLES/Reto_while_solucion

2022-11-30 13:57:09 - [TEST_STEP][PASSED] - openBrowser(""): Browser is opened with url: ''

2022-11-30 13:57:09 - [MESSAGE][INFO] - Starting 'Chrome' driver

2022-11-30 13:57:09 - [MESSAGE][INFO] - Action delay is set to 0 milliseconds

2022-11-30 13:57:11 - [MESSAGE][PASSED] - Browser is opened with url: ''

2022-11-30 13:57:11 - [TEST_STEP][PASSED] - navigateToUrl("https://www.google.com/"): Navigate to 'https://www.google.com/' successfully

2022-11-30 13:57:19 - [MESSAGE][PASSED] - Navigate to 'https://www.google.com/' successfully

2022-11-30 13:57:19 - [TEST_STEP][PASSED] - Res = 0: null

2022-11-30 13:57:19 - [TEST_STEP][PASSED] - while (Res != 8): Browser is closed

2022-11-30 13:57:19 - [TEST_STEP][PASSED] - num = Math.random() * 5 - 1 + 1: null

2022-11-30 13:57:19 - [TEST_STEP][PASSED] - setText(findTestObject("Object Repository/Reto_while1/Page_Google/input__q"), "5+" + num): Text '5+1' is set on object 'Object Repository/Reto_while1/Page_Google/input__q'

2022-11-30 13:57:20 - [MESSAGE][PASSED] - Text '5+1' is set on object 'Object Repository/Reto_while1/Page_Google/input__q'

2022-11-30 13:57:20 - [TEST_STEP][PASSED] - sendKeys(findTestObject("Object Repository/Reto_while1/Page_Google/input__q"), Keys.chord(ENTER)): Keys 'ENTER + ' sent to object: 'Object Repository/Reto_while1/Page_Google/input__q'

2022-11-30 13:57:29 - [MESSAGE][PASSED] - Keys 'ENTER + ' sent to object: 'Object Repository/Reto_while1/Page_Google/input__q'

2022-11-30 13:57:29 - [TEST_STEP][PASSED] - Res = getText(findTestObject("Reto_while1/Resultado_8")).toInteger(): Text of object 'Object Repository/Reto_while1/Resultado_8' is: '6'

2022-11-30 13:57:30 - [MESSAGE][PASSED] - Text of object 'Object Repository/Reto_while1/Resultado_8' is: '6'

2022-11-30 13:57:30 - [TEST_STEP][PASSED] - if (Res == 8): null

2022-11-30 13:57:30 - [TEST_STEP][PASSED] - num = Math.random() * 5 - 1 + 1: null

2022-11-30 13:57:30 - [TEST_STEP][PASSED] - setText(findTestObject("Object Repository/Reto_while1/Page_Google/input__q"), "5+" + num): Text '5+4' is set on object 'Object Repository/Reto_while1/Page_Google/input__q'

2022-11-30 13:57:31 - [MESSAGE][PASSED] - Text '5+4' is set on object 'Object Repository/Reto_while1/Page_Google/input__q'

2022-11-30 13:57:31 - [TEST_STEP][PASSED] - sendKeys(findTestObject("Object Repository/Reto_while1/Page_Google/input__q"), Keys.chord(ENTER)): Keys 'ENTER + ' sent to object: 'Object Repository/Reto_while1/Page_Google/input__q'

2022-11-30 13:57:36 - [MESSAGE][PASSED] - Keys 'ENTER + ' sent to object: 'Object Repository/Reto_while1/Page_Google/input__q'

2022-11-30 13:57:36 - [TEST_STEP][PASSED] - Res = getText(findTestObject("Reto_while1/Resultado_8")).toInteger(): Text of object 'Object Repository/Reto_while1/Resultado_8' is: '9'

2022-11-30 13:57:36 - [MESSAGE][PASSED] - Text of object 'Object Repository/Reto_while1/Resultado_8' is: '9'

2022-11-30 13:57:36 - [TEST_STEP][PASSED] - if (Res == 8): null

2022-11-30 13:57:36 - [TEST_STEP][PASSED] - num = Math.random() * 5 - 1 + 1: null

2022-11-30 13:57:36 - [TEST_STEP][PASSED] - setText(findTestObject("Object Repository/Reto_while1/Page_Google/input__q"), "5+" + num): Text '5+4' is set on object 'Object Repository/Reto_while1/Page_Google/input__q'

2022-11-30 13:57:37 - [MESSAGE][PASSED] - Text '5+4' is set on object 'Object Repository/Reto_while1/Page_Google/input__q'

2022-11-30 13:57:37 - [TEST_STEP][PASSED] - sendKeys(findTestObject("Object Repository/Reto_while1/Page_Google/input__q"), Keys.chord(ENTER)): Keys 'ENTER + ' sent to object: 'Object Repository/Reto_while1/Page_Google/input__q'

2022-11-30 13:57:40 - [MESSAGE][PASSED] - Keys 'ENTER + ' sent to object: 'Object Repository/Reto_while1/Page_Google/input__q'

2022-11-30 13:57:40 - [TEST_STEP][PASSED] - Res = getText(findTestObject("Reto_while1/Resultado_8")).toInteger(): Text of object 'Object Repository/Reto_while1/Resultado_8' is: '9'

2022-11-30 13:57:41 - [MESSAGE][PASSED] - Text of object 'Object Repository/Reto_while1/Resultado_8' is: '9'

2022-11-30 13:57:41 - [TEST_STEP][PASSED] - if (Res == 8): null

2022-11-30 13:57:41 - [TEST_STEP][PASSED] - num = Math.random() * 5 - 1 + 1: null

2022-11-30 13:57:41 - [TEST_STEP][PASSED] - setText(findTestObject("Object Repository/Reto_while1/Page_Google/input__q"), "5+" + num): Text '5+1' is set on object 'Object Repository/Reto_while1/Page_Google/input__q'

2022-11-30 13:57:42 - [MESSAGE][PASSED] - Text '5+1' is set on object 'Object Repository/Reto_while1/Page_Google/input__q'

2022-11-30 13:57:42 - [TEST_STEP][PASSED] - sendKeys(findTestObject("Object Repository/Reto_while1/Page_Google/input__q"), Keys.chord(ENTER)): Keys 'ENTER + ' sent to object: 'Object Repository/Reto_while1/Page_Google/input__q'

2022-11-30 13:57:44 - [MESSAGE][PASSED] - Keys 'ENTER + ' sent to object: 'Object Repository/Reto_while1/Page_Google/input__q'

2022-11-30 13:57:44 - [TEST_STEP][PASSED] - Res = getText(findTestObject("Reto_while1/Resultado_8")).toInteger(): Text of object 'Object Repository/Reto_while1/Resultado_8' is: '6'

2022-11-30 13:57:45 - [MESSAGE][PASSED] - Text of object 'Object Repository/Reto_while1/Resultado_8' is: '6'

2022-11-30 13:57:45 - [TEST_STEP][PASSED] - if (Res == 8): null

2022-11-30 13:57:45 - [TEST_STEP][PASSED] - num = Math.random() * 5 - 1 + 1: null

2022-11-30 13:57:45 - [TEST_STEP][PASSED] - setText(findTestObject("Object Repository/Reto_while1/Page_Google/input__q"), "5+" + num): Text '5+3' is set on object 'Object Repository/Reto_while1/Page_Google/input__q'

2022-11-30 13:57:46 - [MESSAGE][PASSED] - Text '5+3' is set on object 'Object Repository/Reto_while1/Page_Google/input__q'

2022-11-30 13:57:46 - [TEST_STEP][PASSED] - sendKeys(findTestObject("Object Repository/Reto_while1/Page_Google/input__q"), Keys.chord(ENTER)): Keys 'ENTER + ' sent to object: 'Object Repository/Reto_while1/Page_Google/input__q'

2022-11-30 13:57:53 - [MESSAGE][PASSED] - Keys 'ENTER + ' sent to object: 'Object Repository/Reto_while1/Page_Google/input__q'

2022-11-30 13:57:53 - [TEST_STEP][PASSED] - Res = getText(findTestObject("Reto_while1/Resultado_8")).toInteger(): Text of object 'Object Repository/Reto_while1/Resultado_8' is: '8'

2022-11-30 13:57:53 - [MESSAGE][PASSED] - Text of object 'Object Repository/Reto_while1/Resultado_8' is: '8'

2022-11-30 13:57:53 - [TEST_STEP][PASSED] - if (Res == 8): Browser is closed

2022-11-30 13:57:53 - [TEST_STEP][PASSED] - closeBrowser(): Browser is closed

2022-11-30 13:57:54 - [MESSAGE][PASSED] - Browser is closed]]></system-out>
         <system-err><![CDATA[]]></system-err>
      </testcase>
      <testcase name="Test Cases/BUCLES/Test_1" time="52.353" classname="Test Cases/BUCLES/Test_1" status="PASSED">
         <system-out><![CDATA[2022-11-30 13:57:54 - [TEST_CASE][PASSED] - Test Cases/BUCLES/Test_1: Test Cases/BUCLES/Test_1

2022-11-30 13:57:54 - [TEST_STEP][PASSED] - openBrowser(""): Browser is opened with url: ''

2022-11-30 13:57:54 - [MESSAGE][INFO] - Starting 'Chrome' driver

2022-11-30 13:57:54 - [MESSAGE][INFO] - Action delay is set to 0 milliseconds

2022-11-30 13:57:55 - [MESSAGE][PASSED] - Browser is opened with url: ''

2022-11-30 13:57:55 - [TEST_STEP][PASSED] - navigateToUrl("https://demoqa.com/text-box"): Navigate to 'https://demoqa.com/text-box' successfully

2022-11-30 13:58:11 - [MESSAGE][PASSED] - Navigate to 'https://demoqa.com/text-box' successfully

2022-11-30 13:58:11 - [TEST_STEP][PASSED] - for ([x = 1, x <= 2, (x++)]): null

2022-11-30 13:58:11 - [TEST_STEP][PASSED] - openBrowser(""): Browser is opened with url: ''

2022-11-30 13:58:11 - [MESSAGE][WARNING] - A browser is already opened. Closing browser and opening a new one

2022-11-30 13:58:12 - [MESSAGE][INFO] - Starting 'Chrome' driver

2022-11-30 13:58:12 - [MESSAGE][INFO] - Action delay is set to 0 milliseconds

2022-11-30 13:58:14 - [MESSAGE][PASSED] - Browser is opened with url: ''

2022-11-30 13:58:14 - [TEST_STEP][PASSED] - navigateToUrl("https://demoqa.com/text-box"): Navigate to 'https://demoqa.com/text-box' successfully

2022-11-30 13:58:29 - [MESSAGE][PASSED] - Navigate to 'https://demoqa.com/text-box' successfully

2022-11-30 13:58:29 - [TEST_STEP][PASSED] - RN = Math.random() * 10 - 1 + 1: null

2022-11-30 13:58:29 - [TEST_STEP][PASSED] - print("Numero : " + RN + "----"): null

2022-11-30 13:58:29 - [TEST_STEP][PASSED] - z = ["Demo1", "Demo2", "Demo3", "Demo4", "Demo5"]: null

2022-11-30 13:58:29 - [TEST_STEP][PASSED] - rnd = new java.util.Random(): null

2022-11-30 13:58:29 - [TEST_STEP][PASSED] - texto = z[rnd.nextInt(size)]: null

2022-11-30 13:58:29 - [TEST_STEP][PASSED] - print(texto): null

2022-11-30 13:58:29 - [TEST_STEP][PASSED] - openBrowser(""): Browser is opened with url: ''

2022-11-30 13:58:29 - [MESSAGE][WARNING] - A browser is already opened. Closing browser and opening a new one

2022-11-30 13:58:30 - [MESSAGE][INFO] - Starting 'Chrome' driver

2022-11-30 13:58:30 - [MESSAGE][INFO] - Action delay is set to 0 milliseconds

2022-11-30 13:58:31 - [MESSAGE][PASSED] - Browser is opened with url: ''

2022-11-30 13:58:31 - [TEST_STEP][PASSED] - navigateToUrl("https://demoqa.com/text-box"): Navigate to 'https://demoqa.com/text-box' successfully

2022-11-30 13:58:45 - [MESSAGE][PASSED] - Navigate to 'https://demoqa.com/text-box' successfully

2022-11-30 13:58:45 - [TEST_STEP][PASSED] - RN = Math.random() * 10 - 1 + 1: null

2022-11-30 13:58:45 - [TEST_STEP][PASSED] - print("Numero : " + RN + "----"): null

2022-11-30 13:58:45 - [TEST_STEP][PASSED] - z = ["Demo1", "Demo2", "Demo3", "Demo4", "Demo5"]: null

2022-11-30 13:58:45 - [TEST_STEP][PASSED] - rnd = new java.util.Random(): null

2022-11-30 13:58:45 - [TEST_STEP][PASSED] - texto = z[rnd.nextInt(size)]: null

2022-11-30 13:58:45 - [TEST_STEP][PASSED] - print(texto): null

2022-11-30 13:58:45 - [TEST_STEP][PASSED] - closeBrowser(): Browser is closed

2022-11-30 13:58:46 - [MESSAGE][PASSED] - Browser is closed]]></system-out>
         <system-err><![CDATA[]]></system-err>
      </testcase>
      <testcase name="Test Cases/BUCLES/Test_2" time="17.083" classname="Test Cases/BUCLES/Test_2" status="PASSED">
         <system-out><![CDATA[2022-11-30 13:58:46 - [TEST_CASE][PASSED] - Test Cases/BUCLES/Test_2: Test Cases/BUCLES/Test_2

2022-11-30 13:58:46 - [TEST_STEP][PASSED] - openBrowser(""): Browser is opened with url: ''

2022-11-30 13:58:46 - [MESSAGE][INFO] - Starting 'Chrome' driver

2022-11-30 13:58:46 - [MESSAGE][INFO] - Action delay is set to 0 milliseconds

2022-11-30 13:58:48 - [MESSAGE][PASSED] - Browser is opened with url: ''

2022-11-30 13:58:48 - [TEST_STEP][PASSED] - navigateToUrl("https://demoqa.com/text-box"): Navigate to 'https://demoqa.com/text-box' successfully

2022-11-30 13:59:03 - [MESSAGE][PASSED] - Navigate to 'https://demoqa.com/text-box' successfully

2022-11-30 13:59:03 - [TEST_STEP][PASSED] - for ([x = 1, x <= 10, x = x + 2]): null

2022-11-30 13:59:03 - [TEST_STEP][PASSED] - print(" hola mundo " + x + "-------"): null

2022-11-30 13:59:03 - [TEST_STEP][PASSED] - print(" hola mundo " + x + "-------"): null

2022-11-30 13:59:03 - [TEST_STEP][PASSED] - print(" hola mundo " + x + "-------"): null

2022-11-30 13:59:03 - [TEST_STEP][PASSED] - print(" hola mundo " + x + "-------"): null

2022-11-30 13:59:03 - [TEST_STEP][PASSED] - print(" hola mundo " + x + "-------"): null

2022-11-30 13:59:03 - [TEST_STEP][PASSED] - closeBrowser(): Browser is closed

2022-11-30 13:59:03 - [MESSAGE][PASSED] - Browser is closed]]></system-out>
         <system-err><![CDATA[]]></system-err>
      </testcase>
      <testcase name="Test Cases/BUCLES/Test_while" time="15.363" classname="Test Cases/BUCLES/Test_while" status="PASSED">
         <system-out><![CDATA[2022-11-30 13:59:03 - [TEST_CASE][PASSED] - Test Cases/BUCLES/Test_while: Test Cases/BUCLES/Test_while

2022-11-30 13:59:03 - [TEST_STEP][PASSED] - openBrowser(""): Browser is opened with url: ''

2022-11-30 13:59:03 - [MESSAGE][INFO] - Starting 'Chrome' driver

2022-11-30 13:59:03 - [MESSAGE][INFO] - Action delay is set to 0 milliseconds

2022-11-30 13:59:05 - [MESSAGE][PASSED] - Browser is opened with url: ''

2022-11-30 13:59:05 - [TEST_STEP][PASSED] - navigateToUrl("https://demoqa.com/text-box"): Navigate to 'https://demoqa.com/text-box' successfully

2022-11-30 13:59:18 - [MESSAGE][PASSED] - Navigate to 'https://demoqa.com/text-box' successfully

2022-11-30 13:59:18 - [TEST_STEP][PASSED] - maximizeWindow(): Current window maximized

2022-11-30 13:59:18 - [MESSAGE][PASSED] - Current window maximized

2022-11-30 13:59:18 - [TEST_STEP][PASSED] - waitForPageLoad(5): Wait for page load successfully

2022-11-30 13:59:18 - [MESSAGE][PASSED] - Wait for page load successfully

2022-11-30 13:59:18 - [TEST_STEP][PASSED] - x = 1: null

2022-11-30 13:59:18 - [TEST_STEP][PASSED] - while (x <= 3): null

2022-11-30 13:59:18 - [TEST_STEP][PASSED] - print("Hola " + x + "----------"): null

2022-11-30 13:59:18 - [TEST_STEP][PASSED] - (x++): null

2022-11-30 13:59:18 - [TEST_STEP][PASSED] - print("Hola " + x + "----------"): null

2022-11-30 13:59:18 - [TEST_STEP][PASSED] - (x++): null

2022-11-30 13:59:18 - [TEST_STEP][PASSED] - print("Hola " + x + "----------"): null

2022-11-30 13:59:18 - [TEST_STEP][PASSED] - (x++): null

2022-11-30 13:59:18 - [TEST_STEP][PASSED] - closeBrowser(): Browser is closed

2022-11-30 13:59:19 - [MESSAGE][PASSED] - Browser is closed]]></system-out>
         <system-err><![CDATA[]]></system-err>
      </testcase>
      <testcase name="Test Cases/BUCLES/Test_while2" time="16.954" classname="Test Cases/BUCLES/Test_while2" status="PASSED">
         <system-out><![CDATA[2022-11-30 13:59:19 - [TEST_CASE][PASSED] - Test Cases/BUCLES/Test_while2: Test Cases/BUCLES/Test_while2

2022-11-30 13:59:19 - [TEST_STEP][PASSED] - openBrowser(""): Browser is opened with url: ''

2022-11-30 13:59:19 - [MESSAGE][INFO] - Starting 'Chrome' driver

2022-11-30 13:59:19 - [MESSAGE][INFO] - Action delay is set to 0 milliseconds

2022-11-30 13:59:20 - [MESSAGE][PASSED] - Browser is opened with url: ''

2022-11-30 13:59:20 - [TEST_STEP][PASSED] - navigateToUrl("https://demoqa.com/text-box"): Navigate to 'https://demoqa.com/text-box' successfully

2022-11-30 13:59:35 - [MESSAGE][PASSED] - Navigate to 'https://demoqa.com/text-box' successfully

2022-11-30 13:59:35 - [TEST_STEP][PASSED] - maximizeWindow(): Current window maximized

2022-11-30 13:59:35 - [MESSAGE][PASSED] - Current window maximized

2022-11-30 13:59:35 - [TEST_STEP][PASSED] - waitForPageLoad(5): Wait for page load successfully

2022-11-30 13:59:35 - [MESSAGE][PASSED] - Wait for page load successfully

2022-11-30 13:59:35 - [TEST_STEP][PASSED] - x = 1: null

2022-11-30 13:59:35 - [TEST_STEP][PASSED] - while (x <= 5): null

2022-11-30 13:59:35 - [TEST_STEP][PASSED] - print("Valor de X" + x + "------>"): null

2022-11-30 13:59:35 - [TEST_STEP][PASSED] - (x++): null

2022-11-30 13:59:35 - [TEST_STEP][PASSED] - print("Valor de X" + x + "------>"): null

2022-11-30 13:59:35 - [TEST_STEP][PASSED] - (x++): null

2022-11-30 13:59:35 - [TEST_STEP][PASSED] - print("Valor de X" + x + "------>"): null

2022-11-30 13:59:35 - [TEST_STEP][PASSED] - (x++): null

2022-11-30 13:59:35 - [TEST_STEP][PASSED] - print("Valor de X" + x + "------>"): null

2022-11-30 13:59:35 - [TEST_STEP][PASSED] - (x++): null

2022-11-30 13:59:35 - [TEST_STEP][PASSED] - print("Valor de X" + x + "------>"): null

2022-11-30 13:59:35 - [TEST_STEP][PASSED] - (x++): null

2022-11-30 13:59:35 - [TEST_STEP][PASSED] - closeBrowser(): Browser is closed

2022-11-30 13:59:36 - [MESSAGE][PASSED] - Browser is closed]]></system-out>
         <system-err><![CDATA[]]></system-err>
      </testcase>
      <testcase name="Test Cases/Drive_excel/Drive_excel" time="24.927" classname="Test Cases/Drive_excel/Drive_excel" status="PASSED">
         <system-out><![CDATA[2022-11-30 13:59:36 - [TEST_CASE][PASSED] - Test Cases/Drive_excel/Drive_excel: Test Cases/Drive_excel/Drive_excel

2022-11-30 13:59:36 - [TEST_STEP][PASSED] - openBrowser(""): Browser is opened with url: ''

2022-11-30 13:59:36 - [MESSAGE][INFO] - Starting 'Chrome' driver

2022-11-30 13:59:36 - [MESSAGE][INFO] - Action delay is set to 0 milliseconds

2022-11-30 13:59:37 - [MESSAGE][PASSED] - Browser is opened with url: ''

2022-11-30 13:59:37 - [TEST_STEP][PASSED] - navigateToUrl("https://demoqa.com/automation-practice-form"): Navigate to 'https://demoqa.com/automation-practice-form' successfully

2022-11-30 13:59:53 - [MESSAGE][PASSED] - Navigate to 'https://demoqa.com/automation-practice-form' successfully

2022-11-30 13:59:53 - [TEST_STEP][PASSED] - waitForPageLoad(40): Wait for page load successfully

2022-11-30 13:59:53 - [MESSAGE][PASSED] - Wait for page load successfully

2022-11-30 13:59:53 - [TEST_STEP][PASSED] - maximizeWindow(): Current window maximized

2022-11-30 13:59:53 - [MESSAGE][PASSED] - Current window maximized

2022-11-30 13:59:53 - [TEST_STEP][PASSED] - setText(findTestObject("Object Repository/Drive_excel/Page_ToolsQA/input_Name_firstName"), nombre): Text '' is set on object 'Object Repository/Drive_excel/Page_ToolsQA/input_Name_firstName'

2022-11-30 13:59:55 - [MESSAGE][PASSED] - Text '' is set on object 'Object Repository/Drive_excel/Page_ToolsQA/input_Name_firstName'

2022-11-30 13:59:55 - [TEST_STEP][PASSED] - setText(findTestObject("Object Repository/Drive_excel/Page_ToolsQA/input_Name_lastName"), apellido): Text '' is set on object 'Object Repository/Drive_excel/Page_ToolsQA/input_Name_lastName'

2022-11-30 13:59:57 - [MESSAGE][PASSED] - Text '' is set on object 'Object Repository/Drive_excel/Page_ToolsQA/input_Name_lastName'

2022-11-30 13:59:57 - [TEST_STEP][PASSED] - setText(findTestObject("Object Repository/Drive_excel/Page_ToolsQA/input_Email_userEmail"), email): Text '' is set on object 'Object Repository/Drive_excel/Page_ToolsQA/input_Email_userEmail'

2022-11-30 13:59:58 - [MESSAGE][PASSED] - Text '' is set on object 'Object Repository/Drive_excel/Page_ToolsQA/input_Email_userEmail'

2022-11-30 13:59:58 - [TEST_STEP][PASSED] - delay(2): Delayed 2 second(s)

2022-11-30 14:00:00 - [MESSAGE][PASSED] - Delayed 2 second(s)

2022-11-30 14:00:00 - [TEST_STEP][PASSED] - closeBrowser(): Browser is closed

2022-11-30 14:00:01 - [MESSAGE][PASSED] - Browser is closed]]></system-out>
         <system-err><![CDATA[]]></system-err>
      </testcase>
      <system-out><![CDATA[2022-11-30 13:45:52 - [TEST_SUITE][FAILED] - testCLoud: Test Cases/BUCLES/Reto_For FAILED.
Reason:
com.kms.katalon.core.exception.StepFailedException: Unable to set text 'Carlos' of object 'Object Repository/Reto_for/Page_ToolsQA/input_Full Name_userName'
	at com.kms.katalon.core.webui.keyword.internal.WebUIKeywordMain.stepFailed(WebUIKeywordMain.groovy:64)
	at com.kms.katalon.core.webui.keyword.internal.WebUIKeywordMain.runKeyword(WebUIKeywordMain.groovy:26)
	at com.kms.katalon.core.webui.keyword.builtin.SetTextKeyword.setText(SetTextKeyword.groovy:66)
	at com.kms.katalon.core.webui.keyword.builtin.SetTextKeyword.execute(SetTextKeyword.groovy:37)
	at com.kms.katalon.core.keyword.internal.KeywordExecutor.executeKeywordForPlatform(KeywordExecutor.groovy:74)
	at com.kms.katalon.core.webui.keyword.WebUiBuiltInKeywords.setText(WebUiBuiltInKeywords.groovy:980)
	at com.kms.katalon.core.webui.keyword.WebUiBuiltInKeywords$setText$5.call(Unknown Source)
	at Reto_For.run(Reto_For:37)
	at com.kms.katalon.core.main.ScriptEngine.run(ScriptEngine.java:194)
	at com.kms.katalon.core.main.ScriptEngine.runScriptAsRawText(ScriptEngine.java:119)
	at com.kms.katalon.core.main.TestCaseExecutor.runScript(TestCaseExecutor.java:448)
	at com.kms.katalon.core.main.TestCaseExecutor.doExecute(TestCaseExecutor.java:439)
	at com.kms.katalon.core.main.TestCaseExecutor.processExecutionPhase(TestCaseExecutor.java:418)
	at com.kms.katalon.core.main.TestCaseExecutor.accessMainPhase(TestCaseExecutor.java:410)
	at com.kms.katalon.core.main.TestCaseExecutor.execute(TestCaseExecutor.java:285)
	at com.kms.katalon.core.common.CommonExecutor.accessTestCaseMainPhase(CommonExecutor.java:65)
	at com.kms.katalon.core.main.TestSuiteExecutor.accessTestSuiteMainPhase(TestSuiteExecutor.java:151)
	at com.kms.katalon.core.main.TestSuiteExecutor.execute(TestSuiteExecutor.java:106)
	at com.kms.katalon.core.main.TestCaseMain.startTestSuite(TestCaseMain.java:185)
	at com.kms.katalon.core.main.TestCaseMain$startTestSuite$0.call(Unknown Source)
	at TempTestSuite1669826735351.run(TempTestSuite1669826735351.groovy:36)
Caused by: com.kms.katalon.core.webui.exception.WebElementNotFoundException: Web element with id: 'Object Repository/Reto_for/Page_ToolsQA/input_Full Name_userName' located by '//input[@id='userName']' not found
	at com.kms.katalon.core.webui.common.WebUiCommonHelper.findWebElement(WebUiCommonHelper.java:1370)
	at com.kms.katalon.core.webui.keyword.internal.WebUIAbstractKeyword.findWebElement(WebUIAbstractKeyword.groovy:27)
	at com.kms.katalon.core.webui.keyword.internal.WebUIAbstractKeyword.findWebElement(WebUIAbstractKeyword.groovy:26)
	at com.kms.katalon.core.webui.keyword.builtin.SetTextKeyword$_setText_closure1.doCall(SetTextKeyword.groovy:51)
	at com.kms.katalon.core.webui.keyword.builtin.SetTextKeyword$_setText_closure1.call(SetTextKeyword.groovy)
	at com.kms.katalon.core.webui.keyword.internal.WebUIKeywordMain.runKeyword(WebUIKeywordMain.groovy:20)
	... 19 more]]></system-out>
      <system-err><![CDATA[2022-11-30 13:45:52 - [TEST_SUITE][FAILED] - testCLoud: Test Cases/BUCLES/Reto_For FAILED.
Reason:
com.kms.katalon.core.exception.StepFailedException: Unable to set text 'Carlos' of object 'Object Repository/Reto_for/Page_ToolsQA/input_Full Name_userName'
	at com.kms.katalon.core.webui.keyword.internal.WebUIKeywordMain.stepFailed(WebUIKeywordMain.groovy:64)
	at com.kms.katalon.core.webui.keyword.internal.WebUIKeywordMain.runKeyword(WebUIKeywordMain.groovy:26)
	at com.kms.katalon.core.webui.keyword.builtin.SetTextKeyword.setText(SetTextKeyword.groovy:66)
	at com.kms.katalon.core.webui.keyword.builtin.SetTextKeyword.execute(SetTextKeyword.groovy:37)
	at com.kms.katalon.core.keyword.internal.KeywordExecutor.executeKeywordForPlatform(KeywordExecutor.groovy:74)
	at com.kms.katalon.core.webui.keyword.WebUiBuiltInKeywords.setText(WebUiBuiltInKeywords.groovy:980)
	at com.kms.katalon.core.webui.keyword.WebUiBuiltInKeywords$setText$5.call(Unknown Source)
	at Reto_For.run(Reto_For:37)
	at com.kms.katalon.core.main.ScriptEngine.run(ScriptEngine.java:194)
	at com.kms.katalon.core.main.ScriptEngine.runScriptAsRawText(ScriptEngine.java:119)
	at com.kms.katalon.core.main.TestCaseExecutor.runScript(TestCaseExecutor.java:448)
	at com.kms.katalon.core.main.TestCaseExecutor.doExecute(TestCaseExecutor.java:439)
	at com.kms.katalon.core.main.TestCaseExecutor.processExecutionPhase(TestCaseExecutor.java:418)
	at com.kms.katalon.core.main.TestCaseExecutor.accessMainPhase(TestCaseExecutor.java:410)
	at com.kms.katalon.core.main.TestCaseExecutor.execute(TestCaseExecutor.java:285)
	at com.kms.katalon.core.common.CommonExecutor.accessTestCaseMainPhase(CommonExecutor.java:65)
	at com.kms.katalon.core.main.TestSuiteExecutor.accessTestSuiteMainPhase(TestSuiteExecutor.java:151)
	at com.kms.katalon.core.main.TestSuiteExecutor.execute(TestSuiteExecutor.java:106)
	at com.kms.katalon.core.main.TestCaseMain.startTestSuite(TestCaseMain.java:185)
	at com.kms.katalon.core.main.TestCaseMain$startTestSuite$0.call(Unknown Source)
	at TempTestSuite1669826735351.run(TempTestSuite1669826735351.groovy:36)
Caused by: com.kms.katalon.core.webui.exception.WebElementNotFoundException: Web element with id: 'Object Repository/Reto_for/Page_ToolsQA/input_Full Name_userName' located by '//input[@id='userName']' not found
	at com.kms.katalon.core.webui.common.WebUiCommonHelper.findWebElement(WebUiCommonHelper.java:1370)
	at com.kms.katalon.core.webui.keyword.internal.WebUIAbstractKeyword.findWebElement(WebUIAbstractKeyword.groovy:27)
	at com.kms.katalon.core.webui.keyword.internal.WebUIAbstractKeyword.findWebElement(WebUIAbstractKeyword.groovy:26)
	at com.kms.katalon.core.webui.keyword.builtin.SetTextKeyword$_setText_closure1.doCall(SetTextKeyword.groovy:51)
	at com.kms.katalon.core.webui.keyword.builtin.SetTextKeyword$_setText_closure1.call(SetTextKeyword.groovy)
	at com.kms.katalon.core.webui.keyword.internal.WebUIKeywordMain.runKeyword(WebUIKeywordMain.groovy:20)
	... 19 more]]></system-err>
   </testsuite>
</testsuites>
