<?xml version="1.0" encoding="UTF-8"?>
<testsuites name="testCLoud" time="6237.83" tests="34" failures="0" errors="0">
   <testsuite name="testCLoud" tests="34" failures="0" errors="0" time="6237.83" skipped="0" timestamp="2022-12-01 09:06:16" hostname="admin - 192.168.0.13" id="Test Suites/testCLoud">
      <properties>
         <property name="deviceName" value=""/>
         <property name="devicePlatform" value=""/>
         <property name="logFolder" value="C:\\Users\\admin\\git\\KatalonCertificacion\\Reports\\20221201_090556\\testCLoud\\20221201_090556"/>
         <property name="logFiles" value="C:\\Users\\admin\\git\\KatalonCertificacion\\Reports\\20221201_090556\\testCLoud\\20221201_090556\\execution0.log"/>
         <property name="attachments" value=""/>
         <property name="hostName" value="admin - 192.168.0.13"/>
         <property name="remoteDriverUrl" value="testcloud.katalon.com/hub"/>
         <property name="desiredCapabilities" value="{
  &quot;acceptInsecureCerts&quot;: false,
  &quot;browserName&quot;: &quot;chrome&quot;,
  &quot;browserVersion&quot;: &quot;103.0.5060.53&quot;,
  &quot;chrome&quot;: {
    &quot;chromedriverVersion&quot;: &quot;103.0.5060.53 (a1711811edd74ff1cf2150f36ffa3b0dae40b17f-refs/branch-heads/5060@{#853})&quot;,
    &quot;userDataDir&quot;: &quot;C:\\Users\\ADMINI~1\\AppData\\Local\\Temp\\scoped_dir6340_1545213463&quot;
  },
  &quot;goog:chromeOptions&quot;: {
    &quot;debuggerAddress&quot;: &quot;localhost:49838&quot;
  },
  &quot;javascriptEnabled&quot;: true,
  &quot;katalon:option&quot;: {
    &quot;unlimitedExecutionMinutes&quot;: true,
    &quot;jwt&quot;: &quot;eyJ0eXAiOiJKV1QiLCJhbGciOiJSUzI1NiJ9.eyJzdWIiOiJsbm92YWtvdmljaEBlY29zaXN0ZW1hcy5jb20uYXIiLCJ1cG4iOiIxMDgwMDQ1IiwiZ3JvdXBzIjpbIlVTRVIiXSwic3RhdHVzIjoiVkVSSUZJRUQiLCJnaXZlbl9uYW1lIjoiTGp1Ym8iLCJmYW1pbHlfbmFtZSI6Ik5vdmFrb3ZpY2giLCJlbWFpbCI6Imxub3Zha292aWNoQGVjb3Npc3RlbWFzLmNvbS5hciIsImVtYWlsX3ZlcmlmaWVkIjp0cnVlLCJjcmVhdGVkX2F0IjoxNjY4NTQwMTA2LCJ1cGRhdGVkX2F0IjoxNjY5ODk2MzQ2LCJhbXIiOlsicHdkIl0sImlhdCI6MTY2OTg5NjM1MiwiZXhwIjoxNjcwNTAxMTUyLCJqdGkiOiIwNTI1MmIxYi05N2JjLTQxZDgtYTUwYS1hYzg1YTRjMjM5ZTkiLCJpc3MiOiJrYXRhbG9uLWF1dGgifQ.PAclMIiqsXWwgfg3m6NfLhehs0kVZkXYKGL45hSt_1almjZHEXCPtapSvoJkMbxH54KSz_vzVzf7bqirwWvpxF4lmQJMDwksHrDxZptRGvAAiKdR9KUv_qhlv0EzHXB9tFSCWPelHUHkI5R7osT57rQHXeUS3Utwf-4tZTmr9xhlfL0MhqJEm7i4Sc9M_MCNxKYviqDuboSeRcgLdzPcvTqStcTu1VmCbroMMmyXSJ1ohtCZ9h4zrQ3ULgX_FaR6YsdT9rfHi0xmL4eZ-dYfzoIYvnmXnCI3PabOlarAFFbrzMfsGIEn-YDtHtOzQSZUWBnrWllgM54mPqiMGqKxMA&quot;,
    &quot;userId&quot;: 1080045,
    &quot;organizationId&quot;: &quot;987205&quot;,
    &quot;class&quot;: &quot;com.katalon.testcloud.grid.common.tunnel.domain.UserOptionCapability&quot;,
    &quot;usingTunnel&quot;: false,
    &quot;username&quot;: &quot;lnovakovich@ecosistemas.com.ar&quot;
  },
  &quot;networkConnectionEnabled&quot;: false,
  &quot;os&quot;: &quot;windows&quot;,
  &quot;pageLoadStrategy&quot;: &quot;normal&quot;,
  &quot;platform&quot;: &quot;WINDOWS&quot;,
  &quot;platformName&quot;: &quot;WINDOWS&quot;,
  &quot;proxy&quot;: {
    &quot;proxyType&quot;: &quot;DIRECT&quot;,
    &quot;autodetect&quot;: false
  },
  &quot;requestId&quot;: &quot;0ee0dbf7-1229-4659-9953-0ade1402bc48&quot;,
  &quot;se:cdp&quot;: &quot;ws://10.0.2.2:4444/session/5cb044f34585e616a38c0daa2dc7a8ba/se/cdp&quot;,
  &quot;se:cdpVersion&quot;: &quot;103.0.5060.53&quot;,
  &quot;setWindowRect&quot;: true,
  &quot;strictFileInteractability&quot;: false,
  &quot;timeouts&quot;: {
    &quot;implicit&quot;: 0,
    &quot;pageLoad&quot;: 300000,
    &quot;script&quot;: 30000
  },
  &quot;unhandledPromptBehavior&quot;: &quot;dismiss and notify&quot;,
  &quot;webauthn:extension:credBlob&quot;: true,
  &quot;webauthn:extension:largeBlob&quot;: true,
  &quot;webauthn:virtualAuthenticators&quot;: true
}"/>
         <property name="os" value="Windows 10 64bit"/>
         <property name="remoteOS" value="Windows"/>
         <property name="katalonVersion" value="8.5.2.208"/>
         <property name="browser" value="Chrome 103.0.5060.53"/>
         <property name="hostAddress" value="192.168.0.13"/>
         <property name="sessionId" value="5cb044f34585e616a38c0daa2dc7a8ba"/>
         <property name="seleniumVersion" value="3.141.59"/>
         <property name="proxyInformation" value="ProxyInformation { proxyOption=NO_PROXY, proxyServerType=HTTP, username=, password=********, proxyServerAddress=, proxyServerPort=0, executionList=&quot;&quot;, isApplyToDesiredCapabilities=true }"/>
         <property name="platform" value="Windows 10"/>
      </properties>
      <testcase name="Test Cases/Navegador/Navegador" time="215.559" classname="Test Cases/Navegador/Navegador" status="PASSED">
         <system-out><![CDATA[2022-12-01 09:06:17 - [TEST_CASE][PASSED] - Test Cases/Navegador/Navegador: Test Cases/Navegador/Navegador

2022-12-01 09:06:19 - [TEST_STEP][PASSED] - openBrowser("https://demoqa.com/text-box"): Browser is opened with url: 'https://demoqa.com/text-box'

2022-12-01 09:06:21 - [MESSAGE][INFO] - User set preference: ['os', 'windows']

2022-12-01 09:06:21 - [MESSAGE][INFO] - User set preference: ['browserName', 'chrome']

2022-12-01 09:06:21 - [MESSAGE][INFO] - User set preference: ['browserVersion', '103']

2022-12-01 09:06:21 - [MESSAGE][INFO] - User set preference: ['katalon:option', '{organizationId=987205, tunnelId=, usingTunnel=false}']

2022-12-01 09:06:21 - [MESSAGE][INFO] - Connecting to remote web server 'testcloud.katalon.com/hub' with type 'Selenium'

2022-12-01 09:06:26 - [MESSAGE][INFO] - Action delay is set to 0 milliseconds

2022-12-01 09:09:45 - [MESSAGE][PASSED] - Browser is opened with url: 'https://demoqa.com/text-box'

2022-12-01 09:09:45 - [TEST_STEP][PASSED] - maximizeWindow(): Current window maximized

2022-12-01 09:09:46 - [MESSAGE][PASSED] - Current window maximized

2022-12-01 09:09:46 - [TEST_STEP][PASSED] - page_url = getUrl(): Current window's url is: 'https://demoqa.com/text-box'

2022-12-01 09:09:48 - [MESSAGE][PASSED] - Current window's url is: 'https://demoqa.com/text-box'

2022-12-01 09:09:48 - [TEST_STEP][PASSED] - print(page_url): null

2022-12-01 09:09:48 - [TEST_STEP][PASSED] - Titulo = getWindowTitle(): Current window's title is: 'ToolsQA'

2022-12-01 09:09:48 - [MESSAGE][PASSED] - Current window's title is: 'ToolsQA'

2022-12-01 09:09:48 - [TEST_STEP][PASSED] - print("titiulo de la pagina" + Titulo): null

2022-12-01 09:09:48 - [TEST_STEP][PASSED] - closeBrowser(): Browser is closed

2022-12-01 09:09:53 - [MESSAGE][PASSED] - Browser is closed]]></system-out>
         <system-err><![CDATA[]]></system-err>
      </testcase>
      <testcase name="Test Cases/Objecto_xpath/Caso_xpath" time="199.758" classname="Test Cases/Objecto_xpath/Caso_xpath" status="PASSED">
         <system-out><![CDATA[2022-12-01 09:09:53 - [TEST_CASE][PASSED] - Test Cases/Objecto_xpath/Caso_xpath: Test Cases/Objecto_xpath/Caso_xpath

2022-12-01 09:09:54 - [TEST_STEP][PASSED] - openBrowser(""): Browser is opened with url: ''

2022-12-01 09:09:54 - [MESSAGE][INFO] - User set preference: ['os', 'windows']

2022-12-01 09:09:54 - [MESSAGE][INFO] - User set preference: ['browserName', 'chrome']

2022-12-01 09:09:54 - [MESSAGE][INFO] - User set preference: ['browserVersion', '103']

2022-12-01 09:09:54 - [MESSAGE][INFO] - User set preference: ['katalon:option', '{organizationId=987205, tunnelId=, usingTunnel=false}']

2022-12-01 09:09:54 - [MESSAGE][INFO] - Connecting to remote web server 'testcloud.katalon.com/hub' with type 'Selenium'

2022-12-01 09:09:54 - [MESSAGE][INFO] - Action delay is set to 0 milliseconds

2022-12-01 09:12:52 - [MESSAGE][PASSED] - Browser is opened with url: ''

2022-12-01 09:12:52 - [TEST_STEP][PASSED] - navigateToUrl("https://demoqa.com/text-box"): Navigate to 'https://demoqa.com/text-box' successfully

2022-12-01 09:12:55 - [MESSAGE][PASSED] - Navigate to 'https://demoqa.com/text-box' successfully

2022-12-01 09:12:55 - [TEST_STEP][PASSED] - maximizeWindow(): Current window maximized

2022-12-01 09:12:56 - [MESSAGE][PASSED] - Current window maximized

2022-12-01 09:12:56 - [TEST_STEP][PASSED] - setText(findTestObject("Objeto_xpath/Campo_nombre"), "Ljubo"): Text 'Ljubo' is set on object 'Object Repository/Objeto_xpath/Campo_nombre'

2022-12-01 09:13:01 - [MESSAGE][PASSED] - Text 'Ljubo' is set on object 'Object Repository/Objeto_xpath/Campo_nombre'

2022-12-01 09:13:01 - [TEST_STEP][PASSED] - delay(3): Delayed 3 second(s)

2022-12-01 09:13:04 - [MESSAGE][PASSED] - Delayed 3 second(s)

2022-12-01 09:13:04 - [TEST_STEP][PASSED] - closeBrowser(): Browser is closed

2022-12-01 09:13:12 - [MESSAGE][PASSED] - Browser is closed]]></system-out>
         <system-err><![CDATA[]]></system-err>
      </testcase>
      <testcase name="Test Cases/Condicionales_If/Condicionar_titulo" time="188.08" classname="Test Cases/Condicionales_If/Condicionar_titulo" status="PASSED">
         <system-out><![CDATA[2022-12-01 09:13:12 - [TEST_CASE][PASSED] - Test Cases/Condicionales_If/Condicionar_titulo: Test Cases/Condicionales_If/Condicionar_titulo

2022-12-01 09:13:13 - [TEST_STEP][PASSED] - openBrowser(""): Browser is opened with url: ''

2022-12-01 09:13:13 - [MESSAGE][INFO] - User set preference: ['os', 'windows']

2022-12-01 09:13:13 - [MESSAGE][INFO] - User set preference: ['browserName', 'chrome']

2022-12-01 09:13:13 - [MESSAGE][INFO] - User set preference: ['browserVersion', '103']

2022-12-01 09:13:13 - [MESSAGE][INFO] - User set preference: ['katalon:option', '{organizationId=987205, tunnelId=, usingTunnel=false}']

2022-12-01 09:13:13 - [MESSAGE][INFO] - Connecting to remote web server 'testcloud.katalon.com/hub' with type 'Selenium'

2022-12-01 09:13:13 - [MESSAGE][INFO] - Action delay is set to 0 milliseconds

2022-12-01 09:15:57 - [MESSAGE][PASSED] - Browser is opened with url: ''

2022-12-01 09:15:57 - [TEST_STEP][PASSED] - navigateToUrl("https://demoqa.com/"): Navigate to 'https://demoqa.com/' successfully

2022-12-01 09:16:00 - [MESSAGE][PASSED] - Navigate to 'https://demoqa.com/' successfully

2022-12-01 09:16:00 - [TEST_STEP][PASSED] - maximizeWindow(): Current window maximized

2022-12-01 09:16:01 - [MESSAGE][PASSED] - Current window maximized

2022-12-01 09:16:01 - [TEST_STEP][PASSED] - waitForPageLoad(5): Wait for page load successfully

2022-12-01 09:16:01 - [MESSAGE][PASSED] - Wait for page load successfully

2022-12-01 09:16:01 - [TEST_STEP][PASSED] - Existe = waitForElementVisible(findTestObject("Condicionales/Texto_radio"), 3): Web element with id: 'Object Repository/Condicionales/Texto_radio' located by '//div[@class='main-header'][contains(.,'Radio Button')]' not found

2022-12-01 09:16:07 - [MESSAGE][INFO] - Unable to find the element located by 'By.xpath: //div[@class='main-header'][contains(.,'Radio Button')]'. Please recheck the objects properties to make sure the desired element is located. 

2022-12-01 09:16:07 - [MESSAGE][WARNING] - [SELF-HEALING] Failed to find element with id 'Object Repository/Condicionales/Texto_radio'. Try using Self-healing.

2022-12-01 09:16:08 - [MESSAGE][INFO] - [SELF-HEALING] No working XPath is found.

2022-12-01 09:16:10 - [MESSAGE][INFO] - Unable to find the element located by 'By.xpath: '. Please recheck the objects properties to make sure the desired element is located. 

2022-12-01 09:16:10 - [MESSAGE][WARNING] - [SELF-HEALING] Cannot find elements when the selector is null

2022-12-01 09:16:10 - [MESSAGE][WARNING] - Web element with id: 'Object Repository/Condicionales/Texto_radio' located by '//div[@class='main-header'][contains(.,'Radio Button')]' not found

2022-12-01 09:16:10 - [TEST_STEP][PASSED] - print(Existe): null

2022-12-01 09:16:10 - [TEST_STEP][PASSED] - if (Existe == true): null

2022-12-01 09:16:10 - [TEST_STEP][PASSED] - else: Browser is closed

2022-12-01 09:16:10 - [TEST_STEP][PASSED] - print("-----  Error no esta el elemento de texto radio ------"): null

2022-12-01 09:16:10 - [TEST_STEP][PASSED] - navigateToUrl("https://demoqa.com/radio-button"): Navigate to 'https://demoqa.com/radio-button' successfully

2022-12-01 09:16:12 - [MESSAGE][PASSED] - Navigate to 'https://demoqa.com/radio-button' successfully

2022-12-01 09:16:12 - [TEST_STEP][PASSED] - click(findTestObject("Condicionales/Objeto_yes")): Object: 'Object Repository/Condicionales/Objeto_yes' is clicked on

2022-12-01 09:16:15 - [MESSAGE][PASSED] - Object: 'Object Repository/Condicionales/Objeto_yes' is clicked on

2022-12-01 09:16:15 - [TEST_STEP][PASSED] - delay(2): Delayed 2 second(s)

2022-12-01 09:16:17 - [MESSAGE][PASSED] - Delayed 2 second(s)

2022-12-01 09:16:17 - [TEST_STEP][PASSED] - closeBrowser(): Browser is closed

2022-12-01 09:16:21 - [MESSAGE][PASSED] - Browser is closed]]></system-out>
         <system-err><![CDATA[]]></system-err>
      </testcase>
      <testcase name="Test Cases/Condicionales_If/Test_1" time="0.697" classname="Test Cases/Condicionales_If/Test_1" status="PASSED">
         <system-out><![CDATA[2022-12-01 09:16:21 - [TEST_CASE][PASSED] - Test Cases/Condicionales_If/Test_1: Test Cases/Condicionales_If/Test_1

2022-12-01 09:16:21 - [TEST_STEP][PASSED] - if (num == 10): null

2022-12-01 09:16:21 - [TEST_STEP][PASSED] - else: null

2022-12-01 09:16:21 - [TEST_STEP][PASSED] - print("El numero no es un 10 es el numero:  " + num + "#####"): null]]></system-out>
         <system-err><![CDATA[]]></system-err>
      </testcase>
      <testcase name="Test Cases/Condicionales_If/Test_2" time="0.581" classname="Test Cases/Condicionales_If/Test_2" status="PASSED">
         <system-out><![CDATA[2022-12-01 09:16:21 - [TEST_CASE][PASSED] - Test Cases/Condicionales_If/Test_2: Test Cases/Condicionales_If/Test_2

2022-12-01 09:16:22 - [TEST_STEP][PASSED] - if (num == 5): null

2022-12-01 09:16:22 - [TEST_STEP][PASSED] - if (num == 10): null

2022-12-01 09:16:22 - [TEST_STEP][PASSED] - println("El valor de la variables es un: 10"): null]]></system-out>
         <system-err><![CDATA[]]></system-err>
      </testcase>
      <testcase name="Test Cases/Condicionales_If/Test_3" time="0.466" classname="Test Cases/Condicionales_If/Test_3" status="PASSED">
         <system-out><![CDATA[2022-12-01 09:16:22 - [TEST_CASE][PASSED] - Test Cases/Condicionales_If/Test_3: Test Cases/Condicionales_If/Test_3

2022-12-01 09:16:22 - [TEST_STEP][PASSED] - if (nombre == "Juan"): null

2022-12-01 09:16:22 - [TEST_STEP][PASSED] - if (nombre == "JUan"): null

2022-12-01 09:16:22 - [TEST_STEP][PASSED] - if (nombre == "juan"): null

2022-12-01 09:16:22 - [TEST_STEP][PASSED] - println("Tu nombre es juan"): null]]></system-out>
         <system-err><![CDATA[]]></system-err>
      </testcase>
      <testcase name="Test Cases/Condicionales_If/Test_4" time="0.435" classname="Test Cases/Condicionales_If/Test_4" status="PASSED">
         <system-out><![CDATA[2022-12-01 09:16:22 - [TEST_CASE][PASSED] - Test Cases/Condicionales_If/Test_4: Test Cases/Condicionales_If/Test_4

2022-12-01 09:16:23 - [TEST_STEP][PASSED] - if (num <= 7): null

2022-12-01 09:16:23 - [TEST_STEP][PASSED] - println("El numero es menor ó igual que 5"): null

2022-12-01 09:16:23 - [TEST_STEP][PASSED] - if (num >= 8): null

2022-12-01 09:16:23 - [TEST_STEP][PASSED] - if (num != 5): null]]></system-out>
         <system-err><![CDATA[]]></system-err>
      </testcase>
      <testcase name="Test Cases/Condicionales_If/Test_edad" time="0.508" classname="Test Cases/Condicionales_If/Test_edad" status="PASSED">
         <system-out><![CDATA[2022-12-01 09:16:23 - [TEST_CASE][PASSED] - Test Cases/Condicionales_If/Test_edad: Test Cases/Condicionales_If/Test_edad

2022-12-01 09:16:23 - [TEST_STEP][PASSED] - if (edad >= 1 && edad <= 17): null

2022-12-01 09:16:23 - [TEST_STEP][PASSED] - else if (edad == 18): null

2022-12-01 09:16:23 - [TEST_STEP][PASSED] - else if (edad <= 0): null

2022-12-01 09:16:23 - [TEST_STEP][PASSED] - else if (edad == 120): null

2022-12-01 09:16:23 - [TEST_STEP][PASSED] - else: null

2022-12-01 09:16:23 - [TEST_STEP][PASSED] - print("No se cumple ninguna de las opciones"): null]]></system-out>
         <system-err><![CDATA[]]></system-err>
      </testcase>
      <testcase name="Test Cases/Condicionales_If/Test_valor" time="172.515" classname="Test Cases/Condicionales_If/Test_valor" status="PASSED">
         <system-out><![CDATA[2022-12-01 09:16:23 - [TEST_CASE][PASSED] - Test Cases/Condicionales_If/Test_valor: Test Cases/Condicionales_If/Test_valor

2022-12-01 09:16:24 - [TEST_STEP][PASSED] - openBrowser(""): Browser is opened with url: ''

2022-12-01 09:16:24 - [MESSAGE][INFO] - User set preference: ['os', 'windows']

2022-12-01 09:16:24 - [MESSAGE][INFO] - User set preference: ['browserName', 'chrome']

2022-12-01 09:16:24 - [MESSAGE][INFO] - User set preference: ['browserVersion', '103']

2022-12-01 09:16:24 - [MESSAGE][INFO] - User set preference: ['katalon:option', '{organizationId=987205, tunnelId=, usingTunnel=false}']

2022-12-01 09:16:24 - [MESSAGE][INFO] - Connecting to remote web server 'testcloud.katalon.com/hub' with type 'Selenium'

2022-12-01 09:16:24 - [MESSAGE][INFO] - Action delay is set to 0 milliseconds

2022-12-01 09:18:58 - [MESSAGE][PASSED] - Browser is opened with url: ''

2022-12-01 09:18:58 - [TEST_STEP][PASSED] - navigateToUrl("https://demoqa.com/"): Navigate to 'https://demoqa.com/' successfully

2022-12-01 09:19:01 - [MESSAGE][PASSED] - Navigate to 'https://demoqa.com/' successfully

2022-12-01 09:19:01 - [TEST_STEP][PASSED] - maximizeWindow(): Current window maximized

2022-12-01 09:19:02 - [MESSAGE][PASSED] - Current window maximized

2022-12-01 09:19:02 - [TEST_STEP][PASSED] - waitForPageLoad(10): Wait for page load successfully

2022-12-01 09:19:03 - [MESSAGE][PASSED] - Wait for page load successfully

2022-12-01 09:19:03 - [TEST_STEP][PASSED] - Existe = waitForElementVisible(findTestObject("Condicionales/titulo1"), 5): Web element with id: 'Object Repository/Condicionales/titulo1' located by '//div[@class='main-header'][contains(.,'Radio Button')]' not found

2022-12-01 09:19:09 - [MESSAGE][INFO] - Unable to find the element located by 'By.xpath: //div[@class='main-header'][contains(.,'Radio Button')]'. Please recheck the objects properties to make sure the desired element is located. 

2022-12-01 09:19:09 - [MESSAGE][WARNING] - [SELF-HEALING] Failed to find element with id 'Object Repository/Condicionales/titulo1'. Try using Self-healing.

2022-12-01 09:19:10 - [MESSAGE][INFO] - [SELF-HEALING] No working XPath is found.

2022-12-01 09:19:13 - [MESSAGE][INFO] - Unable to find the element located by 'By.xpath: '. Please recheck the objects properties to make sure the desired element is located. 

2022-12-01 09:19:13 - [MESSAGE][WARNING] - [SELF-HEALING] Cannot find elements when the selector is null

2022-12-01 09:19:13 - [MESSAGE][WARNING] - Web element with id: 'Object Repository/Condicionales/titulo1' located by '//div[@class='main-header'][contains(.,'Radio Button')]' not found

2022-12-01 09:19:13 - [TEST_STEP][PASSED] - if (Existe == true): null

2022-12-01 09:19:13 - [TEST_STEP][PASSED] - else: Browser is closed

2022-12-01 09:19:13 - [TEST_STEP][PASSED] - print("No estas en la página correcta"): null

2022-12-01 09:19:13 - [TEST_STEP][PASSED] - closeBrowser(): Browser is closed

2022-12-01 09:19:16 - [MESSAGE][PASSED] - Browser is closed]]></system-out>
         <system-err><![CDATA[]]></system-err>
      </testcase>
      <testcase name="Test Cases/BUCLES/Reto_For" time="301.768" classname="Test Cases/BUCLES/Reto_For" status="PASSED">
         <system-out><![CDATA[2022-12-01 09:19:16 - [TEST_CASE][PASSED] - Test Cases/BUCLES/Reto_For: Test Cases/BUCLES/Reto_For

2022-12-01 09:19:17 - [TEST_STEP][PASSED] - openBrowser(""): Browser is opened with url: ''

2022-12-01 09:19:17 - [MESSAGE][INFO] - User set preference: ['os', 'windows']

2022-12-01 09:19:17 - [MESSAGE][INFO] - User set preference: ['browserName', 'chrome']

2022-12-01 09:19:17 - [MESSAGE][INFO] - User set preference: ['browserVersion', '103']

2022-12-01 09:19:17 - [MESSAGE][INFO] - User set preference: ['katalon:option', '{organizationId=987205, tunnelId=, usingTunnel=false}']

2022-12-01 09:19:17 - [MESSAGE][INFO] - Connecting to remote web server 'testcloud.katalon.com/hub' with type 'Selenium'

2022-12-01 09:19:17 - [MESSAGE][INFO] - Action delay is set to 0 milliseconds

2022-12-01 09:22:01 - [MESSAGE][PASSED] - Browser is opened with url: ''

2022-12-01 09:22:01 - [TEST_STEP][PASSED] - navigateToUrl("https://demoqa.com/text-box"): Navigate to 'https://demoqa.com/text-box' successfully

2022-12-01 09:22:05 - [MESSAGE][PASSED] - Navigate to 'https://demoqa.com/text-box' successfully

2022-12-01 09:22:05 - [TEST_STEP][PASSED] - maximizeWindow(): Current window maximized

2022-12-01 09:22:06 - [MESSAGE][PASSED] - Current window maximized

2022-12-01 09:22:06 - [TEST_STEP][PASSED] - waitForPageLoad(5): Wait for page load successfully

2022-12-01 09:22:07 - [MESSAGE][PASSED] - Wait for page load successfully

2022-12-01 09:22:07 - [TEST_STEP][PASSED] - for ([x = 1, x <= 4, (x++)]): Browser is scrolled to position x = 0, y = 100

2022-12-01 09:22:07 - [TEST_STEP][PASSED] - z = ["Carlos", "Erika", "Paco", "Rodrigo", "Juan"]: null

2022-12-01 09:22:07 - [TEST_STEP][PASSED] - rn = new java.util.Random(): null

2022-12-01 09:22:07 - [TEST_STEP][PASSED] - tx_nombre = z[rn.nextInt(size)]: null

2022-12-01 09:22:07 - [TEST_STEP][PASSED] - setText(findTestObject("Object Repository/Reto_for/Page_ToolsQA/input_Full Name_userName"), tx_nombre): Text 'Paco' is set on object 'Object Repository/Reto_for/Page_ToolsQA/input_Full Name_userName'

2022-12-01 09:22:12 - [MESSAGE][PASSED] - Text 'Paco' is set on object 'Object Repository/Reto_for/Page_ToolsQA/input_Full Name_userName'

2022-12-01 09:22:12 - [TEST_STEP][PASSED] - setText(findTestObject("Object Repository/Reto_for/Page_ToolsQA/input_Email_userEmail"), tx_nombre + "@gmail.com"): Text 'Paco@gmail.com' is set on object 'Object Repository/Reto_for/Page_ToolsQA/input_Email_userEmail'

2022-12-01 09:22:18 - [MESSAGE][PASSED] - Text 'Paco@gmail.com' is set on object 'Object Repository/Reto_for/Page_ToolsQA/input_Email_userEmail'

2022-12-01 09:22:18 - [TEST_STEP][PASSED] - setText(findTestObject("Object Repository/Reto_for/Page_ToolsQA/textarea_Current Address_currentAddress"), "Dirección#" + x): Text 'Dirección#1' is set on object 'Object Repository/Reto_for/Page_ToolsQA/textarea_Current Address_currentAddress'

2022-12-01 09:22:25 - [MESSAGE][PASSED] - Text 'Dirección#1' is set on object 'Object Repository/Reto_for/Page_ToolsQA/textarea_Current Address_currentAddress'

2022-12-01 09:22:25 - [TEST_STEP][PASSED] - setText(findTestObject("Object Repository/Reto_for/Page_ToolsQA/textarea_Permanent Address_permanentAddress"), "Dirección dos#" + x): Text 'Dirección dos#1' is set on object 'Object Repository/Reto_for/Page_ToolsQA/textarea_Permanent Address_permanentAddress'

2022-12-01 09:22:30 - [MESSAGE][PASSED] - Text 'Dirección dos#1' is set on object 'Object Repository/Reto_for/Page_ToolsQA/textarea_Permanent Address_permanentAddress'

2022-12-01 09:22:30 - [TEST_STEP][PASSED] - scrollToPosition(0, 500): Browser is scrolled to position x = 0, y = 500

2022-12-01 09:22:31 - [MESSAGE][PASSED] - Browser is scrolled to position x = 0, y = 500

2022-12-01 09:22:31 - [TEST_STEP][PASSED] - click(findTestObject("Object Repository/Reto_for/Page_ToolsQA/button_Submit")): Object: 'Object Repository/Reto_for/Page_ToolsQA/button_Submit' is clicked on

2022-12-01 09:22:35 - [MESSAGE][PASSED] - Object: 'Object Repository/Reto_for/Page_ToolsQA/button_Submit' is clicked on

2022-12-01 09:22:35 - [TEST_STEP][PASSED] - scrollToPosition(0, 100): Browser is scrolled to position x = 0, y = 100

2022-12-01 09:22:36 - [MESSAGE][PASSED] - Browser is scrolled to position x = 0, y = 100

2022-12-01 09:22:36 - [TEST_STEP][PASSED] - z = ["Carlos", "Erika", "Paco", "Rodrigo", "Juan"]: null

2022-12-01 09:22:36 - [TEST_STEP][PASSED] - rn = new java.util.Random(): null

2022-12-01 09:22:36 - [TEST_STEP][PASSED] - tx_nombre = z[rn.nextInt(size)]: null

2022-12-01 09:22:36 - [TEST_STEP][PASSED] - setText(findTestObject("Object Repository/Reto_for/Page_ToolsQA/input_Full Name_userName"), tx_nombre): Text 'Paco' is set on object 'Object Repository/Reto_for/Page_ToolsQA/input_Full Name_userName'

2022-12-01 09:22:41 - [MESSAGE][PASSED] - Text 'Paco' is set on object 'Object Repository/Reto_for/Page_ToolsQA/input_Full Name_userName'

2022-12-01 09:22:41 - [TEST_STEP][PASSED] - setText(findTestObject("Object Repository/Reto_for/Page_ToolsQA/input_Email_userEmail"), tx_nombre + "@gmail.com"): Text 'Paco@gmail.com' is set on object 'Object Repository/Reto_for/Page_ToolsQA/input_Email_userEmail'

2022-12-01 09:22:46 - [MESSAGE][PASSED] - Text 'Paco@gmail.com' is set on object 'Object Repository/Reto_for/Page_ToolsQA/input_Email_userEmail'

2022-12-01 09:22:46 - [TEST_STEP][PASSED] - setText(findTestObject("Object Repository/Reto_for/Page_ToolsQA/textarea_Current Address_currentAddress"), "Dirección#" + x): Text 'Dirección#2' is set on object 'Object Repository/Reto_for/Page_ToolsQA/textarea_Current Address_currentAddress'

2022-12-01 09:22:53 - [MESSAGE][PASSED] - Text 'Dirección#2' is set on object 'Object Repository/Reto_for/Page_ToolsQA/textarea_Current Address_currentAddress'

2022-12-01 09:22:53 - [TEST_STEP][PASSED] - setText(findTestObject("Object Repository/Reto_for/Page_ToolsQA/textarea_Permanent Address_permanentAddress"), "Dirección dos#" + x): Text 'Dirección dos#2' is set on object 'Object Repository/Reto_for/Page_ToolsQA/textarea_Permanent Address_permanentAddress'

2022-12-01 09:22:59 - [MESSAGE][PASSED] - Text 'Dirección dos#2' is set on object 'Object Repository/Reto_for/Page_ToolsQA/textarea_Permanent Address_permanentAddress'

2022-12-01 09:22:59 - [TEST_STEP][PASSED] - scrollToPosition(0, 500): Browser is scrolled to position x = 0, y = 500

2022-12-01 09:23:00 - [MESSAGE][PASSED] - Browser is scrolled to position x = 0, y = 500

2022-12-01 09:23:00 - [TEST_STEP][PASSED] - click(findTestObject("Object Repository/Reto_for/Page_ToolsQA/button_Submit")): Object: 'Object Repository/Reto_for/Page_ToolsQA/button_Submit' is clicked on

2022-12-01 09:23:05 - [MESSAGE][PASSED] - Object: 'Object Repository/Reto_for/Page_ToolsQA/button_Submit' is clicked on

2022-12-01 09:23:05 - [TEST_STEP][PASSED] - scrollToPosition(0, 100): Browser is scrolled to position x = 0, y = 100

2022-12-01 09:23:06 - [MESSAGE][PASSED] - Browser is scrolled to position x = 0, y = 100

2022-12-01 09:23:06 - [TEST_STEP][PASSED] - z = ["Carlos", "Erika", "Paco", "Rodrigo", "Juan"]: null

2022-12-01 09:23:06 - [TEST_STEP][PASSED] - rn = new java.util.Random(): null

2022-12-01 09:23:06 - [TEST_STEP][PASSED] - tx_nombre = z[rn.nextInt(size)]: null

2022-12-01 09:23:06 - [TEST_STEP][PASSED] - setText(findTestObject("Object Repository/Reto_for/Page_ToolsQA/input_Full Name_userName"), tx_nombre): Text 'Juan' is set on object 'Object Repository/Reto_for/Page_ToolsQA/input_Full Name_userName'

2022-12-01 09:23:12 - [MESSAGE][PASSED] - Text 'Juan' is set on object 'Object Repository/Reto_for/Page_ToolsQA/input_Full Name_userName'

2022-12-01 09:23:12 - [TEST_STEP][PASSED] - setText(findTestObject("Object Repository/Reto_for/Page_ToolsQA/input_Email_userEmail"), tx_nombre + "@gmail.com"): Text 'Juan@gmail.com' is set on object 'Object Repository/Reto_for/Page_ToolsQA/input_Email_userEmail'

2022-12-01 09:23:22 - [MESSAGE][PASSED] - Text 'Juan@gmail.com' is set on object 'Object Repository/Reto_for/Page_ToolsQA/input_Email_userEmail'

2022-12-01 09:23:22 - [TEST_STEP][PASSED] - setText(findTestObject("Object Repository/Reto_for/Page_ToolsQA/textarea_Current Address_currentAddress"), "Dirección#" + x): Text 'Dirección#3' is set on object 'Object Repository/Reto_for/Page_ToolsQA/textarea_Current Address_currentAddress'

2022-12-01 09:23:32 - [MESSAGE][PASSED] - Text 'Dirección#3' is set on object 'Object Repository/Reto_for/Page_ToolsQA/textarea_Current Address_currentAddress'

2022-12-01 09:23:32 - [TEST_STEP][PASSED] - setText(findTestObject("Object Repository/Reto_for/Page_ToolsQA/textarea_Permanent Address_permanentAddress"), "Dirección dos#" + x): Text 'Dirección dos#3' is set on object 'Object Repository/Reto_for/Page_ToolsQA/textarea_Permanent Address_permanentAddress'

2022-12-01 09:23:40 - [MESSAGE][PASSED] - Text 'Dirección dos#3' is set on object 'Object Repository/Reto_for/Page_ToolsQA/textarea_Permanent Address_permanentAddress'

2022-12-01 09:23:40 - [TEST_STEP][PASSED] - scrollToPosition(0, 500): Browser is scrolled to position x = 0, y = 500

2022-12-01 09:23:41 - [MESSAGE][PASSED] - Browser is scrolled to position x = 0, y = 500

2022-12-01 09:23:41 - [TEST_STEP][PASSED] - click(findTestObject("Object Repository/Reto_for/Page_ToolsQA/button_Submit")): Object: 'Object Repository/Reto_for/Page_ToolsQA/button_Submit' is clicked on

2022-12-01 09:23:44 - [MESSAGE][PASSED] - Object: 'Object Repository/Reto_for/Page_ToolsQA/button_Submit' is clicked on

2022-12-01 09:23:44 - [TEST_STEP][PASSED] - scrollToPosition(0, 100): Browser is scrolled to position x = 0, y = 100

2022-12-01 09:23:45 - [MESSAGE][PASSED] - Browser is scrolled to position x = 0, y = 100

2022-12-01 09:23:45 - [TEST_STEP][PASSED] - z = ["Carlos", "Erika", "Paco", "Rodrigo", "Juan"]: null

2022-12-01 09:23:45 - [TEST_STEP][PASSED] - rn = new java.util.Random(): null

2022-12-01 09:23:45 - [TEST_STEP][PASSED] - tx_nombre = z[rn.nextInt(size)]: null

2022-12-01 09:23:45 - [TEST_STEP][PASSED] - setText(findTestObject("Object Repository/Reto_for/Page_ToolsQA/input_Full Name_userName"), tx_nombre): Text 'Rodrigo' is set on object 'Object Repository/Reto_for/Page_ToolsQA/input_Full Name_userName'

2022-12-01 09:23:50 - [MESSAGE][PASSED] - Text 'Rodrigo' is set on object 'Object Repository/Reto_for/Page_ToolsQA/input_Full Name_userName'

2022-12-01 09:23:50 - [TEST_STEP][PASSED] - setText(findTestObject("Object Repository/Reto_for/Page_ToolsQA/input_Email_userEmail"), tx_nombre + "@gmail.com"): Text 'Rodrigo@gmail.com' is set on object 'Object Repository/Reto_for/Page_ToolsQA/input_Email_userEmail'

2022-12-01 09:23:57 - [MESSAGE][PASSED] - Text 'Rodrigo@gmail.com' is set on object 'Object Repository/Reto_for/Page_ToolsQA/input_Email_userEmail'

2022-12-01 09:23:57 - [TEST_STEP][PASSED] - setText(findTestObject("Object Repository/Reto_for/Page_ToolsQA/textarea_Current Address_currentAddress"), "Dirección#" + x): Text 'Dirección#4' is set on object 'Object Repository/Reto_for/Page_ToolsQA/textarea_Current Address_currentAddress'

2022-12-01 09:24:03 - [MESSAGE][PASSED] - Text 'Dirección#4' is set on object 'Object Repository/Reto_for/Page_ToolsQA/textarea_Current Address_currentAddress'

2022-12-01 09:24:03 - [TEST_STEP][PASSED] - setText(findTestObject("Object Repository/Reto_for/Page_ToolsQA/textarea_Permanent Address_permanentAddress"), "Dirección dos#" + x): Text 'Dirección dos#4' is set on object 'Object Repository/Reto_for/Page_ToolsQA/textarea_Permanent Address_permanentAddress'

2022-12-01 09:24:10 - [MESSAGE][PASSED] - Text 'Dirección dos#4' is set on object 'Object Repository/Reto_for/Page_ToolsQA/textarea_Permanent Address_permanentAddress'

2022-12-01 09:24:10 - [TEST_STEP][PASSED] - scrollToPosition(0, 500): Browser is scrolled to position x = 0, y = 500

2022-12-01 09:24:11 - [MESSAGE][PASSED] - Browser is scrolled to position x = 0, y = 500

2022-12-01 09:24:11 - [TEST_STEP][PASSED] - click(findTestObject("Object Repository/Reto_for/Page_ToolsQA/button_Submit")): Object: 'Object Repository/Reto_for/Page_ToolsQA/button_Submit' is clicked on

2022-12-01 09:24:14 - [MESSAGE][PASSED] - Object: 'Object Repository/Reto_for/Page_ToolsQA/button_Submit' is clicked on

2022-12-01 09:24:14 - [TEST_STEP][PASSED] - scrollToPosition(0, 100): Browser is scrolled to position x = 0, y = 100

2022-12-01 09:24:15 - [MESSAGE][PASSED] - Browser is scrolled to position x = 0, y = 100

2022-12-01 09:24:15 - [TEST_STEP][PASSED] - closeBrowser(): Browser is closed

2022-12-01 09:24:18 - [MESSAGE][PASSED] - Browser is closed]]></system-out>
         <system-err><![CDATA[]]></system-err>
      </testcase>
      <testcase name="Test Cases/BUCLES/Reto_while" time="180.757" classname="Test Cases/BUCLES/Reto_while" status="PASSED">
         <system-out><![CDATA[2022-12-01 09:24:18 - [TEST_CASE][PASSED] - Test Cases/BUCLES/Reto_while: Test Cases/BUCLES/Reto_while

2022-12-01 09:24:18 - [TEST_STEP][PASSED] - openBrowser(""): Browser is opened with url: ''

2022-12-01 09:24:18 - [MESSAGE][INFO] - User set preference: ['os', 'windows']

2022-12-01 09:24:18 - [MESSAGE][INFO] - User set preference: ['browserName', 'chrome']

2022-12-01 09:24:18 - [MESSAGE][INFO] - User set preference: ['browserVersion', '103']

2022-12-01 09:24:18 - [MESSAGE][INFO] - User set preference: ['katalon:option', '{organizationId=987205, tunnelId=, usingTunnel=false}']

2022-12-01 09:24:18 - [MESSAGE][INFO] - Connecting to remote web server 'testcloud.katalon.com/hub' with type 'Selenium'

2022-12-01 09:24:18 - [MESSAGE][INFO] - Action delay is set to 0 milliseconds

2022-12-01 09:26:52 - [MESSAGE][PASSED] - Browser is opened with url: ''

2022-12-01 09:26:52 - [TEST_STEP][PASSED] - navigateToUrl("https://www.google.com/"): Navigate to 'https://www.google.com/' successfully

2022-12-01 09:26:56 - [MESSAGE][PASSED] - Navigate to 'https://www.google.com/' successfully

2022-12-01 09:26:56 - [TEST_STEP][PASSED] - Bandera = 0: null

2022-12-01 09:26:56 - [TEST_STEP][PASSED] - while (Bandera != 1): null

2022-12-01 09:26:56 - [TEST_STEP][PASSED] - num = Math.random() * 5 - 1 + 1: null

2022-12-01 09:26:56 - [TEST_STEP][PASSED] - setText(findTestObject("Object Repository/While_google/Page_Google/input__q"), "5+" + num): Text '5+3' is set on object 'Object Repository/While_google/Page_Google/input__q'

2022-12-01 09:27:04 - [MESSAGE][PASSED] - Text '5+3' is set on object 'Object Repository/While_google/Page_Google/input__q'

2022-12-01 09:27:04 - [TEST_STEP][PASSED] - sendKeys(findTestObject("Object Repository/While_google/Page_Google/input__q"), Keys.chord(ENTER)): Keys 'ENTER + ' sent to object: 'Object Repository/While_google/Page_Google/input__q'

2022-12-01 09:27:11 - [MESSAGE][PASSED] - Keys 'ENTER + ' sent to object: 'Object Repository/While_google/Page_Google/input__q'

2022-12-01 09:27:11 - [TEST_STEP][PASSED] - Resultado = getText(findTestObject("While_google/Extras/Resultado_10")): Text of object 'Object Repository/While_google/Extras/Resultado_10' is: '8'

2022-12-01 09:27:16 - [MESSAGE][PASSED] - Text of object 'Object Repository/While_google/Extras/Resultado_10' is: '8'

2022-12-01 09:27:16 - [TEST_STEP][PASSED] - if (Resultado == "8"): Browser is closed

2022-12-01 09:27:16 - [TEST_STEP][PASSED] - Bandera = 1: null

2022-12-01 09:27:16 - [TEST_STEP][PASSED] - print("Listo termina"): null

2022-12-01 09:27:16 - [TEST_STEP][PASSED] - closeBrowser(): Browser is closed

2022-12-01 09:27:18 - [MESSAGE][PASSED] - Browser is closed

2022-12-01 09:27:18 - [TEST_STEP][PASSED] - print(Bandera + "------"): null]]></system-out>
         <system-err><![CDATA[]]></system-err>
      </testcase>
      <testcase name="Test Cases/BUCLES/Reto_while_solucion" time="224.005" classname="Test Cases/BUCLES/Reto_while_solucion" status="PASSED">
         <system-out><![CDATA[2022-12-01 09:27:18 - [TEST_CASE][PASSED] - Test Cases/BUCLES/Reto_while_solucion: Test Cases/BUCLES/Reto_while_solucion

2022-12-01 09:27:19 - [TEST_STEP][PASSED] - openBrowser(""): Browser is opened with url: ''

2022-12-01 09:27:19 - [MESSAGE][INFO] - User set preference: ['os', 'windows']

2022-12-01 09:27:19 - [MESSAGE][INFO] - User set preference: ['browserName', 'chrome']

2022-12-01 09:27:19 - [MESSAGE][INFO] - User set preference: ['browserVersion', '103']

2022-12-01 09:27:19 - [MESSAGE][INFO] - User set preference: ['katalon:option', '{organizationId=987205, tunnelId=, usingTunnel=false}']

2022-12-01 09:27:19 - [MESSAGE][INFO] - Connecting to remote web server 'testcloud.katalon.com/hub' with type 'Selenium'

2022-12-01 09:27:19 - [MESSAGE][INFO] - Action delay is set to 0 milliseconds

2022-12-01 09:30:01 - [MESSAGE][PASSED] - Browser is opened with url: ''

2022-12-01 09:30:01 - [TEST_STEP][PASSED] - navigateToUrl("https://www.google.com/"): Navigate to 'https://www.google.com/' successfully

2022-12-01 09:30:04 - [MESSAGE][PASSED] - Navigate to 'https://www.google.com/' successfully

2022-12-01 09:30:04 - [TEST_STEP][PASSED] - Res = 0: null

2022-12-01 09:30:04 - [TEST_STEP][PASSED] - while (Res != 8): Browser is closed

2022-12-01 09:30:04 - [TEST_STEP][PASSED] - num = Math.random() * 5 - 1 + 1: null

2022-12-01 09:30:04 - [TEST_STEP][PASSED] - setText(findTestObject("Object Repository/Reto_while1/Page_Google/input__q"), "5+" + num): Text '5+1' is set on object 'Object Repository/Reto_while1/Page_Google/input__q'

2022-12-01 09:30:10 - [MESSAGE][PASSED] - Text '5+1' is set on object 'Object Repository/Reto_while1/Page_Google/input__q'

2022-12-01 09:30:10 - [TEST_STEP][PASSED] - sendKeys(findTestObject("Object Repository/Reto_while1/Page_Google/input__q"), Keys.chord(ENTER)): Keys 'ENTER + ' sent to object: 'Object Repository/Reto_while1/Page_Google/input__q'

2022-12-01 09:30:16 - [MESSAGE][PASSED] - Keys 'ENTER + ' sent to object: 'Object Repository/Reto_while1/Page_Google/input__q'

2022-12-01 09:30:16 - [TEST_STEP][PASSED] - Res = getText(findTestObject("Reto_while1/Resultado_8")).toInteger(): Text of object 'Object Repository/Reto_while1/Resultado_8' is: '6'

2022-12-01 09:30:18 - [MESSAGE][PASSED] - Text of object 'Object Repository/Reto_while1/Resultado_8' is: '6'

2022-12-01 09:30:18 - [TEST_STEP][PASSED] - if (Res == 8): null

2022-12-01 09:30:18 - [TEST_STEP][PASSED] - num = Math.random() * 5 - 1 + 1: null

2022-12-01 09:30:18 - [TEST_STEP][PASSED] - setText(findTestObject("Object Repository/Reto_while1/Page_Google/input__q"), "5+" + num): Text '5+2' is set on object 'Object Repository/Reto_while1/Page_Google/input__q'

2022-12-01 09:30:24 - [MESSAGE][PASSED] - Text '5+2' is set on object 'Object Repository/Reto_while1/Page_Google/input__q'

2022-12-01 09:30:24 - [TEST_STEP][PASSED] - sendKeys(findTestObject("Object Repository/Reto_while1/Page_Google/input__q"), Keys.chord(ENTER)): Keys 'ENTER + ' sent to object: 'Object Repository/Reto_while1/Page_Google/input__q'

2022-12-01 09:30:28 - [MESSAGE][PASSED] - Keys 'ENTER + ' sent to object: 'Object Repository/Reto_while1/Page_Google/input__q'

2022-12-01 09:30:28 - [TEST_STEP][PASSED] - Res = getText(findTestObject("Reto_while1/Resultado_8")).toInteger(): Text of object 'Object Repository/Reto_while1/Resultado_8' is: '7'

2022-12-01 09:30:34 - [MESSAGE][PASSED] - Text of object 'Object Repository/Reto_while1/Resultado_8' is: '7'

2022-12-01 09:30:34 - [TEST_STEP][PASSED] - if (Res == 8): null

2022-12-01 09:30:34 - [TEST_STEP][PASSED] - num = Math.random() * 5 - 1 + 1: null

2022-12-01 09:30:34 - [TEST_STEP][PASSED] - setText(findTestObject("Object Repository/Reto_while1/Page_Google/input__q"), "5+" + num): Text '5+2' is set on object 'Object Repository/Reto_while1/Page_Google/input__q'

2022-12-01 09:30:39 - [MESSAGE][PASSED] - Text '5+2' is set on object 'Object Repository/Reto_while1/Page_Google/input__q'

2022-12-01 09:30:39 - [TEST_STEP][PASSED] - sendKeys(findTestObject("Object Repository/Reto_while1/Page_Google/input__q"), Keys.chord(ENTER)): Keys 'ENTER + ' sent to object: 'Object Repository/Reto_while1/Page_Google/input__q'

2022-12-01 09:30:43 - [MESSAGE][PASSED] - Keys 'ENTER + ' sent to object: 'Object Repository/Reto_while1/Page_Google/input__q'

2022-12-01 09:30:43 - [TEST_STEP][PASSED] - Res = getText(findTestObject("Reto_while1/Resultado_8")).toInteger(): Text of object 'Object Repository/Reto_while1/Resultado_8' is: '7'

2022-12-01 09:30:46 - [MESSAGE][PASSED] - Text of object 'Object Repository/Reto_while1/Resultado_8' is: '7'

2022-12-01 09:30:46 - [TEST_STEP][PASSED] - if (Res == 8): null

2022-12-01 09:30:46 - [TEST_STEP][PASSED] - num = Math.random() * 5 - 1 + 1: null

2022-12-01 09:30:46 - [TEST_STEP][PASSED] - setText(findTestObject("Object Repository/Reto_while1/Page_Google/input__q"), "5+" + num): Text '5+3' is set on object 'Object Repository/Reto_while1/Page_Google/input__q'

2022-12-01 09:30:51 - [MESSAGE][PASSED] - Text '5+3' is set on object 'Object Repository/Reto_while1/Page_Google/input__q'

2022-12-01 09:30:51 - [TEST_STEP][PASSED] - sendKeys(findTestObject("Object Repository/Reto_while1/Page_Google/input__q"), Keys.chord(ENTER)): Keys 'ENTER + ' sent to object: 'Object Repository/Reto_while1/Page_Google/input__q'

2022-12-01 09:30:57 - [MESSAGE][PASSED] - Keys 'ENTER + ' sent to object: 'Object Repository/Reto_while1/Page_Google/input__q'

2022-12-01 09:30:57 - [TEST_STEP][PASSED] - Res = getText(findTestObject("Reto_while1/Resultado_8")).toInteger(): Text of object 'Object Repository/Reto_while1/Resultado_8' is: '8'

2022-12-01 09:31:00 - [MESSAGE][PASSED] - Text of object 'Object Repository/Reto_while1/Resultado_8' is: '8'

2022-12-01 09:31:00 - [TEST_STEP][PASSED] - if (Res == 8): Browser is closed

2022-12-01 09:31:00 - [TEST_STEP][PASSED] - closeBrowser(): Browser is closed

2022-12-01 09:31:02 - [MESSAGE][PASSED] - Browser is closed]]></system-out>
         <system-err><![CDATA[]]></system-err>
      </testcase>
      <testcase name="Test Cases/BUCLES/Test_1" time="541.812" classname="Test Cases/BUCLES/Test_1" status="PASSED">
         <system-out><![CDATA[2022-12-01 09:31:02 - [TEST_CASE][PASSED] - Test Cases/BUCLES/Test_1: Test Cases/BUCLES/Test_1

2022-12-01 09:31:03 - [TEST_STEP][PASSED] - openBrowser(""): Browser is opened with url: ''

2022-12-01 09:31:03 - [MESSAGE][INFO] - User set preference: ['os', 'windows']

2022-12-01 09:31:03 - [MESSAGE][INFO] - User set preference: ['browserName', 'chrome']

2022-12-01 09:31:03 - [MESSAGE][INFO] - User set preference: ['browserVersion', '103']

2022-12-01 09:31:03 - [MESSAGE][INFO] - User set preference: ['katalon:option', '{organizationId=987205, tunnelId=, usingTunnel=false}']

2022-12-01 09:31:03 - [MESSAGE][INFO] - Connecting to remote web server 'testcloud.katalon.com/hub' with type 'Selenium'

2022-12-01 09:31:03 - [MESSAGE][INFO] - Action delay is set to 0 milliseconds

2022-12-01 09:33:40 - [MESSAGE][PASSED] - Browser is opened with url: ''

2022-12-01 09:33:40 - [TEST_STEP][PASSED] - navigateToUrl("https://demoqa.com/text-box"): Navigate to 'https://demoqa.com/text-box' successfully

2022-12-01 09:33:45 - [MESSAGE][PASSED] - Navigate to 'https://demoqa.com/text-box' successfully

2022-12-01 09:33:45 - [TEST_STEP][PASSED] - for ([x = 1, x <= 2, (x++)]): null

2022-12-01 09:33:45 - [TEST_STEP][PASSED] - openBrowser(""): Browser is opened with url: ''

2022-12-01 09:33:45 - [MESSAGE][WARNING] - A browser is already opened. Closing browser and opening a new one

2022-12-01 09:33:56 - [MESSAGE][INFO] - User set preference: ['os', 'windows']

2022-12-01 09:33:56 - [MESSAGE][INFO] - User set preference: ['browserName', 'chrome']

2022-12-01 09:33:56 - [MESSAGE][INFO] - User set preference: ['browserVersion', '103']

2022-12-01 09:33:56 - [MESSAGE][INFO] - User set preference: ['katalon:option', '{organizationId=987205, tunnelId=, usingTunnel=false}']

2022-12-01 09:33:56 - [MESSAGE][INFO] - Connecting to remote web server 'testcloud.katalon.com/hub' with type 'Selenium'

2022-12-01 09:33:56 - [MESSAGE][INFO] - Action delay is set to 0 milliseconds

2022-12-01 09:36:46 - [MESSAGE][PASSED] - Browser is opened with url: ''

2022-12-01 09:36:46 - [TEST_STEP][PASSED] - navigateToUrl("https://demoqa.com/text-box"): Navigate to 'https://demoqa.com/text-box' successfully

2022-12-01 09:36:50 - [MESSAGE][PASSED] - Navigate to 'https://demoqa.com/text-box' successfully

2022-12-01 09:36:50 - [TEST_STEP][PASSED] - RN = Math.random() * 10 - 1 + 1: null

2022-12-01 09:36:50 - [TEST_STEP][PASSED] - print("Numero : " + RN + "----"): null

2022-12-01 09:36:50 - [TEST_STEP][PASSED] - z = ["Demo1", "Demo2", "Demo3", "Demo4", "Demo5"]: null

2022-12-01 09:36:50 - [TEST_STEP][PASSED] - rnd = new java.util.Random(): null

2022-12-01 09:36:50 - [TEST_STEP][PASSED] - texto = z[rnd.nextInt(size)]: null

2022-12-01 09:36:50 - [TEST_STEP][PASSED] - print(texto): null

2022-12-01 09:36:50 - [TEST_STEP][PASSED] - openBrowser(""): Browser is opened with url: ''

2022-12-01 09:36:50 - [MESSAGE][WARNING] - A browser is already opened. Closing browser and opening a new one

2022-12-01 09:36:58 - [MESSAGE][INFO] - User set preference: ['os', 'windows']

2022-12-01 09:36:58 - [MESSAGE][INFO] - User set preference: ['browserName', 'chrome']

2022-12-01 09:36:58 - [MESSAGE][INFO] - User set preference: ['browserVersion', '103']

2022-12-01 09:36:58 - [MESSAGE][INFO] - User set preference: ['katalon:option', '{organizationId=987205, tunnelId=, usingTunnel=false}']

2022-12-01 09:36:58 - [MESSAGE][INFO] - Connecting to remote web server 'testcloud.katalon.com/hub' with type 'Selenium'

2022-12-01 09:36:58 - [MESSAGE][INFO] - Action delay is set to 0 milliseconds

2022-12-01 09:39:57 - [MESSAGE][PASSED] - Browser is opened with url: ''

2022-12-01 09:39:57 - [TEST_STEP][PASSED] - navigateToUrl("https://demoqa.com/text-box"): Navigate to 'https://demoqa.com/text-box' successfully

2022-12-01 09:40:00 - [MESSAGE][PASSED] - Navigate to 'https://demoqa.com/text-box' successfully

2022-12-01 09:40:00 - [TEST_STEP][PASSED] - RN = Math.random() * 10 - 1 + 1: null

2022-12-01 09:40:00 - [TEST_STEP][PASSED] - print("Numero : " + RN + "----"): null

2022-12-01 09:40:00 - [TEST_STEP][PASSED] - z = ["Demo1", "Demo2", "Demo3", "Demo4", "Demo5"]: null

2022-12-01 09:40:00 - [TEST_STEP][PASSED] - rnd = new java.util.Random(): null

2022-12-01 09:40:00 - [TEST_STEP][PASSED] - texto = z[rnd.nextInt(size)]: null

2022-12-01 09:40:00 - [TEST_STEP][PASSED] - print(texto): null

2022-12-01 09:40:00 - [TEST_STEP][PASSED] - closeBrowser(): Browser is closed

2022-12-01 09:40:04 - [MESSAGE][PASSED] - Browser is closed]]></system-out>
         <system-err><![CDATA[]]></system-err>
      </testcase>
      <testcase name="Test Cases/BUCLES/Test_2" time="178.274" classname="Test Cases/BUCLES/Test_2" status="PASSED">
         <system-out><![CDATA[2022-12-01 09:40:04 - [TEST_CASE][PASSED] - Test Cases/BUCLES/Test_2: Test Cases/BUCLES/Test_2

2022-12-01 09:40:05 - [TEST_STEP][PASSED] - openBrowser(""): Browser is opened with url: ''

2022-12-01 09:40:05 - [MESSAGE][INFO] - User set preference: ['os', 'windows']

2022-12-01 09:40:05 - [MESSAGE][INFO] - User set preference: ['browserName', 'chrome']

2022-12-01 09:40:05 - [MESSAGE][INFO] - User set preference: ['browserVersion', '103']

2022-12-01 09:40:05 - [MESSAGE][INFO] - User set preference: ['katalon:option', '{organizationId=987205, tunnelId=, usingTunnel=false}']

2022-12-01 09:40:05 - [MESSAGE][INFO] - Connecting to remote web server 'testcloud.katalon.com/hub' with type 'Selenium'

2022-12-01 09:40:05 - [MESSAGE][INFO] - Action delay is set to 0 milliseconds

2022-12-01 09:42:53 - [MESSAGE][PASSED] - Browser is opened with url: ''

2022-12-01 09:42:53 - [TEST_STEP][PASSED] - navigateToUrl("https://demoqa.com/text-box"): Navigate to 'https://demoqa.com/text-box' successfully

2022-12-01 09:42:56 - [MESSAGE][PASSED] - Navigate to 'https://demoqa.com/text-box' successfully

2022-12-01 09:42:56 - [TEST_STEP][PASSED] - for ([x = 1, x <= 10, x = x + 2]): null

2022-12-01 09:42:56 - [TEST_STEP][PASSED] - print(" hola mundo " + x + "-------"): null

2022-12-01 09:42:56 - [TEST_STEP][PASSED] - print(" hola mundo " + x + "-------"): null

2022-12-01 09:42:56 - [TEST_STEP][PASSED] - print(" hola mundo " + x + "-------"): null

2022-12-01 09:42:56 - [TEST_STEP][PASSED] - print(" hola mundo " + x + "-------"): null

2022-12-01 09:42:56 - [TEST_STEP][PASSED] - print(" hola mundo " + x + "-------"): null

2022-12-01 09:42:56 - [TEST_STEP][PASSED] - closeBrowser(): Browser is closed

2022-12-01 09:43:03 - [MESSAGE][PASSED] - Browser is closed]]></system-out>
         <system-err><![CDATA[]]></system-err>
      </testcase>
      <testcase name="Test Cases/BUCLES/Test_while" time="161.707" classname="Test Cases/BUCLES/Test_while" status="PASSED">
         <system-out><![CDATA[2022-12-01 09:43:03 - [TEST_CASE][PASSED] - Test Cases/BUCLES/Test_while: Test Cases/BUCLES/Test_while

2022-12-01 09:43:03 - [TEST_STEP][PASSED] - openBrowser(""): Browser is opened with url: ''

2022-12-01 09:43:03 - [MESSAGE][INFO] - User set preference: ['os', 'windows']

2022-12-01 09:43:03 - [MESSAGE][INFO] - User set preference: ['browserName', 'chrome']

2022-12-01 09:43:03 - [MESSAGE][INFO] - User set preference: ['browserVersion', '103']

2022-12-01 09:43:03 - [MESSAGE][INFO] - User set preference: ['katalon:option', '{organizationId=987205, tunnelId=, usingTunnel=false}']

2022-12-01 09:43:03 - [MESSAGE][INFO] - Connecting to remote web server 'testcloud.katalon.com/hub' with type 'Selenium'

2022-12-01 09:43:03 - [MESSAGE][INFO] - Action delay is set to 0 milliseconds

2022-12-01 09:45:36 - [MESSAGE][PASSED] - Browser is opened with url: ''

2022-12-01 09:45:36 - [TEST_STEP][PASSED] - navigateToUrl("https://demoqa.com/text-box"): Navigate to 'https://demoqa.com/text-box' successfully

2022-12-01 09:45:39 - [MESSAGE][PASSED] - Navigate to 'https://demoqa.com/text-box' successfully

2022-12-01 09:45:39 - [TEST_STEP][PASSED] - maximizeWindow(): Current window maximized

2022-12-01 09:45:41 - [MESSAGE][PASSED] - Current window maximized

2022-12-01 09:45:41 - [TEST_STEP][PASSED] - waitForPageLoad(5): Wait for page load successfully

2022-12-01 09:45:41 - [MESSAGE][PASSED] - Wait for page load successfully

2022-12-01 09:45:41 - [TEST_STEP][PASSED] - x = 1: null

2022-12-01 09:45:41 - [TEST_STEP][PASSED] - while (x <= 3): null

2022-12-01 09:45:41 - [TEST_STEP][PASSED] - print("Hola " + x + "----------"): null

2022-12-01 09:45:41 - [TEST_STEP][PASSED] - (x++): null

2022-12-01 09:45:41 - [TEST_STEP][PASSED] - print("Hola " + x + "----------"): null

2022-12-01 09:45:41 - [TEST_STEP][PASSED] - (x++): null

2022-12-01 09:45:41 - [TEST_STEP][PASSED] - print("Hola " + x + "----------"): null

2022-12-01 09:45:41 - [TEST_STEP][PASSED] - (x++): null

2022-12-01 09:45:41 - [TEST_STEP][PASSED] - closeBrowser(): Browser is closed

2022-12-01 09:45:44 - [MESSAGE][PASSED] - Browser is closed]]></system-out>
         <system-err><![CDATA[]]></system-err>
      </testcase>
      <testcase name="Test Cases/BUCLES/Test_while2" time="169.679" classname="Test Cases/BUCLES/Test_while2" status="PASSED">
         <system-out><![CDATA[2022-12-01 09:45:44 - [TEST_CASE][PASSED] - Test Cases/BUCLES/Test_while2: Test Cases/BUCLES/Test_while2

2022-12-01 09:45:45 - [TEST_STEP][PASSED] - openBrowser(""): Browser is opened with url: ''

2022-12-01 09:45:45 - [MESSAGE][INFO] - User set preference: ['os', 'windows']

2022-12-01 09:45:45 - [MESSAGE][INFO] - User set preference: ['browserName', 'chrome']

2022-12-01 09:45:45 - [MESSAGE][INFO] - User set preference: ['browserVersion', '103']

2022-12-01 09:45:45 - [MESSAGE][INFO] - User set preference: ['katalon:option', '{organizationId=987205, tunnelId=, usingTunnel=false}']

2022-12-01 09:45:45 - [MESSAGE][INFO] - Connecting to remote web server 'testcloud.katalon.com/hub' with type 'Selenium'

2022-12-01 09:45:45 - [MESSAGE][INFO] - Action delay is set to 0 milliseconds

2022-12-01 09:48:18 - [MESSAGE][PASSED] - Browser is opened with url: ''

2022-12-01 09:48:18 - [TEST_STEP][PASSED] - navigateToUrl("https://demoqa.com/text-box"): Navigate to 'https://demoqa.com/text-box' successfully

2022-12-01 09:48:21 - [MESSAGE][PASSED] - Navigate to 'https://demoqa.com/text-box' successfully

2022-12-01 09:48:21 - [TEST_STEP][PASSED] - maximizeWindow(): Current window maximized

2022-12-01 09:48:22 - [MESSAGE][PASSED] - Current window maximized

2022-12-01 09:48:22 - [TEST_STEP][PASSED] - waitForPageLoad(5): Wait for page load successfully

2022-12-01 09:48:22 - [MESSAGE][PASSED] - Wait for page load successfully

2022-12-01 09:48:22 - [TEST_STEP][PASSED] - x = 1: null

2022-12-01 09:48:22 - [TEST_STEP][PASSED] - while (x <= 5): null

2022-12-01 09:48:22 - [TEST_STEP][PASSED] - print("Valor de X" + x + "------>"): null

2022-12-01 09:48:22 - [TEST_STEP][PASSED] - (x++): null

2022-12-01 09:48:22 - [TEST_STEP][PASSED] - print("Valor de X" + x + "------>"): null

2022-12-01 09:48:22 - [TEST_STEP][PASSED] - (x++): null

2022-12-01 09:48:22 - [TEST_STEP][PASSED] - print("Valor de X" + x + "------>"): null

2022-12-01 09:48:22 - [TEST_STEP][PASSED] - (x++): null

2022-12-01 09:48:22 - [TEST_STEP][PASSED] - print("Valor de X" + x + "------>"): null

2022-12-01 09:48:22 - [TEST_STEP][PASSED] - (x++): null

2022-12-01 09:48:22 - [TEST_STEP][PASSED] - print("Valor de X" + x + "------>"): null

2022-12-01 09:48:22 - [TEST_STEP][PASSED] - (x++): null

2022-12-01 09:48:22 - [TEST_STEP][PASSED] - closeBrowser(): Browser is closed

2022-12-01 09:48:34 - [MESSAGE][PASSED] - Browser is closed]]></system-out>
         <system-err><![CDATA[]]></system-err>
      </testcase>
      <testcase name="Test Cases/Drive_excel/Drive_excel" time="175.326" classname="Test Cases/Drive_excel/Drive_excel" status="PASSED">
         <system-out><![CDATA[2022-12-01 09:48:34 - [TEST_CASE][PASSED] - Test Cases/Drive_excel/Drive_excel: Test Cases/Drive_excel/Drive_excel

2022-12-01 09:48:35 - [TEST_STEP][PASSED] - openBrowser(""): Browser is opened with url: ''

2022-12-01 09:48:35 - [MESSAGE][INFO] - User set preference: ['os', 'windows']

2022-12-01 09:48:35 - [MESSAGE][INFO] - User set preference: ['browserName', 'chrome']

2022-12-01 09:48:35 - [MESSAGE][INFO] - User set preference: ['browserVersion', '103']

2022-12-01 09:48:35 - [MESSAGE][INFO] - User set preference: ['katalon:option', '{organizationId=987205, tunnelId=, usingTunnel=false}']

2022-12-01 09:48:35 - [MESSAGE][INFO] - Connecting to remote web server 'testcloud.katalon.com/hub' with type 'Selenium'

2022-12-01 09:48:35 - [MESSAGE][INFO] - Action delay is set to 0 milliseconds

2022-12-01 09:51:03 - [MESSAGE][PASSED] - Browser is opened with url: ''

2022-12-01 09:51:03 - [TEST_STEP][PASSED] - navigateToUrl("https://demoqa.com/automation-practice-form"): Navigate to 'https://demoqa.com/automation-practice-form' successfully

2022-12-01 09:51:05 - [MESSAGE][PASSED] - Navigate to 'https://demoqa.com/automation-practice-form' successfully

2022-12-01 09:51:05 - [TEST_STEP][PASSED] - waitForPageLoad(40): Wait for page load successfully

2022-12-01 09:51:07 - [MESSAGE][PASSED] - Wait for page load successfully

2022-12-01 09:51:07 - [TEST_STEP][PASSED] - maximizeWindow(): Current window maximized

2022-12-01 09:51:08 - [MESSAGE][PASSED] - Current window maximized

2022-12-01 09:51:08 - [TEST_STEP][PASSED] - setText(findTestObject("Object Repository/Drive_excel/Page_ToolsQA/input_Name_firstName"), nombre): Text '' is set on object 'Object Repository/Drive_excel/Page_ToolsQA/input_Name_firstName'

2022-12-01 09:51:14 - [MESSAGE][PASSED] - Text '' is set on object 'Object Repository/Drive_excel/Page_ToolsQA/input_Name_firstName'

2022-12-01 09:51:14 - [TEST_STEP][PASSED] - setText(findTestObject("Object Repository/Drive_excel/Page_ToolsQA/input_Name_lastName"), apellido): Text '' is set on object 'Object Repository/Drive_excel/Page_ToolsQA/input_Name_lastName'

2022-12-01 09:51:20 - [MESSAGE][PASSED] - Text '' is set on object 'Object Repository/Drive_excel/Page_ToolsQA/input_Name_lastName'

2022-12-01 09:51:20 - [TEST_STEP][PASSED] - setText(findTestObject("Object Repository/Drive_excel/Page_ToolsQA/input_Email_userEmail"), email): Text '' is set on object 'Object Repository/Drive_excel/Page_ToolsQA/input_Email_userEmail'

2022-12-01 09:51:24 - [MESSAGE][PASSED] - Text '' is set on object 'Object Repository/Drive_excel/Page_ToolsQA/input_Email_userEmail'

2022-12-01 09:51:24 - [TEST_STEP][PASSED] - delay(2): Delayed 2 second(s)

2022-12-01 09:51:26 - [MESSAGE][PASSED] - Delayed 2 second(s)

2022-12-01 09:51:26 - [TEST_STEP][PASSED] - closeBrowser(): Browser is closed

2022-12-01 09:51:29 - [MESSAGE][PASSED] - Browser is closed]]></system-out>
         <system-err><![CDATA[]]></system-err>
      </testcase>
      <testcase name="Test Cases/Navegador/Navegador" time="164.654" classname="Test Cases/Navegador/Navegador" status="PASSED">
         <system-out><![CDATA[2022-12-01 09:51:29 - [TEST_CASE][PASSED] - Test Cases/Navegador/Navegador: Test Cases/Navegador/Navegador

2022-12-01 09:51:29 - [TEST_STEP][PASSED] - openBrowser("https://demoqa.com/text-box"): Browser is opened with url: 'https://demoqa.com/text-box'

2022-12-01 09:51:29 - [MESSAGE][INFO] - User set preference: ['os', 'windows']

2022-12-01 09:51:29 - [MESSAGE][INFO] - User set preference: ['browserName', 'chrome']

2022-12-01 09:51:29 - [MESSAGE][INFO] - User set preference: ['browserVersion', '103']

2022-12-01 09:51:29 - [MESSAGE][INFO] - User set preference: ['katalon:option', '{organizationId=987205, tunnelId=, usingTunnel=false}']

2022-12-01 09:51:29 - [MESSAGE][INFO] - Connecting to remote web server 'testcloud.katalon.com/hub' with type 'Selenium'

2022-12-01 09:51:29 - [MESSAGE][INFO] - Action delay is set to 0 milliseconds

2022-12-01 09:54:01 - [MESSAGE][PASSED] - Browser is opened with url: 'https://demoqa.com/text-box'

2022-12-01 09:54:01 - [TEST_STEP][PASSED] - maximizeWindow(): Current window maximized

2022-12-01 09:54:02 - [MESSAGE][PASSED] - Current window maximized

2022-12-01 09:54:02 - [TEST_STEP][PASSED] - page_url = getUrl(): Current window's url is: 'https://demoqa.com/text-box'

2022-12-01 09:54:03 - [MESSAGE][PASSED] - Current window's url is: 'https://demoqa.com/text-box'

2022-12-01 09:54:03 - [TEST_STEP][PASSED] - print(page_url): null

2022-12-01 09:54:03 - [TEST_STEP][PASSED] - Titulo = getWindowTitle(): Current window's title is: 'ToolsQA'

2022-12-01 09:54:03 - [MESSAGE][PASSED] - Current window's title is: 'ToolsQA'

2022-12-01 09:54:03 - [TEST_STEP][PASSED] - print("titiulo de la pagina" + Titulo): null

2022-12-01 09:54:03 - [TEST_STEP][PASSED] - closeBrowser(): Browser is closed

2022-12-01 09:54:14 - [MESSAGE][PASSED] - Browser is closed]]></system-out>
         <system-err><![CDATA[]]></system-err>
      </testcase>
      <testcase name="Test Cases/Objecto_xpath/Caso_xpath" time="181.845" classname="Test Cases/Objecto_xpath/Caso_xpath" status="PASSED">
         <system-out><![CDATA[2022-12-01 09:54:14 - [TEST_CASE][PASSED] - Test Cases/Objecto_xpath/Caso_xpath: Test Cases/Objecto_xpath/Caso_xpath

2022-12-01 09:54:14 - [TEST_STEP][PASSED] - openBrowser(""): Browser is opened with url: ''

2022-12-01 09:54:14 - [MESSAGE][INFO] - User set preference: ['os', 'windows']

2022-12-01 09:54:14 - [MESSAGE][INFO] - User set preference: ['browserName', 'chrome']

2022-12-01 09:54:14 - [MESSAGE][INFO] - User set preference: ['browserVersion', '103']

2022-12-01 09:54:14 - [MESSAGE][INFO] - User set preference: ['katalon:option', '{organizationId=987205, tunnelId=, usingTunnel=false}']

2022-12-01 09:54:14 - [MESSAGE][INFO] - Connecting to remote web server 'testcloud.katalon.com/hub' with type 'Selenium'

2022-12-01 09:54:14 - [MESSAGE][INFO] - Action delay is set to 0 milliseconds

2022-12-01 09:57:00 - [MESSAGE][PASSED] - Browser is opened with url: ''

2022-12-01 09:57:00 - [TEST_STEP][PASSED] - navigateToUrl("https://demoqa.com/text-box"): Navigate to 'https://demoqa.com/text-box' successfully

2022-12-01 09:57:03 - [MESSAGE][PASSED] - Navigate to 'https://demoqa.com/text-box' successfully

2022-12-01 09:57:03 - [TEST_STEP][PASSED] - maximizeWindow(): Current window maximized

2022-12-01 09:57:03 - [MESSAGE][PASSED] - Current window maximized

2022-12-01 09:57:03 - [TEST_STEP][PASSED] - setText(findTestObject("Objeto_xpath/Campo_nombre"), "Ljubo"): Text 'Ljubo' is set on object 'Object Repository/Objeto_xpath/Campo_nombre'

2022-12-01 09:57:10 - [MESSAGE][PASSED] - Text 'Ljubo' is set on object 'Object Repository/Objeto_xpath/Campo_nombre'

2022-12-01 09:57:10 - [TEST_STEP][PASSED] - delay(3): Delayed 3 second(s)

2022-12-01 09:57:13 - [MESSAGE][PASSED] - Delayed 3 second(s)

2022-12-01 09:57:13 - [TEST_STEP][PASSED] - closeBrowser(): Browser is closed

2022-12-01 09:57:16 - [MESSAGE][PASSED] - Browser is closed]]></system-out>
         <system-err><![CDATA[]]></system-err>
      </testcase>
      <testcase name="Test Cases/Condicionales_If/Condicionar_titulo" time="180.403" classname="Test Cases/Condicionales_If/Condicionar_titulo" status="PASSED">
         <system-out><![CDATA[2022-12-01 09:57:16 - [TEST_CASE][PASSED] - Test Cases/Condicionales_If/Condicionar_titulo: Test Cases/Condicionales_If/Condicionar_titulo

2022-12-01 09:57:16 - [TEST_STEP][PASSED] - openBrowser(""): Browser is opened with url: ''

2022-12-01 09:57:16 - [MESSAGE][INFO] - User set preference: ['os', 'windows']

2022-12-01 09:57:16 - [MESSAGE][INFO] - User set preference: ['browserName', 'chrome']

2022-12-01 09:57:16 - [MESSAGE][INFO] - User set preference: ['browserVersion', '103']

2022-12-01 09:57:16 - [MESSAGE][INFO] - User set preference: ['katalon:option', '{organizationId=987205, tunnelId=, usingTunnel=false}']

2022-12-01 09:57:16 - [MESSAGE][INFO] - Connecting to remote web server 'testcloud.katalon.com/hub' with type 'Selenium'

2022-12-01 09:57:16 - [MESSAGE][INFO] - Action delay is set to 0 milliseconds

2022-12-01 09:59:53 - [MESSAGE][PASSED] - Browser is opened with url: ''

2022-12-01 09:59:53 - [TEST_STEP][PASSED] - navigateToUrl("https://demoqa.com/"): Navigate to 'https://demoqa.com/' successfully

2022-12-01 09:59:57 - [MESSAGE][PASSED] - Navigate to 'https://demoqa.com/' successfully

2022-12-01 09:59:57 - [TEST_STEP][PASSED] - maximizeWindow(): Current window maximized

2022-12-01 09:59:58 - [MESSAGE][PASSED] - Current window maximized

2022-12-01 09:59:58 - [TEST_STEP][PASSED] - waitForPageLoad(5): Wait for page load successfully

2022-12-01 09:59:58 - [MESSAGE][PASSED] - Wait for page load successfully

2022-12-01 09:59:58 - [TEST_STEP][PASSED] - Existe = waitForElementVisible(findTestObject("Condicionales/Texto_radio"), 3): Web element with id: 'Object Repository/Condicionales/Texto_radio' located by '//div[@class='main-header'][contains(.,'Radio Button')]' not found

2022-12-01 10:00:02 - [MESSAGE][INFO] - Unable to find the element located by 'By.xpath: //div[@class='main-header'][contains(.,'Radio Button')]'. Please recheck the objects properties to make sure the desired element is located. 

2022-12-01 10:00:02 - [MESSAGE][WARNING] - [SELF-HEALING] Failed to find element with id 'Object Repository/Condicionales/Texto_radio'. Try using Self-healing.

2022-12-01 10:00:03 - [MESSAGE][INFO] - [SELF-HEALING] No working XPath is found.

2022-12-01 10:00:06 - [MESSAGE][INFO] - Unable to find the element located by 'By.xpath: '. Please recheck the objects properties to make sure the desired element is located. 

2022-12-01 10:00:06 - [MESSAGE][WARNING] - [SELF-HEALING] Cannot find elements when the selector is null

2022-12-01 10:00:06 - [MESSAGE][WARNING] - Web element with id: 'Object Repository/Condicionales/Texto_radio' located by '//div[@class='main-header'][contains(.,'Radio Button')]' not found

2022-12-01 10:00:06 - [TEST_STEP][PASSED] - print(Existe): null

2022-12-01 10:00:06 - [TEST_STEP][PASSED] - if (Existe == true): null

2022-12-01 10:00:06 - [TEST_STEP][PASSED] - else: Browser is closed

2022-12-01 10:00:06 - [TEST_STEP][PASSED] - print("-----  Error no esta el elemento de texto radio ------"): null

2022-12-01 10:00:06 - [TEST_STEP][PASSED] - navigateToUrl("https://demoqa.com/radio-button"): Navigate to 'https://demoqa.com/radio-button' successfully

2022-12-01 10:00:07 - [MESSAGE][PASSED] - Navigate to 'https://demoqa.com/radio-button' successfully

2022-12-01 10:00:07 - [TEST_STEP][PASSED] - click(findTestObject("Condicionales/Objeto_yes")): Object: 'Object Repository/Condicionales/Objeto_yes' is clicked on

2022-12-01 10:00:11 - [MESSAGE][PASSED] - Object: 'Object Repository/Condicionales/Objeto_yes' is clicked on

2022-12-01 10:00:11 - [TEST_STEP][PASSED] - delay(2): Delayed 2 second(s)

2022-12-01 10:00:13 - [MESSAGE][PASSED] - Delayed 2 second(s)

2022-12-01 10:00:13 - [TEST_STEP][PASSED] - closeBrowser(): Browser is closed

2022-12-01 10:00:16 - [MESSAGE][PASSED] - Browser is closed]]></system-out>
         <system-err><![CDATA[]]></system-err>
      </testcase>
      <testcase name="Test Cases/Condicionales_If/Test_1" time="0.048" classname="Test Cases/Condicionales_If/Test_1" status="PASSED">
         <system-out><![CDATA[2022-12-01 10:00:16 - [TEST_CASE][PASSED] - Test Cases/Condicionales_If/Test_1: Test Cases/Condicionales_If/Test_1

2022-12-01 10:00:17 - [TEST_STEP][PASSED] - if (num == 10): null

2022-12-01 10:00:17 - [TEST_STEP][PASSED] - else: null

2022-12-01 10:00:17 - [TEST_STEP][PASSED] - print("El numero no es un 10 es el numero:  " + num + "#####"): null]]></system-out>
         <system-err><![CDATA[]]></system-err>
      </testcase>
      <testcase name="Test Cases/Condicionales_If/Test_2" time="0.033" classname="Test Cases/Condicionales_If/Test_2" status="PASSED">
         <system-out><![CDATA[2022-12-01 10:00:17 - [TEST_CASE][PASSED] - Test Cases/Condicionales_If/Test_2: Test Cases/Condicionales_If/Test_2

2022-12-01 10:00:17 - [TEST_STEP][PASSED] - if (num == 5): null

2022-12-01 10:00:17 - [TEST_STEP][PASSED] - if (num == 10): null

2022-12-01 10:00:17 - [TEST_STEP][PASSED] - println("El valor de la variables es un: 10"): null]]></system-out>
         <system-err><![CDATA[]]></system-err>
      </testcase>
      <testcase name="Test Cases/Condicionales_If/Test_3" time="0.031" classname="Test Cases/Condicionales_If/Test_3" status="PASSED">
         <system-out><![CDATA[2022-12-01 10:00:17 - [TEST_CASE][PASSED] - Test Cases/Condicionales_If/Test_3: Test Cases/Condicionales_If/Test_3

2022-12-01 10:00:17 - [TEST_STEP][PASSED] - if (nombre == "Juan"): null

2022-12-01 10:00:17 - [TEST_STEP][PASSED] - if (nombre == "JUan"): null

2022-12-01 10:00:17 - [TEST_STEP][PASSED] - if (nombre == "juan"): null

2022-12-01 10:00:17 - [TEST_STEP][PASSED] - println("Tu nombre es juan"): null]]></system-out>
         <system-err><![CDATA[]]></system-err>
      </testcase>
      <testcase name="Test Cases/Condicionales_If/Test_4" time="0.047" classname="Test Cases/Condicionales_If/Test_4" status="PASSED">
         <system-out><![CDATA[2022-12-01 10:00:17 - [TEST_CASE][PASSED] - Test Cases/Condicionales_If/Test_4: Test Cases/Condicionales_If/Test_4

2022-12-01 10:00:17 - [TEST_STEP][PASSED] - if (num <= 7): null

2022-12-01 10:00:17 - [TEST_STEP][PASSED] - println("El numero es menor ó igual que 5"): null

2022-12-01 10:00:17 - [TEST_STEP][PASSED] - if (num >= 8): null

2022-12-01 10:00:17 - [TEST_STEP][PASSED] - if (num != 5): null]]></system-out>
         <system-err><![CDATA[]]></system-err>
      </testcase>
      <testcase name="Test Cases/Condicionales_If/Test_edad" time="0.031" classname="Test Cases/Condicionales_If/Test_edad" status="PASSED">
         <system-out><![CDATA[2022-12-01 10:00:17 - [TEST_CASE][PASSED] - Test Cases/Condicionales_If/Test_edad: Test Cases/Condicionales_If/Test_edad

2022-12-01 10:00:17 - [TEST_STEP][PASSED] - if (edad >= 1 && edad <= 17): null

2022-12-01 10:00:17 - [TEST_STEP][PASSED] - else if (edad == 18): null

2022-12-01 10:00:17 - [TEST_STEP][PASSED] - else if (edad <= 0): null

2022-12-01 10:00:17 - [TEST_STEP][PASSED] - else if (edad == 120): null

2022-12-01 10:00:17 - [TEST_STEP][PASSED] - else: null

2022-12-01 10:00:17 - [TEST_STEP][PASSED] - print("No se cumple ninguna de las opciones"): null]]></system-out>
         <system-err><![CDATA[]]></system-err>
      </testcase>
      <testcase name="Test Cases/Condicionales_If/Test_valor" time="176.175" classname="Test Cases/Condicionales_If/Test_valor" status="PASSED">
         <system-out><![CDATA[2022-12-01 10:00:17 - [TEST_CASE][PASSED] - Test Cases/Condicionales_If/Test_valor: Test Cases/Condicionales_If/Test_valor

2022-12-01 10:00:17 - [TEST_STEP][PASSED] - openBrowser(""): Browser is opened with url: ''

2022-12-01 10:00:17 - [MESSAGE][INFO] - User set preference: ['os', 'windows']

2022-12-01 10:00:17 - [MESSAGE][INFO] - User set preference: ['browserName', 'chrome']

2022-12-01 10:00:17 - [MESSAGE][INFO] - User set preference: ['browserVersion', '103']

2022-12-01 10:00:17 - [MESSAGE][INFO] - User set preference: ['katalon:option', '{organizationId=987205, tunnelId=, usingTunnel=false}']

2022-12-01 10:00:17 - [MESSAGE][INFO] - Connecting to remote web server 'testcloud.katalon.com/hub' with type 'Selenium'

2022-12-01 10:00:17 - [MESSAGE][INFO] - Action delay is set to 0 milliseconds

2022-12-01 10:02:54 - [MESSAGE][PASSED] - Browser is opened with url: ''

2022-12-01 10:02:54 - [TEST_STEP][PASSED] - navigateToUrl("https://demoqa.com/"): Navigate to 'https://demoqa.com/' successfully

2022-12-01 10:02:57 - [MESSAGE][PASSED] - Navigate to 'https://demoqa.com/' successfully

2022-12-01 10:02:57 - [TEST_STEP][PASSED] - maximizeWindow(): Current window maximized

2022-12-01 10:02:58 - [MESSAGE][PASSED] - Current window maximized

2022-12-01 10:02:58 - [TEST_STEP][PASSED] - waitForPageLoad(10): Wait for page load successfully

2022-12-01 10:02:59 - [MESSAGE][PASSED] - Wait for page load successfully

2022-12-01 10:02:59 - [TEST_STEP][PASSED] - Existe = waitForElementVisible(findTestObject("Condicionales/titulo1"), 5): Web element with id: 'Object Repository/Condicionales/titulo1' located by '//div[@class='main-header'][contains(.,'Radio Button')]' not found

2022-12-01 10:03:06 - [MESSAGE][INFO] - Unable to find the element located by 'By.xpath: //div[@class='main-header'][contains(.,'Radio Button')]'. Please recheck the objects properties to make sure the desired element is located. 

2022-12-01 10:03:06 - [MESSAGE][WARNING] - [SELF-HEALING] Failed to find element with id 'Object Repository/Condicionales/titulo1'. Try using Self-healing.

2022-12-01 10:03:07 - [MESSAGE][INFO] - [SELF-HEALING] No working XPath is found.

2022-12-01 10:03:09 - [MESSAGE][INFO] - Unable to find the element located by 'By.xpath: '. Please recheck the objects properties to make sure the desired element is located. 

2022-12-01 10:03:09 - [MESSAGE][WARNING] - [SELF-HEALING] Cannot find elements when the selector is null

2022-12-01 10:03:09 - [MESSAGE][WARNING] - Web element with id: 'Object Repository/Condicionales/titulo1' located by '//div[@class='main-header'][contains(.,'Radio Button')]' not found

2022-12-01 10:03:09 - [TEST_STEP][PASSED] - if (Existe == true): null

2022-12-01 10:03:09 - [TEST_STEP][PASSED] - else: Browser is closed

2022-12-01 10:03:09 - [TEST_STEP][PASSED] - print("No estas en la página correcta"): null

2022-12-01 10:03:09 - [TEST_STEP][PASSED] - closeBrowser(): Browser is closed

2022-12-01 10:03:13 - [MESSAGE][PASSED] - Browser is closed]]></system-out>
         <system-err><![CDATA[]]></system-err>
      </testcase>
      <testcase name="Test Cases/BUCLES/Reto_For" time="275.587" classname="Test Cases/BUCLES/Reto_For" status="PASSED">
         <system-out><![CDATA[2022-12-01 10:03:13 - [TEST_CASE][PASSED] - Test Cases/BUCLES/Reto_For: Test Cases/BUCLES/Reto_For

2022-12-01 10:03:13 - [TEST_STEP][PASSED] - openBrowser(""): Browser is opened with url: ''

2022-12-01 10:03:13 - [MESSAGE][INFO] - User set preference: ['os', 'windows']

2022-12-01 10:03:13 - [MESSAGE][INFO] - User set preference: ['browserName', 'chrome']

2022-12-01 10:03:13 - [MESSAGE][INFO] - User set preference: ['browserVersion', '103']

2022-12-01 10:03:13 - [MESSAGE][INFO] - User set preference: ['katalon:option', '{organizationId=987205, tunnelId=, usingTunnel=false}']

2022-12-01 10:03:13 - [MESSAGE][INFO] - Connecting to remote web server 'testcloud.katalon.com/hub' with type 'Selenium'

2022-12-01 10:03:13 - [MESSAGE][INFO] - Action delay is set to 0 milliseconds

2022-12-01 10:05:47 - [MESSAGE][PASSED] - Browser is opened with url: ''

2022-12-01 10:05:47 - [TEST_STEP][PASSED] - navigateToUrl("https://demoqa.com/text-box"): Navigate to 'https://demoqa.com/text-box' successfully

2022-12-01 10:05:50 - [MESSAGE][PASSED] - Navigate to 'https://demoqa.com/text-box' successfully

2022-12-01 10:05:50 - [TEST_STEP][PASSED] - maximizeWindow(): Current window maximized

2022-12-01 10:05:51 - [MESSAGE][PASSED] - Current window maximized

2022-12-01 10:05:51 - [TEST_STEP][PASSED] - waitForPageLoad(5): Wait for page load successfully

2022-12-01 10:05:51 - [MESSAGE][PASSED] - Wait for page load successfully

2022-12-01 10:05:51 - [TEST_STEP][PASSED] - for ([x = 1, x <= 4, (x++)]): Browser is scrolled to position x = 0, y = 100

2022-12-01 10:05:51 - [TEST_STEP][PASSED] - z = ["Carlos", "Erika", "Paco", "Rodrigo", "Juan"]: null

2022-12-01 10:05:51 - [TEST_STEP][PASSED] - rn = new java.util.Random(): null

2022-12-01 10:05:51 - [TEST_STEP][PASSED] - tx_nombre = z[rn.nextInt(size)]: null

2022-12-01 10:05:51 - [TEST_STEP][PASSED] - setText(findTestObject("Object Repository/Reto_for/Page_ToolsQA/input_Full Name_userName"), tx_nombre): Text 'Paco' is set on object 'Object Repository/Reto_for/Page_ToolsQA/input_Full Name_userName'

2022-12-01 10:05:58 - [MESSAGE][PASSED] - Text 'Paco' is set on object 'Object Repository/Reto_for/Page_ToolsQA/input_Full Name_userName'

2022-12-01 10:05:58 - [TEST_STEP][PASSED] - setText(findTestObject("Object Repository/Reto_for/Page_ToolsQA/input_Email_userEmail"), tx_nombre + "@gmail.com"): Text 'Paco@gmail.com' is set on object 'Object Repository/Reto_for/Page_ToolsQA/input_Email_userEmail'

2022-12-01 10:06:06 - [MESSAGE][PASSED] - Text 'Paco@gmail.com' is set on object 'Object Repository/Reto_for/Page_ToolsQA/input_Email_userEmail'

2022-12-01 10:06:06 - [TEST_STEP][PASSED] - setText(findTestObject("Object Repository/Reto_for/Page_ToolsQA/textarea_Current Address_currentAddress"), "Dirección#" + x): Text 'Dirección#1' is set on object 'Object Repository/Reto_for/Page_ToolsQA/textarea_Current Address_currentAddress'

2022-12-01 10:06:12 - [MESSAGE][PASSED] - Text 'Dirección#1' is set on object 'Object Repository/Reto_for/Page_ToolsQA/textarea_Current Address_currentAddress'

2022-12-01 10:06:12 - [TEST_STEP][PASSED] - setText(findTestObject("Object Repository/Reto_for/Page_ToolsQA/textarea_Permanent Address_permanentAddress"), "Dirección dos#" + x): Text 'Dirección dos#1' is set on object 'Object Repository/Reto_for/Page_ToolsQA/textarea_Permanent Address_permanentAddress'

2022-12-01 10:06:19 - [MESSAGE][PASSED] - Text 'Dirección dos#1' is set on object 'Object Repository/Reto_for/Page_ToolsQA/textarea_Permanent Address_permanentAddress'

2022-12-01 10:06:19 - [TEST_STEP][PASSED] - scrollToPosition(0, 500): Browser is scrolled to position x = 0, y = 500

2022-12-01 10:06:20 - [MESSAGE][PASSED] - Browser is scrolled to position x = 0, y = 500

2022-12-01 10:06:20 - [TEST_STEP][PASSED] - click(findTestObject("Object Repository/Reto_for/Page_ToolsQA/button_Submit")): Object: 'Object Repository/Reto_for/Page_ToolsQA/button_Submit' is clicked on

2022-12-01 10:06:23 - [MESSAGE][PASSED] - Object: 'Object Repository/Reto_for/Page_ToolsQA/button_Submit' is clicked on

2022-12-01 10:06:23 - [TEST_STEP][PASSED] - scrollToPosition(0, 100): Browser is scrolled to position x = 0, y = 100

2022-12-01 10:06:24 - [MESSAGE][PASSED] - Browser is scrolled to position x = 0, y = 100

2022-12-01 10:06:24 - [TEST_STEP][PASSED] - z = ["Carlos", "Erika", "Paco", "Rodrigo", "Juan"]: null

2022-12-01 10:06:24 - [TEST_STEP][PASSED] - rn = new java.util.Random(): null

2022-12-01 10:06:24 - [TEST_STEP][PASSED] - tx_nombre = z[rn.nextInt(size)]: null

2022-12-01 10:06:24 - [TEST_STEP][PASSED] - setText(findTestObject("Object Repository/Reto_for/Page_ToolsQA/input_Full Name_userName"), tx_nombre): Text 'Carlos' is set on object 'Object Repository/Reto_for/Page_ToolsQA/input_Full Name_userName'

2022-12-01 10:06:29 - [MESSAGE][PASSED] - Text 'Carlos' is set on object 'Object Repository/Reto_for/Page_ToolsQA/input_Full Name_userName'

2022-12-01 10:06:29 - [TEST_STEP][PASSED] - setText(findTestObject("Object Repository/Reto_for/Page_ToolsQA/input_Email_userEmail"), tx_nombre + "@gmail.com"): Text 'Carlos@gmail.com' is set on object 'Object Repository/Reto_for/Page_ToolsQA/input_Email_userEmail'

2022-12-01 10:06:35 - [MESSAGE][PASSED] - Text 'Carlos@gmail.com' is set on object 'Object Repository/Reto_for/Page_ToolsQA/input_Email_userEmail'

2022-12-01 10:06:35 - [TEST_STEP][PASSED] - setText(findTestObject("Object Repository/Reto_for/Page_ToolsQA/textarea_Current Address_currentAddress"), "Dirección#" + x): Text 'Dirección#2' is set on object 'Object Repository/Reto_for/Page_ToolsQA/textarea_Current Address_currentAddress'

2022-12-01 10:06:42 - [MESSAGE][PASSED] - Text 'Dirección#2' is set on object 'Object Repository/Reto_for/Page_ToolsQA/textarea_Current Address_currentAddress'

2022-12-01 10:06:42 - [TEST_STEP][PASSED] - setText(findTestObject("Object Repository/Reto_for/Page_ToolsQA/textarea_Permanent Address_permanentAddress"), "Dirección dos#" + x): Text 'Dirección dos#2' is set on object 'Object Repository/Reto_for/Page_ToolsQA/textarea_Permanent Address_permanentAddress'

2022-12-01 10:06:47 - [MESSAGE][PASSED] - Text 'Dirección dos#2' is set on object 'Object Repository/Reto_for/Page_ToolsQA/textarea_Permanent Address_permanentAddress'

2022-12-01 10:06:47 - [TEST_STEP][PASSED] - scrollToPosition(0, 500): Browser is scrolled to position x = 0, y = 500

2022-12-01 10:06:48 - [MESSAGE][PASSED] - Browser is scrolled to position x = 0, y = 500

2022-12-01 10:06:48 - [TEST_STEP][PASSED] - click(findTestObject("Object Repository/Reto_for/Page_ToolsQA/button_Submit")): Object: 'Object Repository/Reto_for/Page_ToolsQA/button_Submit' is clicked on

2022-12-01 10:06:51 - [MESSAGE][PASSED] - Object: 'Object Repository/Reto_for/Page_ToolsQA/button_Submit' is clicked on

2022-12-01 10:06:51 - [TEST_STEP][PASSED] - scrollToPosition(0, 100): Browser is scrolled to position x = 0, y = 100

2022-12-01 10:06:52 - [MESSAGE][PASSED] - Browser is scrolled to position x = 0, y = 100

2022-12-01 10:06:52 - [TEST_STEP][PASSED] - z = ["Carlos", "Erika", "Paco", "Rodrigo", "Juan"]: null

2022-12-01 10:06:52 - [TEST_STEP][PASSED] - rn = new java.util.Random(): null

2022-12-01 10:06:52 - [TEST_STEP][PASSED] - tx_nombre = z[rn.nextInt(size)]: null

2022-12-01 10:06:52 - [TEST_STEP][PASSED] - setText(findTestObject("Object Repository/Reto_for/Page_ToolsQA/input_Full Name_userName"), tx_nombre): Text 'Rodrigo' is set on object 'Object Repository/Reto_for/Page_ToolsQA/input_Full Name_userName'

2022-12-01 10:06:58 - [MESSAGE][PASSED] - Text 'Rodrigo' is set on object 'Object Repository/Reto_for/Page_ToolsQA/input_Full Name_userName'

2022-12-01 10:06:58 - [TEST_STEP][PASSED] - setText(findTestObject("Object Repository/Reto_for/Page_ToolsQA/input_Email_userEmail"), tx_nombre + "@gmail.com"): Text 'Rodrigo@gmail.com' is set on object 'Object Repository/Reto_for/Page_ToolsQA/input_Email_userEmail'

2022-12-01 10:07:03 - [MESSAGE][PASSED] - Text 'Rodrigo@gmail.com' is set on object 'Object Repository/Reto_for/Page_ToolsQA/input_Email_userEmail'

2022-12-01 10:07:03 - [TEST_STEP][PASSED] - setText(findTestObject("Object Repository/Reto_for/Page_ToolsQA/textarea_Current Address_currentAddress"), "Dirección#" + x): Text 'Dirección#3' is set on object 'Object Repository/Reto_for/Page_ToolsQA/textarea_Current Address_currentAddress'

2022-12-01 10:07:09 - [MESSAGE][PASSED] - Text 'Dirección#3' is set on object 'Object Repository/Reto_for/Page_ToolsQA/textarea_Current Address_currentAddress'

2022-12-01 10:07:09 - [TEST_STEP][PASSED] - setText(findTestObject("Object Repository/Reto_for/Page_ToolsQA/textarea_Permanent Address_permanentAddress"), "Dirección dos#" + x): Text 'Dirección dos#3' is set on object 'Object Repository/Reto_for/Page_ToolsQA/textarea_Permanent Address_permanentAddress'

2022-12-01 10:07:15 - [MESSAGE][PASSED] - Text 'Dirección dos#3' is set on object 'Object Repository/Reto_for/Page_ToolsQA/textarea_Permanent Address_permanentAddress'

2022-12-01 10:07:15 - [TEST_STEP][PASSED] - scrollToPosition(0, 500): Browser is scrolled to position x = 0, y = 500

2022-12-01 10:07:15 - [MESSAGE][PASSED] - Browser is scrolled to position x = 0, y = 500

2022-12-01 10:07:15 - [TEST_STEP][PASSED] - click(findTestObject("Object Repository/Reto_for/Page_ToolsQA/button_Submit")): Object: 'Object Repository/Reto_for/Page_ToolsQA/button_Submit' is clicked on

2022-12-01 10:07:18 - [MESSAGE][PASSED] - Object: 'Object Repository/Reto_for/Page_ToolsQA/button_Submit' is clicked on

2022-12-01 10:07:18 - [TEST_STEP][PASSED] - scrollToPosition(0, 100): Browser is scrolled to position x = 0, y = 100

2022-12-01 10:07:19 - [MESSAGE][PASSED] - Browser is scrolled to position x = 0, y = 100

2022-12-01 10:07:19 - [TEST_STEP][PASSED] - z = ["Carlos", "Erika", "Paco", "Rodrigo", "Juan"]: null

2022-12-01 10:07:19 - [TEST_STEP][PASSED] - rn = new java.util.Random(): null

2022-12-01 10:07:19 - [TEST_STEP][PASSED] - tx_nombre = z[rn.nextInt(size)]: null

2022-12-01 10:07:19 - [TEST_STEP][PASSED] - setText(findTestObject("Object Repository/Reto_for/Page_ToolsQA/input_Full Name_userName"), tx_nombre): Text 'Paco' is set on object 'Object Repository/Reto_for/Page_ToolsQA/input_Full Name_userName'

2022-12-01 10:07:26 - [MESSAGE][PASSED] - Text 'Paco' is set on object 'Object Repository/Reto_for/Page_ToolsQA/input_Full Name_userName'

2022-12-01 10:07:26 - [TEST_STEP][PASSED] - setText(findTestObject("Object Repository/Reto_for/Page_ToolsQA/input_Email_userEmail"), tx_nombre + "@gmail.com"): Text 'Paco@gmail.com' is set on object 'Object Repository/Reto_for/Page_ToolsQA/input_Email_userEmail'

2022-12-01 10:07:31 - [MESSAGE][PASSED] - Text 'Paco@gmail.com' is set on object 'Object Repository/Reto_for/Page_ToolsQA/input_Email_userEmail'

2022-12-01 10:07:31 - [TEST_STEP][PASSED] - setText(findTestObject("Object Repository/Reto_for/Page_ToolsQA/textarea_Current Address_currentAddress"), "Dirección#" + x): Text 'Dirección#4' is set on object 'Object Repository/Reto_for/Page_ToolsQA/textarea_Current Address_currentAddress'

2022-12-01 10:07:36 - [MESSAGE][PASSED] - Text 'Dirección#4' is set on object 'Object Repository/Reto_for/Page_ToolsQA/textarea_Current Address_currentAddress'

2022-12-01 10:07:36 - [TEST_STEP][PASSED] - setText(findTestObject("Object Repository/Reto_for/Page_ToolsQA/textarea_Permanent Address_permanentAddress"), "Dirección dos#" + x): Text 'Dirección dos#4' is set on object 'Object Repository/Reto_for/Page_ToolsQA/textarea_Permanent Address_permanentAddress'

2022-12-01 10:07:43 - [MESSAGE][PASSED] - Text 'Dirección dos#4' is set on object 'Object Repository/Reto_for/Page_ToolsQA/textarea_Permanent Address_permanentAddress'

2022-12-01 10:07:43 - [TEST_STEP][PASSED] - scrollToPosition(0, 500): Browser is scrolled to position x = 0, y = 500

2022-12-01 10:07:44 - [MESSAGE][PASSED] - Browser is scrolled to position x = 0, y = 500

2022-12-01 10:07:44 - [TEST_STEP][PASSED] - click(findTestObject("Object Repository/Reto_for/Page_ToolsQA/button_Submit")): Object: 'Object Repository/Reto_for/Page_ToolsQA/button_Submit' is clicked on

2022-12-01 10:07:46 - [MESSAGE][PASSED] - Object: 'Object Repository/Reto_for/Page_ToolsQA/button_Submit' is clicked on

2022-12-01 10:07:46 - [TEST_STEP][PASSED] - scrollToPosition(0, 100): Browser is scrolled to position x = 0, y = 100

2022-12-01 10:07:46 - [MESSAGE][PASSED] - Browser is scrolled to position x = 0, y = 100

2022-12-01 10:07:46 - [TEST_STEP][PASSED] - closeBrowser(): Browser is closed

2022-12-01 10:07:48 - [MESSAGE][PASSED] - Browser is closed]]></system-out>
         <system-err><![CDATA[]]></system-err>
      </testcase>
      <testcase name="Test Cases/BUCLES/Reto_while" time="248.251" classname="Test Cases/BUCLES/Reto_while" status="PASSED">
         <system-out><![CDATA[2022-12-01 10:07:48 - [TEST_CASE][PASSED] - Test Cases/BUCLES/Reto_while: Test Cases/BUCLES/Reto_while

2022-12-01 10:07:49 - [TEST_STEP][PASSED] - openBrowser(""): Browser is opened with url: ''

2022-12-01 10:07:49 - [MESSAGE][INFO] - User set preference: ['os', 'windows']

2022-12-01 10:07:49 - [MESSAGE][INFO] - User set preference: ['browserName', 'chrome']

2022-12-01 10:07:49 - [MESSAGE][INFO] - User set preference: ['browserVersion', '103']

2022-12-01 10:07:49 - [MESSAGE][INFO] - User set preference: ['katalon:option', '{organizationId=987205, tunnelId=, usingTunnel=false}']

2022-12-01 10:07:49 - [MESSAGE][INFO] - Connecting to remote web server 'testcloud.katalon.com/hub' with type 'Selenium'

2022-12-01 10:07:49 - [MESSAGE][INFO] - Action delay is set to 0 milliseconds

2022-12-01 10:10:19 - [MESSAGE][PASSED] - Browser is opened with url: ''

2022-12-01 10:10:19 - [TEST_STEP][PASSED] - navigateToUrl("https://www.google.com/"): Navigate to 'https://www.google.com/' successfully

2022-12-01 10:10:22 - [MESSAGE][PASSED] - Navigate to 'https://www.google.com/' successfully

2022-12-01 10:10:22 - [TEST_STEP][PASSED] - Bandera = 0: null

2022-12-01 10:10:22 - [TEST_STEP][PASSED] - while (Bandera != 1): null

2022-12-01 10:10:22 - [TEST_STEP][PASSED] - num = Math.random() * 5 - 1 + 1: null

2022-12-01 10:10:22 - [TEST_STEP][PASSED] - setText(findTestObject("Object Repository/While_google/Page_Google/input__q"), "5+" + num): Text '5+1' is set on object 'Object Repository/While_google/Page_Google/input__q'

2022-12-01 10:10:31 - [MESSAGE][PASSED] - Text '5+1' is set on object 'Object Repository/While_google/Page_Google/input__q'

2022-12-01 10:10:31 - [TEST_STEP][PASSED] - sendKeys(findTestObject("Object Repository/While_google/Page_Google/input__q"), Keys.chord(ENTER)): Keys 'ENTER + ' sent to object: 'Object Repository/While_google/Page_Google/input__q'

2022-12-01 10:10:35 - [MESSAGE][PASSED] - Keys 'ENTER + ' sent to object: 'Object Repository/While_google/Page_Google/input__q'

2022-12-01 10:10:35 - [TEST_STEP][PASSED] - Resultado = getText(findTestObject("While_google/Extras/Resultado_10")): Text of object 'Object Repository/While_google/Extras/Resultado_10' is: '6'

2022-12-01 10:10:37 - [MESSAGE][PASSED] - Text of object 'Object Repository/While_google/Extras/Resultado_10' is: '6'

2022-12-01 10:10:37 - [TEST_STEP][PASSED] - if (Resultado == "8"): null

2022-12-01 10:10:37 - [TEST_STEP][PASSED] - else: null

2022-12-01 10:10:37 - [TEST_STEP][PASSED] - Bandera = 0: null

2022-12-01 10:10:37 - [TEST_STEP][PASSED] - print(Bandera + "------"): null

2022-12-01 10:10:37 - [TEST_STEP][PASSED] - num = Math.random() * 5 - 1 + 1: null

2022-12-01 10:10:37 - [TEST_STEP][PASSED] - setText(findTestObject("Object Repository/While_google/Page_Google/input__q"), "5+" + num): Text '5+1' is set on object 'Object Repository/While_google/Page_Google/input__q'

2022-12-01 10:10:43 - [MESSAGE][PASSED] - Text '5+1' is set on object 'Object Repository/While_google/Page_Google/input__q'

2022-12-01 10:10:43 - [TEST_STEP][PASSED] - sendKeys(findTestObject("Object Repository/While_google/Page_Google/input__q"), Keys.chord(ENTER)): Keys 'ENTER + ' sent to object: 'Object Repository/While_google/Page_Google/input__q'

2022-12-01 10:10:48 - [MESSAGE][PASSED] - Keys 'ENTER + ' sent to object: 'Object Repository/While_google/Page_Google/input__q'

2022-12-01 10:10:48 - [TEST_STEP][PASSED] - Resultado = getText(findTestObject("While_google/Extras/Resultado_10")): Text of object 'Object Repository/While_google/Extras/Resultado_10' is: '6'

2022-12-01 10:10:50 - [MESSAGE][PASSED] - Text of object 'Object Repository/While_google/Extras/Resultado_10' is: '6'

2022-12-01 10:10:50 - [TEST_STEP][PASSED] - if (Resultado == "8"): null

2022-12-01 10:10:50 - [TEST_STEP][PASSED] - else: null

2022-12-01 10:10:50 - [TEST_STEP][PASSED] - Bandera = 0: null

2022-12-01 10:10:50 - [TEST_STEP][PASSED] - print(Bandera + "------"): null

2022-12-01 10:10:50 - [TEST_STEP][PASSED] - num = Math.random() * 5 - 1 + 1: null

2022-12-01 10:10:50 - [TEST_STEP][PASSED] - setText(findTestObject("Object Repository/While_google/Page_Google/input__q"), "5+" + num): Text '5+2' is set on object 'Object Repository/While_google/Page_Google/input__q'

2022-12-01 10:10:55 - [MESSAGE][PASSED] - Text '5+2' is set on object 'Object Repository/While_google/Page_Google/input__q'

2022-12-01 10:10:55 - [TEST_STEP][PASSED] - sendKeys(findTestObject("Object Repository/While_google/Page_Google/input__q"), Keys.chord(ENTER)): Keys 'ENTER + ' sent to object: 'Object Repository/While_google/Page_Google/input__q'

2022-12-01 10:10:59 - [MESSAGE][PASSED] - Keys 'ENTER + ' sent to object: 'Object Repository/While_google/Page_Google/input__q'

2022-12-01 10:10:59 - [TEST_STEP][PASSED] - Resultado = getText(findTestObject("While_google/Extras/Resultado_10")): Text of object 'Object Repository/While_google/Extras/Resultado_10' is: '7'

2022-12-01 10:11:02 - [MESSAGE][PASSED] - Text of object 'Object Repository/While_google/Extras/Resultado_10' is: '7'

2022-12-01 10:11:02 - [TEST_STEP][PASSED] - if (Resultado == "8"): null

2022-12-01 10:11:02 - [TEST_STEP][PASSED] - else: null

2022-12-01 10:11:02 - [TEST_STEP][PASSED] - Bandera = 0: null

2022-12-01 10:11:02 - [TEST_STEP][PASSED] - print(Bandera + "------"): null

2022-12-01 10:11:02 - [TEST_STEP][PASSED] - num = Math.random() * 5 - 1 + 1: null

2022-12-01 10:11:02 - [TEST_STEP][PASSED] - setText(findTestObject("Object Repository/While_google/Page_Google/input__q"), "5+" + num): Text '5+4' is set on object 'Object Repository/While_google/Page_Google/input__q'

2022-12-01 10:11:06 - [MESSAGE][PASSED] - Text '5+4' is set on object 'Object Repository/While_google/Page_Google/input__q'

2022-12-01 10:11:06 - [TEST_STEP][PASSED] - sendKeys(findTestObject("Object Repository/While_google/Page_Google/input__q"), Keys.chord(ENTER)): Keys 'ENTER + ' sent to object: 'Object Repository/While_google/Page_Google/input__q'

2022-12-01 10:11:10 - [MESSAGE][PASSED] - Keys 'ENTER + ' sent to object: 'Object Repository/While_google/Page_Google/input__q'

2022-12-01 10:11:10 - [TEST_STEP][PASSED] - Resultado = getText(findTestObject("While_google/Extras/Resultado_10")): Text of object 'Object Repository/While_google/Extras/Resultado_10' is: '9'

2022-12-01 10:11:15 - [MESSAGE][PASSED] - Text of object 'Object Repository/While_google/Extras/Resultado_10' is: '9'

2022-12-01 10:11:15 - [TEST_STEP][PASSED] - if (Resultado == "8"): null

2022-12-01 10:11:15 - [TEST_STEP][PASSED] - else: null

2022-12-01 10:11:15 - [TEST_STEP][PASSED] - Bandera = 0: null

2022-12-01 10:11:15 - [TEST_STEP][PASSED] - print(Bandera + "------"): null

2022-12-01 10:11:15 - [TEST_STEP][PASSED] - num = Math.random() * 5 - 1 + 1: null

2022-12-01 10:11:15 - [TEST_STEP][PASSED] - setText(findTestObject("Object Repository/While_google/Page_Google/input__q"), "5+" + num): Text '5+4' is set on object 'Object Repository/While_google/Page_Google/input__q'

2022-12-01 10:11:22 - [MESSAGE][PASSED] - Text '5+4' is set on object 'Object Repository/While_google/Page_Google/input__q'

2022-12-01 10:11:22 - [TEST_STEP][PASSED] - sendKeys(findTestObject("Object Repository/While_google/Page_Google/input__q"), Keys.chord(ENTER)): Keys 'ENTER + ' sent to object: 'Object Repository/While_google/Page_Google/input__q'

2022-12-01 10:11:25 - [MESSAGE][PASSED] - Keys 'ENTER + ' sent to object: 'Object Repository/While_google/Page_Google/input__q'

2022-12-01 10:11:25 - [TEST_STEP][PASSED] - Resultado = getText(findTestObject("While_google/Extras/Resultado_10")): Text of object 'Object Repository/While_google/Extras/Resultado_10' is: '9'

2022-12-01 10:11:28 - [MESSAGE][PASSED] - Text of object 'Object Repository/While_google/Extras/Resultado_10' is: '9'

2022-12-01 10:11:28 - [TEST_STEP][PASSED] - if (Resultado == "8"): null

2022-12-01 10:11:28 - [TEST_STEP][PASSED] - else: null

2022-12-01 10:11:28 - [TEST_STEP][PASSED] - Bandera = 0: null

2022-12-01 10:11:28 - [TEST_STEP][PASSED] - print(Bandera + "------"): null

2022-12-01 10:11:28 - [TEST_STEP][PASSED] - num = Math.random() * 5 - 1 + 1: null

2022-12-01 10:11:28 - [TEST_STEP][PASSED] - setText(findTestObject("Object Repository/While_google/Page_Google/input__q"), "5+" + num): Text '5+1' is set on object 'Object Repository/While_google/Page_Google/input__q'

2022-12-01 10:11:34 - [MESSAGE][PASSED] - Text '5+1' is set on object 'Object Repository/While_google/Page_Google/input__q'

2022-12-01 10:11:34 - [TEST_STEP][PASSED] - sendKeys(findTestObject("Object Repository/While_google/Page_Google/input__q"), Keys.chord(ENTER)): Keys 'ENTER + ' sent to object: 'Object Repository/While_google/Page_Google/input__q'

2022-12-01 10:11:38 - [MESSAGE][PASSED] - Keys 'ENTER + ' sent to object: 'Object Repository/While_google/Page_Google/input__q'

2022-12-01 10:11:38 - [TEST_STEP][PASSED] - Resultado = getText(findTestObject("While_google/Extras/Resultado_10")): Text of object 'Object Repository/While_google/Extras/Resultado_10' is: '6'

2022-12-01 10:11:41 - [MESSAGE][PASSED] - Text of object 'Object Repository/While_google/Extras/Resultado_10' is: '6'

2022-12-01 10:11:41 - [TEST_STEP][PASSED] - if (Resultado == "8"): null

2022-12-01 10:11:41 - [TEST_STEP][PASSED] - else: null

2022-12-01 10:11:41 - [TEST_STEP][PASSED] - Bandera = 0: null

2022-12-01 10:11:41 - [TEST_STEP][PASSED] - print(Bandera + "------"): null

2022-12-01 10:11:41 - [TEST_STEP][PASSED] - num = Math.random() * 5 - 1 + 1: null

2022-12-01 10:11:41 - [TEST_STEP][PASSED] - setText(findTestObject("Object Repository/While_google/Page_Google/input__q"), "5+" + num): Text '5+3' is set on object 'Object Repository/While_google/Page_Google/input__q'

2022-12-01 10:11:48 - [MESSAGE][PASSED] - Text '5+3' is set on object 'Object Repository/While_google/Page_Google/input__q'

2022-12-01 10:11:48 - [TEST_STEP][PASSED] - sendKeys(findTestObject("Object Repository/While_google/Page_Google/input__q"), Keys.chord(ENTER)): Keys 'ENTER + ' sent to object: 'Object Repository/While_google/Page_Google/input__q'

2022-12-01 10:11:51 - [MESSAGE][PASSED] - Keys 'ENTER + ' sent to object: 'Object Repository/While_google/Page_Google/input__q'

2022-12-01 10:11:51 - [TEST_STEP][PASSED] - Resultado = getText(findTestObject("While_google/Extras/Resultado_10")): Text of object 'Object Repository/While_google/Extras/Resultado_10' is: '8'

2022-12-01 10:11:53 - [MESSAGE][PASSED] - Text of object 'Object Repository/While_google/Extras/Resultado_10' is: '8'

2022-12-01 10:11:53 - [TEST_STEP][PASSED] - if (Resultado == "8"): Browser is closed

2022-12-01 10:11:53 - [TEST_STEP][PASSED] - Bandera = 1: null

2022-12-01 10:11:53 - [TEST_STEP][PASSED] - print("Listo termina"): null

2022-12-01 10:11:53 - [TEST_STEP][PASSED] - closeBrowser(): Browser is closed

2022-12-01 10:11:57 - [MESSAGE][PASSED] - Browser is closed

2022-12-01 10:11:57 - [TEST_STEP][PASSED] - print(Bandera + "------"): null]]></system-out>
         <system-err><![CDATA[]]></system-err>
      </testcase>
      <testcase name="Test Cases/BUCLES/Reto_while_solucion" time="176.97" classname="Test Cases/BUCLES/Reto_while_solucion" status="PASSED">
         <system-out><![CDATA[2022-12-01 10:11:57 - [TEST_CASE][PASSED] - Test Cases/BUCLES/Reto_while_solucion: Test Cases/BUCLES/Reto_while_solucion

2022-12-01 10:11:57 - [TEST_STEP][PASSED] - openBrowser(""): Browser is opened with url: ''

2022-12-01 10:11:57 - [MESSAGE][INFO] - User set preference: ['os', 'windows']

2022-12-01 10:11:57 - [MESSAGE][INFO] - User set preference: ['browserName', 'chrome']

2022-12-01 10:11:57 - [MESSAGE][INFO] - User set preference: ['browserVersion', '103']

2022-12-01 10:11:57 - [MESSAGE][INFO] - User set preference: ['katalon:option', '{organizationId=987205, tunnelId=, usingTunnel=false}']

2022-12-01 10:11:57 - [MESSAGE][INFO] - Connecting to remote web server 'testcloud.katalon.com/hub' with type 'Selenium'

2022-12-01 10:11:57 - [MESSAGE][INFO] - Action delay is set to 0 milliseconds

2022-12-01 10:14:32 - [MESSAGE][PASSED] - Browser is opened with url: ''

2022-12-01 10:14:32 - [TEST_STEP][PASSED] - navigateToUrl("https://www.google.com/"): Navigate to 'https://www.google.com/' successfully

2022-12-01 10:14:34 - [MESSAGE][PASSED] - Navigate to 'https://www.google.com/' successfully

2022-12-01 10:14:34 - [TEST_STEP][PASSED] - Res = 0: null

2022-12-01 10:14:34 - [TEST_STEP][PASSED] - while (Res != 8): Browser is closed

2022-12-01 10:14:34 - [TEST_STEP][PASSED] - num = Math.random() * 5 - 1 + 1: null

2022-12-01 10:14:34 - [TEST_STEP][PASSED] - setText(findTestObject("Object Repository/Reto_while1/Page_Google/input__q"), "5+" + num): Text '5+3' is set on object 'Object Repository/Reto_while1/Page_Google/input__q'

2022-12-01 10:14:42 - [MESSAGE][PASSED] - Text '5+3' is set on object 'Object Repository/Reto_while1/Page_Google/input__q'

2022-12-01 10:14:42 - [TEST_STEP][PASSED] - sendKeys(findTestObject("Object Repository/Reto_while1/Page_Google/input__q"), Keys.chord(ENTER)): Keys 'ENTER + ' sent to object: 'Object Repository/Reto_while1/Page_Google/input__q'

2022-12-01 10:14:46 - [MESSAGE][PASSED] - Keys 'ENTER + ' sent to object: 'Object Repository/Reto_while1/Page_Google/input__q'

2022-12-01 10:14:46 - [TEST_STEP][PASSED] - Res = getText(findTestObject("Reto_while1/Resultado_8")).toInteger(): Text of object 'Object Repository/Reto_while1/Resultado_8' is: '8'

2022-12-01 10:14:49 - [MESSAGE][PASSED] - Text of object 'Object Repository/Reto_while1/Resultado_8' is: '8'

2022-12-01 10:14:49 - [TEST_STEP][PASSED] - if (Res == 8): Browser is closed

2022-12-01 10:14:49 - [TEST_STEP][PASSED] - closeBrowser(): Browser is closed

2022-12-01 10:14:54 - [MESSAGE][PASSED] - Browser is closed]]></system-out>
         <system-err><![CDATA[]]></system-err>
      </testcase>
      <testcase name="Test Cases/BUCLES/Test_1" time="490.349" classname="Test Cases/BUCLES/Test_1" status="PASSED">
         <system-out><![CDATA[2022-12-01 10:14:54 - [TEST_CASE][PASSED] - Test Cases/BUCLES/Test_1: Test Cases/BUCLES/Test_1

2022-12-01 10:14:54 - [TEST_STEP][PASSED] - openBrowser(""): Browser is opened with url: ''

2022-12-01 10:14:54 - [MESSAGE][INFO] - User set preference: ['os', 'windows']

2022-12-01 10:14:54 - [MESSAGE][INFO] - User set preference: ['browserName', 'chrome']

2022-12-01 10:14:54 - [MESSAGE][INFO] - User set preference: ['browserVersion', '103']

2022-12-01 10:14:54 - [MESSAGE][INFO] - User set preference: ['katalon:option', '{organizationId=987205, tunnelId=, usingTunnel=false}']

2022-12-01 10:14:54 - [MESSAGE][INFO] - Connecting to remote web server 'testcloud.katalon.com/hub' with type 'Selenium'

2022-12-01 10:14:54 - [MESSAGE][INFO] - Action delay is set to 0 milliseconds

2022-12-01 10:17:20 - [MESSAGE][PASSED] - Browser is opened with url: ''

2022-12-01 10:17:20 - [TEST_STEP][PASSED] - navigateToUrl("https://demoqa.com/text-box"): Navigate to 'https://demoqa.com/text-box' successfully

2022-12-01 10:17:23 - [MESSAGE][PASSED] - Navigate to 'https://demoqa.com/text-box' successfully

2022-12-01 10:17:23 - [TEST_STEP][PASSED] - for ([x = 1, x <= 2, (x++)]): null

2022-12-01 10:17:23 - [TEST_STEP][PASSED] - openBrowser(""): Browser is opened with url: ''

2022-12-01 10:17:23 - [MESSAGE][WARNING] - A browser is already opened. Closing browser and opening a new one

2022-12-01 10:17:33 - [MESSAGE][INFO] - User set preference: ['os', 'windows']

2022-12-01 10:17:33 - [MESSAGE][INFO] - User set preference: ['browserName', 'chrome']

2022-12-01 10:17:33 - [MESSAGE][INFO] - User set preference: ['browserVersion', '103']

2022-12-01 10:17:33 - [MESSAGE][INFO] - User set preference: ['katalon:option', '{organizationId=987205, tunnelId=, usingTunnel=false}']

2022-12-01 10:17:33 - [MESSAGE][INFO] - Connecting to remote web server 'testcloud.katalon.com/hub' with type 'Selenium'

2022-12-01 10:17:33 - [MESSAGE][INFO] - Action delay is set to 0 milliseconds

2022-12-01 10:20:05 - [MESSAGE][PASSED] - Browser is opened with url: ''

2022-12-01 10:20:05 - [TEST_STEP][PASSED] - navigateToUrl("https://demoqa.com/text-box"): Navigate to 'https://demoqa.com/text-box' successfully

2022-12-01 10:20:08 - [MESSAGE][PASSED] - Navigate to 'https://demoqa.com/text-box' successfully

2022-12-01 10:20:08 - [TEST_STEP][PASSED] - RN = Math.random() * 10 - 1 + 1: null

2022-12-01 10:20:08 - [TEST_STEP][PASSED] - print("Numero : " + RN + "----"): null

2022-12-01 10:20:08 - [TEST_STEP][PASSED] - z = ["Demo1", "Demo2", "Demo3", "Demo4", "Demo5"]: null

2022-12-01 10:20:08 - [TEST_STEP][PASSED] - rnd = new java.util.Random(): null

2022-12-01 10:20:08 - [TEST_STEP][PASSED] - texto = z[rnd.nextInt(size)]: null

2022-12-01 10:20:08 - [TEST_STEP][PASSED] - print(texto): null

2022-12-01 10:20:08 - [TEST_STEP][PASSED] - openBrowser(""): Browser is opened with url: ''

2022-12-01 10:20:08 - [MESSAGE][WARNING] - A browser is already opened. Closing browser and opening a new one

2022-12-01 10:20:19 - [MESSAGE][INFO] - User set preference: ['os', 'windows']

2022-12-01 10:20:19 - [MESSAGE][INFO] - User set preference: ['browserName', 'chrome']

2022-12-01 10:20:19 - [MESSAGE][INFO] - User set preference: ['browserVersion', '103']

2022-12-01 10:20:19 - [MESSAGE][INFO] - User set preference: ['katalon:option', '{organizationId=987205, tunnelId=, usingTunnel=false}']

2022-12-01 10:20:19 - [MESSAGE][INFO] - Connecting to remote web server 'testcloud.katalon.com/hub' with type 'Selenium'

2022-12-01 10:20:19 - [MESSAGE][INFO] - Action delay is set to 0 milliseconds

2022-12-01 10:22:49 - [MESSAGE][PASSED] - Browser is opened with url: ''

2022-12-01 10:22:49 - [TEST_STEP][PASSED] - navigateToUrl("https://demoqa.com/text-box"): Navigate to 'https://demoqa.com/text-box' successfully

2022-12-01 10:22:52 - [MESSAGE][PASSED] - Navigate to 'https://demoqa.com/text-box' successfully

2022-12-01 10:22:52 - [TEST_STEP][PASSED] - RN = Math.random() * 10 - 1 + 1: null

2022-12-01 10:22:52 - [TEST_STEP][PASSED] - print("Numero : " + RN + "----"): null

2022-12-01 10:22:52 - [TEST_STEP][PASSED] - z = ["Demo1", "Demo2", "Demo3", "Demo4", "Demo5"]: null

2022-12-01 10:22:52 - [TEST_STEP][PASSED] - rnd = new java.util.Random(): null

2022-12-01 10:22:52 - [TEST_STEP][PASSED] - texto = z[rnd.nextInt(size)]: null

2022-12-01 10:22:52 - [TEST_STEP][PASSED] - print(texto): null

2022-12-01 10:22:52 - [TEST_STEP][PASSED] - closeBrowser(): Browser is closed

2022-12-01 10:23:04 - [MESSAGE][PASSED] - Browser is closed]]></system-out>
         <system-err><![CDATA[]]></system-err>
      </testcase>
      <testcase name="Test Cases/BUCLES/Test_2" time="167.126" classname="Test Cases/BUCLES/Test_2" status="PASSED">
         <system-out><![CDATA[2022-12-01 10:23:04 - [TEST_CASE][PASSED] - Test Cases/BUCLES/Test_2: Test Cases/BUCLES/Test_2

2022-12-01 10:23:04 - [TEST_STEP][PASSED] - openBrowser(""): Browser is opened with url: ''

2022-12-01 10:23:04 - [MESSAGE][INFO] - User set preference: ['os', 'windows']

2022-12-01 10:23:04 - [MESSAGE][INFO] - User set preference: ['browserName', 'chrome']

2022-12-01 10:23:04 - [MESSAGE][INFO] - User set preference: ['browserVersion', '103']

2022-12-01 10:23:04 - [MESSAGE][INFO] - User set preference: ['katalon:option', '{organizationId=987205, tunnelId=, usingTunnel=false}']

2022-12-01 10:23:04 - [MESSAGE][INFO] - Connecting to remote web server 'testcloud.katalon.com/hub' with type 'Selenium'

2022-12-01 10:23:04 - [MESSAGE][INFO] - Action delay is set to 0 milliseconds

2022-12-01 10:25:39 - [MESSAGE][PASSED] - Browser is opened with url: ''

2022-12-01 10:25:39 - [TEST_STEP][PASSED] - navigateToUrl("https://demoqa.com/text-box"): Navigate to 'https://demoqa.com/text-box' successfully

2022-12-01 10:25:42 - [MESSAGE][PASSED] - Navigate to 'https://demoqa.com/text-box' successfully

2022-12-01 10:25:42 - [TEST_STEP][PASSED] - for ([x = 1, x <= 10, x = x + 2]): null

2022-12-01 10:25:42 - [TEST_STEP][PASSED] - print(" hola mundo " + x + "-------"): null

2022-12-01 10:25:42 - [TEST_STEP][PASSED] - print(" hola mundo " + x + "-------"): null

2022-12-01 10:25:42 - [TEST_STEP][PASSED] - print(" hola mundo " + x + "-------"): null

2022-12-01 10:25:42 - [TEST_STEP][PASSED] - print(" hola mundo " + x + "-------"): null

2022-12-01 10:25:42 - [TEST_STEP][PASSED] - print(" hola mundo " + x + "-------"): null

2022-12-01 10:25:42 - [TEST_STEP][PASSED] - closeBrowser(): Browser is closed

2022-12-01 10:25:51 - [MESSAGE][PASSED] - Browser is closed]]></system-out>
         <system-err><![CDATA[]]></system-err>
      </testcase>
      <testcase name="Test Cases/BUCLES/Test_while" time="197.058" classname="Test Cases/BUCLES/Test_while" status="PASSED">
         <system-out><![CDATA[2022-12-01 10:40:54 - [TEST_CASE][PASSED] - Test Cases/BUCLES/Test_while: Test Cases/BUCLES/Test_while

2022-12-01 10:40:54 - [TEST_STEP][PASSED] - openBrowser(""): Browser is opened with url: ''

2022-12-01 10:40:54 - [MESSAGE][INFO] - User set preference: ['os', 'windows']

2022-12-01 10:40:54 - [MESSAGE][INFO] - User set preference: ['browserName', 'chrome']

2022-12-01 10:40:54 - [MESSAGE][INFO] - User set preference: ['browserVersion', '103']

2022-12-01 10:40:54 - [MESSAGE][INFO] - User set preference: ['katalon:option', '{organizationId=987205, tunnelId=, usingTunnel=false}']

2022-12-01 10:40:54 - [MESSAGE][INFO] - Connecting to remote web server 'testcloud.katalon.com/hub' with type 'Selenium'

2022-12-01 10:40:54 - [MESSAGE][INFO] - Action delay is set to 0 milliseconds

2022-12-01 10:43:57 - [MESSAGE][PASSED] - Browser is opened with url: ''

2022-12-01 10:43:57 - [TEST_STEP][PASSED] - navigateToUrl("https://demoqa.com/text-box"): Navigate to 'https://demoqa.com/text-box' successfully

2022-12-01 10:44:01 - [MESSAGE][PASSED] - Navigate to 'https://demoqa.com/text-box' successfully

2022-12-01 10:44:01 - [TEST_STEP][PASSED] - maximizeWindow(): Current window maximized

2022-12-01 10:44:03 - [MESSAGE][PASSED] - Current window maximized

2022-12-01 10:44:03 - [TEST_STEP][PASSED] - waitForPageLoad(5): Wait for page load successfully

2022-12-01 10:44:03 - [MESSAGE][PASSED] - Wait for page load successfully

2022-12-01 10:44:03 - [TEST_STEP][PASSED] - x = 1: null

2022-12-01 10:44:03 - [TEST_STEP][PASSED] - while (x <= 3): null

2022-12-01 10:44:03 - [TEST_STEP][PASSED] - print("Hola " + x + "----------"): null

2022-12-01 10:44:03 - [TEST_STEP][PASSED] - (x++): null

2022-12-01 10:44:03 - [TEST_STEP][PASSED] - print("Hola " + x + "----------"): null

2022-12-01 10:44:03 - [TEST_STEP][PASSED] - (x++): null

2022-12-01 10:44:03 - [TEST_STEP][PASSED] - print("Hola " + x + "----------"): null

2022-12-01 10:44:03 - [TEST_STEP][PASSED] - (x++): null

2022-12-01 10:44:03 - [TEST_STEP][PASSED] - closeBrowser(): Browser is closed

2022-12-01 10:44:11 - [MESSAGE][PASSED] - Browser is closed]]></system-out>
         <system-err><![CDATA[]]></system-err>
      </testcase>
      <testcase name="Test Cases/BUCLES/Test_while2" time="171.464" classname="Test Cases/BUCLES/Test_while2" status="PASSED">
         <system-out><![CDATA[2022-12-01 10:44:11 - [TEST_CASE][PASSED] - Test Cases/BUCLES/Test_while2: Test Cases/BUCLES/Test_while2

2022-12-01 10:44:11 - [TEST_STEP][PASSED] - openBrowser(""): Browser is opened with url: ''

2022-12-01 10:44:11 - [MESSAGE][INFO] - User set preference: ['os', 'windows']

2022-12-01 10:44:11 - [MESSAGE][INFO] - User set preference: ['browserName', 'chrome']

2022-12-01 10:44:11 - [MESSAGE][INFO] - User set preference: ['browserVersion', '103']

2022-12-01 10:44:11 - [MESSAGE][INFO] - User set preference: ['katalon:option', '{organizationId=987205, tunnelId=, usingTunnel=false}']

2022-12-01 10:44:11 - [MESSAGE][INFO] - Connecting to remote web server 'testcloud.katalon.com/hub' with type 'Selenium'

2022-12-01 10:44:11 - [MESSAGE][INFO] - Action delay is set to 0 milliseconds

2022-12-01 10:46:51 - [MESSAGE][PASSED] - Browser is opened with url: ''

2022-12-01 10:46:51 - [TEST_STEP][PASSED] - navigateToUrl("https://demoqa.com/text-box"): Navigate to 'https://demoqa.com/text-box' successfully

2022-12-01 10:46:55 - [MESSAGE][PASSED] - Navigate to 'https://demoqa.com/text-box' successfully

2022-12-01 10:46:55 - [TEST_STEP][PASSED] - maximizeWindow(): Current window maximized

2022-12-01 10:46:56 - [MESSAGE][PASSED] - Current window maximized

2022-12-01 10:46:56 - [TEST_STEP][PASSED] - waitForPageLoad(5): Wait for page load successfully

2022-12-01 10:46:56 - [MESSAGE][PASSED] - Wait for page load successfully

2022-12-01 10:46:57 - [TEST_STEP][PASSED] - x = 1: null

2022-12-01 10:46:57 - [TEST_STEP][PASSED] - while (x <= 5): null

2022-12-01 10:46:57 - [TEST_STEP][PASSED] - print("Valor de X" + x + "------>"): null

2022-12-01 10:46:57 - [TEST_STEP][PASSED] - (x++): null

2022-12-01 10:46:57 - [TEST_STEP][PASSED] - print("Valor de X" + x + "------>"): null

2022-12-01 10:46:57 - [TEST_STEP][PASSED] - (x++): null

2022-12-01 10:46:57 - [TEST_STEP][PASSED] - print("Valor de X" + x + "------>"): null

2022-12-01 10:46:57 - [TEST_STEP][PASSED] - (x++): null

2022-12-01 10:46:57 - [TEST_STEP][PASSED] - print("Valor de X" + x + "------>"): null

2022-12-01 10:46:57 - [TEST_STEP][PASSED] - (x++): null

2022-12-01 10:46:57 - [TEST_STEP][PASSED] - print("Valor de X" + x + "------>"): null

2022-12-01 10:46:57 - [TEST_STEP][PASSED] - (x++): null

2022-12-01 10:46:57 - [TEST_STEP][PASSED] - closeBrowser(): Browser is closed

2022-12-01 10:47:03 - [MESSAGE][PASSED] - Browser is closed]]></system-out>
         <system-err><![CDATA[]]></system-err>
      </testcase>
      <testcase name="Test Cases/Drive_excel/Drive_excel" time="190.889" classname="Test Cases/Drive_excel/Drive_excel" status="PASSED">
         <system-out><![CDATA[2022-12-01 10:47:03 - [TEST_CASE][PASSED] - Test Cases/Drive_excel/Drive_excel: Test Cases/Drive_excel/Drive_excel

2022-12-01 10:47:03 - [TEST_STEP][PASSED] - openBrowser(""): Browser is opened with url: ''

2022-12-01 10:47:03 - [MESSAGE][INFO] - User set preference: ['os', 'windows']

2022-12-01 10:47:03 - [MESSAGE][INFO] - User set preference: ['browserName', 'chrome']

2022-12-01 10:47:03 - [MESSAGE][INFO] - User set preference: ['browserVersion', '103']

2022-12-01 10:47:03 - [MESSAGE][INFO] - User set preference: ['katalon:option', '{organizationId=987205, tunnelId=, usingTunnel=false}']

2022-12-01 10:47:03 - [MESSAGE][INFO] - Connecting to remote web server 'testcloud.katalon.com/hub' with type 'Selenium'

2022-12-01 10:47:03 - [MESSAGE][INFO] - Action delay is set to 0 milliseconds

2022-12-01 10:49:50 - [MESSAGE][PASSED] - Browser is opened with url: ''

2022-12-01 10:49:50 - [TEST_STEP][PASSED] - navigateToUrl("https://demoqa.com/automation-practice-form"): Navigate to 'https://demoqa.com/automation-practice-form' successfully

2022-12-01 10:49:53 - [MESSAGE][PASSED] - Navigate to 'https://demoqa.com/automation-practice-form' successfully

2022-12-01 10:49:53 - [TEST_STEP][PASSED] - waitForPageLoad(40): Wait for page load successfully

2022-12-01 10:49:54 - [MESSAGE][PASSED] - Wait for page load successfully

2022-12-01 10:49:54 - [TEST_STEP][PASSED] - maximizeWindow(): Current window maximized

2022-12-01 10:49:54 - [MESSAGE][PASSED] - Current window maximized

2022-12-01 10:49:54 - [TEST_STEP][PASSED] - setText(findTestObject("Object Repository/Drive_excel/Page_ToolsQA/input_Name_firstName"), nombre): Text '' is set on object 'Object Repository/Drive_excel/Page_ToolsQA/input_Name_firstName'

2022-12-01 10:49:59 - [MESSAGE][PASSED] - Text '' is set on object 'Object Repository/Drive_excel/Page_ToolsQA/input_Name_firstName'

2022-12-01 10:49:59 - [TEST_STEP][PASSED] - setText(findTestObject("Object Repository/Drive_excel/Page_ToolsQA/input_Name_lastName"), apellido): Text '' is set on object 'Object Repository/Drive_excel/Page_ToolsQA/input_Name_lastName'

2022-12-01 10:50:04 - [MESSAGE][PASSED] - Text '' is set on object 'Object Repository/Drive_excel/Page_ToolsQA/input_Name_lastName'

2022-12-01 10:50:04 - [TEST_STEP][PASSED] - setText(findTestObject("Object Repository/Drive_excel/Page_ToolsQA/input_Email_userEmail"), email): Text '' is set on object 'Object Repository/Drive_excel/Page_ToolsQA/input_Email_userEmail'

2022-12-01 10:50:09 - [MESSAGE][PASSED] - Text '' is set on object 'Object Repository/Drive_excel/Page_ToolsQA/input_Email_userEmail'

2022-12-01 10:50:09 - [TEST_STEP][PASSED] - delay(2): Delayed 2 second(s)

2022-12-01 10:50:11 - [MESSAGE][PASSED] - Delayed 2 second(s)

2022-12-01 10:50:11 - [TEST_STEP][PASSED] - closeBrowser(): Browser is closed

2022-12-01 10:50:13 - [MESSAGE][PASSED] - Browser is closed]]></system-out>
         <system-err><![CDATA[]]></system-err>
      </testcase>
      <system-out><![CDATA[2022-12-01 09:06:16 - [TEST_SUITE][FAILED] - testCLoud: Test Cases/BUCLES/Test_while FAILED.
Reason:
com.kms.katalon.core.exception.StepFailedException: Unable to open browser with url: ''
	at com.kms.katalon.core.webui.keyword.internal.WebUIKeywordMain.stepFailed(WebUIKeywordMain.groovy:64)
	at com.kms.katalon.core.webui.keyword.internal.WebUIKeywordMain.runKeyword(WebUIKeywordMain.groovy:26)
	at com.kms.katalon.core.webui.keyword.builtin.OpenBrowserKeyword.openBrowser(OpenBrowserKeyword.groovy:81)
	at com.kms.katalon.core.webui.keyword.builtin.OpenBrowserKeyword.execute(OpenBrowserKeyword.groovy:67)
	at com.kms.katalon.core.keyword.internal.KeywordExecutor.executeKeywordForPlatform(KeywordExecutor.groovy:74)
	at com.kms.katalon.core.webui.keyword.WebUiBuiltInKeywords.openBrowser(WebUiBuiltInKeywords.groovy:64)
	at com.kms.katalon.core.webui.keyword.WebUiBuiltInKeywords$openBrowser.call(Unknown Source)
	at Test_while.run(Test_while:20)
	at com.kms.katalon.core.main.ScriptEngine.run(ScriptEngine.java:194)
	at com.kms.katalon.core.main.ScriptEngine.runScriptAsRawText(ScriptEngine.java:119)
	at com.kms.katalon.core.main.TestCaseExecutor.runScript(TestCaseExecutor.java:448)
	at com.kms.katalon.core.main.TestCaseExecutor.doExecute(TestCaseExecutor.java:439)
	at com.kms.katalon.core.main.TestCaseExecutor.processExecutionPhase(TestCaseExecutor.java:418)
	at com.kms.katalon.core.main.TestCaseExecutor.accessMainPhase(TestCaseExecutor.java:410)
	at com.kms.katalon.core.main.TestCaseExecutor.execute(TestCaseExecutor.java:285)
	at com.kms.katalon.core.common.CommonExecutor.accessTestCaseMainPhase(CommonExecutor.java:65)
	at com.kms.katalon.core.main.TestSuiteExecutor.accessTestSuiteMainPhase(TestSuiteExecutor.java:151)
	at com.kms.katalon.core.main.TestSuiteExecutor.execute(TestSuiteExecutor.java:106)
	at com.kms.katalon.core.main.TestCaseMain.startTestSuite(TestCaseMain.java:185)
	at com.kms.katalon.core.main.TestCaseMain$startTestSuite$0.call(Unknown Source)
	at TempTestSuite1669896356999.run(TempTestSuite1669896356999.groovy:36)
Caused by: org.openqa.selenium.remote.UnreachableBrowserException: Could not start a new session. Possible causes are invalid address of the remote server or browser start-up failure.
Build info: version: '3.141.59', revision: 'e82be7d358', time: '2018-11-14T08:25:53'
System info: host: 'NTK2299', ip: '192.168.0.13', os.name: 'Windows 10', os.arch: 'amd64', os.version: '10.0', java.version: '1.8.0_282'
Driver info: driver.version: CRemoteWebDriver
	at org.openqa.selenium.remote.RemoteWebDriver.execute(RemoteWebDriver.java:573)
	at com.kms.katalon.selenium.driver.CRemoteWebDriver.execute(CRemoteWebDriver.java:30)
	at org.openqa.selenium.remote.RemoteWebDriver.startSession(RemoteWebDriver.java:213)
	at org.openqa.selenium.remote.RemoteWebDriver.<init>(RemoteWebDriver.java:131)
	at com.kms.katalon.selenium.driver.CRemoteWebDriver.<init>(CRemoteWebDriver.java:20)
	at com.kms.katalon.core.webui.driver.DriverFactory.createNewRemoteWebDriver(DriverFactory.java:543)
	at com.kms.katalon.core.webui.driver.DriverFactory.startRemoteBrowser(DriverFactory.java:327)
	at com.kms.katalon.core.webui.driver.DriverFactory.openWebDriver(DriverFactory.java:252)
	at com.kms.katalon.core.webui.keyword.builtin.OpenBrowserKeyword$_openBrowser_closure1.doCall(OpenBrowserKeyword.groovy:74)
	at com.kms.katalon.core.webui.keyword.builtin.OpenBrowserKeyword$_openBrowser_closure1.call(OpenBrowserKeyword.groovy)
	at com.kms.katalon.core.webui.keyword.internal.WebUIKeywordMain.runKeyword(WebUIKeywordMain.groovy:20)
	at com.kms.katalon.core.webui.keyword.builtin.OpenBrowserKeyword.openBrowser(OpenBrowserKeyword.groovy:81)
	at com.kms.katalon.core.webui.keyword.builtin.OpenBrowserKeyword.execute(OpenBrowserKeyword.groovy:67)
	at com.kms.katalon.core.keyword.internal.KeywordExecutor.executeKeywordForPlatform(KeywordExecutor.groovy:74)
	at com.kms.katalon.core.webui.keyword.WebUiBuiltInKeywords.openBrowser(WebUiBuiltInKeywords.groovy:64)
	at com.kms.katalon.core.webui.keyword.WebUiBuiltInKeywords$openBrowser.call(Unknown Source)
	at Script1628292420780.run(Script1628292420780.groovy:20)
	... 13 more
Caused by: java.net.SocketTimeoutException: timeout
	at okhttp3.internal.http2.Http2Stream$StreamTimeout.newTimeoutException(Http2Stream.java:616)
	at okhttp3.internal.http2.Http2Stream$StreamTimeout.exitAndThrowIfTimedOut(Http2Stream.java:624)
	at okhttp3.internal.http2.Http2Stream.takeResponseHeaders(Http2Stream.java:146)
	at okhttp3.internal.http2.Http2Codec.readResponseHeaders(Http2Codec.java:127)
	at okhttp3.internal.http.CallServerInterceptor.intercept(CallServerInterceptor.java:88)
	at okhttp3.internal.http.RealInterceptorChain.proceed(RealInterceptorChain.java:147)
	at okhttp3.internal.connection.ConnectInterceptor.intercept(ConnectInterceptor.java:45)
	at okhttp3.internal.http.RealInterceptorChain.proceed(RealInterceptorChain.java:147)
	at okhttp3.internal.http.RealInterceptorChain.proceed(RealInterceptorChain.java:121)
	at okhttp3.internal.cache.CacheInterceptor.intercept(CacheInterceptor.java:93)
	at okhttp3.internal.http.RealInterceptorChain.proceed(RealInterceptorChain.java:147)
	at okhttp3.internal.http.RealInterceptorChain.proceed(RealInterceptorChain.java:121)
	at okhttp3.internal.http.BridgeInterceptor.intercept(BridgeInterceptor.java:93)
	at okhttp3.internal.http.RealInterceptorChain.proceed(RealInterceptorChain.java:147)
	at okhttp3.internal.http.RetryAndFollowUpInterceptor.intercept(RetryAndFollowUpInterceptor.java:126)
	at okhttp3.internal.http.RealInterceptorChain.proceed(RealInterceptorChain.java:147)
	at okhttp3.internal.http.RealInterceptorChain.proceed(RealInterceptorChain.java:121)
	at okhttp3.RealCall.getResponseWithInterceptorChain(RealCall.java:200)
	at okhttp3.RealCall.execute(RealCall.java:77)
	at org.openqa.selenium.remote.internal.OkHttpClient.execute(OkHttpClient.java:103)
	at org.openqa.selenium.remote.ProtocolHandshake.createSession(ProtocolHandshake.java:105)
	at org.openqa.selenium.remote.ProtocolHandshake.createSession(ProtocolHandshake.java:74)
	at org.openqa.selenium.remote.HttpCommandExecutor.execute(HttpCommandExecutor.java:136)
	at org.openqa.selenium.remote.RemoteWebDriver.execute(RemoteWebDriver.java:552)
	at com.kms.katalon.selenium.driver.CRemoteWebDriver.execute(CRemoteWebDriver.java:30)
	at org.openqa.selenium.remote.RemoteWebDriver.startSession(RemoteWebDriver.java:213)
	at org.openqa.selenium.remote.RemoteWebDriver.<init>(RemoteWebDriver.java:131)
	at com.kms.katalon.selenium.driver.CRemoteWebDriver.<init>(CRemoteWebDriver.java:20)
	at com.kms.katalon.core.webui.driver.DriverFactory.createNewRemoteWebDriver(DriverFactory.java:543)
	at com.kms.katalon.core.webui.driver.DriverFactory.startRemoteBrowser(DriverFactory.java:327)
	at com.kms.katalon.core.webui.driver.DriverFactory.openWebDriver(DriverFactory.java:252)
	at com.kms.katalon.core.webui.keyword.builtin.OpenBrowserKeyword$_openBrowser_closure1.doCall(OpenBrowserKeyword.groovy:74)
	at com.kms.katalon.core.webui.keyword.builtin.OpenBrowserKeyword$_openBrowser_closure1.call(OpenBrowserKeyword.groovy)
	at com.kms.katalon.core.webui.keyword.internal.WebUIKeywordMain.runKeyword(WebUIKeywordMain.groovy:20)
	at com.kms.katalon.core.webui.keyword.builtin.OpenBrowserKeyword.openBrowser(OpenBrowserKeyword.groovy:81)
	at com.kms.katalon.core.webui.keyword.builtin.OpenBrowserKeyword.execute(OpenBrowserKeyword.groovy:67)
	at com.kms.katalon.core.keyword.internal.KeywordExecutor.executeKeywordForPlatform(KeywordExecutor.groovy:74)
	at com.kms.katalon.core.webui.keyword.WebUiBuiltInKeywords.openBrowser(WebUiBuiltInKeywords.groovy:64)
	at com.kms.katalon.core.webui.keyword.WebUiBuiltInKeywords$openBrowser.call(Unknown Source)
	at Test_while.run(Test_while:20)
	... 13 more]]></system-out>
      <system-err><![CDATA[2022-12-01 09:06:16 - [TEST_SUITE][FAILED] - testCLoud: Test Cases/BUCLES/Test_while FAILED.
Reason:
com.kms.katalon.core.exception.StepFailedException: Unable to open browser with url: ''
	at com.kms.katalon.core.webui.keyword.internal.WebUIKeywordMain.stepFailed(WebUIKeywordMain.groovy:64)
	at com.kms.katalon.core.webui.keyword.internal.WebUIKeywordMain.runKeyword(WebUIKeywordMain.groovy:26)
	at com.kms.katalon.core.webui.keyword.builtin.OpenBrowserKeyword.openBrowser(OpenBrowserKeyword.groovy:81)
	at com.kms.katalon.core.webui.keyword.builtin.OpenBrowserKeyword.execute(OpenBrowserKeyword.groovy:67)
	at com.kms.katalon.core.keyword.internal.KeywordExecutor.executeKeywordForPlatform(KeywordExecutor.groovy:74)
	at com.kms.katalon.core.webui.keyword.WebUiBuiltInKeywords.openBrowser(WebUiBuiltInKeywords.groovy:64)
	at com.kms.katalon.core.webui.keyword.WebUiBuiltInKeywords$openBrowser.call(Unknown Source)
	at Test_while.run(Test_while:20)
	at com.kms.katalon.core.main.ScriptEngine.run(ScriptEngine.java:194)
	at com.kms.katalon.core.main.ScriptEngine.runScriptAsRawText(ScriptEngine.java:119)
	at com.kms.katalon.core.main.TestCaseExecutor.runScript(TestCaseExecutor.java:448)
	at com.kms.katalon.core.main.TestCaseExecutor.doExecute(TestCaseExecutor.java:439)
	at com.kms.katalon.core.main.TestCaseExecutor.processExecutionPhase(TestCaseExecutor.java:418)
	at com.kms.katalon.core.main.TestCaseExecutor.accessMainPhase(TestCaseExecutor.java:410)
	at com.kms.katalon.core.main.TestCaseExecutor.execute(TestCaseExecutor.java:285)
	at com.kms.katalon.core.common.CommonExecutor.accessTestCaseMainPhase(CommonExecutor.java:65)
	at com.kms.katalon.core.main.TestSuiteExecutor.accessTestSuiteMainPhase(TestSuiteExecutor.java:151)
	at com.kms.katalon.core.main.TestSuiteExecutor.execute(TestSuiteExecutor.java:106)
	at com.kms.katalon.core.main.TestCaseMain.startTestSuite(TestCaseMain.java:185)
	at com.kms.katalon.core.main.TestCaseMain$startTestSuite$0.call(Unknown Source)
	at TempTestSuite1669896356999.run(TempTestSuite1669896356999.groovy:36)
Caused by: org.openqa.selenium.remote.UnreachableBrowserException: Could not start a new session. Possible causes are invalid address of the remote server or browser start-up failure.
Build info: version: '3.141.59', revision: 'e82be7d358', time: '2018-11-14T08:25:53'
System info: host: 'NTK2299', ip: '192.168.0.13', os.name: 'Windows 10', os.arch: 'amd64', os.version: '10.0', java.version: '1.8.0_282'
Driver info: driver.version: CRemoteWebDriver
	at org.openqa.selenium.remote.RemoteWebDriver.execute(RemoteWebDriver.java:573)
	at com.kms.katalon.selenium.driver.CRemoteWebDriver.execute(CRemoteWebDriver.java:30)
	at org.openqa.selenium.remote.RemoteWebDriver.startSession(RemoteWebDriver.java:213)
	at org.openqa.selenium.remote.RemoteWebDriver.<init>(RemoteWebDriver.java:131)
	at com.kms.katalon.selenium.driver.CRemoteWebDriver.<init>(CRemoteWebDriver.java:20)
	at com.kms.katalon.core.webui.driver.DriverFactory.createNewRemoteWebDriver(DriverFactory.java:543)
	at com.kms.katalon.core.webui.driver.DriverFactory.startRemoteBrowser(DriverFactory.java:327)
	at com.kms.katalon.core.webui.driver.DriverFactory.openWebDriver(DriverFactory.java:252)
	at com.kms.katalon.core.webui.keyword.builtin.OpenBrowserKeyword$_openBrowser_closure1.doCall(OpenBrowserKeyword.groovy:74)
	at com.kms.katalon.core.webui.keyword.builtin.OpenBrowserKeyword$_openBrowser_closure1.call(OpenBrowserKeyword.groovy)
	at com.kms.katalon.core.webui.keyword.internal.WebUIKeywordMain.runKeyword(WebUIKeywordMain.groovy:20)
	at com.kms.katalon.core.webui.keyword.builtin.OpenBrowserKeyword.openBrowser(OpenBrowserKeyword.groovy:81)
	at com.kms.katalon.core.webui.keyword.builtin.OpenBrowserKeyword.execute(OpenBrowserKeyword.groovy:67)
	at com.kms.katalon.core.keyword.internal.KeywordExecutor.executeKeywordForPlatform(KeywordExecutor.groovy:74)
	at com.kms.katalon.core.webui.keyword.WebUiBuiltInKeywords.openBrowser(WebUiBuiltInKeywords.groovy:64)
	at com.kms.katalon.core.webui.keyword.WebUiBuiltInKeywords$openBrowser.call(Unknown Source)
	at Script1628292420780.run(Script1628292420780.groovy:20)
	... 13 more
Caused by: java.net.SocketTimeoutException: timeout
	at okhttp3.internal.http2.Http2Stream$StreamTimeout.newTimeoutException(Http2Stream.java:616)
	at okhttp3.internal.http2.Http2Stream$StreamTimeout.exitAndThrowIfTimedOut(Http2Stream.java:624)
	at okhttp3.internal.http2.Http2Stream.takeResponseHeaders(Http2Stream.java:146)
	at okhttp3.internal.http2.Http2Codec.readResponseHeaders(Http2Codec.java:127)
	at okhttp3.internal.http.CallServerInterceptor.intercept(CallServerInterceptor.java:88)
	at okhttp3.internal.http.RealInterceptorChain.proceed(RealInterceptorChain.java:147)
	at okhttp3.internal.connection.ConnectInterceptor.intercept(ConnectInterceptor.java:45)
	at okhttp3.internal.http.RealInterceptorChain.proceed(RealInterceptorChain.java:147)
	at okhttp3.internal.http.RealInterceptorChain.proceed(RealInterceptorChain.java:121)
	at okhttp3.internal.cache.CacheInterceptor.intercept(CacheInterceptor.java:93)
	at okhttp3.internal.http.RealInterceptorChain.proceed(RealInterceptorChain.java:147)
	at okhttp3.internal.http.RealInterceptorChain.proceed(RealInterceptorChain.java:121)
	at okhttp3.internal.http.BridgeInterceptor.intercept(BridgeInterceptor.java:93)
	at okhttp3.internal.http.RealInterceptorChain.proceed(RealInterceptorChain.java:147)
	at okhttp3.internal.http.RetryAndFollowUpInterceptor.intercept(RetryAndFollowUpInterceptor.java:126)
	at okhttp3.internal.http.RealInterceptorChain.proceed(RealInterceptorChain.java:147)
	at okhttp3.internal.http.RealInterceptorChain.proceed(RealInterceptorChain.java:121)
	at okhttp3.RealCall.getResponseWithInterceptorChain(RealCall.java:200)
	at okhttp3.RealCall.execute(RealCall.java:77)
	at org.openqa.selenium.remote.internal.OkHttpClient.execute(OkHttpClient.java:103)
	at org.openqa.selenium.remote.ProtocolHandshake.createSession(ProtocolHandshake.java:105)
	at org.openqa.selenium.remote.ProtocolHandshake.createSession(ProtocolHandshake.java:74)
	at org.openqa.selenium.remote.HttpCommandExecutor.execute(HttpCommandExecutor.java:136)
	at org.openqa.selenium.remote.RemoteWebDriver.execute(RemoteWebDriver.java:552)
	at com.kms.katalon.selenium.driver.CRemoteWebDriver.execute(CRemoteWebDriver.java:30)
	at org.openqa.selenium.remote.RemoteWebDriver.startSession(RemoteWebDriver.java:213)
	at org.openqa.selenium.remote.RemoteWebDriver.<init>(RemoteWebDriver.java:131)
	at com.kms.katalon.selenium.driver.CRemoteWebDriver.<init>(CRemoteWebDriver.java:20)
	at com.kms.katalon.core.webui.driver.DriverFactory.createNewRemoteWebDriver(DriverFactory.java:543)
	at com.kms.katalon.core.webui.driver.DriverFactory.startRemoteBrowser(DriverFactory.java:327)
	at com.kms.katalon.core.webui.driver.DriverFactory.openWebDriver(DriverFactory.java:252)
	at com.kms.katalon.core.webui.keyword.builtin.OpenBrowserKeyword$_openBrowser_closure1.doCall(OpenBrowserKeyword.groovy:74)
	at com.kms.katalon.core.webui.keyword.builtin.OpenBrowserKeyword$_openBrowser_closure1.call(OpenBrowserKeyword.groovy)
	at com.kms.katalon.core.webui.keyword.internal.WebUIKeywordMain.runKeyword(WebUIKeywordMain.groovy:20)
	at com.kms.katalon.core.webui.keyword.builtin.OpenBrowserKeyword.openBrowser(OpenBrowserKeyword.groovy:81)
	at com.kms.katalon.core.webui.keyword.builtin.OpenBrowserKeyword.execute(OpenBrowserKeyword.groovy:67)
	at com.kms.katalon.core.keyword.internal.KeywordExecutor.executeKeywordForPlatform(KeywordExecutor.groovy:74)
	at com.kms.katalon.core.webui.keyword.WebUiBuiltInKeywords.openBrowser(WebUiBuiltInKeywords.groovy:64)
	at com.kms.katalon.core.webui.keyword.WebUiBuiltInKeywords$openBrowser.call(Unknown Source)
	at Test_while.run(Test_while:20)
	... 13 more]]></system-err>
   </testsuite>
</testsuites>
