<?xml version="1.0" encoding="UTF-8"?>
<testsuites name="Test_suite_6" time="97.431" tests="5" failures="0" errors="1">
   <testsuite name="Test_suite_6" tests="5" failures="0" errors="1" time="97.431" skipped="0" timestamp="2021-07-19 16:58:08" hostname="rodrigo.villanueva.c - EELX01RODRIGOVI.ad.gob" id="Test Suites/Test_suite_6">
      <properties>
         <property name="deviceName" value=""/>
         <property name="devicePlatform" value=""/>
         <property name="logFolder" value="C:\\Todo_Katalon\\Proyectos\\Proyecto_uno\\Reports\\20210719_165709\\Test_suite_6\\20210719_165720"/>
         <property name="logFiles" value="C:\\Todo_Katalon\\Proyectos\\Proyecto_uno\\Reports\\20210719_165709\\Test_suite_6\\20210719_165720\\execution0.log"/>
         <property name="attachments" value="C:\Todo_Katalon\Proyectos\Proyecto_uno\Imagenes\test1.png, C:\Todo_Katalon\Proyectos\Proyecto_uno\Imagenes\test2.png"/>
         <property name="hostName" value="rodrigo.villanueva.c - EELX01RODRIGOVI.ad.gob"/>
         <property name="os" value="Windows 10 64bit"/>
         <property name="katalonVersion" value="8.0.5.208"/>
         <property name="browser" value="Chrome 91.0.4472.124"/>
         <property name="hostAddress" value="10.255.249.109"/>
         <property name="sessionId" value="87bd09468462375d798ee7ddf6a0aef2"/>
         <property name="seleniumVersion" value="3.141.59"/>
         <property name="proxyInformation" value="ProxyInformation { proxyOption=NO_PROXY, proxyServerType=HTTP, username=, password=********, proxyServerAddress=, proxyServerPort=0, executionList=&quot;&quot;, isApplyToDesiredCapabilities=true }"/>
         <property name="platform" value="Windows 10"/>
      </properties>
      <testcase name="Test Cases/Test_Screenshot/Test_Screenshot" time="35.437" classname="Test Cases/Test_Screenshot/Test_Screenshot" status="PASSED">
         <system-out><![CDATA[2021-07-19 16:58:09 - [TEST_CASE][PASSED] - Test Cases/Test_Screenshot/Test_Screenshot: Test Cases/Test_Screenshot/Test_Screenshot

2021-07-19 16:58:12 - [TEST_STEP][PASSED] - openBrowser(""): Browser is opened with url: ''

2021-07-19 16:58:13 - [MESSAGE][INFO] - Starting 'Chrome' driver

2021-07-19 16:58:13 - [MESSAGE][INFO] - Action delay is set to 0 milliseconds

2021-07-19 16:58:19 - [MESSAGE][PASSED] - Browser is opened with url: ''

2021-07-19 16:58:19 - [TEST_STEP][PASSED] - navigateToUrl("https://www.seleniumeasy.com/test/basic-select-dropdown-demo.html"): Navigate to 'https://www.seleniumeasy.com/test/basic-select-dropdown-demo.html' successfully

2021-07-19 16:58:21 - [MESSAGE][PASSED] - Navigate to 'https://www.seleniumeasy.com/test/basic-select-dropdown-demo.html' successfully

2021-07-19 16:58:21 - [TEST_STEP][PASSED] - selectOptionByValue(findTestObject("Object Repository/Screshot/Page_Selenium Easy Demo - Automate All Scenarios/select_Please select Sunday  Monday  Tuesda_3c4b3e"), "Monday", true): All options with value 'Monday' are selected in object 'Object Repository/Screshot/Page_Selenium Easy Demo - Automate All Scenarios/select_Please select Sunday  Monday  Tuesda_3c4b3e'  using regular expression

2021-07-19 16:58:23 - [MESSAGE][PASSED] - All options with value 'Monday' are selected in object 'Object Repository/Screshot/Page_Selenium Easy Demo - Automate All Scenarios/select_Please select Sunday  Monday  Tuesda_3c4b3e'  using regular expression

2021-07-19 16:58:23 - [TEST_STEP][PASSED] - delay(4): Delayed 4 second(s)

2021-07-19 16:58:27 - [MESSAGE][PASSED] - Delayed 4 second(s)

2021-07-19 16:58:27 - [TEST_STEP][PASSED] - takeScreenshot("C:\Todo_Katalon\Proyectos\Proyecto_uno\Imagenes\test1.png"): Taking screenshot successfully

2021-07-19 16:58:28 - [MESSAGE][PASSED] - Taking screenshot successfully
[[ATTACHMENT|C:\Todo_Katalon\Proyectos\Proyecto_uno\Imagenes\test1.png]]

2021-07-19 16:58:28 - [TEST_STEP][PASSED] - selectOptionByValue(findTestObject("Object Repository/Screshot/Page_Selenium Easy Demo - Automate All Scenarios/select_CaliforniaFloridaNew JerseyNew YorkO_db0549"), "Florida", true): All options with value 'Florida' are selected in object 'Object Repository/Screshot/Page_Selenium Easy Demo - Automate All Scenarios/select_CaliforniaFloridaNew JerseyNew YorkO_db0549'  using regular expression

2021-07-19 16:58:32 - [MESSAGE][PASSED] - All options with value 'Florida' are selected in object 'Object Repository/Screshot/Page_Selenium Easy Demo - Automate All Scenarios/select_CaliforniaFloridaNew JerseyNew YorkO_db0549'  using regular expression

2021-07-19 16:58:32 - [TEST_STEP][PASSED] - selectOptionByValue(findTestObject("Object Repository/Screshot/Page_Selenium Easy Demo - Automate All Scenarios/select_CaliforniaFloridaNew JerseyNew YorkO_db0549"), "New Jersey", true): All options with value 'New Jersey' are selected in object 'Object Repository/Screshot/Page_Selenium Easy Demo - Automate All Scenarios/select_CaliforniaFloridaNew JerseyNew YorkO_db0549'  using regular expression

2021-07-19 16:58:35 - [MESSAGE][PASSED] - All options with value 'New Jersey' are selected in object 'Object Repository/Screshot/Page_Selenium Easy Demo - Automate All Scenarios/select_CaliforniaFloridaNew JerseyNew YorkO_db0549'  using regular expression

2021-07-19 16:58:35 - [TEST_STEP][PASSED] - selectOptionByValue(findTestObject("Object Repository/Screshot/Page_Selenium Easy Demo - Automate All Scenarios/select_CaliforniaFloridaNew JerseyNew YorkO_db0549"), "Florida", true): All options with value 'Florida' are selected in object 'Object Repository/Screshot/Page_Selenium Easy Demo - Automate All Scenarios/select_CaliforniaFloridaNew JerseyNew YorkO_db0549'  using regular expression

2021-07-19 16:58:37 - [MESSAGE][PASSED] - All options with value 'Florida' are selected in object 'Object Repository/Screshot/Page_Selenium Easy Demo - Automate All Scenarios/select_CaliforniaFloridaNew JerseyNew YorkO_db0549'  using regular expression

2021-07-19 16:58:37 - [TEST_STEP][PASSED] - selectOptionByValue(findTestObject("Object Repository/Screshot/Page_Selenium Easy Demo - Automate All Scenarios/select_CaliforniaFloridaNew JerseyNew YorkO_db0549"), "Florida", true): All options with value 'Florida' are selected in object 'Object Repository/Screshot/Page_Selenium Easy Demo - Automate All Scenarios/select_CaliforniaFloridaNew JerseyNew YorkO_db0549'  using regular expression

2021-07-19 16:58:39 - [MESSAGE][PASSED] - All options with value 'Florida' are selected in object 'Object Repository/Screshot/Page_Selenium Easy Demo - Automate All Scenarios/select_CaliforniaFloridaNew JerseyNew YorkO_db0549'  using regular expression

2021-07-19 16:58:39 - [TEST_STEP][PASSED] - click(findTestObject("Object Repository/Screshot/Page_Selenium Easy Demo - Automate All Scenarios/button_First Selected")): Object: 'Object Repository/Screshot/Page_Selenium Easy Demo - Automate All Scenarios/button_First Selected' is clicked on

2021-07-19 16:58:41 - [MESSAGE][PASSED] - Object: 'Object Repository/Screshot/Page_Selenium Easy Demo - Automate All Scenarios/button_First Selected' is clicked on

2021-07-19 16:58:41 - [TEST_STEP][PASSED] - click(findTestObject("Object Repository/Screshot/Page_Selenium Easy Demo - Automate All Scenarios/button_Get All Selected")): Object: 'Object Repository/Screshot/Page_Selenium Easy Demo - Automate All Scenarios/button_Get All Selected' is clicked on

2021-07-19 16:58:42 - [MESSAGE][PASSED] - Object: 'Object Repository/Screshot/Page_Selenium Easy Demo - Automate All Scenarios/button_Get All Selected' is clicked on

2021-07-19 16:58:42 - [TEST_STEP][PASSED] - takeScreenshot("C:\Todo_Katalon\Proyectos\Proyecto_uno\Imagenes\test2.png"): Taking screenshot successfully

2021-07-19 16:58:43 - [MESSAGE][PASSED] - Taking screenshot successfully
[[ATTACHMENT|C:\Todo_Katalon\Proyectos\Proyecto_uno\Imagenes\test2.png]]

2021-07-19 16:58:43 - [TEST_STEP][PASSED] - closeBrowser(): Browser is closed

2021-07-19 16:58:45 - [MESSAGE][PASSED] - Browser is closed]]></system-out>
         <system-err><![CDATA[]]></system-err>
      </testcase>
      <testcase name="Test Cases/Test_script/Test_por_script" time="15.6" classname="Test Cases/Test_script/Test_por_script" status="PASSED">
         <system-out><![CDATA[2021-07-19 16:58:45 - [TEST_CASE][PASSED] - Test Cases/Test_script/Test_por_script: Test Cases/Test_script/Test_por_script

2021-07-19 16:58:46 - [TEST_STEP][PASSED] - openBrowser(""): Browser is opened with url: ''

2021-07-19 16:58:46 - [MESSAGE][INFO] - Starting 'Chrome' driver

2021-07-19 16:58:46 - [MESSAGE][INFO] - Action delay is set to 0 milliseconds

2021-07-19 16:58:47 - [MESSAGE][PASSED] - Browser is opened with url: ''

2021-07-19 16:58:47 - [TEST_STEP][PASSED] - navigateToUrl("https://demoqa.com/text-box"): Navigate to 'https://demoqa.com/text-box' successfully

2021-07-19 16:58:53 - [MESSAGE][PASSED] - Navigate to 'https://demoqa.com/text-box' successfully

2021-07-19 16:58:53 - [TEST_STEP][PASSED] - maximizeWindow(): Current window maximized

2021-07-19 16:58:54 - [MESSAGE][PASSED] - Current window maximized

2021-07-19 16:58:54 - [TEST_STEP][PASSED] - setText(findTestObject("Object Repository/Script/Page_ToolsQA/input_Full Name_userName"), "Rodrigo"): Text 'Rodrigo' is set on object 'Object Repository/Script/Page_ToolsQA/input_Full Name_userName'

2021-07-19 16:58:55 - [MESSAGE][PASSED] - Text 'Rodrigo' is set on object 'Object Repository/Script/Page_ToolsQA/input_Full Name_userName'

2021-07-19 16:58:55 - [TEST_STEP][PASSED] - setText(findTestObject("Object Repository/Script/Page_ToolsQA/input_Email_userEmail"), "rodrigo@gmail.com"): Text 'rodrigo@gmail.com' is set on object 'Object Repository/Script/Page_ToolsQA/input_Email_userEmail'

2021-07-19 16:58:56 - [MESSAGE][PASSED] - Text 'rodrigo@gmail.com' is set on object 'Object Repository/Script/Page_ToolsQA/input_Email_userEmail'

2021-07-19 16:58:56 - [TEST_STEP][PASSED] - setText(findTestObject("Object Repository/Script/Page_ToolsQA/textarea_Current Address_currentAddress"), "Dirección uno"): Text 'Dirección uno' is set on object 'Object Repository/Script/Page_ToolsQA/textarea_Current Address_currentAddress'

2021-07-19 16:58:57 - [MESSAGE][PASSED] - Text 'Dirección uno' is set on object 'Object Repository/Script/Page_ToolsQA/textarea_Current Address_currentAddress'

2021-07-19 16:58:57 - [TEST_STEP][PASSED] - setText(findTestObject("Object Repository/Script/Page_ToolsQA/textarea_Permanent Address_permanentAddress"), "Dirección dos"): Text 'Dirección dos' is set on object 'Object Repository/Script/Page_ToolsQA/textarea_Permanent Address_permanentAddress'

2021-07-19 16:58:59 - [MESSAGE][PASSED] - Text 'Dirección dos' is set on object 'Object Repository/Script/Page_ToolsQA/textarea_Permanent Address_permanentAddress'

2021-07-19 16:58:59 - [TEST_STEP][PASSED] - scrollToPosition(0, 140): Browser is scrolled to position x = 0, y = 140

2021-07-19 16:58:59 - [MESSAGE][PASSED] - Browser is scrolled to position x = 0, y = 140

2021-07-19 16:58:59 - [TEST_STEP][PASSED] - click(findTestObject("Object Repository/Script/Page_ToolsQA/button_Submit")): Object: 'Object Repository/Script/Page_ToolsQA/button_Submit' is clicked on

2021-07-19 16:58:59 - [MESSAGE][PASSED] - Object: 'Object Repository/Script/Page_ToolsQA/button_Submit' is clicked on

2021-07-19 16:58:59 - [TEST_STEP][PASSED] - closeBrowser(): Browser is closed

2021-07-19 16:59:01 - [MESSAGE][PASSED] - Browser is closed]]></system-out>
         <system-err><![CDATA[]]></system-err>
      </testcase>
      <testcase name="Test Cases/Validar_calculo/Validar_calculo" time="12.476" classname="Test Cases/Validar_calculo/Validar_calculo" status="PASSED">
         <system-out><![CDATA[2021-07-19 16:59:01 - [TEST_CASE][PASSED] - Test Cases/Validar_calculo/Validar_calculo: Test Cases/Validar_calculo/Validar_calculo

2021-07-19 16:59:02 - [TEST_STEP][PASSED] - openBrowser(""): Browser is opened with url: ''

2021-07-19 16:59:02 - [MESSAGE][INFO] - Starting 'Chrome' driver

2021-07-19 16:59:02 - [MESSAGE][INFO] - Action delay is set to 0 milliseconds

2021-07-19 16:59:03 - [MESSAGE][PASSED] - Browser is opened with url: ''

2021-07-19 16:59:03 - [TEST_STEP][PASSED] - navigateToUrl("https://www.seleniumeasy.com/test/basic-first-form-demo.html"): Navigate to 'https://www.seleniumeasy.com/test/basic-first-form-demo.html' successfully

2021-07-19 16:59:06 - [MESSAGE][PASSED] - Navigate to 'https://www.seleniumeasy.com/test/basic-first-form-demo.html' successfully

2021-07-19 16:59:06 - [TEST_STEP][PASSED] - maximizeWindow(): Current window maximized

2021-07-19 16:59:07 - [MESSAGE][PASSED] - Current window maximized

2021-07-19 16:59:07 - [TEST_STEP][PASSED] - waitForElementClickable(findTestObject("Validar_campo/Page_Selenium Easy Demo - Simple Form to Au_3f5468/a_No, thanks"), 3): Object 'Object Repository/Validar_campo/Page_Selenium Easy Demo - Simple Form to Au_3f5468/a_No, thanks' is clickable

2021-07-19 16:59:07 - [MESSAGE][PASSED] - Object 'Object Repository/Validar_campo/Page_Selenium Easy Demo - Simple Form to Au_3f5468/a_No, thanks' is clickable

2021-07-19 16:59:07 - [TEST_STEP][PASSED] - click(findTestObject("Object Repository/Validar_campo/Page_Selenium Easy Demo - Simple Form to Au_3f5468/a_No, thanks")): Object: 'Object Repository/Validar_campo/Page_Selenium Easy Demo - Simple Form to Au_3f5468/a_No, thanks' is clicked on

2021-07-19 16:59:08 - [MESSAGE][PASSED] - Object: 'Object Repository/Validar_campo/Page_Selenium Easy Demo - Simple Form to Au_3f5468/a_No, thanks' is clicked on

2021-07-19 16:59:08 - [TEST_STEP][PASSED] - setText(findTestObject("Object Repository/Validar_campo/Page_Selenium Easy Demo - Simple Form to Au_3f5468/input_Enter a_sum1"), "5"): Text '5' is set on object 'Object Repository/Validar_campo/Page_Selenium Easy Demo - Simple Form to Au_3f5468/input_Enter a_sum1'

2021-07-19 16:59:09 - [MESSAGE][PASSED] - Text '5' is set on object 'Object Repository/Validar_campo/Page_Selenium Easy Demo - Simple Form to Au_3f5468/input_Enter a_sum1'

2021-07-19 16:59:09 - [TEST_STEP][PASSED] - setText(findTestObject("Object Repository/Validar_campo/Page_Selenium Easy Demo - Simple Form to Au_3f5468/input_Enter b_sum2"), "5"): Text '5' is set on object 'Object Repository/Validar_campo/Page_Selenium Easy Demo - Simple Form to Au_3f5468/input_Enter b_sum2'

2021-07-19 16:59:10 - [MESSAGE][PASSED] - Text '5' is set on object 'Object Repository/Validar_campo/Page_Selenium Easy Demo - Simple Form to Au_3f5468/input_Enter b_sum2'

2021-07-19 16:59:10 - [TEST_STEP][PASSED] - click(findTestObject("Object Repository/Validar_campo/Page_Selenium Easy Demo - Simple Form to Au_3f5468/button_Get Total")): Object: 'Object Repository/Validar_campo/Page_Selenium Easy Demo - Simple Form to Au_3f5468/button_Get Total' is clicked on

2021-07-19 16:59:11 - [MESSAGE][PASSED] - Object: 'Object Repository/Validar_campo/Page_Selenium Easy Demo - Simple Form to Au_3f5468/button_Get Total' is clicked on

2021-07-19 16:59:11 - [TEST_STEP][PASSED] - resultado = getText(findTestObject("Validar_campo/Page_Selenium Easy Demo - Simple Form to Au_3f5468/Page_Selenium Easy Demo - Simple Form to Automate using Selenium/span_10")): Text of object 'Object Repository/Validar_campo/Page_Selenium Easy Demo - Simple Form to Au_3f5468/Page_Selenium Easy Demo - Simple Form to Automate using Selenium/span_10' is: '10'

2021-07-19 16:59:12 - [MESSAGE][PASSED] - Text of object 'Object Repository/Validar_campo/Page_Selenium Easy Demo - Simple Form to Au_3f5468/Page_Selenium Easy Demo - Simple Form to Automate using Selenium/span_10' is: '10'

2021-07-19 16:59:12 - [TEST_STEP][PASSED] - print("El resultado es: " + resultado): null

2021-07-19 16:59:12 - [TEST_STEP][PASSED] - closeBrowser(): Browser is closed

2021-07-19 16:59:13 - [MESSAGE][PASSED] - Browser is closed]]></system-out>
         <system-err><![CDATA[]]></system-err>
      </testcase>
      <testcase name="Test Cases/Variables/Variables" time="16.107" classname="Test Cases/Variables/Variables" status="PASSED">
         <system-out><![CDATA[2021-07-19 16:59:13 - [TEST_CASE][PASSED] - Test Cases/Variables/Variables: Test Cases/Variables/Variables

2021-07-19 16:59:14 - [TEST_STEP][PASSED] - openBrowser(""): Browser is opened with url: ''

2021-07-19 16:59:14 - [MESSAGE][INFO] - Starting 'Chrome' driver

2021-07-19 16:59:14 - [MESSAGE][INFO] - Action delay is set to 0 milliseconds

2021-07-19 16:59:16 - [MESSAGE][PASSED] - Browser is opened with url: ''

2021-07-19 16:59:16 - [TEST_STEP][PASSED] - navigateToUrl("https://demoqa.com/webtables"): Navigate to 'https://demoqa.com/webtables' successfully

2021-07-19 16:59:18 - [MESSAGE][PASSED] - Navigate to 'https://demoqa.com/webtables' successfully

2021-07-19 16:59:18 - [TEST_STEP][PASSED] - click(findTestObject("Object Repository/Variables/Page_ToolsQA/button_Add")): Object: 'Object Repository/Variables/Page_ToolsQA/button_Add' is clicked on

2021-07-19 16:59:19 - [MESSAGE][PASSED] - Object: 'Object Repository/Variables/Page_ToolsQA/button_Add' is clicked on

2021-07-19 16:59:19 - [TEST_STEP][PASSED] - setText(findTestObject("Object Repository/Variables/Page_ToolsQA/input_First Name_firstName"), "Juan"): Text 'Juan' is set on object 'Object Repository/Variables/Page_ToolsQA/input_First Name_firstName'

2021-07-19 16:59:20 - [MESSAGE][PASSED] - Text 'Juan' is set on object 'Object Repository/Variables/Page_ToolsQA/input_First Name_firstName'

2021-07-19 16:59:20 - [TEST_STEP][PASSED] - click(findTestObject("Object Repository/Variables/Page_ToolsQA/input_Last Name_lastName")): Object: 'Object Repository/Variables/Page_ToolsQA/input_Last Name_lastName' is clicked on

2021-07-19 16:59:21 - [MESSAGE][PASSED] - Object: 'Object Repository/Variables/Page_ToolsQA/input_Last Name_lastName' is clicked on

2021-07-19 16:59:21 - [TEST_STEP][PASSED] - setText(findTestObject("Object Repository/Variables/Page_ToolsQA/input_Last Name_lastName"), "Perez"): Text 'Perez' is set on object 'Object Repository/Variables/Page_ToolsQA/input_Last Name_lastName'

2021-07-19 16:59:21 - [MESSAGE][PASSED] - Text 'Perez' is set on object 'Object Repository/Variables/Page_ToolsQA/input_Last Name_lastName'

2021-07-19 16:59:21 - [TEST_STEP][PASSED] - setText(findTestObject("Object Repository/Variables/Page_ToolsQA/input_Email_userEmail"), "juan@gmail.com"): Text 'juan@gmail.com' is set on object 'Object Repository/Variables/Page_ToolsQA/input_Email_userEmail'

2021-07-19 16:59:22 - [MESSAGE][PASSED] - Text 'juan@gmail.com' is set on object 'Object Repository/Variables/Page_ToolsQA/input_Email_userEmail'

2021-07-19 16:59:22 - [TEST_STEP][PASSED] - setText(findTestObject("Object Repository/Variables/Page_ToolsQA/input_Age_age"), "22"): Text '22' is set on object 'Object Repository/Variables/Page_ToolsQA/input_Age_age'

2021-07-19 16:59:23 - [MESSAGE][PASSED] - Text '22' is set on object 'Object Repository/Variables/Page_ToolsQA/input_Age_age'

2021-07-19 16:59:23 - [TEST_STEP][PASSED] - setText(findTestObject("Object Repository/Variables/Page_ToolsQA/input_Salary_salary"), "35000"): Text '35000' is set on object 'Object Repository/Variables/Page_ToolsQA/input_Salary_salary'

2021-07-19 16:59:23 - [MESSAGE][PASSED] - Text '35000' is set on object 'Object Repository/Variables/Page_ToolsQA/input_Salary_salary'

2021-07-19 16:59:23 - [TEST_STEP][PASSED] - setText(findTestObject("Object Repository/Variables/Page_ToolsQA/input_Department_department"), "Informatica"): Text 'Informatica' is set on object 'Object Repository/Variables/Page_ToolsQA/input_Department_department'

2021-07-19 16:59:24 - [MESSAGE][PASSED] - Text 'Informatica' is set on object 'Object Repository/Variables/Page_ToolsQA/input_Department_department'

2021-07-19 16:59:24 - [TEST_STEP][PASSED] - rightClick(findTestObject("Object Repository/Variables/Page_ToolsQA/input_Department_department")): Object: 'Object Repository/Variables/Page_ToolsQA/input_Department_department' is right clicked on

2021-07-19 16:59:25 - [MESSAGE][PASSED] - Object: 'Object Repository/Variables/Page_ToolsQA/input_Department_department' is right clicked on

2021-07-19 16:59:25 - [TEST_STEP][PASSED] - click(findTestObject("Object Repository/Variables/Page_ToolsQA/div_Submit")): Object: 'Object Repository/Variables/Page_ToolsQA/div_Submit' is clicked on

2021-07-19 16:59:25 - [MESSAGE][PASSED] - Object: 'Object Repository/Variables/Page_ToolsQA/div_Submit' is clicked on

2021-07-19 16:59:25 - [TEST_STEP][PASSED] - setText(findTestObject("Object Repository/Variables/Page_ToolsQA/input_Department_department"), "Informática"): Text 'Informática' is set on object 'Object Repository/Variables/Page_ToolsQA/input_Department_department'

2021-07-19 16:59:26 - [MESSAGE][PASSED] - Text 'Informática' is set on object 'Object Repository/Variables/Page_ToolsQA/input_Department_department'

2021-07-19 16:59:26 - [TEST_STEP][PASSED] - click(findTestObject("Object Repository/Variables/Page_ToolsQA/div_Submit")): Object: 'Object Repository/Variables/Page_ToolsQA/div_Submit' is clicked on

2021-07-19 16:59:27 - [MESSAGE][PASSED] - Object: 'Object Repository/Variables/Page_ToolsQA/div_Submit' is clicked on

2021-07-19 16:59:27 - [TEST_STEP][PASSED] - click(findTestObject("Object Repository/Variables/Page_ToolsQA/button_Submit")): Object: 'Object Repository/Variables/Page_ToolsQA/button_Submit' is clicked on

2021-07-19 16:59:28 - [MESSAGE][PASSED] - Object: 'Object Repository/Variables/Page_ToolsQA/button_Submit' is clicked on

2021-07-19 16:59:28 - [TEST_STEP][PASSED] - closeBrowser(): Browser is closed

2021-07-19 16:59:29 - [MESSAGE][PASSED] - Browser is closed]]></system-out>
         <system-err><![CDATA[]]></system-err>
      </testcase>
      <testcase name="Test Cases/Variables_2/Variables_2" time="14.371" classname="Test Cases/Variables_2/Variables_2" status="ERROR">
         <error type="ERROR" message="Test Cases/Variables_2/Variables_2 FAILED.
Reason:
groovy.lang.MissingMethodException: No signature of method: static com.kms.katalon.core.webui.keyword.WebUiBuiltInKeywords.setText() is applicable for argument types: (com.kms.katalon.core.testobject.TestObject, java.lang.Integer) values: [TestObject - 'Object Repository/Variables_2/Page_ToolsQA/input_Age_age', ...]
Possible solutions: setText(com.kms.katalon.core.testobject.TestObject, java.lang.String), getText(com.kms.katalon.core.testobject.TestObject), getText(com.kms.katalon.core.testobject.TestObject, com.kms.katalon.core.model.FailureHandling), setText(com.kms.katalon.core.testobject.TestObject, java.lang.String, com.kms.katalon.core.model.FailureHandling), clearText(com.kms.katalon.core.testobject.TestObject), clearText(com.kms.katalon.core.testobject.TestObject, com.kms.katalon.core.model.FailureHandling)
	at Variables_2.run(Variables_2:34)
	at com.kms.katalon.core.main.ScriptEngine.run(ScriptEngine.java:194)
	at com.kms.katalon.core.main.ScriptEngine.runScriptAsRawText(ScriptEngine.java:119)
	at com.kms.katalon.core.main.TestCaseExecutor.runScript(TestCaseExecutor.java:369)
	at com.kms.katalon.core.main.TestCaseExecutor.doExecute(TestCaseExecutor.java:360)
	at com.kms.katalon.core.main.TestCaseExecutor.processExecutionPhase(TestCaseExecutor.java:339)
	at com.kms.katalon.core.main.TestCaseExecutor.accessMainPhase(TestCaseExecutor.java:331)
	at com.kms.katalon.core.main.TestCaseExecutor.execute(TestCaseExecutor.java:248)
	at com.kms.katalon.core.main.TestSuiteExecutor.accessTestCaseMainPhase(TestSuiteExecutor.java:191)
	at com.kms.katalon.core.main.TestSuiteExecutor.accessTestSuiteMainPhase(TestSuiteExecutor.java:140)
	at com.kms.katalon.core.main.TestSuiteExecutor.execute(TestSuiteExecutor.java:89)
	at com.kms.katalon.core.main.TestCaseMain.startTestSuite(TestCaseMain.java:185)
	at com.kms.katalon.core.main.TestCaseMain$startTestSuite$0.call(Unknown Source)
	at TempTestSuite1626731840638.run(TempTestSuite1626731840638.groovy:39)
"/>
         <system-out><![CDATA[2021-07-19 16:59:29 - [TEST_CASE][ERROR] - Test Cases/Variables_2/Variables_2: Test Cases/Variables_2/Variables_2 FAILED.
Reason:
groovy.lang.MissingMethodException: No signature of method: static com.kms.katalon.core.webui.keyword.WebUiBuiltInKeywords.setText() is applicable for argument types: (com.kms.katalon.core.testobject.TestObject, java.lang.Integer) values: [TestObject - 'Object Repository/Variables_2/Page_ToolsQA/input_Age_age', ...]
Possible solutions: setText(com.kms.katalon.core.testobject.TestObject, java.lang.String), getText(com.kms.katalon.core.testobject.TestObject), getText(com.kms.katalon.core.testobject.TestObject, com.kms.katalon.core.model.FailureHandling), setText(com.kms.katalon.core.testobject.TestObject, java.lang.String, com.kms.katalon.core.model.FailureHandling), clearText(com.kms.katalon.core.testobject.TestObject), clearText(com.kms.katalon.core.testobject.TestObject, com.kms.katalon.core.model.FailureHandling)
	at Variables_2.run(Variables_2:34)
	at com.kms.katalon.core.main.ScriptEngine.run(ScriptEngine.java:194)
	at com.kms.katalon.core.main.ScriptEngine.runScriptAsRawText(ScriptEngine.java:119)
	at com.kms.katalon.core.main.TestCaseExecutor.runScript(TestCaseExecutor.java:369)
	at com.kms.katalon.core.main.TestCaseExecutor.doExecute(TestCaseExecutor.java:360)
	at com.kms.katalon.core.main.TestCaseExecutor.processExecutionPhase(TestCaseExecutor.java:339)
	at com.kms.katalon.core.main.TestCaseExecutor.accessMainPhase(TestCaseExecutor.java:331)
	at com.kms.katalon.core.main.TestCaseExecutor.execute(TestCaseExecutor.java:248)
	at com.kms.katalon.core.main.TestSuiteExecutor.accessTestCaseMainPhase(TestSuiteExecutor.java:191)
	at com.kms.katalon.core.main.TestSuiteExecutor.accessTestSuiteMainPhase(TestSuiteExecutor.java:140)
	at com.kms.katalon.core.main.TestSuiteExecutor.execute(TestSuiteExecutor.java:89)
	at com.kms.katalon.core.main.TestCaseMain.startTestSuite(TestCaseMain.java:185)
	at com.kms.katalon.core.main.TestCaseMain$startTestSuite$0.call(Unknown Source)
	at TempTestSuite1626731840638.run(TempTestSuite1626731840638.groovy:39)


2021-07-19 16:59:31 - [TEST_STEP][PASSED] - openBrowser(""): Browser is opened with url: ''

2021-07-19 16:59:31 - [MESSAGE][INFO] - Starting 'Chrome' driver

2021-07-19 16:59:31 - [MESSAGE][INFO] - Action delay is set to 0 milliseconds

2021-07-19 16:59:33 - [MESSAGE][PASSED] - Browser is opened with url: ''

2021-07-19 16:59:33 - [TEST_STEP][PASSED] - navigateToUrl("https://demoqa.com/webtables"): Navigate to 'https://demoqa.com/webtables' successfully

2021-07-19 16:59:37 - [MESSAGE][PASSED] - Navigate to 'https://demoqa.com/webtables' successfully

2021-07-19 16:59:37 - [TEST_STEP][PASSED] - maximizeWindow(): Current window maximized

2021-07-19 16:59:38 - [MESSAGE][PASSED] - Current window maximized

2021-07-19 16:59:38 - [TEST_STEP][PASSED] - click(findTestObject("Object Repository/Variables_2/Page_ToolsQA/button_Add")): Object: 'Object Repository/Variables_2/Page_ToolsQA/button_Add' is clicked on

2021-07-19 16:59:39 - [MESSAGE][PASSED] - Object: 'Object Repository/Variables_2/Page_ToolsQA/button_Add' is clicked on

2021-07-19 16:59:39 - [TEST_STEP][PASSED] - setText(findTestObject("Object Repository/Variables_2/Page_ToolsQA/input_First Name_firstName"), nombres): Text 'Juan' is set on object 'Object Repository/Variables_2/Page_ToolsQA/input_First Name_firstName'

2021-07-19 16:59:41 - [MESSAGE][PASSED] - Text 'Juan' is set on object 'Object Repository/Variables_2/Page_ToolsQA/input_First Name_firstName'

2021-07-19 16:59:41 - [TEST_STEP][PASSED] - setText(findTestObject("Object Repository/Variables_2/Page_ToolsQA/input_Last Name_lastName"), Apellido): Text 'Perez' is set on object 'Object Repository/Variables_2/Page_ToolsQA/input_Last Name_lastName'

2021-07-19 16:59:42 - [MESSAGE][PASSED] - Text 'Perez' is set on object 'Object Repository/Variables_2/Page_ToolsQA/input_Last Name_lastName'

2021-07-19 16:59:42 - [TEST_STEP][PASSED] - setText(findTestObject("Object Repository/Variables_2/Page_ToolsQA/input_Email_userEmail"), "juan@gmail.com"): Text 'juan@gmail.com' is set on object 'Object Repository/Variables_2/Page_ToolsQA/input_Email_userEmail'

2021-07-19 16:59:43 - [MESSAGE][PASSED] - Text 'juan@gmail.com' is set on object 'Object Repository/Variables_2/Page_ToolsQA/input_Email_userEmail'

2021-07-19 16:59:43 - [TEST_STEP][PASSED] - setText(findTestObject("Object Repository/Variables_2/Page_ToolsQA/input_Age_age"), Edad): null]]></system-out>
         <system-err><![CDATA[2021-07-19 16:59:29 - [TEST_CASE][ERROR] - Test Cases/Variables_2/Variables_2: Test Cases/Variables_2/Variables_2 FAILED.
Reason:
groovy.lang.MissingMethodException: No signature of method: static com.kms.katalon.core.webui.keyword.WebUiBuiltInKeywords.setText() is applicable for argument types: (com.kms.katalon.core.testobject.TestObject, java.lang.Integer) values: [TestObject - 'Object Repository/Variables_2/Page_ToolsQA/input_Age_age', ...]
Possible solutions: setText(com.kms.katalon.core.testobject.TestObject, java.lang.String), getText(com.kms.katalon.core.testobject.TestObject), getText(com.kms.katalon.core.testobject.TestObject, com.kms.katalon.core.model.FailureHandling), setText(com.kms.katalon.core.testobject.TestObject, java.lang.String, com.kms.katalon.core.model.FailureHandling), clearText(com.kms.katalon.core.testobject.TestObject), clearText(com.kms.katalon.core.testobject.TestObject, com.kms.katalon.core.model.FailureHandling)
	at Variables_2.run(Variables_2:34)
	at com.kms.katalon.core.main.ScriptEngine.run(ScriptEngine.java:194)
	at com.kms.katalon.core.main.ScriptEngine.runScriptAsRawText(ScriptEngine.java:119)
	at com.kms.katalon.core.main.TestCaseExecutor.runScript(TestCaseExecutor.java:369)
	at com.kms.katalon.core.main.TestCaseExecutor.doExecute(TestCaseExecutor.java:360)
	at com.kms.katalon.core.main.TestCaseExecutor.processExecutionPhase(TestCaseExecutor.java:339)
	at com.kms.katalon.core.main.TestCaseExecutor.accessMainPhase(TestCaseExecutor.java:331)
	at com.kms.katalon.core.main.TestCaseExecutor.execute(TestCaseExecutor.java:248)
	at com.kms.katalon.core.main.TestSuiteExecutor.accessTestCaseMainPhase(TestSuiteExecutor.java:191)
	at com.kms.katalon.core.main.TestSuiteExecutor.accessTestSuiteMainPhase(TestSuiteExecutor.java:140)
	at com.kms.katalon.core.main.TestSuiteExecutor.execute(TestSuiteExecutor.java:89)
	at com.kms.katalon.core.main.TestCaseMain.startTestSuite(TestCaseMain.java:185)
	at com.kms.katalon.core.main.TestCaseMain$startTestSuite$0.call(Unknown Source)
	at TempTestSuite1626731840638.run(TempTestSuite1626731840638.groovy:39)]]></system-err>
      </testcase>
      <system-out><![CDATA[2021-07-19 16:58:08 - [TEST_SUITE][ERROR] - Test_suite_6: Test Cases/Variables_2/Variables_2 FAILED.
Reason:
groovy.lang.MissingMethodException: No signature of method: static com.kms.katalon.core.webui.keyword.WebUiBuiltInKeywords.setText() is applicable for argument types: (com.kms.katalon.core.testobject.TestObject, java.lang.Integer) values: [TestObject - 'Object Repository/Variables_2/Page_ToolsQA/input_Age_age', ...]
Possible solutions: setText(com.kms.katalon.core.testobject.TestObject, java.lang.String), getText(com.kms.katalon.core.testobject.TestObject), getText(com.kms.katalon.core.testobject.TestObject, com.kms.katalon.core.model.FailureHandling), setText(com.kms.katalon.core.testobject.TestObject, java.lang.String, com.kms.katalon.core.model.FailureHandling), clearText(com.kms.katalon.core.testobject.TestObject), clearText(com.kms.katalon.core.testobject.TestObject, com.kms.katalon.core.model.FailureHandling)
	at Variables_2.run(Variables_2:34)
	at com.kms.katalon.core.main.ScriptEngine.run(ScriptEngine.java:194)
	at com.kms.katalon.core.main.ScriptEngine.runScriptAsRawText(ScriptEngine.java:119)
	at com.kms.katalon.core.main.TestCaseExecutor.runScript(TestCaseExecutor.java:369)
	at com.kms.katalon.core.main.TestCaseExecutor.doExecute(TestCaseExecutor.java:360)
	at com.kms.katalon.core.main.TestCaseExecutor.processExecutionPhase(TestCaseExecutor.java:339)
	at com.kms.katalon.core.main.TestCaseExecutor.accessMainPhase(TestCaseExecutor.java:331)
	at com.kms.katalon.core.main.TestCaseExecutor.execute(TestCaseExecutor.java:248)
	at com.kms.katalon.core.main.TestSuiteExecutor.accessTestCaseMainPhase(TestSuiteExecutor.java:191)
	at com.kms.katalon.core.main.TestSuiteExecutor.accessTestSuiteMainPhase(TestSuiteExecutor.java:140)
	at com.kms.katalon.core.main.TestSuiteExecutor.execute(TestSuiteExecutor.java:89)
	at com.kms.katalon.core.main.TestCaseMain.startTestSuite(TestCaseMain.java:185)
	at com.kms.katalon.core.main.TestCaseMain$startTestSuite$0.call(Unknown Source)
	at TempTestSuite1626731840638.run(TempTestSuite1626731840638.groovy:39)]]></system-out>
      <system-err><![CDATA[2021-07-19 16:58:08 - [TEST_SUITE][ERROR] - Test_suite_6: Test Cases/Variables_2/Variables_2 FAILED.
Reason:
groovy.lang.MissingMethodException: No signature of method: static com.kms.katalon.core.webui.keyword.WebUiBuiltInKeywords.setText() is applicable for argument types: (com.kms.katalon.core.testobject.TestObject, java.lang.Integer) values: [TestObject - 'Object Repository/Variables_2/Page_ToolsQA/input_Age_age', ...]
Possible solutions: setText(com.kms.katalon.core.testobject.TestObject, java.lang.String), getText(com.kms.katalon.core.testobject.TestObject), getText(com.kms.katalon.core.testobject.TestObject, com.kms.katalon.core.model.FailureHandling), setText(com.kms.katalon.core.testobject.TestObject, java.lang.String, com.kms.katalon.core.model.FailureHandling), clearText(com.kms.katalon.core.testobject.TestObject), clearText(com.kms.katalon.core.testobject.TestObject, com.kms.katalon.core.model.FailureHandling)
	at Variables_2.run(Variables_2:34)
	at com.kms.katalon.core.main.ScriptEngine.run(ScriptEngine.java:194)
	at com.kms.katalon.core.main.ScriptEngine.runScriptAsRawText(ScriptEngine.java:119)
	at com.kms.katalon.core.main.TestCaseExecutor.runScript(TestCaseExecutor.java:369)
	at com.kms.katalon.core.main.TestCaseExecutor.doExecute(TestCaseExecutor.java:360)
	at com.kms.katalon.core.main.TestCaseExecutor.processExecutionPhase(TestCaseExecutor.java:339)
	at com.kms.katalon.core.main.TestCaseExecutor.accessMainPhase(TestCaseExecutor.java:331)
	at com.kms.katalon.core.main.TestCaseExecutor.execute(TestCaseExecutor.java:248)
	at com.kms.katalon.core.main.TestSuiteExecutor.accessTestCaseMainPhase(TestSuiteExecutor.java:191)
	at com.kms.katalon.core.main.TestSuiteExecutor.accessTestSuiteMainPhase(TestSuiteExecutor.java:140)
	at com.kms.katalon.core.main.TestSuiteExecutor.execute(TestSuiteExecutor.java:89)
	at com.kms.katalon.core.main.TestCaseMain.startTestSuite(TestCaseMain.java:185)
	at com.kms.katalon.core.main.TestCaseMain$startTestSuite$0.call(Unknown Source)
	at TempTestSuite1626731840638.run(TempTestSuite1626731840638.groovy:39)]]></system-err>
   </testsuite>
</testsuites>
